number,value,datetime_start,datetime_complete,duration,params_aux_max_features,params_aux_min_df,params_aux_ngram_high,params_colsample_bytree,params_gamma,params_gen_pos_weight_mult,params_learning_rate,params_max_delta_step,params_max_depth,params_min_child_weight,params_n_estimators,params_neg_weight_mult,params_readme_max_features,params_readme_min_df,params_readme_ngram_high,params_real_pos_weight_mult,params_reg_alpha,params_reg_lambda,params_subsample,user_attrs_actual_w_generated_pos,user_attrs_actual_w_neg,user_attrs_actual_w_real_pos,user_attrs_text_mode,user_attrs_val_ap,user_attrs_val_best_threshold,user_attrs_val_f1,user_attrs_val_precision,user_attrs_val_recall,state
43,-0.24120209781947277,2026-04-12 22:48:21.001879,2026-04-12 22:48:30.479549,0 days 00:00:09.477670,200,1,2,0.5733716963587023,3.4401320205556996,1.0980909560891734,0.06824621670989181,0.45235499616464614,4,1,700,1.4994985647927286,550,3,1,1.949076767323571,0.012018174057625116,0.2603238021602845,0.9533103870575835,1.3726136951114667,1.4994985647927286,5.847230301970713,dual_text,0.2482183609725318,0.029935769736766815,0.45045045045045046,0.352112676056338,0.625,COMPLETE
44,-0.3111918368053981,2026-04-12 22:48:30.479861,2026-04-12 22:48:41.574897,0 days 00:00:11.095036,200,1,2,0.6393249514366597,3.0996675356186327,1.0113147656842063,0.10814822837900814,0.7172218370993416,3,7,700,1.3698400706390297,650,3,1,2.0359074950891234,0.38732292360143356,0.5065690250207678,0.938045037400177,1.2641434571052579,1.3698400706390297,6.10772248526737,dual_text,0.21218050343329853,0.034922197461128235,0.42748091603053434,0.3076923076923077,0.7,COMPLETE
45,0.5296230667952891,2026-04-12 22:48:41.575446,2026-04-12 22:48:53.971950,0 days 00:00:12.396504,200,1,2,0.6731928991984293,3.785067122870089,1.054059940083401,0.047938389238739644,0.3772644353487308,2,1,900,1.3876282269021756,600,3,1,1.8873795511834777,0.37405679501254774,6.8889273391000305,0.9813415293535773,1.3175749251042512,1.3876282269021756,5.662138653550433,dual_text,0.5649003485753737,0.22521233558654785,0.704225352112676,0.8064516129032258,0.625,COMPLETE
46,-0.44175983284022874,2026-04-12 22:48:53.972188,2026-04-12 22:49:06.210265,0 days 00:00:12.238077,150,1,2,0.699213735435607,3.710698943370894,0.8308141408417723,0.04329511523487014,0.2843076754898123,2,5,900,1.3878090396342804,600,3,1,1.8708606106170695,0.3427575023632686,7.613559089010167,0.9807965654390252,1.0385176760522155,1.3878090396342804,5.612581831851209,dual_text,0.19740954550231,0.03931222856044769,0.3841059602649007,0.26126126126126126,0.725,COMPLETE
47,-0.47171467148200014,2026-04-12 22:49:06.210591,2026-04-12 22:49:18.838242,0 days 00:00:12.627651,200,1,2,0.6640899127792687,3.264053131408856,1.0506244330797232,0.049228596236547344,0.4394345868606512,2,1,1200,1.4587009861790534,550,3,1,1.904798055489189,1.0777542090089272,2.2350431228118324,0.9980908380891611,1.313280541349654,1.4587009861790534,5.714394166467567,dual_text,0.19015611189031956,0.023502644151449203,0.3741935483870968,0.25217391304347825,0.725,COMPLETE
48,-0.5233857264490016,2026-04-12 22:49:18.838488,2026-04-12 22:49:27.787101,0 days 00:00:08.948613,50,1,2,0.6096053286384777,4.883622538578687,0.5058780860099454,0.06214512522955167,0.15746875548778233,2,4,1100,1.3232771329623543,650,3,1,2.132164432618459,0.04281910897062084,4.33611089911476,0.9573369225684386,0.6323476075124318,1.3232771329623543,6.396493297855376,dual_text,0.17285673741423258,0.05631403997540474,0.35714285714285715,0.234375,0.75,COMPLETE
49,-0.270147854804837,2026-04-12 22:49:27.787467,2026-04-12 22:49:40.885241,0 days 00:00:13.097774,150,1,2,0.7354031913324728,2.8164428176172787,1.1689165531890975,0.027763760703685185,0.6989664041875292,4,1,900,1.4766026310543825,400,3,1,2.019751103820996,2.6917306295537182,0.3918524112038614,0.9817373025583738,1.4611456914863719,1.4766026310543825,6.059253311462989,dual_text,0.23391665086239172,0.026097431778907776,0.4409448818897638,0.3218390804597701,0.7,COMPLETE
50,0.4427564083998894,2026-04-12 22:49:40.885618,2026-04-12 22:49:52.965709,0 days 00:00:12.080091,150,3,2,0.6775098296185412,4.3967000698579,0.9520015068679294,0.047720011844112224,0.9074745236274778,2,2,1000,1.3426422902485233,600,3,1,2.0822626932106787,0.011846330144286191,1.2622802528910035,0.9042663977919111,1.1900018835849118,1.3426422902485233,6.2467880796320365,dual_text,0.524312712428752,0.1338108330965042,0.6756756756756757,0.7352941176470589,0.625,COMPLETE
51,0.33950889735740686,2026-04-12 22:49:52.965979,2026-04-12 22:50:02.624217,0 days 00:00:09.658238,200,1,2,0.5763607717791513,4.074708502821667,1.1186261184770776,0.03506441119745077,0.3665807814007787,3,1,900,1.4323257934368216,600,3,1,1.9645169292035702,0.08565833017165397,0.2076875641396322,0.9488179134106596,1.398282648096347,1.4323257934368216,5.89355078761071,dual_text,0.4527657143827051,0.1161920353770256,0.6419753086419753,0.6341463414634146,0.65,COMPLETE
52,0.46787960952078445,2026-04-12 22:50:02.624608,2026-04-12 22:50:15.274360,0 days 00:00:12.649752,200,1,2,0.5962981122314672,3.6816599706905038,1.0697717995486347,0.028099293059344818,0.5615448262258874,3,1,800,1.3907689369946463,650,3,1,2.146991093844435,0.17706477238662188,0.613337773328083,0.963443936724877,1.3372147494357933,1.3907689369946463,6.440973281533306,dual_text,0.5082676857805352,0.15937496721744537,0.6842105263157895,0.7222222222222222,0.65,COMPLETE
53,0.5000220708352849,2026-04-12 22:50:15.274764,2026-04-12 22:50:27.589223,0 days 00:00:12.314459,200,1,2,0.6344315337421822,3.965967302558733,1.162097365164897,0.03194303458699437,0.8544432012669154,3,1,700,1.2951982654763399,600,3,1,2.033958623824857,0.8184553321242134,1.1899743953156534,0.876361435187454,1.452621706456121,1.2951982654763399,6.1018758714745704,dual_text,0.5562912500650573,0.17577792704105377,0.6944444444444444,0.78125,0.625,COMPLETE
54,-0.18057707857348182,2026-04-12 22:50:27.589445,2026-04-12 22:50:39.399167,0 days 00:00:11.809722,200,1,2,0.630627989898543,3.2968247536724555,1.1624153064693203,0.04219304845229827,1.0571473921669359,4,2,600,1.3158426236353855,550,3,1,2.0525819941906813,1.1876702329695168,1.1218560222395721,0.8822425172260252,1.4530191330866504,1.3158426236353855,6.1577459825720435,dual_text,0.255273851472179,0.03189739212393761,0.47058823529411764,0.35443037974683544,0.7,COMPLETE
55,0.008315726628172926,2026-04-12 22:50:39.399411,2026-04-12 22:50:53.204659,0 days 00:00:13.805248,200,1,2,0.6110375404785667,5.215827845540895,0.701038319943706,0.021404135506357846,1.4847482618287522,3,3,1100,1.2882123581702847,600,3,1,2.0099761359298576,0.2609842143147695,0.3093404749863522,0.8330884242660268,0.8762978999296325,1.2882123581702847,6.029928407789573,dual_text,0.2771908876057661,0.04681501165032387,0.5333333333333333,0.4307692307692308,0.7,COMPLETE
56,0.5531964721796808,2026-04-12 22:50:53.204900,2026-04-12 22:51:06.061895,0 days 00:00:12.856995,200,1,2,0.6428136031825659,3.921718301792864,1.1258257561493026,0.03737700570150315,0.6780588546556834,4,1,800,1.2314345157418696,650,3,1,1.8940951271764983,0.690010988903648,1.7448605338509129,0.7993941190550802,1.4072821951866281,1.2314345157418696,5.6822853815294945,dual_text,0.5403390269939322,0.28193560242652893,0.7123287671232876,0.7878787878787878,0.65,COMPLETE
57,0.5238460368522965,2026-04-12 22:51:06.062148,2026-04-12 22:51:19.027506,0 days 00:00:12.965358,200,1,2,0.698280802433386,3.9283484424661776,1.1287207693760841,0.03762907408361403,0.6520965332900354,4,2,800,1.2097573365940508,650,3,1,1.9188115160459698,0.8648039939636698,2.7820004217012624,0.792410604308733,1.4109009617201052,1.2097573365940508,5.756434548137909,dual_text,0.5245976248062789,0.2506389617919922,0.7027027027027027,0.7647058823529411,0.65,COMPLETE
58,0.5234580935302875,2026-04-12 22:51:19.027755,2026-04-12 22:51:31.665853,0 days 00:00:12.638098,200,1,2,0.6882453701651623,3.833846360803086,1.1212037962036814,0.03786942744930733,0.6747282177720508,4,2,800,1.2121274743816315,650,3,1,1.824935130825002,0.7137700694717818,3.758913809821766,0.7972849653862153,1.4015047452546017,1.2121274743816315,5.474805392475005,dual_text,0.5116661807393116,0.26157811284065247,0.7027027027027027,0.7647058823529411,0.65,COMPLETE
59,0.5527561960317497,2026-04-12 22:51:31.666333,2026-04-12 22:51:44.606291,0 days 00:00:12.939958,200,1,2,0.7041298663335379,4.641853247821585,1.118849665100615,0.0375358319831631,0.6812506222697156,4,2,800,1.225938271307257,650,3,1,1.9144142360969922,0.5983490762528664,3.303790182596011,0.8023839919994291,1.3985620813757689,1.225938271307257,5.7432427082909765,dual_text,0.5256631553962307,0.31983405351638794,0.7123287671232876,0.7878787878787878,0.65,COMPLETE
60,0.18288126398559956,2026-04-12 22:51:44.606648,2026-04-12 22:51:54.970795,0 days 00:00:10.364147,150,1,2,0.7054334821946502,5.963237011624559,1.1242644327771074,0.04490455022838163,0.19688175984656558,4,2,800,1.2073680384940264,650,3,1,1.923063921888131,1.7485168472107462,7.540955187884093,0.7614424840217306,1.4053305409713843,1.2073680384940264,5.7691917656643925,dual_text,0.33846637527756107,0.1996605098247528,0.5909090909090909,0.5416666666666666,0.65,COMPLETE
61,0.5527449029202093,2026-04-12 22:51:54.971151,2026-04-12 22:52:07.871314,0 days 00:00:12.900163,200,1,2,0.761210031419687,4.299052937967808,1.1189206848649584,0.03730998855236411,0.6921446123815203,4,2,800,1.2117019054881555,650,3,1,1.82722909746233,0.5248633168823896,3.1464527492901877,0.7997686814316383,1.398650856081198,1.2117019054881555,5.48168729238699,dual_text,0.5252867183448814,0.28384241461753845,0.7123287671232876,0.7878787878787878,0.65,COMPLETE
62,0.5527451252465807,2026-04-12 22:52:07.871590,2026-04-12 22:52:21.213253,0 days 00:00:13.341663,200,1,2,0.7611074808201986,4.260987667405571,1.0935058801563338,0.03816684786070429,0.5270211212850469,4,2,900,1.2397647095515447,650,3,1,1.2661580578878138,0.46434126850741353,2.4906053685975675,0.7960712119365693,1.3668823501954173,1.2397647095515447,3.7984741736634415,dual_text,0.5252941292239302,0.28451064229011536,0.7123287671232876,0.7878787878787878,0.65,COMPLETE
63,0.1556283967018326,2026-04-12 22:52:21.213550,2026-04-12 22:52:33.588090,0 days 00:00:12.374540,200,1,2,0.758214676383766,4.259493688484915,1.0928250292091162,0.05918234159687431,0.5099577184457054,4,3,1000,1.1787822924849296,650,3,1,1.842560906739572,0.44457208542059895,2.6198211773830717,0.7933198323211601,1.3660312865113953,1.1787822924849296,5.527682720218716,dual_text,0.3814116730068215,0.11745332181453705,0.5813953488372093,0.5434782608695652,0.625,COMPLETE
64,0.4400447319990257,2026-04-12 22:52:33.588542,2026-04-12 22:52:47.491145,0 days 00:00:13.902603,200,1,2,0.7809026658708439,4.634219233789273,1.1778551740680185,0.03854335527591276,0.35395531343339515,4,2,900,1.2335429560645066,650,3,1,1.2426397891197225,0.6919958730233543,5.253466367066579,0.7355331022357539,1.4723189675850232,1.2335429560645066,3.7279193673591675,dual_text,0.46902353416666204,0.2342887669801712,0.6753246753246753,0.7027027027027027,0.65,COMPLETE
65,-0.09143675134253659,2026-04-12 22:52:47.491442,2026-04-12 22:53:00.789100,0 days 00:00:13.297658,150,1,2,0.7172238899905861,4.931167791012517,1.1280989248479971,0.029735326338596248,0.5508062271943068,4,4,800,1.1641202600678051,650,3,1,1.3057819573277785,0.26209930302109624,2.913771306830142,0.8078960018635839,1.4101236560599963,1.1641202600678051,3.9173458719833354,dual_text,0.2854416219154513,0.09104502201080322,0.5,0.39705882352941174,0.675,COMPLETE
66,0.5530571900037775,2026-04-12 22:53:00.789517,2026-04-12 22:53:16.051561,0 days 00:00:15.262044,200,1,2,0.8160868329877692,4.427961763298558,1.1024721725524025,0.024759065622209687,0.44359306943676047,4,2,900,1.2301677198262202,650,3,1,1.9035358998523806,1.65567520797928,2.0488754451145215,0.765992038375192,1.378090215690503,1.2301677198262202,5.7106076995571415,dual_text,0.5356962877971587,0.3165152966976166,0.7123287671232876,0.7878787878787878,0.65,COMPLETE
67,0.11435371037399578,2026-04-12 22:53:16.051886,2026-04-12 22:53:31.272616,0 days 00:00:15.220730,200,1,2,0.8207029255801425,4.451059781602488,1.0119418860664529,0.02395609836750802,0.4454046186151014,4,3,900,1.2420196987948695,650,3,1,1.899219234907811,2.181220650147109,1.9015566483223256,0.7781260442098176,1.264927357583066,1.2420196987948695,5.697657704723433,dual_text,0.3269418609513727,0.12692978978157043,0.5681818181818182,0.5208333333333334,0.625,COMPLETE
68,0.4393939363605266,2026-04-12 22:53:31.272891,2026-04-12 22:53:46.288160,0 days 00:00:15.015269,200,1,2,0.783726703823883,4.811247946477018,1.096742314449973,0.025981874863588952,0.18732059968252796,4,2,1000,1.148070973306171,650,3,1,1.212360328321049,1.359751634310223,5.562274088075823,0.8490752728834626,1.3709278930624662,1.148070973306171,3.6370809849631467,dual_text,0.4473303462166915,0.2677965462207794,0.6753246753246753,0.7027027027027027,0.65,COMPLETE
69,-0.9734249982394811,2026-04-12 22:53:46.288544,2026-04-12 22:53:59.992196,0 days 00:00:13.703652,150,1,2,0.8502612760310447,4.257623767310939,1.0250015479754166,0.0225986341702658,0.9307449206983588,4,7,1000,1.2703557495817641,650,3,1,1.9869841845749419,0.22651945509730637,1.622651882238946,0.774485775598762,1.2812519349692708,1.2703557495817641,5.960952553724826,dual_text,0.0973029260674786,0.015011603012681007,0.2078853046594982,0.12133891213389121,0.725,COMPLETE
70,0.44251289417920037,2026-04-12 22:53:59.992443,2026-04-12 22:54:13.794381,0 days 00:00:13.801938,200,1,2,0.9220680279329758,3.5947231822771624,1.179160694429262,0.044491900610121315,0.33978323639738106,4,2,900,1.2340373811223488,650,3,1,1.8686454035662012,0.5231864650245,3.441484029168303,0.7497001802217672,1.4739508680365776,1.2340373811223488,5.605936210698603,dual_text,0.5161955717391145,0.2789652645587921,0.6756756756756757,0.7352941176470589,0.625,COMPLETE
71,0.5527260896817756,2026-04-12 22:54:13.794882,2026-04-12 22:54:26.299515,0 days 00:00:12.504633,200,1,2,0.7419206653630004,4.5717811396310335,1.136137869514741,0.03731508227985273,0.6702133779958652,4,2,800,1.1885647473500482,650,3,1,1.9100813105702694,0.9224302285377215,2.2033204231779586,0.8056684660506768,1.4201723368934263,1.1885647473500482,5.730243931710808,dual_text,0.5246596103970931,0.3288385272026062,0.7123287671232876,0.7878787878787878,0.65,COMPLETE
72,0.4139685447424055,2026-04-12 22:54:26.299981,2026-04-12 22:54:39.786161,0 days 00:00:13.486180,200,1,2,0.7404639972713574,5.432330106981006,1.1089854012112128,0.025562892488809587,0.5868320398705734,4,3,800,1.1934415759245156,650,3,1,1.8160511859704742,2.7656796617896684,2.1437059590124106,0.8093126833798772,1.386231751514016,1.1934415759245156,5.448153557911422,dual_text,0.4656181580801891,0.18410032987594604,0.6666666666666666,0.6842105263157895,0.65,COMPLETE
73,0.5240082686218291,2026-04-12 22:54:39.786426,2026-04-12 22:54:54.030537,0 days 00:00:14.244111,200,1,2,0.7680278579473376,4.5338973798995195,1.1462654281142124,0.0302054561265679,0.4766536606037213,4,2,800,1.1029252499798017,650,3,1,1.9325529929007252,1.7314343854107053,5.6948157297610145,0.8230997111291662,1.4328317851427654,1.1029252499798017,5.7976589787021755,dual_text,0.5300053504573653,0.30492085218429565,0.7027027027027027,0.7647058823529411,0.65,COMPLETE
74,0.4951589229727955,2026-04-12 22:54:54.030944,2026-04-12 22:55:07.670630,0 days 00:00:13.639686,200,3,2,0.7485584595489491,5.106797552040566,1.0788194261254977,0.03985686467645902,0.39328891930133053,4,2,900,1.2761210690128786,600,3,1,1.847061832353394,1.2359020867062303,1.4107225296642567,0.7660222296029939,1.3485242826568722,1.2761210690128786,5.541185497060182,dual_text,0.505297432426518,0.2579803764820099,0.6933333333333334,0.7428571428571429,0.65,COMPLETE
75,0.3394272498069689,2026-04-12 22:55:07.670973,2026-04-12 22:55:20.284185,0 days 00:00:12.613212,200,1,2,0.8152223687556042,4.770941173573344,1.0489595175231243,0.034620653826979854,0.7143961287795552,4,3,700,1.1775609876136908,650,3,1,1.8896038566716622,0.3189474226102616,4.450884561944023,0.7803164026077105,1.3111993969039055,1.1775609876136908,5.668811570014986,dual_text,0.4500441293681056,0.14274843037128448,0.6419753086419753,0.6341463414634146,0.65,COMPLETE
76,0.5242510435144946,2026-04-12 22:55:20.284574,2026-04-12 22:55:34.208281,0 days 00:00:13.923707,250,1,2,0.7916745326501193,4.317300150548441,1.1649749317475278,0.027220362514084672,0.746094652103166,4,2,900,1.2235995335211984,600,3,1,1.641933024752168,0.05884109513881092,3.4727937472842165,0.7475694747127491,1.4562186646844097,1.2235995335211984,4.925799074256504,dual_text,0.5380978468795482,0.29824674129486084,0.7027027027027027,0.7647058823529411,0.65,COMPLETE
77,0.3382586806907001,2026-04-12 22:55:34.208662,2026-04-12 22:55:44.560313,0 days 00:00:10.351651,100,1,2,0.7197880727145486,4.177679187717888,1.134474646269427,0.04696348000514036,0.25169271803825954,4,3,1000,1.2554390921023506,650,3,1,1.7935497974881933,0.654356386984601,2.195497029226323,0.8364985781134544,1.418093307836784,1.2554390921023506,5.38064939246458,dual_text,0.41109182549247913,0.16608603298664093,0.6419753086419753,0.6341463414634146,0.65,COMPLETE
78,-0.5550154499363074,2026-04-12 22:55:44.560909,2026-04-12 22:55:59.358766,0 days 00:00:14.797857,200,1,2,0.765709183252326,3.4661355218964327,1.10672977571298,0.05462127400338782,0.07878174154478068,4,6,1300,1.348993624202946,600,3,1,1.7465761523406202,0.022750066099116003,6.504423262667426,0.803325949487309,1.3834122196412248,1.348993624202946,5.239728457021861,dual_text,0.15073741060093554,0.07572509348392487,0.3468208092485549,0.22556390977443608,0.75,COMPLETE
79,0.5526859114495791,2026-04-12 22:55:59.359003,2026-04-12 22:56:13.620471,0 days 00:00:14.261468,200,1,2,0.6666679786491081,2.894620805186507,1.1999687169771285,0.030410635538550224,0.4012366167860891,5,1,700,1.1446629812911582,650,3,1,1.9946624775532118,0.46052842765169066,4.4901800668199305,0.7852124301518605,1.4999608962214106,1.1446629812911582,5.983987432659635,dual_text,0.5233203359905438,0.2731592655181885,0.7123287671232876,0.7878787878787878,0.65,COMPLETE
80,0.5241397957745885,2026-04-12 22:56:13.620711,2026-04-12 22:56:27.021345,0 days 00:00:13.400634,250,1,2,0.7292882264893064,2.7511605234436773,1.193010379520219,0.02992954893770576,0.596508751799165,5,1,700,1.1407690164036581,650,3,1,1.9877689956995332,0.20021203317449304,4.021363139574392,0.8173735232483893,1.4912629744002737,1.1407690164036581,5.9633069870985995,dual_text,0.5343895888826761,0.24243617057800293,0.7027027027027027,0.7647058823529411,0.65,COMPLETE
81,0.44188593221627315,2026-04-12 22:56:27.021621,2026-04-12 22:56:40.687112,0 days 00:00:13.665491,200,1,2,0.6609049366077492,3.1752157452859318,1.1524863435445605,0.03619535972605376,0.4104509004752001,5,1,800,1.1908297228561646,650,3,1,1.9312878162265308,0.4241894175343736,2.9421871854752695,0.7855423319795736,1.4406079294307006,1.1908297228561646,5.793863448679592,dual_text,0.49529683964154253,0.2203887403011322,0.6756756756756757,0.7352941176470589,0.625,COMPLETE
82,-0.8884026026325947,2026-04-12 22:56:40.687332,2026-04-12 22:56:53.747592,0 days 00:00:13.060260,200,1,2,0.6452985920209721,4.505728646560746,1.1788185814332968,0.04116344552490559,0.529989043556871,4,8,800,1.1658305171775867,650,3,1,1.3749973014230363,0.9276851556374592,3.3649619850995895,0.7690296039133478,1.473523226791621,1.1658305171775867,4.124991904269109,dual_text,0.09786600148568736,0.025062883272767067,0.23622047244094488,0.14018691588785046,0.75,COMPLETE
83,0.5227443324960902,2026-04-12 22:56:53.747856,2026-04-12 22:57:10.059606,0 days 00:00:16.311750,200,1,2,0.6748207672229369,2.9523765484445037,1.0843727840780728,0.0325273159331916,0.31721321469697494,4,1,900,1.3047064866838733,600,3,1,1.9591065911518475,1.5302712406249204,4.997050854300046,0.7379627145399268,1.355465980097591,1.3047064866838733,5.877319773455542,dual_text,0.4878741462660701,0.21015556156635284,0.7027027027027027,0.7647058823529411,0.65,COMPLETE
84,0.5525932629604775,2026-04-12 22:57:10.059854,2026-04-12 22:57:23.678910,0 days 00:00:13.619056,200,1,2,0.6654497077580659,4.985865272129959,1.1358233073000443,0.03654572333581592,0.4919600526719439,4,1,700,1.1072404761547971,650,3,1,1.8895353973420224,0.5409120871577974,6.568707843037329,0.8013602905892823,1.4197791341250554,1.1072404761547971,5.668606192026067,dual_text,0.5202320530204895,0.281486839056015,0.7123287671232876,0.7878787878787878,0.65,COMPLETE
85,0.49921431013802897,2026-04-12 22:57:23.679216,2026-04-12 22:57:36.732280,0 days 00:00:13.053064,200,1,2,0.8037548775961695,4.983033383872826,1.1394234825846317,0.029760773282457048,0.4908768780509706,4,2,700,1.1108872335211966,650,3,1,1.8368427466987112,0.5488464658260573,1.539635520072814,0.8458289764075461,1.4242793532307896,1.1108872335211966,5.510528240096134,dual_text,0.5293658934898602,0.32071739435195923,0.6944444444444444,0.78125,0.625,COMPLETE
86,0.5538230946182616,2026-04-12 22:57:36.732646,2026-04-12 22:57:49.314278,0 days 00:00:12.581632,200,1,2,0.827886514135871,5.664785540100229,1.1950027263856924,0.0358198090350755,0.6650324816343781,4,1,600,1.1554424758664923,650,3,1,1.500656884746766,2.277816614776522,1.8766033939520004,0.8282830883972203,1.4937534079821155,1.1554424758664923,4.501970654240298,dual_text,0.5612264416132938,0.32228195667266846,0.7123287671232876,0.7878787878787878,0.65,COMPLETE
87,-0.5239372563964534,2026-04-12 22:57:49.314636,2026-04-12 22:58:02.309994,0 days 00:00:12.995358,200,1,2,0.8337821705549278,5.511812537740752,1.1905878416458302,0.022451369697756945,0.6570276368032943,4,5,600,1.1383113625512573,650,3,1,1.5604017158050132,2.885526377852218,1.022475869534055,0.6559123387076555,1.4882348020572878,1.1383113625512573,4.68120514741504,dual_text,0.15447240583250743,0.047282274812459946,0.35714285714285715,0.234375,0.75,COMPLETE
