number,value,datetime_start,datetime_complete,duration,params_aux_max_features,params_aux_min_df,params_aux_ngram_high,params_colsample_bytree,params_gamma,params_gen_pos_weight_mult,params_learning_rate,params_max_delta_step,params_max_depth,params_min_child_weight,params_n_estimators,params_neg_weight_mult,params_readme_max_features,params_readme_min_df,params_readme_ngram_high,params_real_pos_weight_mult,params_reg_alpha,params_reg_lambda,params_subsample,user_attrs_actual_w_generated_pos,user_attrs_actual_w_neg,user_attrs_actual_w_real_pos,user_attrs_text_mode,user_attrs_val_ap,user_attrs_val_best_threshold,user_attrs_val_f1,user_attrs_val_precision,user_attrs_val_recall,state
42,-0.1702829679965196,2026-04-12 21:40:36.628062,2026-04-12 21:40:46.533329,0 days 00:00:09.905267,250,3,2,0.9656874112957138,0.0009091375759153197,1.0572617083274993,0.05570488357825401,1.7475968313025958,2,1,500,1.3864995220960865,300,3,1,1.7151050250100712,2.988943824380403,0.02918360395448288,0.7900339245336898,1.3215771354093742,1.3864995220960865,5.145315075030213,dual_text,0.24982699270860742,0.020985841751098633,0.4740740740740741,0.32653061224489793,0.8648648648648649,COMPLETE
43,-0.7266112474061345,2026-04-12 21:40:46.533714,2026-04-12 21:40:56.039417,0 days 00:00:09.505703,250,3,2,0.9650413949425606,0.0014230794395657664,1.054414321840931,0.05461503200316918,1.7614280083369336,2,1,400,1.376523567738198,250,3,1,1.7269807024318329,2.7497265227437313,0.025118397410104177,0.7919605341560413,1.3180179023011638,1.376523567738198,5.180942107295499,dual_text,0.15368240169596614,0.009729077108204365,0.2895927601809955,0.17391304347826086,0.8648648648648649,COMPLETE
44,-0.7609954942813193,2026-04-12 21:40:56.039817,2026-04-12 21:41:04.661353,0 days 00:00:08.621536,250,3,2,0.967002722892511,0.005208912994712796,1.050175565130094,0.08638818550474572,1.7484380233277415,2,1,400,1.4548530547995637,250,3,1,1.746497548403022,2.786995181174736,0.023503159426112002,0.7914344631908394,1.3127194564126174,1.4548530547995637,5.239492645209066,dual_text,0.14072990076762207,0.008121954277157784,0.2782608695652174,0.16580310880829016,0.8648648648648649,COMPLETE
45,-0.5734340976285259,2026-04-12 21:41:04.661584,2026-04-12 21:41:16.009319,0 days 00:00:11.347735,250,3,2,0.9350906611038963,0.39913705144799166,1.04244585979007,0.05422407875461627,1.9844023621681866,2,1,500,1.370343383164036,250,3,1,1.6393383164431554,0.31783223514034437,0.03784244269377949,0.7720551985371858,1.3030573247375876,1.370343383164036,4.918014949329466,dual_text,0.17631022089310966,0.0035633433144539595,0.3404255319148936,0.2119205298013245,0.8648648648648649,COMPLETE
46,-0.9525658092400271,2026-04-12 21:41:16.009814,2026-04-12 21:41:30.194220,0 days 00:00:14.184406,250,3,2,0.931030529422657,0.4644276953641818,1.164298286677666,0.06750698573729973,1.9639542770314713,2,2,500,1.426395814428915,300,3,1,1.6498606547487786,0.4382079792559438,0.038187058401945584,0.7678676257118835,1.4553728583470826,1.426395814428915,4.949581964246336,dual_text,0.10462962488500674,0.0026755102444440126,0.21476510067114093,0.12260536398467432,0.8648648648648649,COMPLETE
47,-0.5948987629184141,2026-04-12 21:41:30.194458,2026-04-12 21:41:40.120892,0 days 00:00:09.926434,250,3,2,0.9478244485450845,0.6965942864347167,1.0314420143783243,0.05127586060679744,1.6777910255229307,2,1,600,1.4684606376700748,250,3,1,1.5440318457252686,0.45530427043847005,0.016443690147306136,0.8422106060677661,1.2893025179729054,1.4684606376700748,4.632095537175806,dual_text,0.17004123605286406,0.0040612309239804745,0.3333333333333333,0.2064516129032258,0.8648648648648649,COMPLETE
48,-1.1446987071648,2026-04-12 21:41:40.121123,2026-04-12 21:41:50.062112,0 days 00:00:09.940989,250,3,2,0.9192251241486499,0.6729339974804902,1.0207229425304096,0.09348006234441306,1.6508903462279225,2,3,600,1.3638125638616438,250,3,1,1.5260806430648508,0.26678899961048874,0.015558412281790194,0.8360849021748029,1.275903678163012,1.3638125638616438,4.578241929194553,dual_text,0.08237013853182514,0.01571667194366455,0.1509433962264151,0.11594202898550725,0.21621621621621623,COMPLETE
49,-1.0422076404713296,2026-04-12 21:41:50.062335,2026-04-12 21:42:01.302156,0 days 00:00:11.239821,250,3,2,0.9433631632763736,0.42744994027998257,1.091915584984294,0.05061795242276874,1.8487987855978723,2,2,600,1.4264737115813035,250,3,1,1.4645375691414082,0.4315558515606529,0.018391801146611306,0.8100550985912891,1.3648944812303676,1.4264737115813035,4.393612707424225,dual_text,0.09596882436608221,0.0017767491517588496,0.18497109826589594,0.10355987055016182,0.8648648648648649,COMPLETE
50,-1.2080766895638275,2026-04-12 21:42:01.302392,2026-04-12 21:42:11.003323,0 days 00:00:09.700931,50,3,2,0.982254026149512,0.808648015602341,1.1468627499564426,0.0754589886022719,1.685573505377794,2,4,500,1.4644986298736284,350,3,1,1.326607610986874,0.13543473533861092,0.036613891732634636,0.7157285926269779,1.4335784374455531,1.4644986298736284,3.9798228329606222,dual_text,0.05598026657160135,0.016903895884752274,0.13008130081300814,0.09302325581395349,0.21621621621621623,COMPLETE
51,-0.2505510904139225,2026-04-12 21:42:11.003565,2026-04-12 21:42:21.948332,0 days 00:00:10.944767,250,3,2,0.9500867791689642,0.39731919742862765,0.9702052725289713,0.06042905978834295,1.883124842756059,2,1,500,1.479672612427191,300,3,1,1.623348204647162,1.2592492539759657,0.011078928110607658,0.7773738815074738,1.212756590661214,1.479672612427191,4.870044613941486,dual_text,0.2263855642911642,0.009967130608856678,0.44755244755244755,0.3018867924528302,0.8648648648648649,COMPLETE
52,-0.7106005104361368,2026-04-12 21:42:21.948595,2026-04-12 21:42:33.020782,0 days 00:00:11.072187,250,3,2,0.9161813382274931,0.3158151793499763,0.9715059196520132,0.0629778823004092,1.5474309495415357,2,1,600,1.3851560242890726,300,3,1,1.6117275715791486,0.27853818802337416,0.011232090339495284,0.7723990501285557,1.2143823995650165,1.3851560242890726,4.835182714737446,dual_text,0.1535620945250868,0.002529802965000272,0.29493087557603687,0.17777777777777778,0.8648648648648649,COMPLETE
53,-0.3625849004380535,2026-04-12 21:42:33.021034,2026-04-12 21:42:42.899300,0 days 00:00:09.878266,250,3,2,0.9820031606048211,1.3946129438415793,1.0319519725748543,0.04995297558415249,1.8847818153104918,2,1,500,1.4723968638758642,250,3,1,1.5864872333975037,0.6475708897320824,0.05294347192901492,0.8135021553090497,1.2899399657185677,1.4723968638758642,4.759461700192511,dual_text,0.22152895975719544,0.008595496416091919,0.41025641025641024,0.2689075630252101,0.8648648648648649,COMPLETE
54,-0.3939673432964252,2026-04-12 21:42:42.899527,2026-04-12 21:42:51.687009,0 days 00:00:08.787482,250,3,2,0.9814998214193994,1.4456048953269587,0.988241714017332,0.1086674863258413,1.8570232084355882,2,1,400,1.4231386918737592,300,3,1,1.660058996418018,1.8674428698605379,0.05864561532165877,0.7379545415411792,1.235302142521665,1.4231386918737592,4.980176989254054,dual_text,0.20108855678582743,0.015499892644584179,0.4,0.2601626016260163,0.8648648648648649,COMPLETE
55,-1.0023397443215756,2026-04-12 21:42:51.687230,2026-04-12 21:43:03.493760,0 days 00:00:11.806530,250,3,2,0.9781278183843276,1.4613112571366178,1.0034940475205785,0.1032160475091548,1.8776888278596504,2,2,400,1.4258307308747826,300,3,1,1.5778926532670192,1.3854623942472781,0.06084775304953161,0.7457921668559805,1.254367559400723,1.4258307308747826,4.733677959801057,dual_text,0.10776703654603634,0.004603941459208727,0.19814241486068113,0.11188811188811189,0.8648648648648649,COMPLETE
56,-0.4910992100174765,2026-04-12 21:43:03.494079,2026-04-12 21:43:13.795041,0 days 00:00:10.300962,250,3,2,0.9990503872377715,0.9176742391716981,0.9348628795577023,0.11810393741661358,1.798555128105145,2,1,400,1.4085888300820621,350,3,1,1.6830325033324895,1.7776009438310685,0.030406742101194657,0.8103076919815917,1.1685785994471278,1.4085888300820621,5.049097509997469,dual_text,0.181750470681822,0.010579703375697136,0.367816091954023,0.23357664233576642,0.8648648648648649,COMPLETE
57,-0.9033905993741711,2026-04-12 21:43:13.795449,2026-04-12 21:43:25.627047,0 days 00:00:11.831598,250,3,2,0.9828332426990266,1.351182088297412,1.077676560360015,0.07472068583354786,1.8946175614329785,2,2,400,1.3408444491659561,300,3,1,1.4735616622751855,0.5873043599035978,0.07782680113785585,0.7374724658931526,1.3470957004500186,1.3408444491659561,4.420684986825556,dual_text,0.1156202134000803,0.004601184744387865,0.23104693140794225,0.13333333333333333,0.8648648648648649,COMPLETE
58,-0.34517324407491223,2026-04-12 21:43:25.627557,2026-04-12 21:43:42.957720,0 days 00:00:17.330163,250,3,2,0.9529695709321838,0.1884024226164243,0.9648566976909474,0.05957240924853566,1.7387958156427727,2,1,500,1.474849824826704,350,3,2,1.71460190157721,0.9810360898975778,0.05424555745367451,0.8258489402954098,1.2060708721136844,1.474849824826704,5.14380570473163,dual_text,0.21682027580270405,0.006995804142206907,0.4161073825503356,0.2767857142857143,0.8378378378378378,COMPLETE
59,-1.1609870593734972,2026-04-12 21:43:42.958071,2026-04-12 21:44:00.255208,0 days 00:00:17.297137,250,3,2,0.9085482913373206,0.15366896480057565,1.130172998759717,0.05937493042803526,1.5705811667105798,6,6,500,1.478602148442637,350,3,2,1.7217160558151994,0.8432007187083624,0.05147990143875108,0.8261402753575764,1.4127162484496463,1.478602148442637,5.165148167445598,dual_text,0.07273685029099969,0.003634430468082428,0.145610278372591,0.07906976744186046,0.918918918918919,COMPLETE
60,-0.9606089002823537,2026-04-12 21:44:00.255568,2026-04-12 21:44:15.400371,0 days 00:00:15.144803,50,3,1,0.9530022283175045,1.6974628159926985,0.9568375632618419,0.0843727671642061,1.7120910877711324,2,2,600,1.4958636313392077,300,3,2,1.7788237278940402,0.17951268973762716,0.010153187666830842,0.8544742596539782,1.1960469540773024,1.4958636313392077,5.336471183682121,dual_text,0.12098367712243002,0.0029431821312755346,0.2119205298013245,0.12075471698113208,0.8648648648648649,COMPLETE
61,-1.0580757852060483,2026-04-12 21:44:15.400686,2026-04-12 21:44:32.450580,0 days 00:00:17.049894,250,3,2,0.9743717114358151,0.9875219147280139,0.994609481115264,0.10464525428125802,0.23773197305843496,2,1,500,1.4376310879942,300,3,2,1.6754636268675644,1.80934346307322,0.05484177059747706,0.7613802991430836,1.24326185139408,1.4376310879942,5.026390880602693,dual_text,0.08661240324408662,0.02643195353448391,0.1797752808988764,0.15384615384615385,0.21621621621621623,COMPLETE
62,-0.39384309624063824,2026-04-12 21:44:32.450917,2026-04-12 21:44:50.080326,0 days 00:00:17.629409,250,3,2,0.8590649225241561,0.21073674602098286,1.0727025637316374,0.048462554831311906,1.7857002424122161,2,1,400,1.4042194455937684,350,3,2,1.6046192561894281,0.8410694358376664,0.029366076765741267,0.7795223723728711,1.3408782046645467,1.4042194455937684,4.813857768568284,dual_text,0.20523012531206025,0.006078043486922979,0.4,0.2601626016260163,0.8648648648648649,COMPLETE
63,-0.42360106314413104,2026-04-12 21:44:50.080798,2026-04-12 21:45:06.436606,0 days 00:00:16.355808,250,3,2,0.860366997633242,0.1886959334447845,1.072920669364257,0.047323885479780024,1.7992088405185327,2,1,500,1.4008284206813701,350,3,2,1.5842451612078023,0.8741579404804206,0.02986384503869009,0.781589589237061,1.3411508367053213,1.4008284206813701,4.7527354836234075,dual_text,0.18890765129319542,0.006132631562650204,0.3902439024390244,0.25196850393700787,0.8648648648648649,COMPLETE
64,-0.7789678237725915,2026-04-12 21:45:06.436862,2026-04-12 21:45:21.824138,0 days 00:00:15.387276,250,3,2,0.9483859713230051,0.5573891771833226,0.9145786344448498,0.03958509877928954,1.608089287957011,2,2,400,1.4441827561011338,350,3,2,1.7132687582611568,2.9590752155237623,0.020671991119819787,0.826107188170427,1.1432232930560622,1.4441827561011338,5.139806274783471,dual_text,0.13369665438879916,0.008748538792133331,0.2723404255319149,0.16161616161616163,0.8648648648648649,COMPLETE
65,-0.5737002855278065,2026-04-12 21:45:21.824438,2026-04-12 21:45:38.754362,0 days 00:00:16.929924,250,3,2,0.8998315526689435,0.23623374552627335,1.0163903974808197,0.05978617982763402,1.9086728606391585,2,1,700,1.4683760563267467,350,3,2,1.7912812707741532,0.6112113475672514,0.01305302619889779,0.8025605721596292,1.2704879968510245,1.4683760563267467,5.37384381232246,dual_text,0.1674372909170914,0.0038865027017891407,0.3404255319148936,0.2119205298013245,0.8648648648648649,COMPLETE
66,-1.0237280019728425,2026-04-12 21:45:38.754694,2026-04-12 21:45:55.802563,0 days 00:00:17.047869,200,3,2,0.9150214434478288,0.8409716660873479,1.0695056268984768,0.030848088387218395,1.504120576543293,2,2,600,1.356389721326724,300,3,2,1.617304677763531,1.2581875158743807,0.028294560350743337,0.7802273905839601,1.336882033623096,1.356389721326724,4.851914033290592,dual_text,0.104588988964959,0.0032789348624646664,0.191044776119403,0.10738255033557047,0.8648648648648649,COMPLETE
67,-0.9790107774184085,2026-04-12 21:45:55.802940,2026-04-12 21:46:09.848209,0 days 00:00:14.045269,250,3,2,0.8716790839711647,1.1656228249229708,1.1180043116460665,0.04955085934062541,1.7727036096734468,3,1,500,1.4061506231323324,250,3,2,1.5010582531189127,0.09522499105361408,0.047504911970468994,0.8161604423112007,1.397505389557583,1.4061506231323324,4.503174759356738,dual_text,0.11140545860207741,0.019661394879221916,0.20588235294117646,0.22580645161290322,0.1891891891891892,COMPLETE
68,-0.9912238626094366,2026-04-12 21:46:09.848421,2026-04-12 21:46:26.473691,0 days 00:00:16.625270,250,3,2,0.9350846801473457,0.5895806323905062,0.9683284382256615,0.05694556291669801,1.7028022090794837,2,3,400,1.319304218521197,300,3,2,1.8595762793679291,0.2548418637552663,0.09033176414757157,0.882480313869478,1.2104105477820768,1.319304218521197,5.578728838103787,dual_text,0.10326346506925817,0.0031655621714890003,0.20189274447949526,0.11428571428571428,0.8648648648648649,COMPLETE
69,-1.2201407240540754,2026-04-12 21:46:26.474157,2026-04-12 21:46:43.842556,0 days 00:00:17.368399,250,3,2,0.9686932517833798,0.10568511755961177,1.168284533807859,0.039366653038610616,1.836592718905759,2,8,700,1.284879399745584,250,4,2,1.415752749741246,0.029012639428977367,0.11594918357583181,0.7837119104442708,1.4603556672598237,1.284879399745584,4.247258249223738,dual_text,0.06355066801376466,0.03431903198361397,0.12598425196850394,0.08888888888888889,0.21621621621621623,COMPLETE
70,-1.0811760002415258,2026-04-12 21:46:43.842865,2026-04-12 21:47:02.238144,0 days 00:00:18.395279,100,3,2,0.9937414632024547,0.32152109137292195,1.0968940033942023,0.07115856876137663,1.443041830250419,3,2,1300,1.4783124371432894,450,3,2,1.5998361086202568,0.8427009123448526,0.015245043858225147,0.7566269256703031,1.3711175042427528,1.4783124371432894,4.799508325860771,dual_text,0.08983225001365297,0.014969145879149437,0.17204301075268819,0.14285714285714285,0.21621621621621623,COMPLETE
71,-0.2548450789780098,2026-04-12 21:47:02.238670,2026-04-12 21:47:12.399149,0 days 00:00:10.160479,250,3,2,0.9843973180692825,1.5693226886756264,0.987811990570953,0.06499841359751905,1.9263557532860363,2,1,400,1.4155131402707173,300,3,1,1.6689167903483668,1.9569364532353726,0.07055674420620753,0.8024104216583843,1.2347649882136913,1.4155131402707173,5.006750371045101,dual_text,0.23418082063708598,0.01937234215438366,0.4460431654676259,0.30392156862745096,0.8378378378378378,COMPLETE
72,-0.22146399503619701,2026-04-12 21:47:12.399443,2026-04-12 21:47:22.473046,0 days 00:00:10.073603,250,3,2,0.9544026062106827,1.773871761694967,1.0370195426930229,0.0652974360530927,1.814248026721107,2,1,400,1.3911113954054881,300,3,1,1.6964420506643016,2.0573994117282806,0.03317499496689572,0.800937596287335,1.2962744283662786,1.3911113954054881,5.089326151992905,dual_text,0.23691445117438897,0.021372318267822266,0.45714285714285713,0.3106796116504854,0.8648648648648649,COMPLETE
73,-0.16153431515128924,2026-04-12 21:47:22.473435,2026-04-12 21:47:31.815883,0 days 00:00:09.342448,250,3,2,0.9861425253477969,2.5319423352770256,1.031815347973346,0.06321553988460624,1.8890034586552535,2,1,500,1.384228706405355,300,3,1,1.69929263771713,1.899591728803433,0.07264337645237356,0.8045983275712657,1.2897691849666826,1.384228706405355,5.09787791315139,dual_text,0.2565484693159998,0.023366684094071388,0.47692307692307695,0.3333333333333333,0.8378378378378378,COMPLETE
74,-0.1597341613698734,2026-04-12 21:47:31.816200,2026-04-12 21:47:41.213101,0 days 00:00:09.396901,200,3,2,0.9841169575902036,2.539354515253582,1.026012723540765,0.09135091202168533,1.9145471994521726,2,1,500,1.385388286475722,300,3,1,1.7372063992886406,1.7369552851469026,0.06728036357856584,0.8266646755166851,1.2825159044259562,1.385388286475722,5.211619197865922,dual_text,0.24766725782014415,0.022757356986403465,0.47761194029850745,0.32989690721649484,0.8648648648648649,COMPLETE
75,-1.1223418232540772,2026-04-12 21:47:41.213427,2026-04-12 21:47:51.778543,0 days 00:00:10.565116,200,3,2,0.9444871889307817,2.624088591456212,0.9462308860428231,0.0914045618291774,1.9355116880079581,2,5,500,1.3339222770684531,300,3,1,1.7066853026712687,2.022705072574848,0.07610323330379228,0.8517680770664938,1.182788607553529,1.3339222770684531,5.120055908013806,dual_text,0.08035506644825617,0.005766194313764572,0.15841584158415842,0.08719346049046321,0.8648648648648649,COMPLETE
76,-0.7024729452684535,2026-04-12 21:47:51.778948,2026-04-12 21:48:01.386724,0 days 00:00:09.607776,200,3,2,0.9909851280053722,3.0529947147259446,0.9149881269657262,0.0656333881727433,1.99144879685256,2,2,400,1.3899633372079827,300,3,1,1.743020240584326,1.6623776045247365,0.04302452326753713,0.8342134392844052,1.1437351587071578,1.3899633372079827,5.229060721752978,dual_text,0.15012663058643522,0.012050401419401169,0.29767441860465116,0.1797752808988764,0.8648648648648649,COMPLETE
77,-0.2782822204178463,2026-04-12 21:48:01.387077,2026-04-12 21:48:11.408627,0 days 00:00:10.021550,200,3,2,0.925741418992891,2.468147493091741,0.9910669706209888,0.07477145005308883,1.8426526128484446,2,1,500,1.299285107266131,300,3,1,1.694370525481648,2.9433824970273603,0.1112996074871354,0.8034638288654068,1.238833713276236,1.299285107266131,5.083111576444944,dual_text,0.22164288104896487,0.026553606614470482,0.4383561643835616,0.29357798165137616,0.8648648648648649,COMPLETE
78,-0.3548457638249975,2026-04-12 21:48:11.409281,2026-04-12 21:48:19.508535,0 days 00:00:08.099254,150,3,2,0.9691739745219846,2.446315135351632,0.9876544405734393,0.08067586942235522,1.8354695641907048,3,1,400,1.376336489366663,300,3,1,1.6627234067651153,2.379880594536337,0.1284809446171165,0.8014245843228708,1.234568050716799,1.376336489366663,4.988170220295346,dual_text,0.2148186251882592,0.016886699944734573,0.4129032258064516,0.2711864406779661,0.8648648648648649,COMPLETE
79,-0.7498644295003529,2026-04-12 21:48:19.508825,2026-04-12 21:48:29.028929,0 days 00:00:09.520104,200,3,2,0.9297862679364015,2.2545001274520216,1.01728168371897,0.07367812117974183,1.926324047905202,6,2,500,1.290976966771445,300,3,1,1.821784868119283,1.538221635284975,0.08849325859290882,0.8063584661357258,1.2716021046487125,1.290976966771445,5.465354604357849,dual_text,0.1440197508692964,0.0082558523863554,0.28193832599118945,0.16842105263157894,0.8648648648648649,COMPLETE
80,-0.20147042584541097,2026-04-12 21:48:29.029156,2026-04-12 21:48:39.365004,0 days 00:00:10.335848,200,3,2,0.9886142150196454,1.9580261653103512,1.0456643384212359,0.08871077776340937,1.6354216230320484,2,1,600,1.351910895938075,300,3,1,1.769405317190342,2.3090247389327216,0.06728872935035443,0.7875335172668233,1.307080423026545,1.351910895938075,5.308215951571026,dual_text,0.24084087761673884,0.02196524664759636,0.463768115942029,0.31683168316831684,0.8648648648648649,COMPLETE
81,-0.12663765738853172,2026-04-12 21:48:39.365332,2026-04-12 21:48:49.190388,0 days 00:00:09.825056,200,3,2,0.9867871534490665,2.561458155528476,1.038563885835353,0.08797918019520984,1.8190376241439217,2,1,500,1.3475611204195839,300,3,1,1.6925382946065217,2.310177766834892,0.06963039668907586,0.8194532361537132,1.2982048572941913,1.3475611204195839,5.077614883819566,dual_text,0.257116254987878,0.027019891887903214,0.48854961832061067,0.3404255319148936,0.8648648648648649,COMPLETE
82,-0.6353333243626036,2026-04-12 21:48:49.190703,2026-04-12 21:48:59.415565,0 days 00:00:10.224862,200,3,2,0.9968064099244909,1.9181450374138445,1.038146215299161,0.0885797650028904,1.6440497221650214,2,1,400,1.3517104729326173,600,3,1,1.7690811230140722,2.306675551328632,0.07517935532714945,0.7905382354466953,1.2976827691239512,1.3517104729326173,5.307243369042217,dual_text,0.15555585457988264,0.012266837991774082,0.32,0.19631901840490798,0.8648648648648649,COMPLETE
83,-0.09185800755904971,2026-04-12 21:48:59.415900,2026-04-12 21:49:09.165868,0 days 00:00:09.749968,200,3,2,0.9875738106926474,3.551838863200008,1.001622052037749,0.09663348009587211,1.9384865281995656,2,1,600,1.3052979963450697,300,3,1,1.6926814326401998,1.2841888456754373,0.10328688950123793,0.8199612763466004,1.2520275650471864,1.3052979963450697,5.0780442979205995,dual_text,0.27139974803167866,0.028367437422275543,0.5,0.3563218390804598,0.8378378378378378,COMPLETE
84,-0.24513088334353283,2026-04-12 21:49:09.166217,2026-04-12 21:49:17.117462,0 days 00:00:07.951245,200,3,2,0.9864468905716157,2.6336217276409575,1.086937650728565,0.09666258250875334,1.9368863195755632,2,1,600,1.332929275892936,350,3,1,1.640481652681372,1.3018092663174357,0.06716938717679152,0.8181862332957487,1.3586720634107063,1.332929275892936,4.921444958044116,dual_text,0.23476765666485128,0.01925414428114891,0.4492753623188406,0.3069306930693069,0.8378378378378378,COMPLETE
