number,value,datetime_start,datetime_complete,duration,params_aux_max_features,params_aux_min_df,params_aux_ngram_high,params_colsample_bytree,params_gamma,params_gen_pos_weight_mult,params_learning_rate,params_max_delta_step,params_max_depth,params_min_child_weight,params_n_estimators,params_neg_weight_mult,params_readme_max_features,params_readme_min_df,params_readme_ngram_high,params_real_pos_weight_mult,params_reg_alpha,params_reg_lambda,params_subsample,user_attrs_actual_w_generated_pos,user_attrs_actual_w_neg,user_attrs_actual_w_real_pos,user_attrs_text_mode,user_attrs_val_ap,user_attrs_val_best_threshold,user_attrs_val_f1,user_attrs_val_precision,user_attrs_val_recall,state
86,0.6379165998639593,2026-04-12 20:41:10.402603,2026-04-12 20:41:24.946267,0 days 00:00:14.543664,150,3,2,0.9854722201404267,2.0766983594231414,0.7142933855658358,0.007042912992048741,1.775089035596127,3,2,400,1.3465351924066595,250,3,2,1.532366650794413,0.32706826886781093,0.02086837895338623,0.8177907836438292,0.8928667319572947,1.3465351924066595,4.597099952383239,dual_text,0.6246172557392888,0.2965029180049896,0.7397260273972602,0.84375,0.6585365853658537,COMPLETE
87,0.6701210447170728,2026-04-12 20:41:24.946516,2026-04-12 20:41:36.212436,0 days 00:00:11.265920,150,3,2,0.9701990832963541,2.536329087424627,0.5823710230171454,0.008869040821754461,1.6806627537749053,3,1,400,1.2963592929431191,250,3,1,1.445104229769711,0.1263383628750636,0.01142937491575001,0.7873286896732187,0.7279637787714317,1.2963592929431191,4.3353126893091325,dual_text,0.6707014905690944,0.23849740624427795,0.75,0.8709677419354839,0.6585365853658537,COMPLETE
88,0.775834622308302,2026-04-12 20:41:36.212794,2026-04-12 20:41:47.614214,0 days 00:00:11.401420,150,3,2,0.9819046805654698,2.0472164299104354,0.6494786362042145,0.005008581972130545,1.8405571598290165,3,1,500,1.4072692733534078,300,3,1,1.5655351924705498,0.15866436729749392,0.019200238142795537,0.8159339810867627,0.8118482952552681,1.4072692733534078,4.696605577411649,dual_text,0.7134747520488941,0.16027063131332397,0.7848101265822784,0.8157894736842105,0.7560975609756098,COMPLETE
89,0.3496903353448203,2026-04-12 20:41:47.614588,2026-04-12 20:41:58.825332,0 days 00:00:11.210744,150,3,2,0.9490078066884334,1.862878503964581,0.6348408626911523,0.005308030449939239,1.86666544889911,2,2,500,1.4164606889529987,300,3,1,1.5163149530327384,0.6524246027282249,0.017685318098719822,0.813292704987371,0.7935510783639403,1.4164606889529987,4.548944859098215,dual_text,0.406344511494008,0.15630239248275757,0.6458333333333334,0.5636363636363636,0.7560975609756098,COMPLETE
90,-0.9887346439858489,2026-04-12 20:41:58.825587,2026-04-12 20:42:12.075052,0 days 00:00:13.249465,150,3,1,0.9832123561867457,2.0752219187748584,0.6601754143277581,0.010851294366519115,1.857313113799515,3,9,500,1.4033023813283827,300,3,1,1.5622400926850817,0.09119546823040121,0.029784339235697985,0.7957291151841466,0.8252192679096976,1.4033023813283827,4.686720278055245,dual_text,0.1223473101763498,0.07529354095458984,0.20253164556962025,0.21052631578947367,0.1951219512195122,COMPLETE
91,0.7760683823888722,2026-04-12 20:42:12.075487,2026-04-12 20:42:20.783717,0 days 00:00:08.708230,200,3,2,0.9889501815260577,1.5728948286617552,0.7069600521671264,0.005044823242885615,1.7831536405278445,3,1,400,1.3513145877190655,300,3,1,1.6194522810822296,0.15734841903269697,0.021121629261287408,0.8491076563518761,0.883700065208908,1.3513145877190655,4.858356843246689,dual_text,0.7212667547345641,0.20402464270591736,0.7848101265822784,0.8157894736842105,0.7560975609756098,COMPLETE
92,0.7760676154987314,2026-04-12 20:42:20.784041,2026-04-12 20:42:30.548290,0 days 00:00:09.764249,200,3,2,0.9731052451153615,1.5843508607218926,0.7130999655686776,0.005234666355372879,1.8051608120457334,3,1,400,1.3554871770225383,300,3,1,1.6309419941701873,0.13814283409986416,0.02212026709431464,0.8487862647431139,0.891374956960847,1.3554871770225383,4.892825982510562,dual_text,0.7212411917298701,0.20287008583545685,0.7848101265822784,0.8157894736842105,0.7560975609756098,COMPLETE
93,0.7756464375893083,2026-04-12 20:42:30.548666,2026-04-12 20:42:41.629604,0 days 00:00:11.080938,200,3,2,0.9698632422141098,1.4442943737574432,0.7078235664257784,0.0065577253754258965,1.7876004756484563,3,1,400,1.3449509372673802,300,3,1,1.6260159238773042,0.14300596774626875,0.022635709064609523,0.8468512985863911,0.884779458032223,1.3449509372673802,4.878047771631913,dual_text,0.7072019280824335,0.17528359591960907,0.7848101265822784,0.8157894736842105,0.7560975609756098,COMPLETE
94,0.775634639275558,2026-04-12 20:42:41.629975,2026-04-12 20:42:52.869885,0 days 00:00:11.239910,200,3,2,0.9728846226146092,1.736461535621544,0.7343170630798769,0.005290234070614671,1.6257748089836195,3,1,400,1.3455507845545833,300,3,1,1.5772355031704555,0.1492215271923285,0.023170409561383984,0.8176090715947125,0.9178963288498461,1.3455507845545833,4.731706509511366,dual_text,0.7068086509574243,0.2007003277540207,0.7848101265822784,0.8157894736842105,0.7560975609756098,COMPLETE
95,0.7761159362689609,2026-04-12 20:42:52.870241,2026-04-12 20:43:04.111949,0 days 00:00:11.241708,200,3,2,0.9493569752004648,1.4388685103062988,0.6158913556995835,0.005021652522117404,1.8381046116436253,3,1,400,1.331640564377693,300,3,1,1.6332587755930126,0.2778989097670172,0.016715624423143602,0.8585598923198351,0.7698641946244794,1.331640564377693,4.899776326779038,dual_text,0.7228518840708557,0.19173184037208557,0.7848101265822784,0.8157894736842105,0.7560975609756098,COMPLETE
96,0.6868604106541233,2026-04-12 20:43:04.112274,2026-04-12 20:43:18.887121,0 days 00:00:14.774847,200,3,2,0.9511653744194795,1.590393220793568,0.657861590757196,0.006061899768584426,1.6981962965762183,3,2,500,1.3261545281795826,300,3,1,1.6306521601510926,0.3126090434362035,0.016481373196094,0.8575947815660485,0.822326988446495,1.3261545281795826,4.891956480453278,dual_text,0.6189242575764696,0.1493302285671234,0.7560975609756098,0.7560975609756098,0.7560975609756098,COMPLETE
97,0.7156810244282703,2026-04-12 20:43:18.887489,2026-04-12 20:43:29.501352,0 days 00:00:10.613863,200,3,2,0.964214699522107,1.06298617429904,0.6265987241500676,0.005084251609238071,1.8482326252320997,3,1,400,1.406387588543362,300,3,1,1.684421236690005,0.22969783941312374,0.01171072491232769,0.8257103330156466,0.7832484051875844,1.406387588543362,5.0532637100700155,dual_text,0.718779245648234,0.43701738119125366,0.7647058823529411,0.9629629629629629,0.6341463414634146,COMPLETE
98,0.7691337895997372,2026-04-12 20:43:29.501672,2026-04-12 20:43:42.798799,0 days 00:00:13.297127,200,3,2,0.9197510122383472,2.2514471626614414,0.5506546034382631,0.0059823755953618725,1.9018765007240575,4,1,500,1.303461841050815,300,3,1,1.5390404789344172,0.7735449642549679,0.01619183480268999,0.7785701722463815,0.6883182542978289,1.303461841050815,4.617121436803251,dual_text,0.710256754773849,0.29675769805908203,0.782608695652174,0.9642857142857143,0.6585365853658537,COMPLETE
99,0.10036373364605955,2026-04-12 20:43:42.799181,2026-04-12 20:43:53.895394,0 days 00:00:11.096213,200,3,2,0.7054387964782098,1.4151187650559405,0.6153703823816122,0.005022413001656429,1.0157098849023265,3,2,400,1.3583906509050092,350,3,1,1.3980105846468713,0.05189287444219941,0.02721423528230755,0.8380709167363127,0.7692129779770153,1.3583906509050092,4.194031753940614,dual_text,0.31515475789895964,0.09023573249578476,0.5636363636363636,0.4492753623188406,0.7560975609756098,COMPLETE
100,0.4959486177206527,2026-04-12 20:43:53.895735,2026-04-12 20:44:16.454079,0 days 00:00:22.558344,200,3,2,0.9875151230374352,1.182752389757118,0.6757844119101041,0.006645590018132115,0.6410377424376688,3,1,1400,1.3794010665784402,400,3,1,1.5567781235010245,0.1752420866092714,0.011996288310510961,0.7007592334255901,0.8447305148876301,1.3794010665784402,4.670334370503074,dual_text,0.5316205906884224,0.10910724103450775,0.6933333333333334,0.7647058823529411,0.6341463414634146,COMPLETE
101,0.7761047152198088,2026-04-12 20:44:16.454414,2026-04-12 20:44:25.850818,0 days 00:00:09.396404,200,3,2,0.9750976474151529,1.5080281769388535,0.7486897584072958,0.0050177837574690125,1.8010115688859618,3,1,400,1.3394797614588918,300,3,1,1.6215692334315266,0.11910612917876753,0.03161513728308193,0.8527391243644314,0.9358621980091197,1.3394797614588918,4.86470770029458,dual_text,0.7224778490991198,0.23672698438167572,0.7848101265822784,0.8157894736842105,0.7560975609756098,COMPLETE
102,0.7754883076161628,2026-04-12 20:44:25.851136,2026-04-12 20:44:35.759507,0 days 00:00:09.908371,200,3,2,0.9366337342582696,1.7328418779178167,0.7544768766806191,0.005448677300778584,1.8306858609551213,3,1,400,1.3295072394282703,300,3,1,1.6419787315166652,0.11133129446612243,0.040800246055805,0.8562794931328924,0.9430960958507739,1.3295072394282703,4.925936194549996,dual_text,0.701930928977586,0.21221481263637543,0.7848101265822784,0.8157894736842105,0.7560975609756098,COMPLETE
103,0.6876333658557306,2026-04-12 20:44:35.759920,2026-04-12 20:44:46.717739,0 days 00:00:10.957819,200,3,2,0.9766579845614477,1.5571912320939816,0.7396077600574152,0.03287632693036616,1.8920446396487822,3,1,500,1.28807413457506,250,3,1,1.5866655957024132,0.47627156372918733,0.03438371262967074,0.8329200922963812,0.924509700071769,1.28807413457506,4.759996787107239,dual_text,0.6446894309633807,0.057421255856752396,0.7560975609756098,0.7560975609756098,0.7560975609756098,COMPLETE
104,0.6913051959200481,2026-04-12 20:44:46.717997,2026-04-12 20:44:56.410761,0 days 00:00:09.692764,150,3,2,0.9512666691185986,1.7922734100298507,0.6932653461651324,0.005052914492165873,1.647828600353742,3,1,400,1.3892722439908967,350,3,1,1.6126179977971582,0.021887609953039115,0.010366133666764282,0.805290315296689,0.8665816827064154,1.3892722439908967,4.837853993391475,dual_text,0.701164188325927,0.2775439918041229,0.7567567567567568,0.8484848484848485,0.6829268292682927,COMPLETE
105,0.6964268324960511,2026-04-12 20:44:56.411099,2026-04-12 20:45:09.363062,0 days 00:00:12.951963,200,3,2,0.9882578734026565,1.355482532929975,0.5984800276018747,0.005858323928590633,1.7952825847710077,3,2,500,1.431717890020672,350,3,1,1.5008248136839073,0.22929649560835125,0.028603873476248088,0.8715954810164563,0.7481000345023434,1.431717890020672,4.502474441051722,dual_text,0.598193994594107,0.15830062329769135,0.759493670886076,0.7894736842105263,0.7317073170731707,COMPLETE
106,0.7289573265484214,2026-04-12 20:45:09.363564,2026-04-12 20:45:18.826704,0 days 00:00:09.463140,150,3,2,0.9613618419566475,1.9449227367513418,0.6683588919592593,0.005404227189069714,1.5565233446683635,3,1,400,1.408459573293683,300,3,1,1.6819042630586802,0.062026460703833323,0.04693822357890691,0.821650497415553,0.8354486149490742,1.408459573293683,5.045712789176041,dual_text,0.7088339618704541,0.19441084563732147,0.7692307692307693,0.8108108108108109,0.7317073170731707,COMPLETE
107,-0.11732400700876428,2026-04-12 20:45:18.827042,2026-04-12 20:45:26.107294,0 days 00:00:07.280252,200,3,2,0.974165466203023,1.6433502560051851,0.7247671450942345,0.006506055026725906,0.24881634521032803,3,2,400,1.355682598776425,350,3,1,1.5491414202891691,0.03585320335093215,0.017685779881775953,0.8436066818184363,0.905958931367793,1.355682598776425,4.647424260867507,dual_text,0.26999072682650305,0.1381935030221939,0.4915254237288136,0.37662337662337664,0.7073170731707317,COMPLETE
108,0.5913938646956076,2026-04-12 20:45:26.107943,2026-04-12 20:45:39.293212,0 days 00:00:13.185269,150,3,2,0.9416376863989963,1.1260810107588168,0.6443793833372825,0.025789189642549264,1.9557266306414183,3,1,1200,1.3347121503344401,250,3,1,1.65286655479062,0.2999360261018434,0.012548016029005096,0.8524861287803361,0.8054742291716032,1.3347121503344401,4.95859966437186,dual_text,0.546462156520258,0.04501577839255333,0.725,0.7435897435897436,0.7073170731707317,COMPLETE
109,0.7756501877014446,2026-04-12 20:45:39.293648,2026-04-12 20:45:50.704130,0 days 00:00:11.410482,150,3,2,0.9893278336813134,1.2367084277496925,0.6476066978560807,0.008188965260086521,1.7059258939693744,3,1,400,1.379612862565458,300,3,1,1.4388386307586323,0.09309134725558256,0.022611327426981347,0.8120092397328513,0.8095083723201009,1.379612862565458,4.316515892275897,dual_text,0.7073269318203089,0.13183017075061798,0.7848101265822784,0.8157894736842105,0.7560975609756098,COMPLETE
110,-0.041357365747068386,2026-04-12 20:45:50.704370,2026-04-12 20:46:03.173151,0 days 00:00:12.468781,200,3,2,0.9793832897795224,1.5031110944084187,0.5014364148729714,0.006326847308894463,1.1053924949632523,2,2,500,1.2793003818874118,300,3,1,1.5779284337572492,0.18528299627179473,0.03155962652820309,0.7887101295092035,0.6267955185912143,1.2793003818874118,4.733785301271748,dual_text,0.28808780843105286,0.08763708919286728,0.5166666666666667,0.3924050632911392,0.7560975609756098,COMPLETE
111,0.7758028677964794,2026-04-12 20:46:03.173585,2026-04-12 20:46:14.516168,0 days 00:00:11.342583,150,3,2,0.9881887320988461,1.2796754958050163,0.686414108500512,0.007729320609756847,1.856100756058955,3,1,400,1.3788865401394814,300,3,1,1.4265002693442272,0.07903139037464896,0.022477901878352066,0.8146471229714366,0.8580176356256399,1.3788865401394814,4.279500808032681,dual_text,0.712416268321474,0.14241258800029755,0.7848101265822784,0.8157894736842105,0.7560975609756098,COMPLETE
112,0.8060095331047329,2026-04-12 20:46:14.516497,2026-04-12 20:46:26.124368,0 days 00:00:11.607871,150,3,2,0.9594852804206241,0.9508059567587277,0.7683409070411507,0.009268423739974538,1.8594707021860395,3,1,400,1.315461861326845,300,3,1,1.334511905137538,0.05263914809980938,0.01848632388501537,0.8315121267989548,0.9604261338014384,1.315461861326845,4.003535715412614,dual_text,0.7131382829782832,0.13215848803520203,0.7948717948717948,0.8378378378378378,0.7560975609756098,COMPLETE
113,0.8059728307309478,2026-04-12 20:46:26.124601,2026-04-12 20:46:37.289144,0 days 00:00:11.164543,200,3,2,0.9652177523794019,0.9886923775144136,0.77232757671304,0.009121564130774213,1.9196108244768626,3,1,400,1.3927267985844987,300,3,1,1.3016504936054192,0.07981776616550536,0.015909332925407273,0.8341100861798383,0.9654094708912999,1.3927267985844987,3.9049514808162575,dual_text,0.7119148705187808,0.1293623000383377,0.7948717948717948,0.8378378378378378,0.7560975609756098,COMPLETE
114,0.5210347723685441,2026-04-12 20:46:37.289510,2026-04-12 20:46:50.067880,0 days 00:00:12.778370,200,3,2,0.9290111688545485,1.1103894216209935,0.7646492891422034,0.030147650386100525,0.8246570151679522,3,1,400,1.309979142930508,350,3,1,1.2650862223063195,0.024239289533373183,0.0189707937819873,0.8507604538738817,0.9558116114277543,1.309979142930508,3.7952586669189587,dual_text,0.5712889490813431,0.06486319750547409,0.7012987012987013,0.75,0.6585365853658537,COMPLETE
115,0.8205767527236251,2026-04-12 20:46:50.068430,2026-04-12 20:47:04.534758,0 days 00:00:14.466328,200,3,2,0.9518613112414303,0.9101830780401181,0.7021318608500192,0.009245480866352325,1.9194829495791497,3,1,500,1.4422378638835218,400,3,1,1.3050004777074145,0.05257418819739906,0.015415431568615686,0.859483383362274,0.877664826062524,1.4422378638835218,3.915001433122243,dual_text,0.6858917574541666,0.10462276637554169,0.8,0.8823529411764706,0.7317073170731707,COMPLETE
116,-0.6757368493592883,2026-04-12 20:47:04.535134,2026-04-12 20:47:17.953995,0 days 00:00:13.418861,200,3,2,0.9534919445827149,0.9387221877792828,0.7017854069411018,0.010411669733284208,1.9283835535093814,3,7,400,1.3970472906859566,400,3,1,1.306791474276952,0.04614279965182538,0.015107253548923397,0.8667526815240856,0.8772317586763773,1.3970472906859566,3.920374422830856,dual_text,0.18676211864573436,0.019342774525284767,0.3062200956937799,0.19047619047619047,0.7804878048780488,COMPLETE
117,0.8367690186924739,2026-04-12 20:47:17.954345,2026-04-12 20:47:32.187487,0 days 00:00:14.233142,200,3,2,0.9601058255964231,0.9311852839184247,0.777105107961996,0.009253787836618173,1.9961676589455677,3,1,500,1.3214923941612784,400,3,1,1.2278716438364583,0.013426953511740093,0.026749306426344842,0.8602125435210617,0.9713813849524949,1.3214923941612784,3.683614931509375,dual_text,0.6993181669421126,0.1127496212720871,0.8157894736842105,0.8857142857142857,0.7560975609756098,COMPLETE
118,0.7717428502694362,2026-04-12 20:47:32.187844,2026-04-12 20:47:46.688053,0 days 00:00:14.500209,200,3,2,0.9108625697885403,1.006907794962633,0.774142393176475,0.008406790301756163,1.9002040895369432,3,2,500,1.445375709873139,400,3,1,1.294048467373736,0.054032509695214864,0.025392081212859755,0.8856105100187576,0.9676779914705937,1.445375709873139,3.882145402121208,dual_text,0.5770823507533667,0.09790830314159393,0.7848101265822784,0.8157894736842105,0.7560975609756098,COMPLETE
119,0.8058358645617548,2026-04-12 20:47:46.688429,2026-04-12 20:48:00.933107,0 days 00:00:14.244678,200,3,2,0.9384493893688288,0.8868508092136198,0.7537903014196333,0.009407475019330126,1.9905570283549532,3,1,500,1.3152510620350895,400,3,1,1.2218044272082584,0.008070823848519612,0.015664558742176083,0.8560348063153864,0.9422378767745416,1.3152510620350895,3.665413281624775,dual_text,0.7073493315456812,0.0900421291589737,0.7948717948717948,0.8378378378378378,0.7560975609756098,COMPLETE
120,0.7360071493367627,2026-04-12 20:48:00.933441,2026-04-12 20:48:18.794939,0 days 00:00:17.861498,200,3,2,0.9361163345898686,0.9015140868718519,0.7470184891236211,0.00928159411299525,1.9953719642965317,4,1,500,1.3204883079673575,400,3,2,1.225602640765794,0.008479437110128524,0.01521456905762272,0.86034067575835,0.9337731114045265,1.3204883079673575,3.676807922297382,dual_text,0.7240478350349479,0.11678308993577957,0.7714285714285715,0.9310344827586207,0.6585365853658537,COMPLETE
121,0.8043984974680729,2026-04-12 20:48:18.795245,2026-04-12 20:48:34.124539,0 days 00:00:15.329294,200,3,2,0.9583068268303023,0.8694858096431338,0.8005458092286781,0.011320077428488973,1.9293237741730254,3,1,500,1.3362470357687015,400,3,1,1.2353951850531841,0.013817859420951935,0.016913896938298475,0.8428773859429158,1.0006822615358477,1.3362470357687015,3.7061855551595526,dual_text,0.659437095089616,0.0690990462899208,0.7948717948717948,0.8378378378378378,0.7560975609756098,COMPLETE
122,0.7887819939213299,2026-04-12 20:48:34.124881,2026-04-12 20:48:48.581900,0 days 00:00:14.457019,200,3,2,0.9448991086412081,0.8141942501004092,0.8028357666983845,0.011273931759589297,1.9141756834815538,3,1,500,1.3140224250236519,400,3,1,1.2354252513226285,0.014965478795091086,0.01598245349860802,0.8398694435659346,1.0035447083729807,1.3140224250236519,3.7062757539678852,dual_text,0.6786980429916982,0.08593891561031342,0.7894736842105263,0.8571428571428571,0.7317073170731707,COMPLETE
123,0.8257459213477608,2026-04-12 20:48:48.582236,2026-04-12 20:49:02.013046,0 days 00:00:13.430810,200,3,2,0.9439738648992866,0.7098932667027941,0.8092343566343387,0.011564247536654039,1.9688534609281931,3,1,500,1.3375069628570626,400,3,1,1.2396534394559082,0.012816384514218987,0.010272752568498345,0.8964514148851628,1.0115429457929235,1.3375069628570626,3.7189603183677247,dual_text,0.6850372050985201,0.08779159188270569,0.8051948051948052,0.8611111111111112,0.7560975609756098,COMPLETE
124,0.7883803925200583,2026-04-12 20:49:02.013332,2026-04-12 20:49:15.550717,0 days 00:00:13.537385,200,3,2,0.923184948329584,0.7773892547464953,0.8003229615408258,0.011882169204423589,1.9904620701424034,3,1,500,1.252083033323072,400,3,1,1.2371762075009198,0.011827542453697396,0.010154319917824638,0.8283780550070693,1.0004037019260323,1.252083033323072,3.7115286225027595,dual_text,0.6653113296159822,0.08262010663747787,0.7894736842105263,0.8571428571428571,0.7317073170731707,COMPLETE
125,0.7875310795687327,2026-04-12 20:49:15.550943,2026-04-12 20:49:28.582540,0 days 00:00:13.031597,200,3,2,0.9210325878453505,0.7407554611137614,0.8019979257272009,0.011464934305032617,1.9934646939637888,3,1,500,1.2474615639101383,400,3,1,1.230049104446843,0.012893034211904991,0.010723493327150132,0.8258134917828324,1.0024974071590012,1.2474615639101383,3.6901473133405287,dual_text,0.6370008979051253,0.08441564440727234,0.7894736842105263,0.8571428571428571,0.7317073170731707,COMPLETE
126,-0.9104113976278423,2026-04-12 20:49:28.583013,2026-04-12 20:49:40.669831,0 days 00:00:12.086818,200,3,2,0.9025207055074321,0.8598646764867589,0.8168329297130236,0.013184756375847373,1.9166499739485559,3,5,500,1.285481722942782,400,3,1,1.2307870358944488,0.009599501673535998,0.013481364934311475,0.8401318897791237,1.0210411621412794,1.285481722942782,3.6923611076833467,dual_text,0.12914388859574005,0.05435674265027046,0.22857142857142856,0.27586206896551724,0.1951219512195122,COMPLETE
127,0.8218202791662702,2026-04-12 20:49:40.670132,2026-04-12 20:49:53.864551,0 days 00:00:13.194419,200,3,2,0.9311271023491149,0.7016862087702012,0.8311426030680775,0.009307629079668969,1.979659745828967,3,1,500,1.264554209134484,450,3,1,1.2451302711825618,0.017227224195469786,0.010076455090177459,0.8300449119131491,1.0389282538350968,1.264554209134484,3.7353908135476854,dual_text,0.727342638875673,0.1206178143620491,0.8,0.8823529411764706,0.7317073170731707,COMPLETE
128,0.8220221404369151,2026-04-12 20:49:53.865106,2026-04-12 20:50:07.094134,0 days 00:00:13.229028,200,3,2,0.93192890423304,0.7214804809496526,0.8288351479088392,0.009186134169074595,1.9975484398502243,3,1,500,1.2233891323270547,450,3,1,1.322799438030209,0.01737526512913317,0.010665864372523677,0.8288633298428016,1.0360439348860488,1.2233891323270547,3.968398314090627,dual_text,0.7340713478971709,0.13411547243595123,0.8,0.8823529411764706,0.7317073170731707,COMPLETE
