number,value,datetime_start,datetime_complete,duration,params_aux_max_features,params_aux_min_df,params_aux_ngram_high,params_colsample_bytree,params_gamma,params_gen_pos_weight_mult,params_learning_rate,params_max_delta_step,params_max_depth,params_min_child_weight,params_n_estimators,params_neg_weight_mult,params_readme_max_features,params_readme_min_df,params_readme_ngram_high,params_real_pos_weight_mult,params_reg_alpha,params_reg_lambda,params_subsample,user_attrs_actual_w_generated_pos,user_attrs_actual_w_neg,user_attrs_actual_w_real_pos,user_attrs_text_mode,user_attrs_val_ap,user_attrs_val_best_threshold,user_attrs_val_f1,user_attrs_val_precision,user_attrs_val_recall,state
133,0.5678223088118927,2026-04-12 23:04:27.078447,2026-04-12 23:04:33.474682,0 days 00:00:06.396235,100,2,2,0.871794850989796,5.371417797591259,0.7349493045260941,0.05341678721571992,0.989938883170626,4,1,500,1.0945262477348108,650,3,1,1.8015260548651628,0.009080132242739392,0.1692774203921598,0.8992162832795415,0.9186866306576176,1.0945262477348108,5.404578164595488,dual_text,0.6189525822869765,0.49561455845832825,0.7164179104477612,0.8888888888888888,0.6,COMPLETE
134,0.5608413100051141,2026-04-12 23:04:33.474911,2026-04-12 23:04:39.070430,0 days 00:00:05.595519,100,2,2,0.8925761263146743,5.781413864262156,0.5534418599006403,0.08212471207811274,1.3964498080366092,4,1,500,1.044537940977591,650,3,1,1.6459551368626584,0.006401111107168564,0.4582728080048328,0.9213338496969102,0.6918023248758004,1.044537940977591,4.937865410587975,dual_text,0.5994722382657072,0.33044931292533875,0.7142857142857143,0.8333333333333334,0.625,COMPLETE
135,0.49582442094462775,2026-04-12 23:04:39.070667,2026-04-12 23:04:45.447033,0 days 00:00:06.376366,50,2,2,0.9360541872024652,5.611961553436053,0.6709593161994933,0.06987070024428284,1.1918061553721029,4,2,600,1.028786458336145,650,3,1,1.7327250457976369,0.01846146525002274,0.2310963035707007,0.8803742027257073,0.8386991452493666,1.028786458336145,5.19817513739291,dual_text,0.5274806981542606,0.17581482231616974,0.6933333333333334,0.7428571428571429,0.65,COMPLETE
136,0.5677249428443634,2026-04-12 23:04:45.447251,2026-04-12 23:04:51.042823,0 days 00:00:05.595572,100,2,2,0.9157042824793344,5.996704627229206,0.6986314197249474,0.06470230901938914,1.1448151095058667,4,1,400,1.1119724634606214,650,3,1,1.6759841660084978,0.006102917850782486,0.28843846249323296,0.8658430953702491,0.8732892746561842,1.1119724634606214,5.027952498025494,dual_text,0.615707050036,0.4765457510948181,0.7164179104477612,0.8888888888888888,0.6,COMPLETE
137,0.5924535654505887,2026-04-12 23:04:51.043089,2026-04-12 23:04:57.344735,0 days 00:00:06.301646,100,2,2,0.9476200585557202,5.470499819827362,0.6440670542279155,0.05737715724526464,1.0920153773290424,4,1,600,0.9925783382848224,650,3,1,1.7733554480196512,0.012576144013053393,0.13212411908623647,0.9033522125513318,0.8050838177848945,0.9925783382848224,5.3200663440589535,dual_text,0.6180173990775966,0.40832558274269104,0.7246376811594203,0.8620689655172413,0.625,COMPLETE
138,0.5356839926572415,2026-04-12 23:04:57.344969,2026-04-12 23:05:02.879198,0 days 00:00:05.534229,100,2,2,0.8775515725463484,5.414496216885345,0.6464412476021645,0.11986415941348763,1.0904736072550871,4,1,600,0.9608840113766762,650,3,1,1.6914498950881625,0.004579480358171314,0.12931158992039699,0.891009507046489,0.8080515595027056,0.9608840113766762,5.074349685264488,dual_text,0.6012311277904027,0.6086198687553406,0.7058823529411765,0.8571428571428571,0.6,COMPLETE
139,0.5291887199581823,2026-04-12 23:05:02.879599,2026-04-12 23:05:09.673476,0 days 00:00:06.793877,100,2,2,0.9527207458110917,5.091421288988289,0.6253864674033248,0.05042262531130802,0.9016339687110589,4,2,600,1.0021004317833577,600,3,1,1.5958935305762176,0.010970190531273996,0.34212089941199136,0.9067321557497737,0.781733084254156,1.0021004317833577,4.787680591728653,dual_text,0.5504221206718121,0.27271807193756104,0.704225352112676,0.8064516129032258,0.625,COMPLETE
140,0.5678400974372322,2026-04-12 23:05:09.673779,2026-04-12 23:05:15.975183,0 days 00:00:06.301404,100,2,2,0.8601695408467144,5.514516046177274,0.6043942688574341,0.0727693160787367,0.9377946537708303,4,1,400,0.9945456452295772,650,3,1,1.73039356309525,0.0021905709519542656,0.10027067059999674,0.9373827046873694,0.7554928360717926,0.9945456452295772,5.19118068928575,dual_text,0.619545536464961,0.5329808592796326,0.7164179104477612,0.8888888888888888,0.6,COMPLETE
141,0.5678583332180454,2026-04-12 23:05:15.975422,2026-04-12 23:05:21.788939,0 days 00:00:05.813517,100,2,2,0.9872633427035674,5.724997878047364,0.6778052855541322,0.05613477625600343,1.2882366560027216,4,1,500,1.0203321001748722,650,3,1,1.773224816188456,0.013536245867933215,0.19741104168763454,0.9141970044612784,0.8472566069426652,1.0203321001748722,5.319674448565368,dual_text,0.6201533958253996,0.5812566876411438,0.7164179104477612,0.8888888888888888,0.6,COMPLETE
142,0.5676765458756634,2026-04-12 23:05:21.789185,2026-04-12 23:05:27.664215,0 days 00:00:05.875030,100,2,2,0.947039657256919,5.823804163642075,0.8789687967103306,0.06051218314953846,1.0330014802840832,4,1,500,1.086951306651606,650,3,1,1.7532190758815334,0.002954327219803452,0.15605510535935857,0.868943293492748,1.098710995887913,1.086951306651606,5.2596572276446,dual_text,0.6140938177460017,0.4874473512172699,0.7164179104477612,0.8888888888888888,0.6,COMPLETE
143,0.5605280694508364,2026-04-12 23:05:27.664447,2026-04-12 23:05:33.912854,0 days 00:00:06.248407,100,2,2,0.9642963700262075,5.593426673303854,0.7331896801213195,0.0457066808254314,1.2342965410196085,4,1,500,1.0694464540579343,650,3,1,1.7909956513527108,0.02008132779986262,0.5674569371334123,0.9010908160297253,0.9164871001516494,1.0694464540579343,5.372986954058132,dual_text,0.5890308864564545,0.33241134881973267,0.7142857142857143,0.8333333333333334,0.625,COMPLETE
144,0.33827430536875513,2026-04-12 23:05:33.913100,2026-04-12 23:05:41.614675,0 days 00:00:07.701575,100,2,2,0.9308196733567943,0.045006824263288614,0.755263785571548,0.067778232595734,0.8501920997485195,4,1,500,1.098954184610637,650,3,1,1.6995315255458912,0.008091793494385524,0.084870558600917,0.9249968081116208,0.9440797319644351,1.098954184610637,5.098594576637673,dual_text,0.41161264809431375,0.03606097772717476,0.6419753086419753,0.6341463414634146,0.65,COMPLETE
145,0.5612990117414444,2026-04-12 23:05:41.614895,2026-04-12 23:05:47.741492,0 days 00:00:06.126597,100,2,2,0.8930388211170716,5.70499861699471,0.6565977256096688,0.0539911603536315,1.0769970294178477,4,1,600,1.133267633534249,650,3,1,1.8157771455288962,0.00116366122444688,0.7206923878083588,0.8938187499584959,0.820747157012086,1.133267633534249,5.447331436586689,dual_text,0.6147289628100528,0.3954317569732666,0.7142857142857143,0.8333333333333334,0.625,COMPLETE
146,0.5927809729620201,2026-04-12 23:05:47.741712,2026-04-12 23:05:53.391968,0 days 00:00:05.650256,100,2,2,0.941785386848302,5.495566916272688,0.7986715523260797,0.05721423032522156,1.1583599205760313,4,1,500,1.0580340061051214,650,3,1,1.6182364838248526,0.0058909119630189445,0.3924375950591596,0.8781563104095463,0.9983394404075996,1.0580340061051214,4.854709451474558,dual_text,0.6289309827919791,0.40899768471717834,0.7246376811594203,0.8620689655172413,0.625,COMPLETE
147,-0.9253847061031164,2026-04-12 23:05:53.392189,2026-04-12 23:05:59.820425,0 days 00:00:06.428236,100,2,2,0.9124862928610812,5.291932154476541,0.9059592268187967,0.063560203501351,0.9708046516059433,4,8,400,1.0399263397520153,650,3,1,1.6176736279159254,0.004128527306239049,0.48787288713746435,0.8772701782907756,1.1324490335234958,1.0399263397520153,4.853020883747776,dual_text,0.10450498308505553,0.019367655739188194,0.22382671480144403,0.1308016877637131,0.775,COMPLETE
148,0.5601119584737108,2026-04-12 23:05:59.820644,2026-04-12 23:06:05.410491,0 days 00:00:05.589847,100,2,2,0.941807246583866,5.489850126923094,0.8099890053189411,0.07848162724636196,1.1587817704363488,4,2,500,1.118565964397875,650,3,1,1.5857774538956402,0.003139972944017609,0.3957726115395024,0.8856427542068795,1.0124862566486765,1.118565964397875,4.75733236168692,dual_text,0.5751605205522661,0.35363802313804626,0.7142857142857143,0.8333333333333334,0.625,COMPLETE
149,0.5852955806670861,2026-04-12 23:06:05.410726,2026-04-12 23:06:11.290344,0 days 00:00:05.879618,100,2,2,0.9245157494981093,5.3908328005445485,0.7841936513153552,0.05057627974420523,1.0127533323510232,4,1,500,0.9762803049480007,650,3,1,1.6491748893863094,0.005566738700751846,0.2213364210679737,0.8603640961111737,0.980242064144194,0.9762803049480007,4.947524668158929,dual_text,0.6209638000139845,0.3250897526741028,0.7222222222222222,0.8125,0.65,COMPLETE
