number,value,datetime_start,datetime_complete,duration,params_aux_max_features,params_aux_min_df,params_aux_ngram_high,params_colsample_bytree,params_gamma,params_gen_pos_weight_mult,params_learning_rate,params_max_delta_step,params_max_depth,params_min_child_weight,params_n_estimators,params_neg_weight_mult,params_readme_max_features,params_readme_min_df,params_readme_ngram_high,params_real_pos_weight_mult,params_reg_alpha,params_reg_lambda,params_subsample,user_attrs_actual_w_generated_pos,user_attrs_actual_w_neg,user_attrs_actual_w_real_pos,user_attrs_text_mode,user_attrs_val_ap,user_attrs_val_best_threshold,user_attrs_val_f1,user_attrs_val_precision,user_attrs_val_recall,state
42,0.4152894975540248,2026-04-12 20:31:30.329013,2026-04-12 20:31:47.317183,0 days 00:00:16.988170,250,2,2,0.9533722529767753,0.7263110972615237,0.967332470729891,0.019289262501839897,1.6251669670381657,4,2,900,1.091716854223748,500,3,1,1.5037632845447209,0.0008041791072753541,2.1689205647147833,0.7853376684764831,1.2091655884123638,1.091716854223748,4.511289853634162,dual_text,0.5096499184674991,0.05623677372932434,0.6666666666666666,0.6511627906976745,0.6829268292682927,COMPLETE
43,0.6474723285129916,2026-04-12 20:31:47.317652,2026-04-12 20:32:02.512861,0 days 00:00:15.195209,250,2,2,0.9743189733843934,1.466236463061853,1.0702316451076619,0.02811885170996772,1.4985376489201159,6,3,500,1.0082038910402888,450,2,1,1.6568038056490162,0.008230181942921948,0.04175409570363874,0.9776342087025035,1.3377895563845774,1.0082038910402888,4.970411416947049,dual_text,0.6300299980521009,0.3361855149269104,0.7428571428571429,0.896551724137931,0.6341463414634146,COMPLETE
44,0.7029724232112513,2026-04-12 20:32:02.513239,2026-04-12 20:32:16.248440,0 days 00:00:13.735201,100,1,2,0.9433836551740519,0.9933915289061405,1.135522719076673,0.013667161274572966,1.8955089810834138,4,1,700,0.9435440077843454,500,2,1,1.6109389337062165,0.0028777982775053963,0.6935374119633265,0.9211959926156786,1.4194033988458412,0.9435440077843454,4.83281680111865,dual_text,0.7094094122060349,0.15010391175746918,0.7605633802816901,0.9,0.6585365853658537,COMPLETE
45,0.696678414068784,2026-04-12 20:32:16.248837,2026-04-12 20:32:30.838143,0 days 00:00:14.589306,100,1,2,0.9436033234284007,0.3430922031324955,1.138281726164421,0.0142166781969948,1.885750984304453,3,1,700,0.9321528276646226,600,2,1,1.6128299962070747,0.0025820033400189945,0.34139484523818864,0.8787519496060109,1.4228521577055262,0.9321528276646226,4.838489988621224,dual_text,0.6065800470185361,0.05914202332496643,0.759493670886076,0.7894736842105263,0.7317073170731707,COMPLETE
46,0.7134421603809596,2026-04-12 20:32:30.838380,2026-04-12 20:32:49.027527,0 days 00:00:18.189147,100,1,2,0.8868197161390691,0.2805965356252173,1.1335565693240004,0.017150362584399635,1.8765258293780174,3,1,700,0.9369773234832182,600,2,1,1.7309914248076401,0.002206217121788524,0.36212762835891116,0.8779177283723817,1.4169457116550004,0.9369773234832182,5.19297427442292,dual_text,0.5715288028221185,0.04476767033338547,0.7654320987654321,0.775,0.7560975609756098,COMPLETE
47,0.7141729058457429,2026-04-12 20:32:49.028000,2026-04-12 20:33:05.952406,0 days 00:00:16.924406,100,1,2,0.9237513833262513,0.2697093902468257,1.1545537234737093,0.015102629972377627,1.728833432033542,3,1,700,0.9263327890582312,600,2,1,1.7184279104774942,0.0009549254337086671,0.39324048923945826,0.8812980388485654,1.4431921543421367,0.9263327890582312,5.155283731432482,dual_text,0.5958869849815607,0.0451568141579628,0.7654320987654321,0.775,0.7560975609756098,COMPLETE
48,0.669696257561563,2026-04-12 20:33:05.952694,2026-04-12 20:33:20.846461,0 days 00:00:14.893767,100,1,2,0.8879702905893857,3.907578426505068,1.1996420996563604,0.0158403356352897,1.7284569613401002,3,1,600,0.9150031532032059,600,2,2,1.8862533753576,0.00027923964134089454,0.7239787386060929,0.8541636024133094,1.4995526245704505,0.9150031532032059,5.6587601260728,dual_text,0.656541918718769,0.2712785303592682,0.75,0.8709677419354839,0.6585365853658537,COMPLETE
49,0.08991490146988723,2026-04-12 20:33:20.846866,2026-04-12 20:33:28.996300,0 days 00:00:08.149434,100,1,2,0.7917658515361596,1.0214705258275556,1.142594967164112,0.019531812138450816,0.053103620966229115,2,1,700,1.3297111411423908,600,2,1,1.8044723106110114,0.0008458339534426221,0.21578822702427938,0.8406551270651191,1.42824370895514,1.3297111411423908,5.4134169318330345,dual_text,0.33049671566290484,0.2546936571598053,0.56,0.4745762711864407,0.6829268292682927,COMPLETE
50,0.6482154631315895,2026-04-12 20:33:28.996565,2026-04-12 20:33:47.071504,0 days 00:00:18.074939,50,1,2,0.9162553874577973,0.23990379728228706,1.1158989683540936,0.013669750318063287,1.9018215361503745,4,1,700,1.4251785270767778,650,2,1,1.7010382009861251,0.0004301599860635311,0.9166592945895272,0.8627146118131976,1.394873710442617,1.4251785270767778,5.103114602958375,dual_text,0.6548011520053657,0.14082854986190796,0.7428571428571429,0.896551724137931,0.6341463414634146,COMPLETE
51,0.7163708225244542,2026-04-12 20:33:47.071779,2026-04-12 20:34:01.008960,0 days 00:00:13.937181,100,1,2,0.9403578019161473,0.46075996828984334,1.157916011728235,0.014585468742925784,1.90411612614535,3,1,700,0.9357971296457477,600,2,1,1.7296679936495358,0.004457116422192367,0.37243239482492524,0.880225319246766,1.4473950146602936,0.9357971296457477,5.189003980948607,dual_text,0.669150874271935,0.05140513926744461,0.7654320987654321,0.775,0.7560975609756098,COMPLETE
52,0.6896444572485628,2026-04-12 20:34:01.009344,2026-04-12 20:34:13.354940,0 days 00:00:12.345596,100,1,2,0.9252089019967036,0.9601514046628135,1.1732228565231735,0.016713759297495415,1.6586162261042932,3,1,600,0.9387481552772196,600,2,1,1.7487360793996958,1.1861382124077018,0.38879834439565825,0.8906892760486861,1.4665285706539668,0.9387481552772196,5.246208238199087,dual_text,0.6458062326097506,0.1644657552242279,0.7567567567567568,0.8484848484848485,0.6829268292682927,COMPLETE
53,0.639588743952085,2026-04-12 20:34:13.355186,2026-04-12 20:34:28.527834,0 days 00:00:15.172648,100,1,2,0.7435976873594597,0.46796454947952393,1.1622857725584894,0.012464314577187175,1.9157053126290637,3,1,900,0.9888642855785017,550,2,1,1.7005345349822376,0.0051536020479660116,0.23839272495053634,0.9104417890756413,1.4528572156981117,0.9888642855785017,5.101603604946713,dual_text,0.5788840576621007,0.04899223521351814,0.7407407407407407,0.75,0.7317073170731707,COMPLETE
54,0.584954451375793,2026-04-12 20:34:28.528244,2026-04-12 20:34:45.068040,0 days 00:00:16.539796,100,1,2,0.8606064332621906,0.008448577456459883,1.129184025313969,0.009126082607797055,0.8552819669818438,4,1,700,0.9042602523934605,600,2,1,1.945725455401822,0.0011455199268874717,0.5858910968183959,0.8772673843233597,1.4114800316424614,0.9042602523934605,5.837176366205465,dual_text,0.6095928236375502,0.21451611816883087,0.7222222222222222,0.8387096774193549,0.6341463414634146,COMPLETE
55,0.6383143205855789,2026-04-12 20:34:45.068442,2026-04-12 20:34:55.936969,0 days 00:00:10.868527,150,1,2,0.9425786043483392,5.138828599968232,1.0880150316746784,0.024029729771885572,1.7680770060390183,3,1,800,0.9281127832313106,650,2,1,1.8318241713266945,0.004354386556821921,1.3893051730565171,0.8212844723721385,1.360018789593348,0.9281127832313106,5.495472513980084,dual_text,0.637874613126609,0.2715480625629425,0.7397260273972602,0.84375,0.6585365853658537,COMPLETE
56,0.5980237803405818,2026-04-12 20:34:55.937194,2026-04-12 20:35:07.596422,0 days 00:00:11.659228,50,1,2,0.8865452796902171,0.263250564337682,1.1690431433058441,0.015291183497791511,1.5776872629335656,2,2,500,0.976918235286683,550,2,1,1.7801575897733033,9.007758217870554e-05,0.30423139824180123,0.8542592537855432,1.4613039291323051,0.976918235286683,5.34047276931991,dual_text,0.5401866174133328,0.12169378250837326,0.7272727272727273,0.7777777777777778,0.6829268292682927,COMPLETE
57,0.5021438532300199,2026-04-12 20:35:07.596720,2026-04-12 20:35:19.480462,0 days 00:00:11.883742,100,1,2,0.9120679742064959,0.8468538235384071,1.1077193656729591,0.01176687039889498,0.4534436479032792,4,1,600,1.0259085498971947,650,2,1,1.6876325464485946,0.0007738114858945817,0.7434736020183201,0.888023708660275,1.3846492070911989,1.0259085498971947,5.062897639345784,dual_text,0.6270173298895556,0.48594963550567627,0.6944444444444444,0.8064516129032258,0.6097560975609756,COMPLETE
58,-0.9566417130288019,2026-04-12 20:35:19.480705,2026-04-12 20:35:31.844446,0 days 00:00:12.363741,100,1,2,0.9890697142449817,0.5588044202409238,0.5992155054548334,0.018381783010223026,1.3526079528599495,3,6,700,1.2515064355975705,600,2,1,1.6142551415909872,0.001708155982801796,0.42831650140387434,0.9049416007654046,0.7490193818185418,1.2515064355975705,4.842765424772962,dual_text,0.11194289903993933,0.0490647591650486,0.21333333333333335,0.23529411764705882,0.1951219512195122,COMPLETE
59,0.49672556694973447,2026-04-12 20:35:31.844685,2026-04-12 20:35:43.656805,0 days 00:00:11.812120,50,1,1,0.9012058139503302,1.1613552239208478,1.0591134907012865,0.019990692355881568,1.9259466094069884,4,3,900,1.0086085631141963,550,2,1,2.03836079814443,0.0031397380326938103,0.5361633875673887,0.9247567434196561,1.3238918633766081,1.0086085631141963,6.115082394433291,dual_text,0.5575188983244816,0.12025744467973709,0.6933333333333334,0.7647058823529411,0.6341463414634146,COMPLETE
60,0.6896117897424165,2026-04-12 20:35:43.657275,2026-04-12 20:35:55.011641,0 days 00:00:11.354366,150,1,2,0.9472515234945893,1.827890780876042,1.1848385352716981,0.021510964278866496,1.669380926632144,3,2,600,1.2220332004281802,600,3,1,1.7235428537842208,0.006414377780763233,1.0074123392242962,0.9380544167195707,1.4810481690896227,1.2220332004281802,5.170628561352663,dual_text,0.6447173157382096,0.1615222543478012,0.7567567567567568,0.8484848484848485,0.6829268292682927,COMPLETE
61,0.7432097695701898,2026-04-12 20:35:55.012071,2026-04-12 20:36:08.687483,0 days 00:00:13.675412,100,1,2,0.9336331993880953,0.29528652793619437,1.1574364196463762,0.014819271709740093,1.8811581785980114,3,1,700,0.934746044618497,600,2,1,1.6024989865688999,0.0025731379308248136,0.31826850569693865,0.8751295526992773,1.4467955245579702,0.934746044618497,4.807496959706699,dual_text,0.6069923190063286,0.0484733022749424,0.775,0.7948717948717948,0.7560975609756098,COMPLETE
62,0.7351384546618926,2026-04-12 20:36:08.687754,2026-04-12 20:36:23.909554,0 days 00:00:15.221800,100,1,2,0.9967775643714575,0.28893462805432457,0.7879039653588166,0.00973046005903636,1.7555671553098011,3,1,800,0.9455541175275073,600,2,1,1.6612781521602187,0.0005438930416292361,0.2578733117281904,0.8647859770939101,0.9848799566985207,0.9455541175275073,4.983834456480656,dual_text,0.6950913458726118,0.16510993242263794,0.7714285714285715,0.9310344827586207,0.6585365853658537,COMPLETE
63,0.6495641315911431,2026-04-12 20:36:23.909943,2026-04-12 20:36:42.338934,0 days 00:00:18.428991,100,1,2,0.9843985621145734,0.15209554307500073,0.792537933233887,0.005717736176865464,1.7680513483493683,3,2,800,0.9552382293727291,600,2,1,1.6660776185763495,0.0004559353843387211,0.2515028576118634,0.8399709431140865,0.9906724165423587,0.9552382293727291,4.998232855729048,dual_text,0.626496694063744,0.12998788058757782,0.7435897435897436,0.7837837837837838,0.7073170731707317,COMPLETE
64,0.6371258431442886,2026-04-12 20:36:42.339468,2026-04-12 20:36:58.480842,0 days 00:00:16.141374,150,1,2,0.997660663216109,0.3406722916649058,0.7349365613719633,0.009817337268909996,1.8235532833335475,3,1,900,0.9205570260610958,650,2,1,1.5548475767351095,0.00028678709954575813,0.16059967559611113,0.7098400723765259,0.9186707017149541,0.9205570260610958,4.664542730205328,dual_text,0.5982586984169305,0.10729685425758362,0.7397260273972602,0.84375,0.6585365853658537,COMPLETE
65,-0.940975234633859,2026-04-12 20:36:58.481071,2026-04-12 20:37:11.193241,0 days 00:00:12.712170,100,1,2,0.9299365977516727,0.015388809660759617,0.7694521779409954,0.01143815794596904,1.5305056433686808,2,7,700,0.9623034148574332,550,2,1,1.7952138242623823,0.0011403287946224333,0.18624857125279906,0.7977945939802612,0.9618152224262443,0.9623034148574332,5.385641472787147,dual_text,0.12448876590208516,0.013132821768522263,0.21843003412969283,0.12698412698412698,0.7804878048780488,COMPLETE
66,0.1155444345437232,2026-04-12 20:37:11.193747,2026-04-12 20:37:24.394840,0 days 00:00:13.201093,100,1,2,0.6117486542698577,0.6155910063174455,1.1615189802135468,0.00864207535983585,1.6229163672263036,3,2,800,0.9829484082913069,600,2,1,1.7268158364171327,0.0006784602637366962,0.12100287758951414,0.8687955447205077,1.4518987252669335,0.9829484082913069,5.1804475092513975,dual_text,0.30408053983664535,0.027820508927106857,0.5688073394495413,0.45588235294117646,0.7560975609756098,COMPLETE
67,0.7202161469245276,2026-04-12 20:37:24.395240,2026-04-12 20:37:37.130239,0 days 00:00:12.734999,50,1,2,0.9764872037130563,0.237576353831787,0.840517370221857,0.01743388920674445,1.9921621305768638,3,1,600,1.4888389636941035,550,2,1,1.5880368849223216,0.001854693354246874,0.3246275572497477,0.8306003619450275,1.0506467127773214,1.4888389636941035,4.764110654766965,dual_text,0.6282094636943077,0.059478987008333206,0.7671232876712328,0.875,0.6829268292682927,COMPLETE
68,0.5913674915704707,2026-04-12 20:37:37.130580,2026-04-12 20:37:50.598399,0 days 00:00:13.467819,50,1,2,0.9999739285856802,0.8069838328827008,0.845177195757832,0.014589896286266424,1.9880710942913018,3,2,500,1.266644896921977,550,2,1,1.5784613171717128,0.00011403252656496987,0.2943513005461494,0.7633508694842372,1.05647149469729,1.266644896921977,4.735383951515138,dual_text,0.5455830523490303,0.05550524964928627,0.725,0.7435897435897436,0.7073170731707317,COMPLETE
69,0.7155540958178023,2026-04-12 20:37:50.598797,2026-04-12 20:38:04.886501,0 days 00:00:14.287704,50,1,2,0.980062624326328,0.5127456228118635,0.7879266845041512,0.007544159111789465,1.7292074330126597,3,1,600,1.4985362937181994,650,2,1,1.4906991116964141,0.020375013748239003,0.07974785851323946,0.8067072833996611,0.984908355630189,1.4985362937181994,4.472097335089242,dual_text,0.7145482919659676,0.2812202572822571,0.7647058823529411,0.9629629629629629,0.6341463414634146,COMPLETE
70,0.5476351275295701,2026-04-12 20:38:04.886737,2026-04-12 20:38:17.410771,0 days 00:00:12.524034,50,1,2,0.9815525901841464,0.4460838007938068,0.8594484080845534,0.007247366673650247,1.9449479780771446,2,2,600,1.480400105930567,650,2,1,1.5180396949119332,0.02966482664561382,0.09948831307820626,0.7988898103547617,1.0743105101056918,1.480400105930567,4.5541190847358,dual_text,0.5352060053716395,0.2268902212381363,0.7105263157894737,0.7714285714285715,0.6585365853658537,COMPLETE
71,0.7155877909133234,2026-04-12 20:38:17.411018,2026-04-12 20:38:31.400197,0 days 00:00:13.989179,50,1,2,0.9600592420889601,0.6119741508943074,0.820767147536405,0.007834295776518094,1.7475339794969036,3,1,600,1.4621656553386821,650,2,1,1.4909787586788292,0.01548657695994933,0.08263933909937556,0.8097438085080644,1.0259589344205062,1.4621656553386821,4.472936276036488,dual_text,0.7156714618166692,0.26177898049354553,0.7647058823529411,0.9629629629629629,0.6341463414634146,COMPLETE
72,0.7157775961597029,2026-04-12 20:38:31.400450,2026-04-12 20:38:44.416071,0 days 00:00:13.015621,50,1,2,0.9573212826327889,0.5992608968850468,0.7870168448705664,0.0062500589139542,1.8160830476122365,3,1,600,1.455380683911084,650,2,1,1.4818930699972035,0.016499970515153624,0.06480291875172306,0.823892129647496,0.983771056088208,1.455380683911084,4.44567920999161,dual_text,0.7219983033626545,0.36360833048820496,0.7647058823529411,0.9629629629629629,0.6341463414634146,COMPLETE
73,0.6825390257870056,2026-04-12 20:38:44.416564,2026-04-12 20:38:55.383427,0 days 00:00:10.966863,50,1,2,0.9592818588682173,0.8256309170514242,0.812126969556289,0.006145078665446052,1.8242005906858079,3,1,500,1.4217827132048004,650,2,1,1.4578135483215968,0.044921421018115096,0.047153447988017405,0.827574519608381,1.0151587119453613,1.4217827132048004,4.3734406449647905,dual_text,0.7223153523204779,0.31952139735221863,0.7536231884057971,0.9285714285714286,0.6341463414634146,COMPLETE
74,0.5845470908214419,2026-04-12 20:38:55.383665,2026-04-12 20:39:08.934188,0 days 00:00:13.550523,50,1,2,0.9720961778806729,0.6554726650896283,0.871306634024346,0.006522025480128379,1.9950070831334457,3,2,600,1.4437071548640639,650,2,1,1.5621478374084399,0.10530233403623929,0.06359963037690054,0.7535425557455029,1.0891332925304327,1.4437071548640639,4.68644351222532,dual_text,0.5960141384925112,0.19802235066890717,0.7222222222222222,0.8387096774193549,0.6341463414634146,COMPLETE
75,0.8269852754862579,2026-04-12 20:39:08.934429,2026-04-12 20:39:21.364075,0 days 00:00:12.429646,50,1,2,0.9563226460175206,1.5164534116659651,0.8279086580001468,0.009718545105624577,1.8401969404886374,3,1,500,1.390515555558932,400,2,1,1.6412429606951302,0.014148936422601404,0.027631821639235808,0.8463918305919642,1.0348858225001836,1.390515555558932,4.92372888208539,dual_text,0.7263490097150866,0.10636588931083679,0.8051948051948052,0.8611111111111112,0.7560975609756098,COMPLETE
76,0.5276560718630112,2026-04-12 20:39:21.364648,2026-04-12 20:39:35.002058,0 days 00:00:13.637410,50,1,2,0.9547349373214944,1.5148425156102077,0.7878061887910328,0.00993780624861889,1.8304243652348149,3,3,400,1.3875858987707832,400,2,1,1.6452488444527258,0.00648652149003881,0.026218454854000275,0.8469555414001158,0.984757735988791,1.3875858987707832,4.935746533358177,dual_text,0.46732360755492014,0.06993402540683746,0.7045454545454546,0.6595744680851063,0.7560975609756098,COMPLETE
77,0.7760614848793614,2026-04-12 20:39:35.002390,2026-04-12 20:39:44.487975,0 days 00:00:09.485585,50,3,2,0.9662042587822844,1.2447261584019258,0.6835117836077307,0.005358314669579747,1.9501544209443766,3,1,400,1.4031133872603216,350,2,1,1.5825167619762983,0.04151407734851798,0.030193833828687844,0.8342643567730988,0.8543897295096634,1.4031133872603216,4.747550285928895,dual_text,0.7210368377508729,0.18225093185901642,0.7848101265822784,0.8157894736842105,0.7560975609756098,COMPLETE
78,0.28710412444008626,2026-04-12 20:39:44.488205,2026-04-12 20:39:56.611447,0 days 00:00:12.123242,50,3,2,0.9683805169154438,2.269813453032438,0.6369174091023349,0.012390481222778206,1.9503385520092462,2,2,400,1.3151688057548443,350,2,1,1.6362562972294268,0.23308998845890114,0.020253354611172947,0.8631492345797278,0.7961467613779185,1.3151688057548443,4.908768891688281,dual_text,0.40347081466954393,0.08073168247938156,0.625,0.5454545454545454,0.7317073170731707,COMPLETE
79,0.8270274795079119,2026-04-12 20:39:56.611784,2026-04-12 20:40:08.642825,0 days 00:00:12.031041,150,3,2,0.9868918163527245,1.3154955735750482,0.6987899448379956,0.010899877841250911,1.9370300197718107,3,1,400,1.3629089291622718,350,3,1,1.58884989490556,0.03704312572862495,0.014801517718987335,0.8334947853058673,0.8734874310474945,1.3629089291622718,4.76654968471668,dual_text,0.727755810436887,0.09530491381883621,0.8051948051948052,0.8611111111111112,0.7560975609756098,COMPLETE
80,0.7292285505968803,2026-04-12 20:40:08.643135,2026-04-12 20:40:18.157846,0 days 00:00:09.514711,150,3,2,0.9997375030867948,1.2653826038243885,0.6605423311755921,0.005522054786046933,1.9517930376222266,3,1,400,1.3963255470148455,350,3,1,1.6683955845563465,0.032506621289963455,0.013780761867787312,0.8368058403045674,0.8256779139694902,1.3963255470148455,5.005186753669039,dual_text,0.7178747634857534,0.19191941618919373,0.7692307692307693,0.8108108108108109,0.7317073170731707,COMPLETE
81,0.8063963942854147,2026-04-12 20:40:18.158244,2026-04-12 20:40:30.375023,0 days 00:00:12.216779,150,3,2,0.9868109697721189,1.339747877979327,0.6711700883137579,0.010776408835226944,1.935387757906996,3,1,400,1.3708586422188223,350,3,1,1.5957556669115014,0.03641808000237152,0.013765110948473316,0.8328111814326142,0.8389626103921974,1.3708586422188223,4.787267000734504,dual_text,0.7260336556676739,0.09035173058509827,0.7948717948717948,0.8378378378378378,0.7560975609756098,COMPLETE
82,0.7228892004533762,2026-04-12 20:40:30.375346,2026-04-12 20:40:40.013143,0 days 00:00:09.637797,150,3,2,0.9949176187661841,1.3295801749100362,0.6783225752112667,0.0057702767082579345,1.9450167771542854,3,1,400,1.3686574958043127,350,3,1,1.600751975121325,0.04142518432285977,0.014391352956798019,0.8324259461285256,0.8479032190140834,1.3686574958043127,4.802255925363975,dual_text,0.7173112479892606,0.32181087136268616,0.7671232876712328,0.875,0.6829268292682927,COMPLETE
83,0.7292743351907237,2026-04-12 20:40:40.013425,2026-04-12 20:40:49.733976,0 days 00:00:09.720551,150,3,2,0.9999747234472176,1.6568273806860179,0.6880574041661758,0.0056179138997196195,1.9292863386267525,3,1,400,1.3692255649471121,350,3,1,1.6007180086755963,0.07672920962538314,0.013522189728739222,0.8472817251167961,0.8600717552077197,1.3692255649471121,4.802154026026789,dual_text,0.7194009166138672,0.20314247906208038,0.7692307692307693,0.8108108108108109,0.7317073170731707,COMPLETE
84,0.7757916159484801,2026-04-12 20:40:49.734231,2026-04-12 20:41:00.340758,0 days 00:00:10.606527,150,3,2,0.989226944786683,1.7132105655581829,0.6778266602462326,0.0067826109613717545,1.8528575932201414,3,1,400,1.3545419434514632,300,3,1,1.5302875063550754,0.12234160466974169,0.012382305710249578,0.8147190282166846,0.8472833253077907,1.3545419434514632,4.590862519065226,dual_text,0.7120412067214948,0.15210174024105072,0.7848101265822784,0.8157894736842105,0.7560975609756098,COMPLETE
85,0.7756451128944897,2026-04-12 20:41:00.341002,2026-04-12 20:41:10.402230,0 days 00:00:10.061228,150,3,2,0.9887093832780854,2.0220042677145798,0.7070096603561438,0.007053477432553292,1.7877441791267845,3,1,400,1.3635918531082303,250,3,1,1.5258681374407685,0.07673070561312748,0.019932257531613547,0.8464821965333994,0.8837620754451797,1.3635918531082303,4.577604412322305,dual_text,0.7071577715884813,0.1641044318675995,0.7848101265822784,0.8157894736842105,0.7560975609756098,COMPLETE
