number,value,datetime_start,datetime_complete,duration,params_aux_max_features,params_aux_min_df,params_aux_ngram_high,params_colsample_bytree,params_gamma,params_gen_pos_weight_mult,params_learning_rate,params_max_delta_step,params_max_depth,params_min_child_weight,params_n_estimators,params_neg_weight_mult,params_readme_max_features,params_readme_min_df,params_readme_ngram_high,params_real_pos_weight_mult,params_reg_alpha,params_reg_lambda,params_subsample,user_attrs_actual_w_generated_pos,user_attrs_actual_w_neg,user_attrs_actual_w_real_pos,user_attrs_text_mode,user_attrs_val_ap,user_attrs_val_best_threshold,user_attrs_val_f1,user_attrs_val_precision,user_attrs_val_recall,state
85,-0.5318602884813102,2026-04-12 21:49:17.117833,2026-04-12 21:49:26.070929,0 days 00:00:08.953096,200,3,2,0.9727429755265876,3.547565857156552,1.086286762761185,0.09564263152586358,1.9908798242007018,2,2,600,1.3313859001004325,350,3,1,1.6355676765313507,1.3456129484800299,0.18124239976756815,0.8195390102241322,1.3578584534514813,1.3313859001004325,4.906703029594052,dual_text,0.17608562205157274,0.016125667840242386,0.35428571428571426,0.2246376811594203,0.8378378378378378,COMPLETE
86,-0.6630828278132342,2026-04-12 21:49:26.071147,2026-04-12 21:49:35.020997,0 days 00:00:08.949850,200,3,2,0.9906949137754621,3.0192618593458964,1.112271950315513,0.08176573493186885,1.868523199385256,2,1,700,1.2695970019073972,250,3,1,1.733266769340653,1.0799575411556739,0.0632416528126713,0.8344107839725807,1.3903399378943913,1.2695970019073972,5.199800308021959,dual_text,0.16261124117698775,0.01236864272505045,0.3106796116504854,0.1893491124260355,0.8648648648648649,COMPLETE
87,-0.2311672222862985,2026-04-12 21:49:35.021219,2026-04-12 21:49:44.150728,0 days 00:00:09.129509,150,3,2,0.9557459617481138,3.848748137067579,1.0568735246425438,0.11262831041442647,1.9277036573844524,2,2,800,1.356849577513381,300,3,1,1.7628677774350692,0.5372132259290997,0.09840738535777102,0.8484694859804163,1.3210919058031798,1.356849577513381,5.2886033323052075,dual_text,0.2376883351375728,0.01992662437260151,0.45390070921985815,0.3076923076923077,0.8648648648648649,COMPLETE
88,-1.1359882576688916,2026-04-12 21:49:44.150982,2026-04-12 21:49:52.058711,0 days 00:00:07.907729,150,1,2,0.9581471846708456,3.9892897515939807,1.047718170090533,0.11146213453454609,1.9490447764248122,3,2,800,1.3592782654612863,350,3,1,1.806757298001185,0.5085814656518548,0.09983889395079719,0.8450218348552726,1.3096477126131663,1.3592782654612863,5.420271894003555,dual_text,0.08244269308823277,0.0209819283336401,0.15384615384615385,0.11940298507462686,0.21621621621621623,COMPLETE
89,-1.1771811442795483,2026-04-12 21:49:52.058937,2026-04-12 21:50:02.157323,0 days 00:00:10.098386,150,3,2,0.999904337141139,3.7042131343762836,1.057834163185033,0.10036607712223213,1.815540553889071,2,10,800,1.3121820947349998,250,3,1,1.755524594834269,2.2807173571761394,0.148941004427634,0.8587557121152609,1.3222927039812913,1.3121820947349998,5.266573784502807,dual_text,0.058874138050144416,0.04456010460853577,0.14035087719298245,0.1038961038961039,0.21621621621621623,COMPLETE
90,-0.9204918212647248,2026-04-12 21:50:02.157682,2026-04-12 21:50:10.405336,0 days 00:00:08.247654,100,3,2,0.9733166941727327,3.2720056453221362,1.1428636495239954,0.11328332091104815,1.581303459157926,2,3,600,1.345802804869635,300,3,1,1.766730945516685,1.5081466380387463,0.0848957963469604,0.8311091172178385,1.4285795619049944,1.345802804869635,5.300192836550055,dual_text,0.11506135690353729,0.007806217763572931,0.22535211267605634,0.12955465587044535,0.8648648648648649,COMPLETE
91,-0.18094947070265321,2026-04-12 21:50:10.405578,2026-04-12 21:50:18.402336,0 days 00:00:07.996758,200,3,2,0.9403863096094169,2.631632294730608,1.0090259802644848,0.09817603447691997,1.90283259391634,2,1,600,1.3278752265401523,300,3,1,1.703730065843865,1.1595876645190033,0.04390519681471435,0.8197586420104837,1.261282475330606,1.3278752265401523,5.111190197531595,dual_text,0.24286078049979917,0.020101850852370262,0.47058823529411764,0.32323232323232326,0.8648648648648649,COMPLETE
92,-0.22512198347586576,2026-04-12 21:50:18.402561,2026-04-12 21:50:26.873847,0 days 00:00:08.471286,200,3,2,0.9845581300551584,2.72401198053786,1.0113029539148664,0.09541321732373698,1.7448726572634439,2,1,600,1.3281605530762919,300,3,1,1.6955208690220993,2.9804591768280004,0.04488763712541578,0.8197032053598329,1.2641286923935828,1.3281605530762919,5.086562607066298,dual_text,0.24103192335349785,0.029475968331098557,0.45588235294117646,0.31313131313131315,0.8378378378378378,COMPLETE
93,-0.3046869574558142,2026-04-12 21:50:26.874059,2026-04-12 21:50:35.672927,0 days 00:00:08.798868,150,3,2,0.9604270692821181,4.306112978701902,1.0114168054539585,0.09134418666338419,1.6664243098008362,2,1,700,1.3669063562109984,300,3,1,1.698276645728262,2.3205191614326,0.0447001477154943,0.8438328922537569,1.264271006817448,1.3669063562109984,5.0948299371847865,dual_text,0.22408128391134347,0.025836532935500145,0.42953020134228187,0.2857142857142857,0.8648648648648649,COMPLETE
94,-0.4846739133170148,2026-04-12 21:50:35.673297,2026-04-12 21:50:44.389735,0 days 00:00:08.716438,200,3,2,0.9403347461613444,3.445220488714244,1.022891179502538,0.10463470137197976,1.727502339024349,2,1,700,1.2556179128967806,300,3,1,1.7375033860218323,2.9261299111331547,0.03507384585711375,0.8137183017348221,1.2786139743781724,1.2556179128967806,5.212510158065497,dual_text,0.18331656958698642,0.023106537759304047,0.3699421965317919,0.23529411764705882,0.8648648648648649,COMPLETE
95,-0.48443904323951065,2026-04-12 21:50:44.389971,2026-04-12 21:50:52.903194,0 days 00:00:08.513223,200,3,2,0.97895968819502,3.123156679903125,1.0053796665276138,0.07948711966014699,1.7583417706884863,2,2,600,1.3892896948407496,300,3,1,1.8226997787825825,1.6703282725973514,0.12563711717049264,0.8702014194658934,1.2567245831595173,1.3892896948407496,5.4680993363477475,dual_text,0.1911455721704596,0.016026830300688744,0.3699421965317919,0.23529411764705882,0.8648648648648649,COMPLETE
96,-0.2010570305991895,2026-04-12 21:50:52.903432,2026-04-12 21:51:00.847205,0 days 00:00:07.943773,200,3,2,0.9699137155479098,2.276797582277375,1.0524985526316029,0.11969081947273007,1.8159037280237809,2,1,600,1.3216644170720087,250,3,1,1.7031648507060377,0.3894915945060497,0.03226159101628267,0.7878381974172469,1.3156231907895035,1.3216644170720087,5.109494552118113,dual_text,0.2546207191574535,0.014869173057377338,0.463768115942029,0.31683168316831684,0.8648648648648649,COMPLETE
97,-0.8118556822129834,2026-04-12 21:51:00.847571,2026-04-12 21:51:09.688156,0 days 00:00:08.840585,200,3,2,0.5661396534885892,2.274985972141725,1.0355972461786367,0.0881508461702942,1.8278732146617656,2,1,600,1.296933983253421,250,3,1,1.6829788207174468,0.73914332060737,0.03304019649003531,0.7939726391823738,1.2944965577232959,1.296933983253421,5.048936462152341,dual_text,0.14902827997538337,0.006963756866753101,0.2612244897959184,0.15384615384615385,0.8648648648648649,COMPLETE
98,-0.5033490737316704,2026-04-12 21:51:09.688407,2026-04-12 21:51:18.214780,0 days 00:00:08.526373,200,3,2,0.9718993526064499,2.9000060312295064,1.1057910851001687,0.10205676882513401,1.6314892704395711,2,1,600,1.3227953428195962,250,3,1,1.6535461927047848,1.166059181002075,0.04614028203766077,0.76646677801982,1.3822388563752108,1.3227953428195962,4.960638578114354,dual_text,0.19139451197462662,0.014769496396183968,0.36363636363636365,0.2302158273381295,0.8648648648648649,COMPLETE
99,-0.5623471164323606,2026-04-12 21:51:18.215163,2026-04-12 21:51:27.080822,0 days 00:00:08.865659,200,3,2,0.9902939089856966,2.6553463385820875,1.005969131981236,0.11990926039558834,1.7895410619899708,2,1,600,1.2769187092796654,250,3,1,1.7127430927014178,2.1951562972021224,0.019744595116510846,0.7911242869514602,1.257461414976545,1.2769187092796654,5.138229278104253,dual_text,0.17982730171701197,0.017007943242788315,0.34408602150537637,0.21476510067114093,0.8648648648648649,COMPLETE
100,-0.900510252607665,2026-04-12 21:51:27.081044,2026-04-12 21:51:35.281917,0 days 00:00:08.200873,200,3,1,0.9411700734103746,1.9395035862081846,1.0486747473780438,0.09624875632760857,1.6809018218805742,3,1,500,1.3043072543396992,250,3,1,1.7839626389577248,1.0255030258356175,0.024998660633989943,0.7866426536301405,1.3108434342225548,1.3043072543396992,5.351887916873174,dual_text,0.1279191159763845,0.02992439642548561,0.2318840579710145,0.25,0.21621621621621623,COMPLETE
101,-1.470148123761316,2026-04-12 21:51:35.282248,2026-04-12 21:51:39.766907,0 days 00:00:04.484659,150,3,2,0.9540634003936221,2.3355110310217837,1.0625915447661225,0.10963862809134374,0.0015271715305829048,2,1,600,1.3460270917883295,300,3,1,1.7492530536752986,0.37287606279580043,0.03912609563913231,0.8223002646350172,1.328239430957653,1.3460270917883295,5.247759161025896,dual_text,0.01855312564201541,0.11761706322431564,0.04309842748980781,0.022023809523809525,1.0,COMPLETE
102,-0.04327076687842102,2026-04-12 21:51:39.767234,2026-04-12 21:51:49.296087,0 days 00:00:09.528853,200,3,2,0.9598631961668765,3.7626115072577146,1.028891977357126,0.08268216049203789,1.891786073660817,2,1,700,1.3712773034236048,300,3,1,1.6919061990919566,0.5954537766729336,0.06346062264719686,0.8092756469708169,1.2861149716964073,1.3712773034236048,5.07571859727587,dual_text,0.27807121157952003,0.027103763073682785,0.5161290322580645,0.367816091954023,0.8648648648648649,COMPLETE
103,-0.05573867544798394,2026-04-12 21:51:49.296502,2026-04-12 21:51:59.771013,0 days 00:00:10.474511,200,3,2,0.9670037122739381,2.552189260959025,0.977213990353234,0.0703023193985078,1.8803076977978816,2,1,700,1.3767722010839687,300,3,1,1.6910956726355528,0.6962334550931926,0.060566076702622575,0.8392920635029391,1.2215174879415425,1.3767722010839687,5.073287017906658,dual_text,0.2753774850672028,0.019103797152638435,0.512,0.36363636363636365,0.8648648648648649,COMPLETE
104,-0.18078856579752,2026-04-12 21:51:59.771362,2026-04-12 21:52:10.541597,0 days 00:00:10.770235,200,3,2,0.9689780867142361,1.7313865960387798,1.0292867127972605,0.06907792550166189,1.8655710319154784,2,1,700,1.3762922870718268,300,3,1,1.7261315990526123,0.6444348241245228,0.059663121345835186,0.8353704995915079,1.2866083909965755,1.3762922870718268,5.178394797157837,dual_text,0.24822427733757138,0.012926659546792507,0.47058823529411764,0.32323232323232326,0.8648648648648649,COMPLETE
105,-0.6540385821951171,2026-04-12 21:52:10.542138,2026-04-12 21:52:21.745683,0 days 00:00:11.203545,200,3,2,0.9644705828037216,2.058573657326157,0.9474652404015649,0.0688943635540623,1.8889759771912427,2,2,700,1.3674233214135987,300,3,1,1.7264881361690965,0.6831305711981998,0.05681367938340936,0.8375934663430967,1.184331550501956,1.3674233214135987,5.17946440850729,dual_text,0.1594982405549231,0.008667279034852982,0.3137254901960784,0.19161676646706588,0.8648648648648649,COMPLETE
106,0.04570012395039058,2026-04-12 21:52:21.746065,2026-04-12 21:52:31.361839,0 days 00:00:09.615774,200,3,2,0.9732273694089825,2.536824959225857,0.9741210881961607,0.08415116962259653,1.9656258523700372,2,1,700,1.3843032671026654,350,3,1,1.6778862368290515,0.206913925474739,0.06399731594723994,0.8091096298454935,1.2176513602452008,1.3843032671026654,5.033658710487154,dual_text,0.31121625289181526,0.024704668670892715,0.5454545454545454,0.410958904109589,0.8108108108108109,COMPLETE
107,0.09039740489992198,2026-04-12 21:52:31.362153,2026-04-12 21:52:40.264861,0 days 00:00:08.902708,200,3,2,0.9747787017073998,2.8614885660183424,1.0242394245831878,0.08421945359228042,1.9761958055620037,2,1,700,1.3792969789469298,350,3,1,1.6682250265547578,0.147228592435413,0.04972237380326287,0.8267361220028978,1.2802992807289848,1.3792969789469298,5.004675079664273,dual_text,0.34658016333073094,0.030854936689138412,0.56,0.4444444444444444,0.7567567567567568,COMPLETE
108,-0.5438566652050817,2026-04-12 21:52:40.265271,2026-04-12 21:52:50.054056,0 days 00:00:09.788785,200,3,2,0.9395868413319395,2.9407733671787635,0.9820014881978734,0.08152758696515498,1.9819471899773644,2,2,700,1.3795033114806752,400,3,1,1.5620779618189635,0.20396485609304896,0.05061722190926476,0.8290046644612376,1.2275018602473418,1.3795033114806752,4.686233885456891,dual_text,0.17652923892666014,0.012904464267194271,0.3502824858757062,0.22142857142857142,0.8378378378378378,COMPLETE
109,-0.16132422124807339,2026-04-12 21:52:50.054420,2026-04-12 21:52:59.548509,0 days 00:00:09.494089,200,3,2,0.9783097594125654,2.5589042817493173,0.9364098409693877,0.07280825329022125,1.9576397756611024,2,1,800,1.4163607024327856,350,3,1,1.213519294767124,0.11447088243586578,0.08099608446706356,0.8586959672943155,1.1705123012117347,1.4163607024327856,3.640557884301372,dual_text,0.2635515994231956,0.016204308718442917,0.47692307692307695,0.3333333333333333,0.8378378378378378,COMPLETE
110,0.10764856923746802,2026-04-12 21:52:59.548808,2026-04-12 21:53:08.690062,0 days 00:00:09.141254,200,3,2,0.9763208755001549,2.5546901059372864,0.9755699934984065,0.07106342368034085,1.9501528764095228,2,1,800,1.414712271297581,350,3,1,1.3157773142106566,0.05036593754184124,0.08223742535599486,0.8884645310938548,1.2194624918730081,1.414712271297581,3.94733194263197,dual_text,0.3559624089257049,0.034406017512083054,0.5656565656565656,0.45161290322580644,0.7567567567567568,COMPLETE
111,0.2376408707842088,2026-04-12 21:53:08.690378,2026-04-12 21:53:18.629978,0 days 00:00:09.939600,200,3,2,0.9781828746958958,2.8096167101957246,0.9359427454095062,0.07072999728944324,1.95137869248471,2,1,800,1.4156429842251244,400,3,1,1.2794011625459067,0.14714472334071138,0.07497323635534696,0.9117176345301297,1.1699284317618828,1.4156429842251244,3.8382034876377205,dual_text,0.38513047541565576,0.03865650296211243,0.6086956521739131,0.509090909090909,0.7567567567567568,COMPLETE
112,0.057050674333620766,2026-04-12 21:53:18.630370,2026-04-12 21:53:28.346011,0 days 00:00:09.715641,200,3,2,0.9750351159202194,2.5606449304960264,0.9307300344049733,0.07858518043595426,1.9487849939360704,2,1,800,1.436610954350604,400,3,1,1.2075531728775348,0.11933769587463605,0.07604372908048888,0.9093858841410823,1.1634125430062165,1.436610954350604,3.6226595186326045,dual_text,0.33306169347363307,0.025395600125193596,0.5490196078431373,0.4307692307692308,0.7567567567567568,COMPLETE
113,-0.012212247013115185,2026-04-12 21:53:28.346367,2026-04-12 21:53:38.186956,0 days 00:00:09.840589,200,3,2,0.9781717877806554,2.472652967872204,0.9262158322340514,0.07293305746814122,1.9520223298289299,2,1,800,1.4340498771313384,400,3,1,1.2240089975771566,0.12343968241259706,0.08450784867079197,0.9037925862678456,1.157769790292564,1.4340498771313384,3.67202699273147,dual_text,0.29467948552774353,0.02038726769387722,0.5263157894736842,0.38961038961038963,0.8108108108108109,COMPLETE
114,0.07350504124151835,2026-04-12 21:53:38.187448,2026-04-12 21:53:47.369682,0 days 00:00:09.182234,200,3,2,0.9762828244952794,2.792121654744926,0.9064038163608732,0.07897638552301631,1.9712338863898284,2,1,800,1.4348220627903607,400,3,1,1.2335779721313451,0.12041886804601445,0.0830000402120097,0.9055520218157965,1.1330047704510915,1.4348220627903607,3.7007339163940354,dual_text,0.33795682026183155,0.028864504769444466,0.5544554455445545,0.4375,0.7567567567567568,COMPLETE
115,0.04109107297725623,2026-04-12 21:53:47.370115,2026-04-12 21:53:56.403042,0 days 00:00:09.032927,200,3,2,0.9995161258952814,2.8268057874346617,0.8930437577176622,0.07880810182950455,1.9997680642574343,2,1,800,1.4367810153013523,400,3,1,1.2983973523829795,0.06962078776844785,0.09994297083922955,0.8996398637673032,1.1163046971470778,1.4367810153013523,3.8951920571489387,dual_text,0.3341037270735937,0.02642185054719448,0.5436893203883495,0.42424242424242425,0.7567567567567568,COMPLETE
116,-0.2740532178371042,2026-04-12 21:53:56.403364,2026-04-12 21:54:05.392993,0 days 00:00:08.989629,200,3,2,0.9774878885338029,2.7613365731288133,0.9054591939886832,0.0844281955685879,1.996914451318959,2,2,800,1.4386503855756372,400,3,1,1.3120340971355082,0.0685374191752035,0.1298676634871295,0.9127250043949835,1.131823992485854,1.4386503855756372,3.9361022914065247,dual_text,0.22659486642276916,0.014824286103248596,0.4397163120567376,0.2980769230769231,0.8378378378378378,COMPLETE
117,-0.11767067101345974,2026-04-12 21:54:05.393512,2026-04-12 21:54:15.566856,0 days 00:00:10.173344,200,3,2,0.9940394888620289,3.125353310135051,0.8920169799767454,0.07781113585554095,1.9708136102724099,2,1,800,1.460339355634407,400,3,1,1.2649412723130182,0.042665307971100144,0.09650764959638969,0.9027385738663036,1.1150212249709317,1.460339355634407,3.7948238169390547,dual_text,0.2881706153408212,0.02121865004301071,0.49122807017543857,0.36363636363636365,0.7567567567567568,COMPLETE
118,0.016367773815925357,2026-04-12 21:54:15.567218,2026-04-12 21:54:24.883967,0 days 00:00:09.316749,200,3,2,0.9996632952785609,3.152209807078067,0.887707843383046,0.07784794087586533,1.9996578032374068,2,1,800,1.4556900942929274,400,3,1,1.267091270617114,0.04396325535514377,0.10572745146465731,0.8990179104143421,1.1096348042288076,1.4556900942929274,3.801273811851342,dual_text,0.307497222435612,0.022894548252224922,0.5357142857142857,0.4,0.8108108108108109,COMPLETE
119,-0.9009086838567061,2026-04-12 21:54:24.884304,2026-04-12 21:54:34.208204,0 days 00:00:09.323900,200,3,2,0.999685488226568,3.339643780628957,0.8505538868020113,0.0774118490285528,1.9597350379235792,2,2,900,1.4487604209385523,450,3,1,1.2254442156449257,0.15209192185460058,0.11009364070655565,0.8857031524580548,1.063192358502514,1.4487604209385523,3.6763326469347772,dual_text,0.11463807434168267,0.005818221718072891,0.2318840579710145,0.13389121338912133,0.8648648648648649,COMPLETE
120,-1.2155090463199911,2026-04-12 21:54:34.208513,2026-04-12 21:54:45.219487,0 days 00:00:11.010974,200,3,2,0.9582818708240659,3.2149302929101946,0.8736488228606162,0.07020683347129952,1.9398267903192516,2,9,800,1.4153272933559498,400,3,1,1.3614798499239829,0.047944945445936075,0.08268719098905768,0.919977451148437,1.0920610285757701,1.4153272933559498,4.084439549771949,dual_text,0.05839138908347401,0.005057514179497957,0.1275797373358349,0.06854838709677419,0.918918918918919,COMPLETE
121,-0.02053562941351772,2026-04-12 21:54:45.219801,2026-04-12 21:54:54.947307,0 days 00:00:09.727506,200,3,2,0.9946864450214684,2.822023668826807,0.885561241932922,0.07642847949358379,1.9910566619658228,2,1,800,1.458885601775763,400,3,1,1.271659582306805,0.023350573003976954,0.09692432825968823,0.8996487983737607,1.1069515524161524,1.458885601775763,3.8149787469204153,dual_text,0.31236375475191025,0.02099519968032837,0.5233644859813084,0.4,0.7567567567567568,COMPLETE
122,0.07340256554626956,2026-04-12 21:54:54.947696,2026-04-12 21:55:04.425585,0 days 00:00:09.477889,200,3,2,0.976307865438824,2.8817349632436984,0.9186512733078223,0.07642063600289314,1.9920606446832523,2,1,800,1.4342366402392543,400,3,1,1.2439561211896202,0.08873683343144136,0.16914688138397238,0.8949196621886097,1.1483140916347778,1.4342366402392543,3.7318683635688608,dual_text,0.33454096375353864,0.02996068447828293,0.5544554455445545,0.4375,0.7567567567567568,COMPLETE
123,-1.1740078125686946,2026-04-12 21:55:04.426286,2026-04-12 21:55:15.645956,0 days 00:00:11.219670,200,3,2,0.9772809574649692,2.780237358998808,0.9206563385665388,0.07438124969481197,1.9910459282192177,2,6,900,1.4349440105338072,400,3,1,1.242048574424834,0.08872331327725871,0.15378150155254824,0.8975742076090023,1.1508204232081736,1.4349440105338072,3.726145723274502,dual_text,0.06697726840968259,0.0037916104774922132,0.14132762312633834,0.07674418604651163,0.8918918918918919,COMPLETE
124,-0.3861487709203798,2026-04-12 21:55:15.646218,2026-04-12 21:55:25.238690,0 days 00:00:09.592472,200,3,2,0.6266046080626531,2.873640257745283,0.8977718660089271,0.08290916690908266,1.9980323418319048,2,1,800,1.4414143411245077,400,3,1,1.290699262809215,0.01689934688706128,0.21259913063887362,0.9360998880274145,1.122214832511159,1.4414143411245077,3.872097788427645,dual_text,0.20196737624708133,0.012878475710749626,0.4025974025974026,0.26495726495726496,0.8378378378378378,COMPLETE
125,0.1427320520993577,2026-04-12 21:55:25.239033,2026-04-12 21:55:34.841034,0 days 00:00:09.602001,200,3,2,0.9627903787952611,2.1625584120468293,0.8819834658502106,0.0674542976472633,1.8653955436027976,2,1,800,1.456263158337816,450,3,1,1.3507172198742743,0.044426726556490645,0.17850111680744404,0.8823514548414341,1.1024793323127633,1.456263158337816,4.052151659622822,dual_text,0.35910964042533444,0.024111084640026093,0.5773195876288659,0.4666666666666667,0.7567567567567568,COMPLETE
126,0.10749177437882662,2026-04-12 21:55:34.841379,2026-04-12 21:55:44.097034,0 days 00:00:09.255655,200,3,2,0.9993503466469358,2.3774981115257985,0.8288392248744523,0.06676224946978285,1.897601300415121,2,1,800,1.459757119942329,450,3,1,1.341375890639059,0.03448989381757698,0.16480485741025544,0.8869956301172883,1.0360490310930652,1.459757119942329,4.024127671917177,dual_text,0.3507359136376583,0.02610955201089382,0.5656565656565656,0.45161290322580644,0.7567567567567568,COMPLETE
127,0.10751733476433589,2026-04-12 21:55:44.097378,2026-04-12 21:55:53.179448,0 days 00:00:09.082070,200,3,2,0.9993181811222532,2.9735101654880918,0.8185470668224136,0.06320322116359925,1.9607991887862233,2,1,800,1.4601775872051617,450,3,1,1.352634291185935,0.032927275985860115,0.32036883902910457,0.8890452719821184,1.023183833528017,1.4601775872051617,4.057902873557805,dual_text,0.351587926487969,0.032428938895463943,0.5656565656565656,0.45161290322580644,0.7567567567567568,COMPLETE
