number,value,datetime_start,datetime_complete,duration,params_aux_max_features,params_aux_min_df,params_aux_ngram_high,params_colsample_bytree,params_gamma,params_gen_pos_weight_mult,params_learning_rate,params_max_delta_step,params_max_depth,params_min_child_weight,params_n_estimators,params_neg_weight_mult,params_readme_max_features,params_readme_min_df,params_readme_ngram_high,params_real_pos_weight_mult,params_reg_alpha,params_reg_lambda,params_subsample,user_attrs_actual_w_generated_pos,user_attrs_actual_w_neg,user_attrs_actual_w_real_pos,user_attrs_text_mode,user_attrs_val_ap,user_attrs_val_best_threshold,user_attrs_val_f1,user_attrs_val_precision,user_attrs_val_recall,state
88,0.6347159132909946,2026-04-12 21:16:05.550413,2026-04-12 21:16:20.074952,0 days 00:00:14.524539,150,1,2,0.6123272934080861,1.6015837875027628,0.5215334932442507,0.024255574398951207,0.7778388046932535,2,9,900,1.1044325161805084,400,3,2,1.2548314549097732,0.0005910940694885238,1.9434831028600807,0.7646626226242301,0.6519168665553133,1.1044325161805084,3.7644943647293196,dual_text,0.6443765968793078,0.7360345125198364,0.7384615384615385,1.0,0.5853658536585366,COMPLETE
89,0.6002529047590582,2026-04-12 21:16:20.075217,2026-04-12 21:16:35.653428,0 days 00:00:15.578211,100,1,2,0.6161111456772591,1.5179848540590863,0.5210570341095678,0.024436030468585366,0.7661735677652391,2,9,1000,1.0186881917995734,400,3,2,1.2736190345108567,0.0006202097200187712,1.1407114446563336,0.6964852775647562,0.6513212926369598,1.0186881917995734,3.8208571035325702,dual_text,0.6144907646958828,0.6811043620109558,0.7272727272727273,0.96,0.5853658536585366,COMPLETE
90,0.5664976247859861,2026-04-12 21:16:35.653659,2026-04-12 21:16:51.961011,0 days 00:00:16.307352,150,1,2,0.6508497233105106,1.1164023328771249,0.5390317564064524,0.021624065339514727,0.8243763319697459,3,10,1300,1.0930406887204422,350,3,2,1.26734521332617,4.739993542719486e-05,1.9458693805737743,0.7614806254436527,0.6737896955080656,1.0930406887204422,3.8020356399785102,dual_text,0.5747964480900906,0.6225355267524719,0.7164179104477612,0.9230769230769231,0.5853658536585366,COMPLETE
91,0.5995336188472293,2026-04-12 21:16:51.961381,2026-04-12 21:17:07.226482,0 days 00:00:15.265101,150,1,2,0.6868382663269496,1.6125960654912799,0.566965601060435,0.02815135352357336,0.6395070472414018,2,9,900,1.0307301397098665,400,2,2,1.3135689863187676,0.0001977799294809162,1.41423299922783,0.730718717312764,0.7087070013255438,1.0307301397098665,3.940706958956303,dual_text,0.5905145676349167,0.7026700973510742,0.7272727272727273,0.96,0.5853658536585366,COMPLETE
92,0.5671504332782867,2026-04-12 21:17:07.226887,2026-04-12 21:17:21.675577,0 days 00:00:14.448690,200,1,2,0.7179465165087388,2.2567691893172657,0.6044431451281409,0.03813774572117942,0.9448458442138626,2,8,800,1.1981201512762436,600,3,2,1.2004210782596396,2.911177894636315,3.2330052340695046,0.799562565030258,0.7555539314101761,1.1981201512762436,3.601263234778919,dual_text,0.596556731166779,0.6748782396316528,0.7164179104477612,0.9230769230769231,0.5853658536585366,COMPLETE
93,0.6345752097177428,2026-04-12 21:17:21.675802,2026-04-12 21:17:37.606844,0 days 00:00:15.931042,150,1,2,0.6602593421065295,2.416879174810458,0.807558785992394,0.01152213011590754,1.7200623984365102,2,9,800,1.1169964088982145,450,3,2,1.351067918255196,0.1616273745390454,4.698104424823719,0.7888183277775751,1.0094484824904923,1.1169964088982145,4.053203754765588,dual_text,0.6396864777709156,0.7856346964836121,0.7384615384615385,1.0,0.5853658536585366,COMPLETE
94,0.6345321130268604,2026-04-12 21:17:37.607078,2026-04-12 21:17:51.877729,0 days 00:00:14.270651,150,1,2,0.6079123192813285,2.047847571215538,0.8624498956595841,0.03151271389269278,0.5087305260232209,2,9,700,1.0601060141003393,450,3,2,1.4035844930001957,0.1590255802933846,0.9471250941065734,0.788072969504563,1.07806236957448,1.0601060141003393,4.210753479000587,dual_text,0.6382499214081682,0.8159875869750977,0.7384615384615385,1.0,0.5853658536585366,COMPLETE
95,0.6344597318324091,2026-04-12 21:17:51.878085,2026-04-12 21:18:07.611963,0 days 00:00:15.733878,150,1,2,0.6444319420263569,2.2875884206045423,0.823816962606447,0.01977682472327143,0.3856336983552508,2,9,800,1.1012052195249944,400,3,2,1.337778168087529,0.17540826054754036,2.309910082698184,0.8155606051344219,1.0297712032580588,1.1012052195249944,4.013334504262587,dual_text,0.6358372149264547,0.8518450260162354,0.7384615384615385,1.0,0.5853658536585366,COMPLETE
96,0.6001222548059225,2026-04-12 21:18:07.612320,2026-04-12 21:18:22.922764,0 days 00:00:15.310444,150,1,2,0.657917151171911,1.6844237440512146,0.5226996911749576,0.033844554892370614,1.7189406855425824,2,9,1100,1.1274491294031286,450,3,2,1.2439744346492991,0.6776567139842928,0.6686642869138761,0.7512236108098006,0.653374613968697,1.1274491294031286,3.731923303947897,dual_text,0.6101357662580243,0.6021323204040527,0.7272727272727273,0.96,0.5853658536585366,COMPLETE
97,0.6006351111238715,2026-04-12 21:18:22.923201,2026-04-12 21:18:39.309454,0 days 00:00:16.386253,150,1,2,0.6367544631179818,1.8826173119545364,0.8015380525721313,0.012154957618451338,0.70427688621968,2,1,800,1.1650156462364538,400,3,2,1.3207903478824592,1.805689561631174e-05,0.5302932770433768,0.7737374980113991,1.001922565715164,1.1650156462364538,3.9623710436473774,dual_text,0.6272309768563208,0.7386751174926758,0.7272727272727273,0.96,0.5853658536585366,COMPLETE
98,0.5995140229378105,2026-04-12 21:18:39.309859,2026-04-12 21:18:55.451843,0 days 00:00:16.141984,150,1,2,0.6712276693134115,2.9609704108741233,0.5907819680819023,0.015488553979801365,1.9518375888327089,2,10,900,1.0552541174867713,400,3,2,1.893896533378144,0.3636813081014377,4.971220138078849,0.8040435056750841,0.7384774601023779,1.0552541174867713,5.6816896001344315,dual_text,0.5898613706542912,0.7152816653251648,0.7272727272727273,0.96,0.5853658536585366,COMPLETE
99,0.5652745636710929,2026-04-12 21:18:55.452196,2026-04-12 21:19:11.301333,0 days 00:00:15.849137,150,1,2,0.5680215586904332,1.3603620034928934,1.1985452064649773,0.023562509326164837,1.3275027975043854,2,8,1200,1.1374570296774114,450,3,2,1.2819880507910637,0.034326347086088886,0.15663266950816931,0.7635832731531471,1.4981815080812217,1.1374570296774114,3.845964152373191,dual_text,0.534027744260318,0.6093438863754272,0.7164179104477612,0.9230769230769231,0.5853658536585366,COMPLETE
100,0.5668725655704271,2026-04-12 21:19:11.301648,2026-04-12 21:19:27.471149,0 days 00:00:16.169501,150,1,2,0.5947078993364363,2.7508759198868837,0.5466789373151381,0.01814325162764489,1.865484209675598,2,9,1100,1.1105546084099542,350,3,2,1.2289801086390935,0.003159312543335434,1.1898546280739237,0.8279483682193365,0.6833486716439225,1.1105546084099542,3.6869403259172806,dual_text,0.5872944742381244,0.656749963760376,0.7164179104477612,0.9230769230769231,0.5853658536585366,COMPLETE
101,0.5995292939285383,2026-04-12 21:19:27.471414,2026-04-12 21:19:43.577191,0 days 00:00:16.105777,150,2,1,0.6996490049840692,2.4142982095162604,0.74227217812571,0.009947107794576596,1.650636938205675,2,9,900,1.1785471406634302,450,3,2,1.5148574641756218,0.00034159795399559597,6.340344972705341,0.7352881049850697,0.9278402226571375,1.1785471406634302,4.544572392526866,dual_text,0.5903704036785482,0.710050642490387,0.7272727272727273,0.96,0.5853658536585366,COMPLETE
102,0.6345552598044366,2026-04-12 21:19:43.577508,2026-04-12 21:20:02.324191,0 days 00:00:18.746683,150,1,2,0.9956341405961608,2.5936834707800105,0.8058964499869399,0.009461888319569598,1.514227103418286,2,8,1000,1.4853613892205846,500,3,2,1.5643228430941285,0.0019477493043602609,4.352488216975172,0.7921152349505758,1.0073705624836748,1.4853613892205846,4.6929685292823855,dual_text,0.6390214806607051,0.7533608675003052,0.7384615384615385,1.0,0.5853658536585366,COMPLETE
103,0.5993483468941797,2026-04-12 21:20:02.324581,2026-04-12 21:20:20.092528,0 days 00:00:17.767947,150,1,2,0.9692871147065645,2.6157509479290164,0.8892510260209047,0.008123846780278398,1.7899778709409535,2,10,1000,1.4694881981451113,500,3,2,1.5706056333359186,0.001808575580043305,2.836630400502802,0.790852530364701,1.1115637825261309,1.4694881981451113,4.711816900007756,dual_text,0.5843388358665978,0.7315487265586853,0.7272727272727273,0.96,0.5853658536585366,COMPLETE
104,0.5654769902972187,2026-04-12 21:20:20.092864,2026-04-12 21:20:37.085715,0 days 00:00:16.992851,150,1,2,0.9018396539161302,2.1603934430808005,0.6264039875600537,0.011190066576703791,1.4943210012153398,2,9,1000,0.967379889470289,500,3,2,1.4144902788191591,0.0037783661298882755,4.398221115117696,0.7128641191235106,0.783004984450067,0.967379889470289,4.243470836457478,dual_text,0.5407752984645089,0.6589243412017822,0.7164179104477612,0.9230769230769231,0.5853658536585366,COMPLETE
105,0.6009684396969651,2026-04-12 21:20:37.086009,2026-04-12 21:20:52.826190,0 days 00:00:15.740181,150,1,2,0.6763368157342552,2.8985218686051875,0.8421339013027572,0.025284121503696105,0.8543213293162482,4,8,1100,1.4830331024208163,550,3,2,1.469890452821345,0.002161040978354696,3.5076963649997097,0.7814780064484373,1.0526673766284464,1.4830331024208163,4.409671358464035,dual_text,0.6383419292927776,0.7843248844146729,0.7272727272727273,0.96,0.5853658536585366,COMPLETE
106,0.6009211322805906,2026-04-12 21:20:52.826570,2026-04-12 21:21:09.402130,0 days 00:00:16.575560,150,1,2,0.6260724314039015,2.5417611128549873,0.7848297577243402,0.009101980532386022,0.766079726878342,2,9,1200,1.0703181163493383,450,3,2,1.3430698787907094,9.511006144575779e-05,1.6389288077449937,0.8086050557773802,0.9810371971554253,1.0703181163493383,4.029209636372128,dual_text,0.6367650154136283,0.7904581427574158,0.7272727272727273,0.96,0.5853658536585366,COMPLETE
107,0.6009951463308486,2026-04-12 21:21:09.402460,2026-04-12 21:21:24.643999,0 days 00:00:15.241539,150,1,2,0.7137624515907918,1.9750096052263757,0.8084465570722799,0.04126323429096234,1.5373427559285555,2,10,1000,1.2207248217986144,400,3,2,1.6542137667822638,0.004840349253544041,2.101290314322684,0.8463492994298614,1.0105581963403498,1.2207248217986144,4.9626413003467915,dual_text,0.639232150422226,0.7489551901817322,0.7272727272727273,0.96,0.5853658536585366,COMPLETE
108,0.6347231373990296,2026-04-12 21:21:24.644313,2026-04-12 21:21:40.862033,0 days 00:00:16.217720,150,1,2,0.6479421077911361,3.146413429387136,0.5111363951638365,0.029159545045812505,1.619052736023993,2,8,1100,1.4475814005921028,400,3,2,1.687031734885921,0.00012014329156263554,3.9463025607713287,0.7561845561573813,0.6389204939547956,1.4475814005921028,5.061095204657763,dual_text,0.6446174004804726,0.7223317623138428,0.7384615384615385,1.0,0.5853658536585366,COMPLETE
109,0.5993800921912324,2026-04-12 21:21:40.862422,2026-04-12 21:21:56.251338,0 days 00:00:15.388916,150,1,2,0.6129512098735836,3.0152834923702185,0.5309174952874931,0.03013331536643336,1.6939861169674915,2,9,1100,1.431386499610554,400,3,2,1.6936966697463236,0.0001245355513625955,1.9089653014662118,0.7526486125142122,0.6636468691093664,1.431386499610554,5.081090009238971,dual_text,0.5853970124350238,0.6965611577033997,0.7272727272727273,0.96,0.5853658536585366,COMPLETE
110,0.6343462266509403,2026-04-12 21:21:56.251570,2026-04-12 21:22:12.065940,0 days 00:00:15.814370,150,1,2,0.6495533317191091,3.0947650510259175,0.5138395286755257,0.035547568330273165,0.9998016110352438,2,4,1100,1.4507951883677392,400,3,2,1.7367087678084998,2.496748294851343e-05,5.579008642425957,0.7419126927342568,0.6422994108444071,1.4507951883677392,5.2101263034255,dual_text,0.6320537088774971,0.7231208682060242,0.7384615384615385,1.0,0.5853658536585366,COMPLETE
111,0.5994594011238512,2026-04-12 21:22:12.066334,2026-04-12 21:22:27.841551,0 days 00:00:15.775217,50,1,2,0.6637558519519734,2.3986293339414058,0.5017312539112777,0.02859521509069518,1.6482136671892758,2,8,1000,1.497769899617975,450,3,2,1.636944549450914,0.0007291089290949258,4.235271142409596,0.7256643773674712,0.6271640673890971,1.497769899617975,4.910833648352742,dual_text,0.5880406435223153,0.621332049369812,0.7272727272727273,0.96,0.5853658536585366,COMPLETE
112,0.5670753867603473,2026-04-12 21:22:27.842159,2026-04-12 21:22:49.058201,0 days 00:00:21.216042,150,1,2,0.6861512455343554,2.7666447570366755,0.5731728334160645,0.037912245722693236,1.6180003891851409,2,9,1200,1.4775790284891972,400,3,2,1.6718707598427083,0.00042778201383489875,3.514120622634692,0.7717565986319437,0.7164660417700807,1.4775790284891972,5.015612279528125,dual_text,0.5940551805687969,0.6148983240127563,0.7164179104477612,0.9230769230769231,0.5853658536585366,COMPLETE
113,0.6345245088709706,2026-04-12 21:22:49.058503,2026-04-12 21:23:04.771906,0 days 00:00:15.713403,150,1,2,0.6400621702500198,3.242138068313926,0.5526947066605783,0.026375895088503767,1.409135633237966,2,8,1100,1.2469492592160365,450,3,2,1.862743668998756,0.0996017033075789,4.821409572145036,0.7992446001530674,0.6908683833257229,1.2469492592160365,5.588231006996268,dual_text,0.6379964495451704,0.7583746314048767,0.7384615384615385,1.0,0.5853658536585366,COMPLETE
114,0.6009367334555625,2026-04-12 21:23:04.772142,2026-04-12 21:23:20.454919,0 days 00:00:15.682777,150,1,2,0.6621080626925491,2.248530440551781,0.7785928430049743,0.03185338847793455,1.7430368337592623,2,8,1200,1.4613442405751425,400,3,2,1.5419384264876017,0.0005191602468159129,2.7469478144469632,0.7559730540555336,0.9732410537562179,1.4613442405751425,4.625815279462805,dual_text,0.637285054579357,0.7729600071907043,0.7272727272727273,0.96,0.5853658536585366,COMPLETE
115,0.5657728622097417,2026-04-12 21:23:20.455211,2026-04-12 21:23:35.660009,0 days 00:00:15.204798,150,1,2,0.693529611894477,2.0835380995035657,1.1162285338747604,0.01069372485161394,1.5732898876300327,2,9,600,1.4808702217842176,350,3,2,1.7859412790785594,0.0001794557633896506,1.3708264838244688,0.7657596168367646,1.3952856673434506,1.4808702217842176,5.357823837235678,dual_text,0.550637695548611,0.6661085486412048,0.7164179104477612,0.9230769230769231,0.5853658536585366,COMPLETE
116,0.5996815813974984,2026-04-12 21:23:35.660320,2026-04-12 21:23:51.690336,0 days 00:00:16.030016,100,1,2,0.6290560462703662,2.672930559349343,0.6083067748534784,0.014174027573098021,1.8046983085648824,2,9,900,1.498900737404122,450,3,2,1.7561082170189388,0.00029357101057756076,0.04716767053497648,0.7874192162578943,0.760383468566848,1.498900737404122,5.268324651056816,dual_text,0.5954466526438873,0.6946888566017151,0.7272727272727273,0.96,0.5853658536585366,COMPLETE
117,0.6341664527229708,2026-04-12 21:23:51.690728,2026-04-12 21:24:08.552068,0 days 00:00:16.861340,150,1,2,0.601724539354598,2.4943261223314677,0.6854755040234043,0.006623390461330453,0.6261638367004969,2,8,1000,1.4431975770511678,400,3,2,1.9791408361532654,0.24401043188136454,1.0501014767978776,0.7387775273033986,0.8568443800292553,1.4431975770511678,5.937422508459797,dual_text,0.6260612446118462,0.727652907371521,0.7384615384615385,1.0,0.5853658536585366,COMPLETE
118,0.5996993154125586,2026-04-12 21:24:08.552295,2026-04-12 21:24:24.738420,0 days 00:00:16.186125,150,1,2,0.6803294820380376,1.7468412940258882,0.8383148264317248,0.022781531575154997,1.923617620175746,2,10,1100,1.403427694615077,400,3,2,1.8131821553011573,5.155696331908702e-05,6.346376700996468,0.8212823563409002,1.0478935330396562,1.403427694615077,5.439546465903472,dual_text,0.5960377864792268,0.7379958629608154,0.7272727272727273,0.96,0.5853658536585366,COMPLETE
119,0.5674349777216352,2026-04-12 21:24:24.738730,2026-04-12 21:24:39.943161,0 days 00:00:15.204431,100,1,2,0.9952224436729663,3.6301827045864004,0.5321011585038586,0.044466537873205585,0.5491641034298043,2,9,1200,1.465661918792631,500,3,2,1.2982831119362237,0.00691597091295123,1.5640959686159623,0.7481094114318148,0.6651264481298234,1.465661918792631,3.8948493358086713,dual_text,0.6060415459450617,0.7385967373847961,0.7164179104477612,0.9230769230769231,0.5853658536585366,COMPLETE
120,0.6009691989988084,2026-04-12 21:24:39.943590,2026-04-12 21:24:56.838933,0 days 00:00:16.895343,150,1,2,0.6573838450924058,2.1446783561473093,0.6581625367046775,0.012783013025646427,0.909219020255137,2,9,1300,1.4143814505412604,400,3,2,1.6272529435151857,0.002646067330415918,3.8007613283239357,0.7784779067909696,0.8227031708808469,1.4143814505412604,4.881758830545557,dual_text,0.6383672393542209,0.7168133854866028,0.7272727272727273,0.96,0.5853658536585366,COMPLETE
121,0.5668473220215473,2026-04-12 21:24:56.839250,2026-04-12 21:25:10.250239,0 days 00:00:13.410989,200,3,1,0.8410990423662472,2.381739144868614,0.7591210883946103,0.00938929021991208,0.7924008125415407,2,7,900,1.2890771589225622,450,3,1,1.5958006152232618,0.0014910177254727854,7.681526974976371,0.758056872499496,0.9489013604932629,1.2890771589225622,4.787401845669786,dual_text,0.5864530226087991,0.7208647131919861,0.7164179104477612,0.9230769230769231,0.5853658536585366,COMPLETE
122,0.6346156068444804,2026-04-12 21:25:10.250554,2026-04-12 21:25:22.226479,0 days 00:00:11.975925,200,1,2,0.9249573099466122,2.8979605218770743,0.7426122176998721,0.02071176627098475,1.7038737780849005,2,7,800,1.4736481931433185,450,3,1,1.6887754053640291,0.0006401012060888037,5.675056509392819,0.7160051788874306,0.9282652721248401,1.4736481931433185,5.066326216092087,dual_text,0.6410330486621655,0.8180375099182129,0.7384615384615385,1.0,0.5853658536585366,COMPLETE
123,0.6009443845477415,2026-04-12 21:25:22.226710,2026-04-12 21:25:33.855135,0 days 00:00:11.628425,200,1,2,0.9213840444882357,2.8373753720506087,0.7128830529336425,0.021692234876796074,1.7621257452013468,2,8,800,1.488496435227308,450,3,1,1.699952710480133,0.0006407687012776858,5.348233043705801,0.7165557978221659,0.8911038161670531,1.488496435227308,5.099858131440399,dual_text,0.6375400909853214,0.7810769081115723,0.7272727272727273,0.96,0.5853658536585366,COMPLETE
124,0.6346519301344595,2026-04-12 21:25:33.855412,2026-04-12 21:25:48.415740,0 days 00:00:14.560328,200,1,2,0.8723179941640459,3.1824385505497506,0.566173744309524,0.019799234153948873,1.6268375955130385,2,7,700,1.3397603119764943,450,3,2,1.7226806410654798,0.00011693579440020002,3.08261767492773,0.7267450373089049,0.7077171803869051,1.3397603119764943,5.168041923196439,dual_text,0.6422438249948029,0.764656662940979,0.7384615384615385,1.0,0.5853658536585366,COMPLETE
125,0.600284358321588,2026-04-12 21:25:48.416084,2026-04-12 21:26:02.202095,0 days 00:00:13.786011,200,1,2,0.9422898946793468,3.430063958429031,0.5787745635451457,0.020111148913637637,1.8791489965942185,2,7,700,1.3355136603573967,450,3,2,1.7229343444721816,0.00027207048778696177,2.4846576199803025,0.7027181812446968,0.7234682044314321,1.3355136603573967,5.168803033416545,dual_text,0.6155392167802062,0.7379903793334961,0.7272727272727273,0.96,0.5853658536585366,COMPLETE
126,0.634446249131494,2026-04-12 21:26:02.202382,2026-04-12 21:26:12.658197,0 days 00:00:10.455815,200,1,2,0.8810643257397719,3.078522554519161,0.565084956320567,0.016391656987449512,1.6754706744359276,3,7,600,1.2608085562621894,450,3,1,1.679829581136945,0.00013363591126187954,3.1881059902576236,0.7298779068317429,0.7063561954007087,1.2608085562621894,5.0394887434108355,dual_text,0.6353877915626177,0.7399753928184509,0.7384615384615385,1.0,0.5853658536585366,COMPLETE
127,0.634732112224591,2026-04-12 21:26:12.658422,2026-04-12 21:26:30.683766,0 days 00:00:18.025344,200,1,2,0.7343357347245567,2.9229469037182074,0.5443331538102298,0.01940037464254944,1.715311934877708,2,6,1200,1.2018774590281582,400,3,2,1.7666664369329974,6.603296426776421e-05,2.2025979184439257,0.6862175129225171,0.6804164422627873,1.2018774590281582,5.2999993107989924,dual_text,0.6449165613325217,0.7973294854164124,0.7384615384615385,1.0,0.5853658536585366,COMPLETE
128,0.6346760815870501,2026-04-12 21:26:30.683987,2026-04-12 21:26:48.733707,0 days 00:00:18.049720,200,1,2,0.7385677265702727,3.279020902400884,0.5473340495803878,0.01851092746265619,1.8188427459908547,2,6,1200,1.2428917168456253,400,3,2,1.77110064239204,6.959614945961492e-05,1.8211962801651984,0.6762848570308758,0.6841675619754848,1.2428917168456253,5.31330192717612,dual_text,0.6430488734144907,0.7963517308235168,0.7384615384615385,1.0,0.5853658536585366,COMPLETE
129,0.6344955818173935,2026-04-12 21:26:48.734228,2026-04-12 21:27:04.761676,0 days 00:00:16.027448,200,1,2,0.7089322695259851,3.2255122484825307,0.5494566200173283,0.024258156931077874,0.6903732022706046,2,6,400,1.2427509105053505,400,3,2,1.7683736783151605,7.195413375883908e-05,2.1563810348726076,0.659402078572094,0.6868207750216604,1.2427509105053505,5.305121034945481,dual_text,0.637032214425936,0.7784394025802612,0.7384615384615385,1.0,0.5853658536585366,COMPLETE
130,0.6344448149832628,2026-04-12 21:27:04.762137,2026-04-12 21:27:25.090803,0 days 00:00:20.328666,200,1,2,0.7361391237292124,5.1983933550705155,0.5897607472179754,0.02246749703355447,0.7366711511989062,2,6,1300,1.2301070053467418,400,3,2,1.7386975111096976,0.00011813426702628396,1.8016932645809847,0.680815441140593,0.7372009340224693,1.2301070053467418,5.216092533329093,dual_text,0.6353399866215772,0.8203863501548767,0.7384615384615385,1.0,0.5853658536585366,COMPLETE
131,0.6346310581046062,2026-04-12 21:27:25.091129,2026-04-12 21:27:45.116444,0 days 00:00:20.025315,200,1,2,0.7429886513996863,3.8598466779933123,0.5142323328662973,0.01859482338283634,1.801649896896035,2,5,1200,1.2040964201443216,400,3,2,1.795262861869027,0.00017349344034054754,1.4583180867335275,0.6723343435023905,0.6427904160828717,1.2040964201443216,5.385788585607081,dual_text,0.6415480906663588,0.7720921039581299,0.7384615384615385,1.0,0.5853658536585366,COMPLETE
