number,value,datetime_start,datetime_complete,duration,params_aux_max_features,params_aux_min_df,params_aux_ngram_high,params_colsample_bytree,params_gamma,params_gen_pos_weight_mult,params_learning_rate,params_max_delta_step,params_max_depth,params_min_child_weight,params_n_estimators,params_neg_weight_mult,params_readme_max_features,params_readme_min_df,params_readme_ngram_high,params_real_pos_weight_mult,params_reg_alpha,params_reg_lambda,params_subsample,user_attrs_actual_w_generated_pos,user_attrs_actual_w_neg,user_attrs_actual_w_real_pos,user_attrs_text_mode,user_attrs_val_ap,user_attrs_val_best_threshold,user_attrs_val_f1,user_attrs_val_precision,user_attrs_val_recall,state
132,0.6345800218191638,2026-04-12 21:27:45.116775,2026-04-12 21:28:06.902495,0 days 00:00:21.785720,200,1,2,0.7235222660399987,3.4883836034335785,0.5182037948791357,0.01795544603838498,1.822067212475441,2,5,1200,1.2038001018944289,400,3,2,1.8035173744348003,5.4245477319757206e-05,2.3067753720012982,0.6704043525187462,0.6477547435989196,1.2038001018944289,5.4105521233044005,dual_text,0.6398468811516153,0.8204195499420166,0.7384615384615385,1.0,0.5853658536585366,COMPLETE
133,0.6003687377668742,2026-04-12 21:28:06.902847,2026-04-12 21:28:26.257938,0 days 00:00:19.355091,200,1,2,0.749365464480929,4.194393694891455,0.541069270284865,0.01781954695623236,1.7863729250796783,2,5,1200,1.277454120004214,350,3,2,1.8387888891181026,3.8952485023327364e-05,1.5640570271459462,0.6522386829027157,0.6763365878560812,1.277454120004214,5.5163666673543075,dual_text,0.6183518649564126,0.7409622073173523,0.7272727272727273,0.96,0.5853658536585366,COMPLETE
134,0.634722003305581,2026-04-12 21:28:26.258455,2026-04-12 21:28:44.262283,0 days 00:00:18.003828,200,1,2,0.737080052894522,4.654698390809014,0.5054246478355063,0.019215812841912986,1.853544601644267,2,6,1200,1.1859820240829582,400,3,2,1.7551251550679094,0.00022201306359427358,1.3494116032158177,0.6884844795925252,0.6317808097943829,1.1859820240829582,5.265375465203729,dual_text,0.644579597365519,0.8185256719589233,0.7384615384615385,1.0,0.5853658536585366,COMPLETE
135,0.6346802616556657,2026-04-12 21:28:44.262673,2026-04-12 21:29:02.563490,0 days 00:00:18.300817,200,1,2,0.7479391025057064,4.725521468405253,0.5198054509060454,0.018854683254092758,1.8555922464130847,2,6,1200,1.1911993842033823,400,3,2,1.7760783764793842,0.00017547001505851108,1.354136596795079,0.6820766694188375,0.6497568136325567,1.1911993842033823,5.328235129438152,dual_text,0.643188209035009,0.8056362271308899,0.7384615384615385,1.0,0.5853658536585366,COMPLETE
136,0.6346533364645898,2026-04-12 21:29:02.563881,2026-04-12 21:29:20.245519,0 days 00:00:17.681638,200,1,2,0.7477492648218246,4.917162164058235,0.5075589292385878,0.01852039673180799,1.8568550789865648,2,6,1200,1.186508279756848,400,3,2,1.7846240710032653,0.0001884016767798426,1.2475402043447408,0.6676924016941929,0.6344486615482348,1.186508279756848,5.3538722130097955,dual_text,0.6422907026658125,0.7859699130058289,0.7384615384615385,1.0,0.5853658536585366,COMPLETE
137,0.6344275552665913,2026-04-12 21:29:20.246112,2026-04-12 21:29:38.684327,0 days 00:00:18.438215,200,1,2,0.7630553867959537,4.722760456482481,0.5103371721386266,0.01719282581844541,1.9898079137430178,6,6,1200,1.1814152780031362,400,3,2,1.7827470406660302,0.0001897087919082329,1.238492692633305,0.6871837889916592,0.6379214651732833,1.1814152780031362,5.3482411219980905,dual_text,0.6347646627325314,0.7662871479988098,0.7384615384615385,1.0,0.5853658536585366,COMPLETE
138,0.6346522222530276,2026-04-12 21:29:38.684685,2026-04-12 21:29:56.525763,0 days 00:00:17.841078,200,1,2,0.7478993986315018,4.935571477318603,0.5019016382880452,0.019918727216631023,1.919858172864371,2,6,1300,1.1662971941824076,400,3,2,1.759028021365549,9.054763389161196e-05,0.7850110427509406,0.6672973541104398,0.6273770478600565,1.1662971941824076,5.2770840640966465,dual_text,0.6422535622804074,0.8068057894706726,0.7384615384615385,1.0,0.5853658536585366,COMPLETE
139,0.6346992274428518,2026-04-12 21:29:56.526259,2026-04-12 21:30:14.706778,0 days 00:00:18.180519,200,1,2,0.7716841761661385,5.085086288112214,0.501477132665307,0.01937674480874836,1.9298505511462893,2,6,1300,1.168799843716641,400,3,2,1.7664759663801601,8.95389138072245e-05,0.7656950408738695,0.6869761423997174,0.6268464158316338,1.168799843716641,5.299427899140481,dual_text,0.6438204019412114,0.7806041836738586,0.7384615384615385,1.0,0.5853658536585366,COMPLETE
140,0.6345752179872608,2026-04-12 21:30:14.707198,2026-04-12 21:30:32.843689,0 days 00:00:18.136491,200,1,2,0.7804519719864544,5.1350383115931395,0.529882994042633,0.019632267027497582,1.88683600365817,2,6,1400,1.157588108532311,400,3,2,1.748031159542592,9.85227086393607e-05,0.76109939354065,0.6621879854917444,0.6623537425532912,1.157588108532311,5.244093478627776,dual_text,0.6396867534215122,0.7805348634719849,0.7384615384615385,1.0,0.5853658536585366,COMPLETE
141,0.6347298105993734,2026-04-12 21:30:32.843915,2026-04-12 21:30:50.914572,0 days 00:00:18.070657,200,1,2,0.7554848435250947,4.8378772068704965,0.5010410597753011,0.018843496025369406,1.9361326844470732,2,6,1300,1.1671948988870862,400,3,2,1.773064195670981,8.506560451345229e-05,0.5849332732769406,0.6836641467482256,0.6263013247191264,1.1671948988870862,5.319192587012942,dual_text,0.6448398404919325,0.8060633540153503,0.7384615384615385,1.0,0.5853658536585366,COMPLETE
142,0.6346759184204733,2026-04-12 21:30:50.914912,2026-04-12 21:31:08.888715,0 days 00:00:17.973803,200,1,2,0.7693545883271345,4.86542850876551,0.5068262788236976,0.019170227730200152,1.939438100186419,2,6,1300,1.1888492860648536,400,3,2,1.765968866126799,6.083761142865946e-05,0.9115606331320907,0.6830960193419892,0.633532848529622,1.1888492860648536,5.297906598380397,dual_text,0.6430434345285985,0.7907856702804565,0.7384615384615385,1.0,0.5853658536585366,COMPLETE
143,0.6346153121631927,2026-04-12 21:31:08.889060,2026-04-12 21:31:26.971750,0 days 00:00:18.082690,200,1,2,0.7690087359252522,4.913117071060455,0.500025602879101,0.01575121167239727,1.9488421411918808,2,6,1300,1.1683721340228876,400,3,2,1.769596960245334,6.796309162645775e-05,0.8982812200189288,0.6828906847796818,0.6250320035988763,1.1683721340228876,5.3087908807360025,dual_text,0.6410232259525765,0.7600882053375244,0.7384615384615385,1.0,0.5853658536585366,COMPLETE
144,0.634720137813331,2026-04-12 21:31:26.972077,2026-04-12 21:31:44.449768,0 days 00:00:17.477691,200,1,2,0.7529319850015035,5.576254577415852,0.5003982773745456,0.019019654507296566,1.9269522467518196,2,6,1300,1.1709729883796978,400,3,2,1.8258397597650913,7.432128383638542e-05,0.5922864141247053,0.6937285644683944,0.625497846718182,1.1709729883796978,5.477519279295274,dual_text,0.6445174142905199,0.7863826751708984,0.7384615384615385,1.0,0.5853658536585366,COMPLETE
145,0.6346514444763655,2026-04-12 21:31:44.450129,2026-04-12 21:32:00.414704,0 days 00:00:15.964575,200,1,2,0.7524554081480863,4.502435691161324,0.5030115954727463,0.01902537773068557,1.9178068776631743,2,6,1300,1.1514433522552086,400,3,2,1.8138489578122772,6.075726873638593e-05,0.6048549716883266,0.6663331365325491,0.628764494340933,1.1514433522552086,5.441546873436831,dual_text,0.6422276363916674,0.8143560290336609,0.7384615384615385,1.0,0.5853658536585366,COMPLETE
146,0.6347799173987262,2026-04-12 21:32:00.414984,2026-04-12 21:32:16.063503,0 days 00:00:15.648519,200,1,2,0.8037958136583058,5.4832344701209745,0.5225624169712401,0.020813882151373097,1.996868607002076,2,6,1300,1.1879108224038708,350,3,2,1.8417207088873992,3.482670865259022e-05,0.45227360299773606,0.6945894099135822,0.65320302121405,1.1879108224038708,5.525162126662198,dual_text,0.6465100671370265,0.840569019317627,0.7384615384615385,1.0,0.5853658536585366,COMPLETE
147,0.6346888462538349,2026-04-12 21:32:16.063777,2026-04-12 21:32:30.145236,0 days 00:00:14.081459,200,1,2,0.8013020140598026,5.5180156205681214,0.5236822390545056,0.01729523695080891,1.972322060064308,2,6,1400,1.1908343913256942,350,3,2,1.832793554733048,3.659111354816062e-05,0.39664499344778775,0.6908273294949372,0.654602798818132,1.1908343913256942,5.498380664199145,dual_text,0.6434743623073154,0.771416962146759,0.7384615384615385,1.0,0.5853658536585366,COMPLETE
148,0.5998025923868284,2026-04-12 21:32:30.145735,2026-04-12 21:32:42.729996,0 days 00:00:12.584261,200,1,2,0.8147860514183531,5.751984720817397,0.5250436444801256,0.02106085789527057,1.964392466577488,5,6,1400,1.1713874782972857,300,3,2,1.8598008555093457,2.5592829738934253e-05,0.4514627278075693,0.6906606338044401,0.656304555600157,1.1713874782972857,5.579402566528037,dual_text,0.5994803522882217,0.7218184471130371,0.7272727272727273,0.96,0.5853658536585366,COMPLETE
149,0.6347232958425343,2026-04-12 21:32:42.730236,2026-04-12 21:32:55.909473,0 days 00:00:13.179237,200,1,2,0.7985417365069594,5.465771605585876,0.5349845727632705,0.017081542768799213,1.996587850199494,2,6,1400,1.1948071065402437,350,3,2,1.8462385154760437,4.7120508717242765e-05,0.39266522851493774,0.6917839924718109,0.6687307159540881,1.1948071065402437,5.538715546428131,dual_text,0.6446226819306285,0.8005452752113342,0.7384615384615385,1.0,0.5853658536585366,COMPLETE
