number,value,datetime_start,datetime_complete,duration,params_aux_max_features,params_aux_min_df,params_aux_ngram_high,params_colsample_bytree,params_gamma,params_gen_pos_weight_mult,params_learning_rate,params_max_delta_step,params_max_depth,params_min_child_weight,params_n_estimators,params_neg_weight_mult,params_readme_max_features,params_readme_min_df,params_readme_ngram_high,params_real_pos_weight_mult,params_reg_alpha,params_reg_lambda,params_subsample,user_attrs_actual_w_generated_pos,user_attrs_actual_w_neg,user_attrs_actual_w_real_pos,user_attrs_text_mode,user_attrs_val_ap,user_attrs_val_best_threshold,user_attrs_val_f1,user_attrs_val_precision,user_attrs_val_recall,state
130,0.4161019546982153,2026-04-12 22:32:26.283854,2026-04-12 22:32:41.395965,0 days 00:00:15.112111,150,2,2,0.6632018827294842,1.8369736947500215,0.762895376136618,0.012820007457716913,1.5740584982023174,4,5,1100,1.282667322484491,550,2,1,1.527067837551807,0.004248805390327579,0.17004746963374728,0.8064482956938164,0.9536192201707725,1.282667322484491,4.581203512655421,dual_text,0.5367318232738509,0.1465776115655899,0.6666666666666666,0.7222222222222222,0.6190476190476191,COMPLETE
131,0.5702027308950971,2026-04-12 22:32:41.396326,2026-04-12 22:32:56.343546,0 days 00:00:14.947220,150,2,2,0.6798381554109956,1.6042497798072166,0.8029860218838768,0.015890747124207755,1.7078331244524805,4,6,1000,1.2360075584749812,500,2,1,1.4717863482701772,2.1131920209634933,0.1930963108682444,0.8182062143224635,1.003732527354846,1.2360075584749812,4.415359044810532,dual_text,0.5452192349647763,0.21328702569007874,0.717948717948718,0.7777777777777778,0.6666666666666666,COMPLETE
132,0.5700562183973497,2026-04-12 22:32:56.343782,2026-04-12 22:33:11.235535,0 days 00:00:14.891753,150,2,2,0.6914159880087585,1.61152112899661,0.7797072344920476,0.01631945285494568,1.7158269472469572,4,6,1000,1.226652983143215,500,2,1,1.4742568574195505,2.9787922952836867,0.24136546951502144,0.8202196694657398,0.9746340431150595,1.226652983143215,4.422770572258651,dual_text,0.5403354850398624,0.23372146487236023,0.717948717948718,0.7777777777777778,0.6666666666666666,COMPLETE
133,0.27161083167518374,2026-04-12 22:33:11.236187,2026-04-12 22:33:27.562654,0 days 00:00:16.326467,150,2,2,0.6787962719143087,1.8164830226651567,0.8587837093398358,0.015716714483287875,0.697894862795318,4,7,1000,1.2742711321184637,500,2,1,1.451344012589314,2.175403287837661,0.19296352159189678,0.7913238113929328,1.0734796366747947,1.2742711321184637,4.354032037767942,dual_text,0.48226581774422145,0.1765032708644867,0.6190476190476191,0.6190476190476191,0.6190476190476191,COMPLETE
134,0.5700442354475277,2026-04-12 22:33:27.563040,2026-04-12 22:33:42.714144,0 days 00:00:15.151104,150,2,2,0.7056603428006425,1.452679084744626,0.812827008562352,0.014606934680947252,1.604354541599073,4,6,1000,1.240058026477123,500,2,1,1.4895169409414475,1.2987553606596371,0.11071361159030547,0.8306727409495409,1.01603376070294,1.240058026477123,4.4685508228243425,dual_text,0.539936053379129,0.18062180280685425,0.717948717948718,0.7777777777777778,0.6666666666666666,COMPLETE
135,0.5704575269248434,2026-04-12 22:33:42.714442,2026-04-12 22:33:57.828574,0 days 00:00:15.114132,150,2,2,0.672307512421076,1.7237142010259876,0.796166285761381,0.013831486240731987,1.6423308858607968,4,5,900,1.3661893430123313,500,2,1,1.5932555755859938,1.7994416840155196,0.12487422796961811,0.7722072138708164,0.9952078572017263,1.3661893430123313,4.779766726757981,dual_text,0.5537124359563205,0.1543758362531662,0.717948717948718,0.7777777777777778,0.6666666666666666,COMPLETE
136,0.5163831277388716,2026-04-12 22:33:57.828865,2026-04-12 22:34:12.538186,0 days 00:00:14.709321,150,2,2,0.6574371494539442,1.1431704519396344,0.7524173983303358,0.01375486876392146,1.650278576392791,4,5,900,1.2955749785359028,500,2,1,1.6667819516895286,2.4023176126400987,0.07452180955890873,0.7758590516290966,0.9405217479129198,1.2955749785359028,5.000345855068586,dual_text,0.5461042579623965,0.16391049325466156,0.7,0.7368421052631579,0.6666666666666666,COMPLETE
137,0.5701624436105575,2026-04-12 22:34:12.538527,2026-04-12 22:34:27.619387,0 days 00:00:15.080860,150,2,2,0.6823403264658642,1.7368038326293012,0.792524509576407,0.01142532624908825,1.7553070824724877,4,5,1000,1.2613626254359536,500,2,1,1.587992981316183,0.98015910911028,0.12712556149392568,0.8033118647639513,0.9906556369705087,1.2613626254359536,4.763978943948549,dual_text,0.5438763254801223,0.19332455098628998,0.717948717948718,0.7777777777777778,0.6666666666666666,COMPLETE
138,0.3252168222887115,2026-04-12 22:34:27.619626,2026-04-12 22:34:43.179019,0 days 00:00:15.559393,150,2,2,0.6734948953515343,1.5090976410462924,0.8409957936285997,0.012887650890649732,1.2402416487503913,4,4,900,1.3148963887864378,500,2,1,1.5325572238411576,0.6022091126834906,0.1748509376290477,0.7684993944830982,1.0512447420357496,1.3148963887864378,4.5976716715234724,dual_text,0.53753043992675,0.10912127792835236,0.6363636363636364,0.6086956521739131,0.6666666666666666,COMPLETE
139,0.31073878838932667,2026-04-12 22:34:43.179327,2026-04-12 22:34:57.933546,0 days 00:00:14.754219,150,2,2,0.6936276406729551,1.6476071032801314,0.776792255066454,0.018752647180897447,1.7113496711599996,4,5,800,1.3424516231711812,550,2,1,1.4187048035041787,1.8814314489004995,0.09594634362209792,0.7607807089541081,0.9709903188330675,1.3424516231711812,4.256114410512536,dual_text,0.5333982094687909,0.20958741009235382,0.631578947368421,0.7058823529411765,0.5714285714285714,COMPLETE
140,0.5704056072900567,2026-04-12 22:34:57.933771,2026-04-12 22:35:13.100778,0 days 00:00:15.167007,150,2,2,0.6676106198753177,1.896670731233935,0.6888639626150743,0.014660285313437585,1.8402683427521174,4,5,1100,1.2811099321560773,500,2,1,1.4644361918775717,0.039128550482655865,0.2831352668538613,0.8555359852838369,0.8610799532688429,1.2811099321560773,4.393308575632715,dual_text,0.5519817814634319,0.18257366120815277,0.717948717948718,0.7777777777777778,0.6666666666666666,COMPLETE
141,0.5701867830708248,2026-04-12 22:35:13.101015,2026-04-12 22:35:28.377295,0 days 00:00:15.276280,150,2,2,0.6658034235797371,1.9380974015552863,0.800528700741757,0.014159597718901549,1.8388838255162323,4,5,1100,1.2744381401901954,500,2,1,1.4709068771579539,0.04638300073850068,0.26031274414862565,0.8518351154451095,1.0006608759271962,1.2744381401901954,4.412720631473862,dual_text,0.5446876408223691,0.1628761738538742,0.717948717948718,0.7777777777777778,0.6666666666666666,COMPLETE
142,0.5698732079907725,2026-04-12 22:35:28.377528,2026-04-12 22:35:43.289480,0 days 00:00:14.911952,150,2,2,0.6719929227156004,1.8826655914793404,0.8324581029816852,0.017134491539851172,1.75785688606762,4,5,1100,1.2877906057258035,500,2,1,1.4428308942110402,0.018753628899639885,0.2900432993089268,0.8726538921749025,1.0405726287271064,1.2877906057258035,4.3284926826331205,dual_text,0.534235138153958,0.14923468232154846,0.717948717948718,0.7777777777777778,0.6666666666666666,COMPLETE
143,0.5700630533226776,2026-04-12 22:35:43.289776,2026-04-12 22:35:55.922737,0 days 00:00:12.632961,150,2,2,0.7032944022191709,2.098291238854819,0.6584425779280255,0.014996429116973058,1.6878029240335972,4,5,900,1.303302433666649,500,2,1,1.5118278119528288,0.010197223005395972,0.14802129120760535,0.8378558815755538,0.8230532224100319,1.303302433666649,4.535483435858486,dual_text,0.5405633158841272,0.16814826428890228,0.717948717948718,0.7777777777777778,0.6666666666666666,COMPLETE
144,0.5700677211100009,2026-04-12 22:35:55.922961,2026-04-12 22:36:10.223819,0 days 00:00:14.300858,150,2,2,0.6458192751513088,1.6862903814607122,0.7017803810781986,0.013483388899869516,1.6419511991683882,4,5,1100,1.2511396963353953,500,2,1,1.461575312515674,0.052863157720010635,0.22520200999331486,0.8240872411473811,0.8772254763477483,1.2511396963353953,4.384725937547023,dual_text,0.5407189087949067,0.1568354070186615,0.717948717948718,0.7777777777777778,0.6666666666666666,COMPLETE
145,-0.2571645312820847,2026-04-12 22:36:10.224194,2026-04-12 22:36:24.209497,0 days 00:00:13.985303,150,2,2,0.6864299385270728,1.5407792372264861,0.6792148665966714,0.012205530427120075,0.23421560940939679,4,6,800,1.3289982027903966,500,2,1,1.4866533603289604,1.2450935802818608,0.17048018663879275,0.811004150538495,0.8490185832458392,1.3289982027903966,4.459960080986882,dual_text,0.316737846152737,0.3183574378490448,0.4444444444444444,0.5333333333333333,0.38095238095238093,COMPLETE
146,0.5699489540507926,2026-04-12 22:36:24.209753,2026-04-12 22:36:40.783808,0 days 00:00:16.574055,150,2,2,0.6587824830438658,1.3015174710408117,0.6854532595709166,0.02091759508043337,1.5433162002060787,4,4,1000,1.3571217317018778,500,2,1,1.5253883603525533,0.03043129994242777,0.12229459128294828,0.8593925199686939,0.8568165744636458,1.3571217317018778,4.57616508105766,dual_text,0.5367600068212938,0.11983226984739304,0.717948717948718,0.7777777777777778,0.6666666666666666,COMPLETE
147,0.516029181992205,2026-04-12 22:36:40.784198,2026-04-12 22:36:55.747352,0 days 00:00:14.963154,150,2,2,0.7108159664332876,1.798519533178082,0.7216144720959532,0.016347862049596297,1.7263246680725717,4,6,1200,1.2372912987970344,500,2,1,1.3703860371367589,0.11101741720511,0.1928599163417765,0.7942270845707396,0.9020180901199415,1.2372912987970344,4.111158111410276,dual_text,0.5343060664068405,0.1962277740240097,0.7,0.7368421052631579,0.6666666666666666,COMPLETE
148,0.4162854696815147,2026-04-12 22:36:55.747608,2026-04-12 22:37:10.565393,0 days 00:00:14.817785,150,2,2,0.6692243003457257,2.032447120671701,0.8943349496627712,0.011473498923182246,1.8414820714286322,4,5,900,1.2698276411102385,550,2,1,1.60015010767652,0.02127646681177617,0.5503542780098934,0.7783245409028082,1.1179186870784639,1.2698276411102385,4.80045032302956,dual_text,0.5428489893838292,0.16581039130687714,0.6666666666666666,0.7222222222222222,0.6190476190476191,COMPLETE
149,0.3691478513495198,2026-04-12 22:37:10.565640,2026-04-12 22:37:26.264001,0 days 00:00:15.698361,150,2,2,0.7212543984165329,1.3935635671466593,0.8591468625204649,0.01790969933929704,1.7765639944611265,4,8,900,1.3178264427798538,500,2,1,1.399475045748315,0.07821206943089555,0.1470231311144338,0.8008729766888292,1.0739335781505812,1.3178264427798538,4.198425137244945,dual_text,0.5219826418832161,0.19581066071987152,0.6511627906976745,0.6363636363636364,0.6666666666666666,COMPLETE
