number,value,datetime_start,datetime_complete,duration,params_aux_max_features,params_aux_min_df,params_aux_ngram_high,params_colsample_bytree,params_gamma,params_gen_pos_weight_mult,params_learning_rate,params_max_delta_step,params_max_depth,params_min_child_weight,params_n_estimators,params_neg_weight_mult,params_readme_max_features,params_readme_min_df,params_readme_ngram_high,params_real_pos_weight_mult,params_reg_alpha,params_reg_lambda,params_subsample,user_attrs_actual_w_generated_pos,user_attrs_actual_w_neg,user_attrs_actual_w_real_pos,user_attrs_text_mode,user_attrs_val_ap,user_attrs_val_best_threshold,user_attrs_val_f1,user_attrs_val_precision,user_attrs_val_recall,state
0,0.5343019715333964,2026-04-12 20:55:21.164373,2026-04-12 20:55:35.067128,0 days 00:00:13.902755,100,2,2,0.648054491205936,5.290945686938986,0.786350826902629,0.10585200736031265,1.292821124806787,4,5,1100,1.2059414457537638,600,2,2,1.5937795510882515,1.7546504830630616,5.478126171243263,0.6897122953919896,0.9829385336282863,1.2059414457537638,4.781338653264754,dual_text,0.5551637569955662,0.5383915901184082,0.7058823529411765,0.8888888888888888,0.5853658536585366,COMPLETE
1,0.44276269287252246,2026-04-12 20:55:35.067408,2026-04-12 20:55:47.900354,0 days 00:00:12.832946,150,3,1,0.7548351835252995,4.830103203482714,1.1038720352258715,0.008291591327590367,0.7548308114328448,2,2,1000,0.9893088378265313,300,3,1,1.8648510977625317,0.22489674103208107,7.523976042844417,0.7210281575500586,1.3798400440323393,0.9893088378265313,5.5945532932875945,dual_text,0.4864559596005179,0.364774227142334,0.676056338028169,0.8,0.5853658536585366,COMPLETE
2,0.600053998066068,2026-04-12 20:55:47.900599,2026-04-12 20:56:02.787693,0 days 00:00:14.887094,50,3,2,0.5990380767711245,1.6293609222716918,0.9971614786807321,0.08238812966325584,1.7943037732487428,2,5,1400,1.318457950922515,450,2,2,2.033366212441756,6.950599794314651e-05,7.2021990745456534,0.8224532221498254,1.2464518483509153,1.318457950922515,6.100098637325269,dual_text,0.6078605415962043,0.6422235369682312,0.7272727272727273,0.96,0.5853658536585366,COMPLETE
3,0.4727212859636566,2026-04-12 20:56:02.787919,2026-04-12 20:56:09.945534,0 days 00:00:07.157615,100,2,1,0.8540227781515248,3.3854969520730336,0.5666992630928039,0.09055555841517407,1.1881552589055848,6,1,600,1.378786490910713,300,2,1,1.7680753729212468,1.6083461729549758e-05,0.07886845985018365,0.9487887860937909,0.7083740788660049,1.378786490910713,5.30422611876374,dual_text,0.5192809606933156,0.1823362112045288,0.6857142857142857,0.8275862068965517,0.5853658536585366,COMPLETE
4,0.6341896546845518,2026-04-12 20:56:09.945867,2026-04-12 20:56:24.587936,0 days 00:00:14.642069,200,3,1,0.7763904410463391,5.58851359143846,1.1067257252505223,0.007153062814057631,0.5984118316440483,6,1,600,0.9109530646097711,550,3,2,1.6936352725997195,0.15434879577410016,0.10203814724333116,0.8248001133060949,1.3834071565631527,0.9109530646097711,5.080905817799159,dual_text,0.626834643331211,0.7001994848251343,0.7384615384615385,1.0,0.5853658536585366,COMPLETE
5,0.5992032127812722,2026-04-12 20:56:24.588307,2026-04-12 20:56:38.593765,0 days 00:00:14.005458,200,3,1,0.6454875904742461,0.7924960750407883,0.9824778202609152,0.011701762235012955,1.354598961581652,5,5,400,1.0092972072307935,450,2,2,1.5447755932084346,0.0005181757722655368,0.11896530746363075,0.7616762347380205,1.228097275326144,1.0092972072307935,4.634326779625304,dual_text,0.5795010321030152,0.7172974944114685,0.7272727272727273,0.96,0.5853658536585366,COMPLETE
6,0.6345538191151261,2026-04-12 20:56:38.593990,2026-04-12 20:56:51.054279,0 days 00:00:12.460289,200,3,1,0.7810559921605349,2.434115264483548,0.7425670505351845,0.01137997719389029,1.6067879365696378,2,7,900,1.4050051454198436,450,4,1,1.6300190195495987,0.0009674606902734641,7.030556542510796,0.7731054880388327,0.9282088131689805,1.4050051454198436,4.890057058648797,dual_text,0.6389734576836898,0.7547469735145569,0.7384615384615385,1.0,0.5853658536585366,COMPLETE
7,0.6010335533374191,2026-04-12 20:56:51.054516,2026-04-12 20:57:07.978274,0 days 00:00:16.923758,150,3,1,0.7604088356177006,1.0401957672257696,0.8224934309942145,0.013603620215080908,1.1461848151919032,4,5,1300,1.4614901178248358,550,2,2,2.077799837211529,0.0007102259050667769,0.20042204301395491,0.9952826819065452,1.028116788742768,1.4614901178248358,6.2333995116345875,dual_text,0.6405123839745769,0.7509499192237854,0.7272727272727273,0.96,0.5853658536585366,COMPLETE
8,0.5669894134437968,2026-04-12 20:57:07.978535,2026-04-12 20:57:25.997507,0 days 00:00:18.018972,150,1,2,0.797239599672327,3.1651604650647656,0.7726733466452347,0.007531454808625805,1.4126103235791023,4,6,1000,1.1758076659275702,550,4,2,1.7795554975485555,2.301698473677678,0.031387071384513986,0.8204921065501494,0.9658416833065433,1.1758076659275702,5.338666492645666,dual_text,0.5911894033504486,0.6263874173164368,0.7164179104477612,0.9230769230769231,0.5853658536585366,COMPLETE
9,0.6345194659227738,2026-04-12 20:57:25.997916,2026-04-12 20:57:48.095167,0 days 00:00:22.097251,200,1,2,0.8958363910294749,1.7519691630014675,0.5041181464486308,0.010852418070778974,0.6044773396462484,5,1,1200,1.2354326681284993,450,3,2,1.9867613780566713,2.382704085179373,0.3011343769792885,0.677641915139819,0.6301476830607886,1.2354326681284993,5.9602841341700135,dual_text,0.6378283512719451,0.8439388871192932,0.7384615384615385,1.0,0.5853658536585366,COMPLETE
10,0.5667777608529623,2026-04-12 20:57:48.095400,2026-04-12 20:57:59.914828,0 days 00:00:11.819428,250,2,1,0.9886348031030301,4.0293338340140625,0.6412014147250039,0.029719312882335376,1.9799106567695393,3,10,800,1.4885550221059007,350,4,1,1.2482366979680286,0.011036776825048656,0.9631020192061812,0.9124172607948613,0.8015017684062549,1.4885550221059007,3.744710093904086,dual_text,0.5841343169892952,0.5835605263710022,0.7164179104477612,0.9230769230769231,0.5853658536585366,COMPLETE
11,0.5666137721130063,2026-04-12 20:57:59.915161,2026-04-12 20:58:14.213525,0 days 00:00:14.298364,250,1,2,0.942812658499343,2.0874048388350657,0.5023003827570661,0.023241569444928382,0.5028252268552073,5,8,1200,1.2368790836204058,450,4,1,1.3808190979878558,0.008026155651611678,0.8936283189375105,0.6555152105109064,0.6278754784463326,1.2368790836204058,4.1424572939635675,dual_text,0.5786680256574318,0.6129611134529114,0.7164179104477612,0.9230769230769231,0.5853658536585366,COMPLETE
12,0.3867358740061755,2026-04-12 20:58:14.213752,2026-04-12 20:58:26.099211,0 days 00:00:11.885459,200,1,2,0.8879865354778269,2.1970153673321513,0.6572820821242775,0.021481030370888905,0.29585398011389497,3,3,800,1.344043774449134,400,3,1,1.9307231249849093,0.0006637546288503737,0.013350473572282423,0.7391529757759414,0.8216026026553469,1.344043774449134,5.792169374954728,dual_text,0.47110447600494265,0.24562706053256989,0.6575342465753424,0.75,0.5853658536585366,COMPLETE
13,0.2279344744403936,2026-04-12 20:58:26.099459,2026-04-12 20:58:37.729227,0 days 00:00:11.629768,200,2,2,0.8753727426232364,0.2789919867500139,0.6814948969274334,0.013733702567461533,0.032926958297787134,5,8,900,1.1180111424276065,650,3,1,1.5327994882756972,0.05237185710446167,1.646513988765993,0.7710015786995787,0.8518686211592917,1.1180111424276065,4.598398464827092,dual_text,0.40483335853943864,0.2049470841884613,0.6052631578947368,0.6571428571428571,0.5609756097560976,COMPLETE
14,0.5990601644030613,2026-04-12 20:58:37.729595,2026-04-12 20:58:54.433514,0 days 00:00:16.703919,250,1,1,0.8288064523829883,2.510716062237108,0.9211337538420539,0.005662659205548947,0.9037261773675157,3,8,1200,1.284074182418718,400,4,1,2.1804524776035468,0.0020209840262327347,0.5593142275121896,0.6588046374118649,1.1514171923025673,1.284074182418718,6.54135743281064,dual_text,0.5747327528293182,0.7571421265602112,0.7272727272727273,0.96,0.5853658536585366,COMPLETE
15,0.5035157221810785,2026-04-12 20:58:54.433881,2026-04-12 20:59:09.333269,0 days 00:00:14.899388,200,2,2,0.6982953988644602,1.4569870192754484,0.511701517041175,0.04072583951964577,1.7308090779029874,2,3,700,1.4251005386258642,250,3,2,1.9548049578607258,8.443105051562756e-05,2.5111046329266937,0.8879265011657343,0.6396268963014686,1.4251005386258642,5.864414873582177,dual_text,0.5519733480649426,0.24664025008678436,0.6956521739130435,0.8571428571428571,0.5853658536585366,COMPLETE
16,0.5341058406285558,2026-04-12 20:59:09.333844,2026-04-12 20:59:22.021223,0 days 00:00:12.687379,100,1,1,0.945859849918857,4.060516668595934,0.7213842378957067,0.010125573796389493,1.5544530455560268,5,10,1400,1.1259982656473402,500,4,1,1.4409211233968982,0.03146156330296433,0.3632536909309366,0.6998242176910972,0.9017302973696334,1.1259982656473402,4.322763370190694,dual_text,0.5486260601675443,0.6408388614654541,0.7058823529411765,0.8888888888888888,0.5853658536585366,COMPLETE
17,0.6344845128906244,2026-04-12 20:59:22.021444,2026-04-12 20:59:37.584595,0 days 00:00:15.563151,150,2,2,0.7098962949412491,2.5452983427254994,0.5823371213410189,0.017184505361401224,0.9681929415503997,4,7,1100,1.4204317980144177,400,3,2,1.6639884814991546,0.0023005590773061122,2.6099348821747523,0.782770390682567,0.7279214016762736,1.4204317980144177,4.991965444497463,dual_text,0.6366632502002963,0.7738177180290222,0.7384615384615385,1.0,0.5853658536585366,COMPLETE
18,0.6342100032711433,2026-04-12 20:59:37.584912,2026-04-12 20:59:52.537737,0 days 00:00:14.952825,250,3,2,0.9000544896177771,3.7160840943806344,0.8896012922654424,0.04169474168691912,0.33286009920777826,3,3,900,1.093035968328311,500,4,2,1.816603171001232,0.4347536847158326,0.03745022841937738,0.8669181975113829,1.112001615331803,1.093035968328311,5.4498095130036965,dual_text,0.6275129295509299,0.9059687256813049,0.7384615384615385,1.0,0.5853658536585366,COMPLETE
19,0.4701576970361927,2026-04-12 20:59:52.538102,2026-04-12 21:00:11.661369,0 days 00:00:19.123267,200,1,1,0.825652195036974,0.18896710418811535,1.1859381430326852,0.005438340918679999,0.7386326835531514,6,7,1100,1.2538047063821622,350,3,1,2.1190107876760185,0.00015486281966137165,0.2543938176628003,0.7049238371319747,1.4824226787908565,1.2538047063821622,6.357032363028056,dual_text,0.4338279964445206,0.3517361283302307,0.6857142857142857,0.8275862068965517,0.5853658536585366,COMPLETE
20,0.590280118253765,2026-04-12 21:00:11.661740,2026-04-12 21:00:22.494174,0 days 00:00:10.832434,50,2,1,0.5614700906629929,1.6359345202561826,0.5866801435894027,0.01701075664544393,1.5715928125324605,5,4,400,1.3539003011259376,500,4,1,1.9533834758871778,0.032748912968063315,0.011521922483838699,0.7897158500300081,0.7333501794867534,1.3539003011259376,5.860150427661534,dual_text,0.5455691591834737,0.2790546715259552,0.7246376811594203,0.8928571428571429,0.6097560975609756,COMPLETE
21,0.6343646903862309,2026-04-12 21:00:22.494394,2026-04-12 21:00:38.929895,0 days 00:00:16.435501,150,2,2,0.737230409600337,2.6670069739212687,0.5899780785302202,0.01793156647407266,0.9662418093476349,4,6,1200,1.3978650396455636,400,3,2,1.651567265267523,0.003042054026699224,3.0745949233155985,0.7906602237447102,0.7374725981627752,1.3978650396455636,4.954701795802569,dual_text,0.6326691667205144,0.7863438129425049,0.7384615384615385,1.0,0.5853658536585366,COMPLETE
22,0.5658808029803308,2026-04-12 21:00:38.930483,2026-04-12 21:00:55.969750,0 days 00:00:17.039267,150,2,2,0.6969451112035193,2.6959427425352382,0.7462000701339161,0.00986758920788701,1.0208105113868693,3,7,1000,1.4230549428086934,350,3,2,1.446831457845542,0.0018524391746592163,3.0969951139759724,0.8592853659939212,0.9327500876673951,1.4230549428086934,4.340494373536625,dual_text,0.5542357212349148,0.6384705305099487,0.7164179104477612,0.9230769230769231,0.5853658536585366,COMPLETE
23,0.6346229332565713,2026-04-12 21:00:55.969992,2026-04-12 21:01:11.842367,0 days 00:00:15.872375,150,1,2,0.7081659997854476,2.0137323845984767,0.5518476475629247,0.015936814307656533,0.8284215215619578,2,9,1100,1.4969366813067215,400,3,2,1.6546231648224035,0.007834753893137992,1.418824788060198,0.7415494284090453,0.6898095594536559,1.4969366813067215,4.96386949446721,dual_text,0.6412772623985296,0.702530562877655,0.7384615384615385,1.0,0.5853658536585366,COMPLETE
24,0.6347454370243728,2026-04-12 21:01:11.842724,2026-04-12 21:01:26.061896,0 days 00:00:14.219172,200,1,2,0.6492694805803716,2.005013999293726,0.5384301258453387,0.0341724423950496,0.7169045498957671,2,9,1200,1.4839712909352334,450,3,2,1.597460755146185,1.1752733231441982e-05,0.9651511383416493,0.738352487932287,0.6730376573066733,1.4839712909352334,4.792382265438555,dual_text,0.6453607213252478,0.7094418406486511,0.7384615384615385,1.0,0.5853658536585366,COMPLETE
25,0.5997098352265258,2026-04-12 21:01:26.062136,2026-04-12 21:01:40.660727,0 days 00:00:14.598591,100,1,2,0.6428650710521597,1.0056892454814186,0.6916725073579317,0.035445684402884,0.7755708062943432,2,9,800,1.4953810960728713,500,3,2,1.3135562906311646,1.235752300824047e-05,1.312201827204579,0.7387908573697589,0.8645906341974147,1.4953810960728713,3.940668871893494,dual_text,0.5963884469447993,0.6415678858757019,0.7272727272727273,0.96,0.5853658536585366,COMPLETE
26,0.600606975843964,2026-04-12 21:01:40.660954,2026-04-12 21:01:56.645537,0 days 00:00:15.984583,200,1,2,0.6084713802370285,2.0620132412531667,0.6300406370913769,0.058101826617471625,0.28398274094286985,2,9,1300,1.4616577846355343,450,4,2,1.5878652021720212,3.0261279644366905e-05,0.6218844558304548,0.743222124349243,0.7875507963642212,1.4616577846355343,4.763595606516064,dual_text,0.6262931341927421,0.6766940355300903,0.7272727272727273,0.96,0.5853658536585366,COMPLETE
27,0.6346368794472458,2026-04-12 21:01:56.645970,2026-04-12 21:02:11.464910,0 days 00:00:14.818940,150,1,2,0.6719691319593244,2.955203377067292,0.5461078596399814,0.0307003149790249,0.48470105747595427,2,9,1000,1.4530989070455507,400,3,2,1.4667233497947971,0.0003004823219202188,4.323727673181119,0.7212156429173892,0.6826348245499768,1.4530989070455507,4.400170049384391,dual_text,0.6417421354210109,0.7726503610610962,0.7384615384615385,1.0,0.5853658536585366,COMPLETE
28,0.5662771383553727,2026-04-12 21:02:11.465236,2026-04-12 21:02:24.696176,0 days 00:00:13.230940,150,1,2,0.672768409100243,3.17213253097236,0.5560853892840896,0.054351864050651906,0.08995147675596527,2,9,1300,1.498434198546445,300,3,2,1.4841175516240137,0.00024256169066873704,1.7451240262069456,0.7146291491592621,0.695106736605112,1.498434198546445,4.452352654872041,dual_text,0.5674469004029781,0.6945905685424805,0.7164179104477612,0.9230769230769231,0.5853658536585366,COMPLETE
29,0.5996321467606166,2026-04-12 21:02:24.696497,2026-04-12 21:02:38.223353,0 days 00:00:13.526856,100,1,2,0.6003884253573744,4.849624746427552,0.6108367187919139,0.027710252328173198,0.42131377161583056,3,10,1100,1.4517173385459947,350,2,2,1.341766831887936,3.568853834247122e-05,4.473200599305344,0.676512782317231,0.7635458984898924,1.4517173385459947,4.025300495663808,dual_text,0.5937988314144929,0.7568032145500183,0.7272727272727273,0.96,0.5853658536585366,COMPLETE
30,0.6003516682739619,2026-04-12 21:02:38.223595,2026-04-12 21:02:48.862742,0 days 00:00:10.639147,100,1,2,0.5566048981341065,3.660974618554903,0.5451485226649098,0.05643522722750623,0.16903987876212712,2,9,1000,1.3666393267296324,600,3,2,1.2025183788714129,0.01446888734424925,4.499844355626586,0.753649453732921,0.6814356533311372,1.3666393267296324,3.6075551366142387,dual_text,0.6177828818593386,0.7765735387802124,0.7272727272727273,0.96,0.5853658536585366,COMPLETE
31,0.6344301255507528,2026-04-12 21:02:48.862964,2026-04-12 21:03:01.284053,0 days 00:00:12.421089,150,1,2,0.7141686045719492,2.824121629350319,0.8242948082621511,0.03262588856727558,0.6104675714472696,2,8,900,1.4595283156805465,400,3,2,1.6116540935814425,0.0002788523345405338,4.868533810019791,0.8019641419526952,1.0303685103276887,1.4595283156805465,4.834962280744327,dual_text,0.6348503388712493,0.8315384387969971,0.7384615384615385,1.0,0.5853658536585366,COMPLETE
32,0.6346196357992231,2026-04-12 21:03:01.284280,2026-04-12 21:03:14.276860,0 days 00:00:12.992580,150,1,2,0.6613239551169866,2.2831712305782443,0.704960251700727,0.02296984650127864,0.7780447953262011,2,9,1100,1.308987782732228,400,3,2,1.7490393208132327,0.0046055738864999715,1.9429022431034138,0.7261668139536968,0.8812003146259086,1.308987782732228,5.247117962439698,dual_text,0.6411673471535908,0.7643520832061768,0.7384615384615385,1.0,0.5853658536585366,COMPLETE
33,0.600940305677171,2026-04-12 21:03:14.277258,2026-04-12 21:03:27.442585,0 days 00:00:13.165327,150,1,2,0.6703295979309349,2.1184202865703456,0.5411944685258682,0.020784738019075717,0.8064043082232669,2,10,1000,1.3277836782668824,400,3,2,1.7249513866096517,0.00360185186368274,1.0025449762706566,0.717783508393688,0.6764930856573352,1.3277836782668824,5.174854159828955,dual_text,0.6374041286329742,0.6837199330329895,0.7272727272727273,0.96,0.5853658536585366,COMPLETE
34,0.6011491460694671,2026-04-12 21:03:27.442808,2026-04-12 21:03:40.433278,0 days 00:00:12.990470,150,1,2,0.6348415903025483,1.4829988276397446,0.6876876740547184,0.025983426753126277,1.1118834253442942,2,9,1100,1.3848293315245188,350,3,2,1.869311687289963,7.633563677089874e-05,1.816163461849129,0.6873707808726257,0.859609592568398,1.3848293315245188,5.607935061869889,dual_text,0.6443654750428448,0.713119626045227,0.7272727272727273,0.96,0.5853658536585366,COMPLETE
35,0.6008065712340627,2026-04-12 21:03:40.433503,2026-04-12 21:03:53.377687,0 days 00:00:12.944184,100,1,2,0.6735348460985094,2.9745625998364877,0.623294776193634,0.04202001801726978,0.7079270356508546,3,8,1100,1.297081260456235,300,2,2,1.7303547133837724,0.23105298720066747,0.5988789644060556,0.7250540096274798,0.7791184702420426,1.297081260456235,5.191064140151317,dual_text,0.6329463138626958,0.777652382850647,0.7272727272727273,0.96,0.5853658536585366,COMPLETE
36,0.6000583484161834,2026-04-12 21:03:53.378075,2026-04-12 21:04:06.226501,0 days 00:00:12.848426,150,1,2,0.7300163254166017,5.9639364451986285,0.537139496495866,0.11748155972417437,0.45189597349543326,2,9,1300,1.1889999872635688,400,2,2,1.5493875931519459,2.991091165530102e-05,1.3545951055386432,0.7293417668365288,0.6714243706198325,1.1889999872635688,4.648162779455838,dual_text,0.6080055532667205,0.7789890766143799,0.7272727272727273,0.96,0.5853658536585366,COMPLETE
37,0.6003480726051675,2026-04-12 21:04:06.226744,2026-04-12 21:04:19.212614,0 days 00:00:12.985870,100,1,2,0.6065920323667129,1.8563206531757783,0.6586259086639609,0.06805334557334299,0.5487731066278518,3,10,1200,1.4366335233240735,450,3,2,1.8301695421168178,0.005519372591500996,2.255013705551696,0.8069607514113785,0.8232823858299511,1.4366335233240735,5.4905086263504534,dual_text,0.6176630262328564,0.6470214128494263,0.7272727272727273,0.96,0.5853658536585366,COMPLETE
38,0.6008128548461823,2026-04-12 21:04:19.212875,2026-04-12 21:04:31.709499,0 days 00:00:12.496624,50,1,2,0.631940626155972,1.2285768071458463,0.600721074673341,0.03536628585093734,0.8677808682475145,2,8,1000,1.3882088404331507,350,3,2,1.4967898998813542,0.10315934176981889,3.572474551758396,0.8435766172551248,0.7509013433416762,1.3882088404331507,4.490369699644063,dual_text,0.6331557676000172,0.7498091459274292,0.7272727272727273,0.96,0.5853658536585366,COMPLETE
39,0.6009423335334945,2026-04-12 21:04:31.709769,2026-04-12 21:04:47.543054,0 days 00:00:15.833285,150,1,2,0.6697158432104652,0.7138533626994126,0.7224708456147312,0.014112187522946273,0.641618462127836,2,6,1400,1.470376003389963,450,3,2,1.689327410511558,0.0011678816438911361,6.405468047358575,0.7573020973154921,0.903088557018414,1.470376003389963,5.067982231534675,dual_text,0.6374717238437558,0.697106122970581,0.7272727272727273,0.96,0.5853658536585366,COMPLETE
40,0.5676799730740818,2026-04-12 21:04:47.543370,2026-04-12 21:05:01.466192,0 days 00:00:13.922822,200,2,2,0.5757675092224471,2.350743473086705,0.7974662338310837,0.01921766248393739,1.254889992879819,3,9,1100,1.3179406030501521,250,2,2,1.5842366210542427,0.00040354604099538305,0.49414459074904116,0.6955633604393526,0.9968327922888547,1.3179406030501521,4.752709863162728,dual_text,0.6142080576932822,0.6892813444137573,0.7164179104477612,0.9230769230769231,0.5853658536585366,COMPLETE
41,0.6344555364478865,2026-04-12 21:05:01.466460,2026-04-12 21:05:14.535787,0 days 00:00:13.069327,200,3,1,0.7755655922730221,3.5238398235108415,0.8620797399914204,0.015794399826225113,1.0763825675041274,2,7,900,1.4066769269247248,500,3,2,1.6272742185632783,0.0011595968234225512,6.589388522838007,0.7681274792758538,1.0775996749892756,1.4066769269247248,4.8818226556898345,dual_text,0.6356973687757039,0.775848388671875,0.7384615384615385,1.0,0.5853658536585366,COMPLETE
42,0.6007291129326299,2026-04-12 21:05:14.536151,2026-04-12 21:05:23.611150,0 days 00:00:09.074999,200,3,1,0.7576705529688599,3.0350294467984624,0.7670267920561133,0.022918142214736703,0.857314568994982,2,10,900,1.4776902244074626,400,3,1,1.742868290279286,0.00013755480731333334,7.915409561758947,0.7502643811933235,0.9587834900701417,1.4776902244074626,5.228604870837858,dual_text,0.6303643704816031,0.7479393482208252,0.7272727272727273,0.96,0.5853658536585366,COMPLETE
