number,value,datetime_start,datetime_complete,duration,params_aux_max_features,params_aux_min_df,params_aux_ngram_high,params_colsample_bytree,params_gamma,params_gen_pos_weight_mult,params_learning_rate,params_max_delta_step,params_max_depth,params_min_child_weight,params_n_estimators,params_neg_weight_mult,params_readme_max_features,params_readme_min_df,params_readme_ngram_high,params_real_pos_weight_mult,params_reg_alpha,params_reg_lambda,params_subsample,user_attrs_actual_w_generated_pos,user_attrs_actual_w_neg,user_attrs_actual_w_real_pos,user_attrs_text_mode,user_attrs_val_ap,user_attrs_val_best_threshold,user_attrs_val_f1,user_attrs_val_precision,user_attrs_val_recall,state
0,-0.2702007267912973,2026-04-12 22:37:44.051549,2026-04-12 22:37:58.418834,0 days 00:00:14.367285,100,3,2,0.8383850550146916,5.503161294225087,0.7902197250317164,0.011279598362342338,0.54184160674954,2,1,600,1.3236186067638056,300,4,2,1.8455618545082926,0.0005817977010413431,0.03455462425948857,0.755152752376451,0.9877746562896456,1.3236186067638056,5.536685563524878,dual_text,0.23215425131371575,0.08642739057540894,0.4409448818897638,0.3218390804597701,0.7,COMPLETE
1,-0.9203804250886636,2026-04-12 22:37:58.419103,2026-04-12 22:38:16.918828,0 days 00:00:18.499725,200,1,2,0.9477103230065107,4.469671786619763,0.887117992964184,0.008792495889074726,0.534420891520984,4,3,900,1.4611414784698296,350,4,1,1.895956201321698,0.03937682655274257,5.438183769574389,0.6537107185152309,1.10889749120523,1.4611414784698296,5.687868603965094,dual_text,0.10853128492333604,0.021804535761475563,0.22545454545454546,0.13191489361702127,0.775,COMPLETE
2,-1.2575168146696794,2026-04-12 22:38:16.919048,2026-04-12 22:38:40.610086,0 days 00:00:23.691038,100,1,1,0.6218536402675351,3.4077965311133926,0.7723550586061643,0.00794115795667499,0.7726127615737512,4,6,1400,1.183133000487477,400,3,2,1.3401822652808184,0.01859331409556329,0.020004793455717266,0.7568348806275147,0.9654438232577054,1.183133000487477,4.0205467958424554,dual_text,0.05246981404099042,0.05920732766389847,0.11363636363636363,0.10416666666666667,0.125,COMPLETE
3,-0.5444341560372339,2026-04-12 22:38:40.610433,2026-04-12 22:38:55.686558,0 days 00:00:15.076125,200,1,2,0.8893242413529252,2.888893903801346,1.1161443651843812,0.09518111008863953,0.6058014501634532,4,4,600,1.3702548964507482,250,3,2,1.2590244562696686,0.17450202120520136,3.5641578551208695,0.9628382178053212,1.3951804564804764,1.3702548964507482,3.777073368809006,dual_text,0.18552813209221056,0.020333174616098404,0.35,0.23333333333333334,0.7,COMPLETE
4,-1.2456251412065973,2026-04-12 22:38:55.686870,2026-04-12 22:39:13.046044,0 days 00:00:17.359174,150,3,2,0.8388649856194803,3.535701924572271,0.5597630869561827,0.0921936124743431,0.62717664745329,3,5,1300,1.192974492920071,400,3,2,2.035295958921547,0.0039276407457793285,0.4326198083299179,0.8408102549204126,0.6997038586952284,1.192974492920071,6.105887876764641,dual_text,0.04778941076048361,0.05347771570086479,0.11764705882352941,0.1111111111111111,0.125,COMPLETE
5,-1.2912056631164097,2026-04-12 22:39:13.046370,2026-04-12 22:39:28.091791,0 days 00:00:15.045421,250,2,2,0.9790441001375859,0.02009554141523373,0.7203430716886284,0.06276157421325833,1.223267441499038,3,5,1200,0.9232518454058023,550,4,1,1.9997942505658037,0.0008227149727933787,0.014877194136547386,0.7891771999873387,0.9004288396107856,0.9232518454058023,5.999382751697411,dual_text,0.03673430637608942,0.06400531530380249,0.10256410256410256,0.10526315789473684,0.1,COMPLETE
6,-1.3434195095433974,2026-04-12 22:39:28.092155,2026-04-12 22:39:37.417500,0 days 00:00:09.325345,50,1,2,0.8392503443307497,5.411075041918767,1.0282767754481976,0.008540827032037714,0.29593611854685253,2,7,400,0.9478272699381249,400,3,2,1.9115019093521899,6.744012601033605e-05,0.31243841087702234,0.8476866718670136,1.2853459693102471,0.9478272699381249,5.73450572805657,dual_text,0.0420447173477508,0.419532835483551,0.0851063829787234,0.2857142857142857,0.05,COMPLETE
7,-0.642420354219387,2026-04-12 22:39:37.417808,2026-04-12 22:39:52.039389,0 days 00:00:14.621581,200,2,1,0.9711563752761996,4.700681074195631,1.0613818766761418,0.008581560926905039,0.28384031985886815,4,8,700,0.9585616612596023,600,2,2,1.9961610250089512,0.0003502945003213361,2.5511268776237745,0.952611710479544,1.3267273458451774,0.9585616612596023,5.988483075026854,dual_text,0.15461564366749558,0.1720512956380844,0.3176470588235294,0.2076923076923077,0.675,COMPLETE
8,-0.5136195555834281,2026-04-12 22:39:52.039622,2026-04-12 22:40:04.441559,0 days 00:00:12.401937,100,3,1,0.7962817941402334,5.670151437518609,0.9420487589082241,0.01108251633403614,1.3804813184417966,5,4,700,0.9131900919982436,500,3,1,1.5259560169969857,0.023325202089076985,0.9249332817977772,0.7737448236472976,1.1775609486352803,0.9131900919982436,4.577868050990957,dual_text,0.1878367600555048,0.044621098786592484,0.36024844720496896,0.2396694214876033,0.725,COMPLETE
9,-0.2705823598789788,2026-04-12 22:40:04.441832,2026-04-12 22:40:20.446914,0 days 00:00:16.005082,100,3,1,0.9404879036606875,0.4748139905214943,1.1026741246332725,0.0829692645710263,1.6498166324914558,5,2,1400,1.1584438068258527,250,4,2,1.8584102771308493,1.1157554986571888e-05,0.141567949718411,0.9506021962585844,1.3783426557915908,1.1584438068258527,5.575230831392548,dual_text,0.21943314839100025,0.009072973392903805,0.4409448818897638,0.3218390804597701,0.7,COMPLETE
10,-1.2603551775200592,2026-04-12 22:40:20.447290,2026-04-12 22:40:33.725040,0 days 00:00:13.277750,50,3,2,0.6899753828620541,1.7369701204659158,0.579872561085997,0.02414997459398813,1.0440376254778831,2,10,1000,1.3349666608965693,300,2,1,2.179455885074308,1.856457499345354,0.06215273806145037,0.6810765824459035,0.7248407013574963,1.3349666608965693,6.538367655222924,dual_text,0.053888448861885055,0.09346969425678253,0.11267605633802817,0.12903225806451613,0.1,COMPLETE
11,0.055244424405239356,2026-04-12 22:40:33.725269,2026-04-12 22:40:49.607695,0 days 00:00:15.882426,100,3,1,0.7199269841998794,0.25552646385929023,1.1817679588414236,0.02364644500766137,1.8826735148683162,6,1,400,1.0910878863333235,250,4,2,1.6965494461513138,1.014857226326114e-05,0.07671514824312431,0.8985676615410779,1.4772099485517796,1.0910878863333235,5.089648338453941,dual_text,0.2728533625275861,0.00851522758603096,0.5490196078431373,0.45161290322580644,0.7,COMPLETE
12,0.2107072683769039,2026-04-12 22:40:49.607922,2026-04-12 22:41:03.748945,0 days 00:00:14.141023,150,2,1,0.6743470679224512,1.7321290661941942,1.1915515733612625,0.020629897629841184,1.894549812823617,6,1,400,1.0820063677334966,300,4,2,1.6854795369729099,1.0547892201724155e-05,0.061850449909797475,0.8909176395092686,1.4894394667015782,1.0820063677334966,5.05643861091873,dual_text,0.3569089458968004,0.03516946732997894,0.6,0.54,0.675,COMPLETE
13,0.02948085259608979,2026-04-12 22:41:03.749292,2026-04-12 22:41:16.737553,0 days 00:00:12.988261,150,2,1,0.7103677053188476,1.2680778353737472,1.1971208485674816,0.0249948888282594,1.9356658054343099,6,1,400,1.0742943691284836,250,4,2,1.6036868545738514,1.4535443361554034e-05,0.12214522945300457,0.8870418679136729,1.4964010607093519,1.0742943691284836,4.811060563721554,dual_text,0.31602841986966085,0.020818054676055908,0.54,0.45,0.675,COMPLETE
14,0.38752930526810403,2026-04-12 22:41:16.737967,2026-04-12 22:41:31.209224,0 days 00:00:14.471257,150,2,1,0.5935691370370622,1.8833450470266588,1.184882722907395,0.02363040363271121,1.9719159061486013,6,2,400,1.0672067944387889,650,4,2,1.6942345681792141,7.613446797722422e-05,0.05919053395895864,0.8986801787630021,1.4811034036342439,1.0672067944387889,5.082703704537643,dual_text,0.4281920321435606,0.05667157843708992,0.6582278481012658,0.6666666666666666,0.65,COMPLETE
15,-0.6120465512820823,2026-04-12 22:41:31.209445,2026-04-12 22:41:45.547478,0 days 00:00:14.338033,150,2,1,0.5599379426880938,2.1519309747890008,0.964427126267528,0.039952829257708385,1.6070639906257693,6,3,600,1.0448444210815788,650,4,2,1.492901019028458,5.64869690097522e-05,0.045676876379301776,0.8887673501300396,1.20553390783441,1.0448444210815788,4.478703057085374,dual_text,0.1634200420096889,0.0133466562256217,0.327683615819209,0.2116788321167883,0.725,COMPLETE
16,0.3646449089861815,2026-04-12 22:41:45.547696,2026-04-12 22:41:59.955130,0 days 00:00:14.407434,250,2,1,0.6339841299990903,2.4228767325879983,1.198806791406755,0.016801429791558808,1.6559288023861494,5,2,500,1.0337704184897847,500,4,2,1.7353293802910437,9.087373934265533e-05,0.011604733503855165,0.9166375218956019,1.4985084892584437,1.0337704184897847,5.205988140873131,dual_text,0.42792266901730125,0.053019024431705475,0.6506024096385542,0.627906976744186,0.675,COMPLETE
17,0.2676632487120937,2026-04-12 22:41:59.955512,2026-04-12 22:42:15.580413,0 days 00:00:15.624901,250,2,1,0.5592498856025413,2.591263602177983,0.9731517456193728,0.005165026448335706,1.5776857070948136,5,3,800,1.0284983793965177,650,3,1,1.4410896491442415,0.00011567568695140392,0.011632433511166189,0.9915178879873394,1.216439682024216,1.0284983793965177,4.323268947432725,dual_text,0.35067971897455347,0.077030710875988,0.6190476190476191,0.5909090909090909,0.65,COMPLETE
18,0.294695622816631,2026-04-12 22:42:15.580655,2026-04-12 22:42:31.018400,0 days 00:00:15.437745,250,2,1,0.6134533971053129,0.9701986930178408,1.1099223969498868,0.016929489674086612,1.309271189985271,5,2,500,1.005835075758347,500,2,2,1.7801545007426969,0.00019683726849305036,0.02007635853299402,0.9175646629191677,1.3874029961873586,1.005835075758347,5.340463502228091,dual_text,0.36582308613576303,0.03520449623465538,0.627906976744186,0.5869565217391305,0.675,COMPLETE
19,-1.2771085458350218,2026-04-12 22:42:31.018636,2026-04-12 22:42:45.974733,0 days 00:00:14.956097,200,2,1,0.6228558449783423,3.784855301637534,0.6558143080534302,0.03666649026205162,1.7334936247208974,5,10,1000,1.1261151498296966,550,4,2,1.6072020379042664,0.0015314945282769868,0.027913415748915586,0.8210937782004357,0.8197678850667878,1.1261151498296966,4.821606113712799,dual_text,0.048762757880235645,0.13170993328094482,0.10714285714285714,0.1875,0.075,COMPLETE
20,-0.4104624443316691,2026-04-12 22:42:45.975002,2026-04-12 22:42:56.058328,0 days 00:00:10.083326,200,1,1,0.768604164236416,2.2537380980015636,0.8661575004709761,0.040826353610843996,1.4544190216231438,6,4,500,1.2579419732559285,600,3,1,1.7218301907808782,0.004868030570810798,0.010148584217911781,0.9298631026208496,1.08269687558872,1.2579419732559285,5.165490572342635,dual_text,0.177567645084716,0.014934494160115719,0.39473684210526316,0.26785714285714285,0.75,COMPLETE
21,0.38659334614574126,2026-04-12 22:42:56.058574,2026-04-12 22:43:12.517636,0 days 00:00:16.459062,250,2,1,0.6185709315644331,0.9321910053475151,1.1170439378156116,0.015759454504173213,1.218569157617784,5,2,500,1.0036138840535422,500,2,2,1.7837636684132527,0.0001945793411945373,0.021942517700750654,0.9273375151355896,1.3963049222695145,1.0036138840535422,5.351291005239759,dual_text,0.39699339473146866,0.04576561972498894,0.6582278481012658,0.6666666666666666,0.65,COMPLETE
22,-0.4199544780670442,2026-04-12 22:43:12.518010,2026-04-12 22:43:31.227539,0 days 00:00:18.709529,250,2,1,0.6511228739442101,0.9969491920237319,1.1366339405951094,0.014983858070473624,0.9793803434461267,5,2,500,1.001875096450881,450,2,2,1.6044584249067801,3.739918953994913e-05,0.12990401634273874,0.9872963484091534,1.4207924257438866,1.001875096450881,4.81337527472034,dual_text,0.1740115702593665,0.009749607183039188,0.3916083916083916,0.27184466019417475,0.7,COMPLETE
23,-1.3974407772213013,2026-04-12 22:43:31.227842,2026-04-12 22:43:42.228302,0 days 00:00:11.000460,250,2,1,0.5890291676846617,1.4185408604779406,1.036920946596143,0.01585180059179065,0.007621001823035378,5,2,700,0.9886797437317835,500,2,2,1.769607953954499,0.000286727280331535,0.02757909432471177,0.8687865273249382,1.2961511832451789,0.9886797437317835,5.308823861863497,dual_text,0.0292850169930425,0.2538185715675354,0.06722689075630252,0.05063291139240506,0.1,COMPLETE
24,-0.2553762044794622,2026-04-12 22:43:42.228580,2026-04-12 22:43:56.603675,0 days 00:00:14.375095,200,2,1,0.7481998879158047,0.7022860176971237,1.14621973167176,0.03135519345232904,1.7797582679079653,6,3,500,1.2519302541961868,550,3,2,1.8010084576276815,0.0016414293079797242,0.020728792164174024,0.9251393415305789,1.4327746645897,1.2519302541961868,5.403025372883045,dual_text,0.20540856863331253,0.011481713503599167,0.4461538461538462,0.32222222222222224,0.725,COMPLETE
25,0.13204542907423122,2026-04-12 22:43:56.604054,2026-04-12 22:44:10.235051,0 days 00:00:13.630997,250,2,1,0.6537430056165442,1.9981498884996665,1.0694744450586855,0.05407636612854225,1.9928691202441848,5,2,800,1.0512017348583222,450,4,2,1.6508615490129925,3.627255296257174e-05,0.04031077339798753,0.8657275855168644,1.3368430563233569,1.0512017348583222,4.952584647038978,dual_text,0.30910506155028983,0.024632835760712624,0.5742574257425742,0.47540983606557374,0.725,COMPLETE
26,-0.2759601568671886,2026-04-12 22:44:10.235326,2026-04-12 22:44:27.340505,0 days 00:00:17.105179,200,1,1,0.5959786991114815,2.6260859755608825,0.9978226404824118,0.013399271433176065,1.1271233896862236,6,4,600,1.12705149939609,600,2,2,1.9349841588135364,0.0001348140971086074,0.010023405315382075,0.8140498477658354,1.2472783006030146,1.12705149939609,5.804952476440609,dual_text,0.1952674983664433,0.027589989826083183,0.4393939393939394,0.31521739130434784,0.725,COMPLETE
27,-1.0472986529032762,2026-04-12 22:44:27.340751,2026-04-12 22:44:44.649088,0 days 00:00:17.308337,150,2,1,0.6535133889780022,1.4834650172766009,1.1515275277010606,0.01880800185807634,1.4885988435049775,3,6,500,0.9700485738714786,500,3,2,1.5492329524713297,0.0012550709642550012,0.09609866720251913,0.9658640536299241,1.4394094096263257,0.9700485738714786,4.647698857413989,dual_text,0.09004490322413028,0.007543680723756552,0.18333333333333332,0.103125,0.825,COMPLETE
28,0.25289774740530924,2026-04-12 22:44:44.649515,2026-04-12 22:45:02.354230,0 days 00:00:17.704715,250,2,1,0.5811373546016991,3.063604024338991,1.0840786746054745,0.028026642015484143,1.78099387393469,5,3,800,1.121261111078871,650,4,2,1.4110004853688514,4.3782275313288655e-05,0.18120453997387606,0.919318927331215,1.355098343256843,1.121261111078871,4.233001456106554,dual_text,0.39962188320727965,0.049879156053066254,0.6136363636363636,0.5625,0.675,COMPLETE
29,0.2917720326029989,2026-04-12 22:45:02.354461,2026-04-12 22:45:22.739198,0 days 00:00:20.384737,150,3,1,0.7275518799624777,2.3637347258526265,0.9127802319574116,0.01080386785460675,1.209086396208161,6,1,600,1.0222157380443186,550,4,2,2.111509729234836,0.00024019026580644238,0.03908353872125874,0.7172697826792587,1.1409752899467644,1.0222157380443186,6.334529187704508,dual_text,0.4084653437947414,0.07361561805009842,0.6265060240963856,0.6046511627906976,0.65,COMPLETE
30,-1.2045633249837433,2026-04-12 22:45:22.739562,2026-04-12 22:45:40.691077,0 days 00:00:17.951515,200,2,1,0.6812979785068697,0.834816737319575,0.7926569585974821,0.005987767116293853,0.9980427266435177,4,9,400,0.9087845480697584,450,2,2,1.818085876267545,0.0006119958574623247,0.016348926937428652,0.8628601909987764,0.9908211982468527,0.9087845480697584,5.454257628802635,dual_text,0.05380937312877019,0.043185580521821976,0.13127413127413126,0.07112970711297072,0.85,COMPLETE
31,0.29861430762947483,2026-04-12 22:45:40.691305,2026-04-12 22:45:56.204701,0 days 00:00:15.513396,250,2,1,0.6277935776502254,1.118971583806867,1.146476556440668,0.01810198376023601,1.3178992841938446,5,2,400,0.9882731295480416,500,2,2,1.7617062434127368,0.00013722947147813358,0.023715906535354242,0.9102748958897474,1.433095695550835,0.9882731295480416,5.28511873023821,dual_text,0.3657952730424249,0.032849740236997604,0.6292134831460674,0.5714285714285714,0.7,COMPLETE
32,-0.7129672186320226,2026-04-12 22:45:56.204941,2026-04-12 22:46:12.818102,0 days 00:00:16.613161,250,2,1,0.5506650872354126,1.888415187873925,1.199805143698024,0.01311079025466601,0.8772697911175062,4,2,500,0.9739622829568515,450,2,2,1.7392037103811133,0.00011465622969839039,0.03304151726841216,0.9390869822568926,1.4997564296225299,0.9739622829568515,5.2176111311433395,dual_text,0.1261350134503502,0.011393031105399132,0.29441624365482233,0.18471337579617833,0.725,COMPLETE
33,0.4946535829633194,2026-04-12 22:46:12.818518,2026-04-12 22:46:27.824828,0 days 00:00:15.006310,250,2,1,0.6212565000014816,1.1383764253471977,1.1465219232785324,0.019340848449524276,1.3270282149546515,5,1,400,1.0576785976417495,500,2,2,1.8854841131771525,2.5737591879330166e-05,0.026759693770077073,0.9058127338107955,1.4331524040981656,1.0576785976417495,5.656452339531457,dual_text,0.48845276544398114,0.059121716767549515,0.6933333333333334,0.7428571428571429,0.65,COMPLETE
34,-0.6479687068784947,2026-04-12 22:46:27.825165,2026-04-12 22:46:43.715372,0 days 00:00:15.890207,250,1,1,0.6023703971049722,0.581381715465,1.0266934875925782,0.020820633104195598,1.712162332152658,5,1,600,1.0612766178608328,350,2,2,1.8544121967070142,1.9371338540089965e-05,0.014930692645626869,0.9708698361142566,1.2833668594907226,1.0612766178608328,5.5632365901210425,dual_text,0.15542906896245984,0.003347318386659026,0.3157894736842105,0.2,0.75,COMPLETE
35,0.5602651947379195,2026-04-12 22:46:43.715599,2026-04-12 22:46:57.901283,0 days 00:00:14.185684,200,2,2,0.6415853222139335,3.049471178659296,1.1547415576753437,0.03012444258412361,1.457948463730613,4,1,500,1.407659473149703,600,3,2,1.9507265634264752,0.0839838801338808,0.061024329153736664,0.9368193353197592,1.4434269470941796,1.407659473149703,5.852179690279426,dual_text,0.5802683960258869,0.1748904287815094,0.7142857142857143,0.8333333333333334,0.625,COMPLETE
36,0.4706943304417569,2026-04-12 22:46:57.901792,2026-04-12 22:47:12.881771,0 days 00:00:14.979979,200,1,2,0.5805958185560283,4.053612275674871,1.098061436544864,0.032745944620572794,0.822921754893199,3,1,700,1.4259623816858993,600,3,2,1.9595635813150842,0.12858615463343484,0.21111489705285838,0.9480708630332263,1.37257679568108,1.4259623816858993,5.878690743945253,dual_text,0.5299936631270648,0.13415728509426117,0.684931506849315,0.7575757575757576,0.625,COMPLETE
37,0.5237804775724003,2026-04-12 22:47:12.882306,2026-04-12 22:47:24.784834,0 days 00:00:11.902528,200,1,2,0.5730877645498307,4.004822220965935,1.0654709896883368,0.03441873971249309,0.7682896845117251,3,1,700,1.4547758103928206,600,3,1,2.069918685890913,0.10064292303390746,0.5228529129664314,0.9460523562629836,1.331838737110421,1.4547758103928206,6.209756057672738,dual_text,0.5224123154764067,0.13829323649406433,0.7027027027027027,0.7647058823529411,0.65,COMPLETE
38,0.4956184694255117,2026-04-12 22:47:24.785090,2026-04-12 22:47:35.717212,0 days 00:00:10.932122,200,1,2,0.5722949759098017,4.024431026545486,1.0592099414250467,0.051839612747854424,0.6213721292118566,3,1,900,1.4950960254206913,600,3,1,2.0574775524975037,0.1532475272030954,0.6416216785781899,0.9999348312798934,1.3240124267813083,1.4950960254206913,6.172432657492511,dual_text,0.5206156475170566,0.13207177817821503,0.6933333333333334,0.7428571428571429,0.65,COMPLETE
39,0.4702406511900611,2026-04-12 22:47:35.717480,2026-04-12 22:47:46.406237,0 days 00:00:10.688757,200,1,2,0.8078518702368773,4.6150552172837465,1.0434118520486422,0.056201004595855225,0.5176929025548762,3,1,1000,1.4903195132797913,600,3,1,2.0653016996310662,0.09329720003521232,0.8290792412934931,0.9988582678238486,1.3042648150608027,1.4903195132797913,6.195905098893199,dual_text,0.5148710214038702,0.2355370819568634,0.684931506849315,0.7575757575757576,0.625,COMPLETE
40,-0.5894100210537474,2026-04-12 22:47:46.406551,2026-04-12 22:47:57.398885,0 days 00:00:10.992334,200,1,2,0.8674465709548232,4.284544704686457,0.9109719080332765,0.07456244212026349,0.6208398907613529,2,3,800,1.423850100085866,550,3,1,2.1963772801127543,0.5450468230470427,0.7482111755454668,0.9774870269261653,1.1387148850415958,1.423850100085866,6.589131840338263,dual_text,0.1667795589160624,0.018454736098647118,0.33519553072625696,0.2158273381294964,0.75,COMPLETE
41,0.3152755919744612,2026-04-12 22:47:57.399138,2026-04-12 22:48:08.837388,0 days 00:00:11.438250,200,1,2,0.5509106895334213,4.032784880319387,1.080038976042025,0.04928250764735286,0.762487875451662,3,1,900,1.4120065319241792,600,3,1,1.9774308298373497,0.14160769562802838,0.4867822049979224,0.94869044778983,1.3500487200525313,1.4120065319241792,5.932292489512049,dual_text,0.42788558614058003,0.08988749235868454,0.6341463414634146,0.6190476190476191,0.65,COMPLETE
42,0.41431858686592793,2026-04-12 22:48:08.837846,2026-04-12 22:48:21.001636,0 days 00:00:12.163790,200,1,2,0.574618127488302,5.08810346395256,0.9883657573073328,0.03331986018089165,0.7973764858342215,3,1,1100,1.4441707659968375,600,3,1,2.1045008006637382,0.048192024431866605,1.709046388081663,0.9716414365091147,1.235457196634166,1.4441707659968375,6.313502401991215,dual_text,0.4772862288642713,0.12019620090723038,0.6666666666666666,0.6842105263157895,0.65,COMPLETE
