number,value,datetime_start,datetime_complete,duration,params_aux_max_features,params_aux_min_df,params_aux_ngram_high,params_colsample_bytree,params_gamma,params_gen_pos_weight_mult,params_learning_rate,params_max_delta_step,params_max_depth,params_min_child_weight,params_n_estimators,params_neg_weight_mult,params_readme_max_features,params_readme_min_df,params_readme_ngram_high,params_real_pos_weight_mult,params_reg_alpha,params_reg_lambda,params_subsample,user_attrs_actual_w_generated_pos,user_attrs_actual_w_neg,user_attrs_actual_w_real_pos,user_attrs_text_mode,user_attrs_val_ap,user_attrs_val_best_threshold,user_attrs_val_f1,user_attrs_val_precision,user_attrs_val_recall,state
128,0.02515548390954425,2026-04-12 21:55:53.179882,2026-04-12 21:56:03.593317,0 days 00:00:10.413435,200,1,2,0.9998258803328105,2.1852024147146207,0.7873446387609749,0.06119303858438267,1.8579431806060005,2,1,800,1.4882034825851513,450,3,1,1.3480993126595748,0.036085545638542174,0.3229001352649877,0.8837252510555411,0.9841807984512186,1.4882034825851513,4.044297937978724,dual_text,0.3256956174976354,0.020160013809800148,0.5384615384615384,0.417910447761194,0.7567567567567568,COMPLETE
129,-0.03533895876156745,2026-04-12 21:56:03.593684,2026-04-12 21:56:14.403687,0 days 00:00:10.810003,200,3,2,0.9977608013807887,2.2126230227806327,0.8115899420411375,0.06163132359588088,1.8486393034011273,2,1,900,1.4997575213417667,500,3,1,1.3499609425417978,0.03914312256862705,0.4874711670675486,0.8821136510759728,1.014487427551422,1.4997575213417667,4.049882827625393,dual_text,0.30351618942923914,0.02065061219036579,0.5185185185185185,0.39436619718309857,0.7567567567567568,COMPLETE
130,-0.8092260407626628,2026-04-12 21:56:14.404024,2026-04-12 21:56:26.781046,0 days 00:00:12.377022,200,1,2,0.681754885397494,2.3595760452296686,0.7997061167864855,0.02296124489666507,1.9112411405981047,2,2,800,1.4861563071840243,450,3,1,1.376565513433791,0.0504906269497849,0.28485572713714524,0.8894859298927422,0.9996326459831069,1.4861563071840243,4.1296965403013735,dual_text,0.1296237778565942,0.006164900492876768,0.26229508196721313,0.15458937198067632,0.8648648648648649,COMPLETE
131,-0.5159396977827295,2026-04-12 21:56:26.781387,2026-04-12 21:56:36.522800,0 days 00:00:09.741413,200,1,2,0.9769589955357109,2.976173696903424,0.8574380585302249,0.06642231825243679,1.1585132152394195,2,1,800,1.4510752296502734,450,3,1,1.3056833660394909,0.07961945783630306,0.3420947170638559,0.8764602898650624,1.0717975731627811,1.4510752296502734,3.9170500981184726,dual_text,0.18028722746707063,0.011495782062411308,0.3595505617977528,0.22695035460992907,0.8648648648648649,COMPLETE
132,-0.7718082633872865,2026-04-12 21:56:36.523278,2026-04-12 21:56:44.931649,0 days 00:00:08.408371,200,3,2,0.9894466408119175,2.147666274215399,0.7742630339096851,0.05639071137495557,1.9401384920405724,5,1,800,1.4257185713682243,450,3,1,1.3329503276241934,0.03158099236409963,0.24922415319247354,0.9165907045934827,0.9678287923871064,1.4257185713682243,3.9988509828725802,dual_text,0.13858006162550238,0.004279013257473707,0.27467811158798283,0.16326530612244897,0.8648648648648649,COMPLETE
133,0.1412307822354697,2026-04-12 21:56:44.932175,2026-04-12 21:56:54.229953,0 days 00:00:09.297778,200,3,2,0.9995299578184678,2.7155897852157183,0.819887505437492,0.06323040037237983,1.9484119763127892,2,1,800,1.4646369282858795,450,3,1,1.245440561157551,0.13135923959702467,0.17136031117078585,0.9082064905299195,1.024859381796865,1.4646369282858795,3.736321683472653,dual_text,0.34871838220797186,0.022481009364128113,0.5769230769230769,0.44776119402985076,0.8108108108108109,COMPLETE
134,0.21792097603018157,2026-04-12 21:56:54.230308,2026-04-12 21:57:03.540468,0 days 00:00:09.310160,200,1,2,0.9974096344988898,3.045588443796276,0.8323284235464682,0.06335100765592364,1.8675931141214834,2,1,900,1.4610537870144347,450,3,1,1.393560307773636,0.011874997565452896,0.18556643166035608,0.8936775470668954,1.0404105294330852,1.4610537870144347,4.180680923320908,dual_text,0.38231210423186057,0.03801477327942848,0.6021505376344086,0.5,0.7567567567567568,COMPLETE
135,-0.8226221371315191,2026-04-12 21:57:03.540919,2026-04-12 21:57:13.614543,0 days 00:00:10.073624,200,1,2,0.9902089936305309,3.0228330790752187,0.8254535494996831,0.058942775813075825,0.6248131691446204,2,1,900,1.4676609473794755,450,3,1,1.4059316530949961,0.008490927647754021,0.17422311945472915,0.9239508912711774,1.0318169368746037,1.4676609473794755,4.217794959284989,dual_text,0.131345428949366,0.005723542533814907,0.2578125,0.1506849315068493,0.8918918918918919,COMPLETE
136,-0.07904393703267965,2026-04-12 21:57:13.614786,2026-04-12 21:57:23.426573,0 days 00:00:09.811787,200,1,2,0.9492656114649056,2.7171118985382727,0.7575223186559905,0.062162283696244436,1.8652127308878361,2,1,900,1.4849559888602286,450,3,1,1.201195801159224,0.013977054535044662,0.2110183584149367,0.8921209418275146,0.9469028983199881,1.4849559888602286,3.6035874034776723,dual_text,0.27836736501712656,0.019150616601109505,0.5042016806722689,0.36585365853658536,0.8108108108108109,COMPLETE
137,-1.006580852546048,2026-04-12 21:57:23.426951,2026-04-12 21:57:35.876537,0 days 00:00:12.449586,200,1,2,0.972733143253453,2.4416935906751696,0.832068319238031,0.05296408691853478,1.9100956010517078,2,7,1000,1.4029414280022177,450,3,1,1.2871671528519928,0.16520875880588104,0.426629648585292,0.9097235030090843,1.0400853990475387,1.4029414280022177,3.8615014585559786,dual_text,0.08833055615737652,0.007567176129668951,0.19692307692307692,0.1111111111111111,0.8648648648648649,COMPLETE
138,0.17936409357326266,2026-04-12 21:57:35.876854,2026-04-12 21:57:45.016387,0 days 00:00:09.139533,200,1,2,0.9846720198915851,2.9034185429900763,0.8704411827154978,0.06739461708143178,1.9520599953167492,2,1,800,1.444189498651404,450,3,1,1.250999595100094,0.05991334945251172,0.3136011355606023,0.9308545936875234,1.0880514783943722,1.444189498651404,3.7529987853002824,dual_text,0.36476803138946523,0.03674810007214546,0.5894736842105263,0.4827586206896552,0.7567567567567568,COMPLETE
139,0.07339966050662972,2026-04-12 21:57:45.016768,2026-04-12 21:57:54.212020,0 days 00:00:09.195252,200,1,2,0.9644750410413735,2.9144249642462103,0.8407706526086411,0.06732927368917449,1.9516280022898647,2,1,800,1.447989589599633,500,3,1,1.2459433801532682,0.060749118564299855,0.19052188267117257,0.9308242019788866,1.0509633157608014,1.447989589599633,3.7378301404598044,dual_text,0.3344441290988763,0.028058048337697983,0.5544554455445545,0.4375,0.7567567567567568,COMPLETE
140,-0.5256748495513653,2026-04-12 21:57:54.212455,2026-04-12 21:58:05.051198,0 days 00:00:10.838743,200,1,2,0.9497695746185116,3.42507421704605,0.8462384545537575,0.0155532482281831,1.9128615460185348,2,2,900,1.4481232789051748,500,3,1,1.2460652430336936,0.10046275800687084,0.24002337200686502,0.9280920983829551,1.0577980681921968,1.4481232789051748,3.738195729101081,dual_text,0.17865444024184612,0.013323505409061909,0.3563218390804598,0.22627737226277372,0.8378378378378378,COMPLETE
141,0.16464264800562023,2026-04-12 21:58:05.051588,2026-04-12 21:58:13.489702,0 days 00:00:08.438114,200,1,2,0.9631542453005021,2.9159860001534574,0.8671173156967005,0.06646860391509118,1.9544148538724202,2,1,800,1.4204887509389021,450,3,1,1.3952187473093587,0.05475701497272846,0.16680950459916735,0.9449045012496397,1.0838966446208755,1.4204887509389021,4.185656241928076,dual_text,0.39445530805251233,0.0387134924530983,0.5842696629213483,0.5,0.7027027027027027,COMPLETE
142,0.1799446124595241,2026-04-12 21:58:13.490082,2026-04-12 21:58:22.629906,0 days 00:00:09.139824,200,1,2,0.9620230654552538,2.957697857880803,0.8675837959968167,0.06440849611554089,1.9544041103668055,2,1,800,1.4210575946240627,450,3,1,1.3805195351378994,0.055727754460947604,0.14780296543828209,0.9439545531744719,1.0844797449960208,1.4210575946240627,4.141558605413698,dual_text,0.3841186609315138,0.031902115792036057,0.5894736842105263,0.4827586206896552,0.7567567567567568,COMPLETE
143,-1.2252734057171686,2026-04-12 21:58:22.630399,2026-04-12 21:58:35.040776,0 days 00:00:12.410377,200,1,2,0.9639220072674052,2.9663508973140944,0.8687465208722851,0.06551995208686298,1.9443167729863045,2,8,800,1.4691890147097957,500,3,1,1.3926952803772334,0.058108766062503224,0.18981778730465867,0.9529099635634751,1.0859331510903565,1.4691890147097957,4.178085841131701,dual_text,0.06150794502093954,0.004137088544666767,0.12429378531073447,0.06680161943319839,0.8918918918918919,COMPLETE
144,-0.8866170653918869,2026-04-12 21:58:35.041022,2026-04-12 21:58:42.668434,0 days 00:00:07.627412,200,1,2,0.983207922738363,3.236436868329353,0.8448545704786798,0.056356215978283775,0.34585498066828213,2,1,800,1.415280951404903,450,3,1,1.4392235059378946,0.005340384012321756,0.16853983241695497,0.9393209614359241,1.0560682130983499,1.415280951404903,4.317670517813684,dual_text,0.12351717510914824,0.0074610174633562565,0.23655913978494625,0.13636363636363635,0.8918918918918919,COMPLETE
145,-0.3015865888862611,2026-04-12 21:58:42.668881,2026-04-12 21:58:52.352290,0 days 00:00:09.683409,200,1,2,0.7329729880635253,3.012206082283093,0.8079560044427222,0.06597222689094476,1.8763794423133364,2,1,800,1.4252962932380084,450,3,1,1.3221686814398603,0.05643340595855353,0.1645738295705451,0.9458088580772477,1.0099450055534027,1.4252962932380084,3.9665060443195808,dual_text,0.22489148156907446,0.014314649626612663,0.4305555555555556,0.2897196261682243,0.8378378378378378,COMPLETE
146,0.17501438109752454,2026-04-12 21:58:52.352529,2026-04-12 21:59:01.845953,0 days 00:00:09.493424,200,1,1,0.9673696472517429,2.6915097147095217,0.8207890506011,0.06916949126343447,1.9175623911103366,2,1,900,1.4592207459163786,450,3,1,1.2414616682015747,0.024206724636164398,0.13542162728014556,0.9299637860982946,1.025986313251375,1.4592207459163786,3.724385004604724,dual_text,0.3436166248194458,0.02732704021036625,0.5882352941176471,0.46153846153846156,0.8108108108108109,COMPLETE
147,0.10741125805482199,2026-04-12 21:59:01.846298,2026-04-12 21:59:11.393696,0 days 00:00:09.547398,200,1,1,0.9650358701462128,2.68245649872738,0.8180646615961338,0.06974752856500709,1.832244633621744,2,1,900,1.4611391044307247,450,3,1,1.2516944172077749,0.023414919506351557,0.13474285801935895,0.9286837386017744,1.0225808269951673,1.4611391044307247,3.755083251623325,dual_text,0.34805203617084074,0.02651340514421463,0.5656565656565656,0.45161290322580644,0.7567567567567568,COMPLETE
148,0.0411830885872464,2026-04-12 21:59:11.393996,2026-04-12 21:59:21.259662,0 days 00:00:09.865666,200,1,1,0.9242356004321055,2.732992442850753,0.8186324394039907,0.05478158675799811,1.7949255187491364,2,1,900,1.4591072976875432,450,3,1,1.2755572726617397,0.024611609720016827,0.12943989950254076,0.9443751371368906,1.0232905492549884,1.4591072976875432,3.8266718179852193,dual_text,0.3371709140732663,0.022443018853664398,0.5436893203883495,0.42424242424242425,0.7567567567567568,COMPLETE
149,-1.1460975071577897,2026-04-12 21:59:21.259894,2026-04-12 21:59:32.428298,0 days 00:00:11.168404,200,1,1,0.961142908465822,3.1291322405267894,0.7916448198589464,0.06329515325750473,1.903600114938336,2,5,1000,1.4775108261805905,450,3,1,1.3765732353538163,0.01156886492468651,0.2817991555960787,0.96385553577056,0.989556024823683,1.4775108261805905,4.129719706061449,dual_text,0.07125956532858212,0.004002695437520742,0.15058823529411763,0.08247422680412371,0.8648648648648649,COMPLETE
