number,value,datetime_start,datetime_complete,duration,params_aux_max_features,params_aux_min_df,params_aux_ngram_high,params_colsample_bytree,params_gamma,params_gen_pos_weight_mult,params_learning_rate,params_max_delta_step,params_max_depth,params_min_child_weight,params_n_estimators,params_neg_weight_mult,params_readme_max_features,params_readme_min_df,params_readme_ngram_high,params_real_pos_weight_mult,params_reg_alpha,params_reg_lambda,params_subsample,user_attrs_actual_w_generated_pos,user_attrs_actual_w_neg,user_attrs_actual_w_real_pos,user_attrs_text_mode,user_attrs_val_ap,user_attrs_val_best_threshold,user_attrs_val_f1,user_attrs_val_precision,user_attrs_val_recall,state
129,0.8056927041871655,2026-04-12 20:50:07.094411,2026-04-12 20:50:21.035026,0 days 00:00:13.940615,200,3,2,0.9336870338679782,0.6969466577373814,0.8289983451757422,0.009242980009543747,1.9524980744181226,3,1,500,1.265548062204834,450,3,1,1.346460189679609,0.017532632562291896,0.013242477409907106,0.8989556213034955,1.0362479314696778,1.265548062204834,4.039380569038826,dual_text,0.7377020117183101,0.14555302262306213,0.7945205479452054,0.90625,0.7073170731707317,COMPLETE
130,0.8054054376871672,2026-04-12 20:50:21.035660,2026-04-12 20:50:34.949758,0 days 00:00:13.914098,200,3,1,0.931037992783754,0.660217182636491,0.8270137414726276,0.009617960419735703,1.9557666433754046,3,1,500,1.1936588196933613,450,3,1,1.3437193649488774,0.017607230474768157,0.013775986555124678,0.8999169367124551,1.0337671768407846,1.1936588196933613,4.031158094846632,dual_text,0.7281264617183663,0.14170637726783752,0.7945205479452054,0.90625,0.7073170731707317,COMPLETE
131,0.8222052003815742,2026-04-12 20:50:34.949980,2026-04-12 20:50:48.842006,0 days 00:00:13.892026,200,3,1,0.9322673790307624,0.6855338826264477,0.8240468843232817,0.009461198226670206,1.9558124968063884,3,1,500,1.2012028237195336,450,3,1,1.3376704806306214,0.018487082189447068,0.013169754883670346,0.8977095263088206,1.030058605404102,1.2012028237195336,4.013011441891864,dual_text,0.7401733460524706,0.12132542580366135,0.8,0.8823529411764706,0.7317073170731707,COMPLETE
132,0.8057631884574493,2026-04-12 20:50:48.842231,2026-04-12 20:51:02.952975,0 days 00:00:14.110744,200,3,1,0.9329774331116628,0.7215768875509038,0.8358154468182392,0.009480202734489473,1.9568185500225954,3,1,500,1.2037396526265536,450,3,1,1.3385798999841427,0.017852540824326704,0.012534583868902903,0.8997286598245348,1.044769308522799,1.2037396526265536,4.015739699952428,dual_text,0.7400514873944352,0.14460550248622894,0.7945205479452054,0.90625,0.7073170731707317,COMPLETE
133,0.8052233742495709,2026-04-12 20:51:02.953201,2026-04-12 20:51:17.085626,0 days 00:00:14.132425,200,3,1,0.9075703323754208,1.0430050979574912,0.8612213886642273,0.010317843675726126,1.9568578445016627,3,1,500,1.2184947498318035,450,3,1,1.3333021898301782,0.031672516460956944,0.01260057754354056,0.8946901231602014,1.0765267358302841,1.2184947498318035,3.999906569490535,dual_text,0.7220576804651582,0.1177174299955368,0.7945205479452054,0.90625,0.7073170731707317,COMPLETE
134,0.7901241980053529,2026-04-12 20:51:17.086020,2026-04-12 20:51:30.794719,0 days 00:00:13.708699,200,3,1,0.8967263381012501,0.5313251207743039,0.8348355664513947,0.009205797824349249,1.993398558567674,3,1,500,1.2162585357674511,450,3,1,1.2850502909785946,0.025083806617899686,0.010332634864247792,0.9155098635460536,1.0435444580642432,1.2162585357674511,3.8551508729357837,dual_text,0.7234381791258014,0.12276869267225266,0.7894736842105263,0.8571428571428571,0.7317073170731707,COMPLETE
135,0.7597408515496029,2026-04-12 20:51:30.794940,2026-04-12 20:51:42.708320,0 days 00:00:11.913380,200,3,1,0.9143473839598605,3.2039554012075833,0.8897058101888667,0.008121494035795407,1.8823244645658557,3,1,500,1.1695756901716745,450,3,1,1.369553521417478,0.006860936559698951,0.012531257449637671,0.8986890123297538,1.1121322627360835,1.1695756901716745,4.1086605642524345,dual_text,0.7359504629088408,0.1733020842075348,0.7792207792207793,0.8333333333333334,0.7317073170731707,COMPLETE
136,0.8211199145135606,2026-04-12 20:51:42.708663,2026-04-12 20:51:56.853423,0 days 00:00:14.144760,200,3,1,0.9348084678911343,0.6866884109115863,0.7739889727833542,0.00869454512109954,1.953791897234412,3,1,600,1.203375117882235,450,3,1,1.257465514448952,0.021587465427759966,0.014670773723761242,0.903296948210892,0.9674862159791928,1.203375117882235,3.772396543346856,dual_text,0.7039971504520176,0.09966273605823517,0.8,0.8823529411764706,0.7317073170731707,COMPLETE
137,0.6784759665982175,2026-04-12 20:51:56.853730,2026-04-12 20:52:11.467473,0 days 00:00:14.613743,200,3,1,0.9441338953267446,0.9676956062653485,0.775759023894055,0.008670231337599843,1.8851397867041388,3,2,600,1.198357805410767,500,3,1,1.3227789516403667,0.026052096700498958,0.01521127092222916,0.9168451217053999,0.9696987798675688,1.198357805410767,3.9683368549211,dual_text,0.6245235619319249,0.10434142500162125,0.7532467532467533,0.8055555555555556,0.7073170731707317,COMPLETE
138,0.8212228010186396,2026-04-12 20:52:11.467885,2026-04-12 20:52:26.908670,0 days 00:00:15.440785,200,3,1,0.9236325466563586,0.44365827983143136,0.8439216915001825,0.01044862910762786,1.9689575402210047,3,1,600,1.2351971500252308,450,3,1,1.258059454614592,0.02111513053636834,0.011273848716531904,0.886043119787421,1.0549021143752282,1.2351971500252308,3.774178363843776,dual_text,0.7074267006213215,0.09199117124080658,0.8,0.8823529411764706,0.7317073170731707,COMPLETE
139,0.583149435043067,2026-04-12 20:52:26.909173,2026-04-12 20:52:40.915194,0 days 00:00:14.006021,200,3,1,0.5558639458085382,0.46999388957668625,0.8501858258214621,0.010573606222778878,1.9964489660226894,3,1,600,1.2260801595910609,450,3,1,1.2606444393033163,0.008244397165898601,0.011248599816460486,0.8865677924169942,1.0627322822768277,1.2260801595910609,3.7819333179099486,dual_text,0.4824912082628792,0.035416122525930405,0.7228915662650602,0.7142857142857143,0.7317073170731707,COMPLETE
140,0.7258392789198448,2026-04-12 20:52:40.915877,2026-04-12 20:52:55.446824,0 days 00:00:14.530947,200,3,1,0.925573944765355,0.4041366397245929,0.867598580792356,0.010041493265752575,1.907880789778769,3,2,600,1.235921261672206,450,3,1,1.2019606835825531,0.030978327221451732,0.018597636297384368,0.9091311052495482,1.084498225990445,1.235921261672206,3.6058820507476597,dual_text,0.6048990409179018,0.07998659461736679,0.7692307692307693,0.8108108108108109,0.7317073170731707,COMPLETE
141,0.759631242343747,2026-04-12 20:52:55.447163,2026-04-12 20:53:07.087743,0 days 00:00:11.640580,200,3,1,0.9390573072162739,3.7956270412960342,0.7775308252515181,0.008889293580229328,1.9468451380575669,3,1,500,1.1800463602396336,450,3,1,1.302600274781884,0.02091947198439021,0.01017276622285769,0.9039939951373857,0.9719135315643976,1.1800463602396336,3.9078008243456517,dual_text,0.7322968227136436,0.1492592841386795,0.7792207792207793,0.8333333333333334,0.7317073170731707,COMPLETE
142,0.8223002900659079,2026-04-12 20:53:07.087989,2026-04-12 20:53:21.256241,0 days 00:00:14.168252,200,3,1,0.9536614199982256,0.6756504744347147,0.7591137045949569,0.009497982201930254,1.9587695254292548,3,1,500,1.208015399847447,450,3,1,1.2552484724030446,0.010905581788353148,0.013916024206769372,0.8909963997931017,0.948892130743696,1.208015399847447,3.765745417209134,dual_text,0.7433430021969274,0.12054374068975449,0.8,0.8823529411764706,0.7317073170731707,COMPLETE
143,0.8220508243201536,2026-04-12 20:53:21.256513,2026-04-12 20:53:36.446444,0 days 00:00:15.189931,200,3,1,0.9541129852924245,0.5691762851661193,0.7571544069786984,0.007948002494264611,1.864953440193208,3,1,600,1.1697066310152637,450,3,1,1.2810413148190618,0.010817967704161912,0.013806103250520212,0.8719101180908628,0.9464430087233731,1.1697066310152637,3.8431239444571856,dual_text,0.7350274773384544,0.10144761204719543,0.8,0.8823529411764706,0.7317073170731707,COMPLETE
144,0.741090959653491,2026-04-12 20:53:36.446848,2026-04-12 20:53:52.582937,0 days 00:00:16.136089,200,3,1,0.964530685504418,0.14077217427596644,0.7292841709998611,0.007829322439836146,1.891124214805047,3,1,600,1.162802920453508,500,3,1,1.2724158617246153,0.012095170205976285,0.013887823142278875,0.872157808912743,0.9116052137498264,1.162802920453508,3.817247585173846,dual_text,0.7030319884497075,0.12557539343833923,0.7733333333333333,0.8529411764705882,0.7073170731707317,COMPLETE
145,0.8220562589446281,2026-04-12 20:53:52.583295,2026-04-12 20:54:08.807954,0 days 00:00:16.224659,200,3,1,0.9548105818717624,0.5478412141770974,0.7582356015507066,0.008381193881248123,1.8737719067198297,3,1,600,1.2151258796270952,450,3,1,1.2516682839331807,0.03697860853327885,0.011658889592452589,0.8825953624901676,0.9477945019383832,1.2151258796270952,3.7550048517995425,dual_text,0.735208631487603,0.10775931179523468,0.8,0.8823529411764706,0.7317073170731707,COMPLETE
146,-0.8973744654739783,2026-04-12 20:54:08.808224,2026-04-12 20:54:22.623235,0 days 00:00:13.815011,200,3,1,0.9539368246488517,0.5861646732795405,0.8184919567683491,0.008391377509175176,1.8679726368712226,3,8,600,1.207824342731947,450,3,1,1.2548330163382793,0.035716908912996295,0.011856591315434525,0.8830721019756071,1.0231149459604363,1.207824342731947,3.764499049014838,dual_text,0.14812387814012545,0.014183289371430874,0.23272727272727273,0.13675213675213677,0.7804878048780488,COMPLETE
147,0.8205931506293637,2026-04-12 20:54:22.623552,2026-04-12 20:54:36.622006,0 days 00:00:13.998454,200,3,1,0.946810462904011,0.3933011243780897,0.8485603467281226,0.012219676165957882,1.8658133192307167,3,1,600,1.1555956868845922,450,3,1,1.2840717552519236,0.010346429003986392,0.01863038505740296,0.8916359340460699,1.0607004334101533,1.1555956868845922,3.852215265755771,dual_text,0.6864383543121205,0.08117565512657166,0.8,0.8823529411764706,0.7317073170731707,COMPLETE
148,0.8206143665308917,2026-04-12 20:54:36.622243,2026-04-12 20:54:50.884578,0 days 00:00:14.262335,200,3,1,0.9471614235719688,0.36727704315328036,0.8845540799649831,0.012098408834013884,1.9573559247251289,3,1,600,1.1383201089870034,450,3,1,1.2799594421209406,0.005490578910745622,0.010050566892406453,0.8915559059213854,1.105692599956229,1.1383201089870034,3.839878326362822,dual_text,0.6871455510297203,0.07465491443872452,0.8,0.8823529411764706,0.7317073170731707,COMPLETE
149,0.788650769020344,2026-04-12 20:54:50.885039,2026-04-12 20:55:05.017585,0 days 00:00:14.132546,200,3,1,0.9133502772076912,0.37848142829581866,0.912546559343696,0.012432356956054928,1.9681961446015466,3,1,600,1.137370332588675,450,3,1,1.2743674117124584,0.005467367853685176,0.010065050192599718,0.8874459687731172,1.14068319917962,1.137370332588675,3.823102235137375,dual_text,0.6743238796255062,0.0794915109872818,0.7894736842105263,0.8571428571428571,0.7317073170731707,COMPLETE
