number,value,datetime_start,datetime_complete,duration,params_aux_max_features,params_aux_min_df,params_aux_ngram_high,params_colsample_bytree,params_gamma,params_gen_pos_weight_mult,params_learning_rate,params_max_delta_step,params_max_depth,params_min_child_weight,params_n_estimators,params_neg_weight_mult,params_readme_max_features,params_readme_min_df,params_readme_ngram_high,params_real_pos_weight_mult,params_reg_alpha,params_reg_lambda,params_subsample,user_attrs_actual_w_generated_pos,user_attrs_actual_w_neg,user_attrs_actual_w_real_pos,user_attrs_text_mode,user_attrs_val_ap,user_attrs_val_best_threshold,user_attrs_val_f1,user_attrs_val_precision,user_attrs_val_recall,state
88,-0.16917252809710037,2026-04-12 22:58:02.310241,2026-04-12 22:58:13.081676,0 days 00:00:10.771435,200,3,2,0.8828905610111042,5.810103396556347,1.1536846447477784,0.025825061247275898,0.8361611889875928,4,2,600,1.224317503854226,300,3,1,2.008214061008844,1.0108440749342202,2.434838375416483,0.8299071585558477,1.4421058059347232,1.224317503854226,6.024642183026532,dual_text,0.2366219447859211,0.06449081003665924,0.4745762711864407,0.358974358974359,0.7,COMPLETE
89,0.5235050243357974,2026-04-12 22:58:13.081965,2026-04-12 22:58:25.502106,0 days 00:00:12.420141,250,1,2,0.7511736088035407,4.684216232538485,1.1728832242708083,0.03266050928649603,0.7975143802615845,4,1,600,1.1977566299715527,650,3,1,1.410388600349238,2.142734467070173,1.8106597545469898,0.7880705063718048,1.4661040303385104,1.1977566299715527,4.231165801047714,dual_text,0.5132305409229749,0.23862065374851227,0.7027027027027027,0.7647058823529411,0.65,COMPLETE
90,0.5598028770102806,2026-04-12 22:58:25.502624,2026-04-12 22:58:38.133114,0 days 00:00:12.630490,200,1,2,0.8282777737614748,5.292708165445844,1.1099680727527075,0.0402603477656817,0.6133439582356246,4,1,800,1.155820621531549,650,3,1,1.7051435468115805,1.3393528419952718,2.057090646865353,0.854999020552884,1.3874600909408843,1.155820621531549,5.115430640434742,dual_text,0.564857805104593,0.39836999773979187,0.7142857142857143,0.8333333333333334,0.625,COMPLETE
91,0.5537978085032097,2026-04-12 22:58:38.133359,2026-04-12 22:58:50.969754,0 days 00:00:12.836395,200,1,2,0.8464358379617206,5.238746139006321,1.1072245322721306,0.04080464358929948,0.6295984408352066,4,1,800,1.1547094816305545,650,3,1,1.5140977317359083,1.388845995582476,2.006448198535311,0.8147880860736775,1.3840306653401633,1.1547094816305545,4.542293195207725,dual_text,0.5603835711115636,0.34051188826560974,0.7123287671232876,0.7878787878787878,0.65,COMPLETE
92,0.5541956015196101,2026-04-12 22:58:50.970026,2026-04-12 22:59:03.445942,0 days 00:00:12.475916,200,1,2,0.8376641555719818,5.5392905718081416,1.111401391872973,0.04067395506432,0.6040710779621928,4,1,800,1.1727462993967555,650,3,1,1.7191704778218768,1.4309102143278016,1.979276327702082,0.8539771379284107,1.3892517398412163,1.1727462993967555,5.157511433465631,dual_text,0.5736433383249091,0.32235899567604065,0.7123287671232876,0.7878787878787878,0.65,COMPLETE
93,0.554771907915298,2026-04-12 22:59:03.446411,2026-04-12 22:59:15.660940,0 days 00:00:12.214529,200,1,2,0.8414795028382793,5.22548571260273,1.108324304713209,0.04145875289687597,0.5938978154737864,4,1,800,1.17634295983626,650,3,1,1.7148021640867637,0.002809377207889869,1.3875352639993461,0.8259407218739642,1.3854053808915112,1.17634295983626,5.144406492260291,dual_text,0.5928535515145066,0.3060282766819,0.7123287671232876,0.7878787878787878,0.65,COMPLETE
94,0.5243718550466848,2026-04-12 22:59:15.661192,2026-04-12 22:59:27.313868,0 days 00:00:11.652676,200,1,2,0.8541375723491725,5.231161537810788,1.0660921878875698,0.042157672412703406,0.574762377606929,4,1,800,1.0897529608495473,600,3,1,1.4682048824425478,0.00945582241683056,1.3899879437930376,0.8605544505322505,1.3326152348594622,1.0897529608495473,4.4046146473276435,dual_text,0.542124897952557,0.28500473499298096,0.7027027027027027,0.7647058823529411,0.65,COMPLETE
95,0.5924097825453513,2026-04-12 22:59:27.314111,2026-04-12 22:59:37.155375,0 days 00:00:09.841264,200,1,2,0.8725212426006244,5.63360256352954,1.0909877353111317,0.05193639580864954,0.6180982520885412,4,1,500,1.1553156689595219,650,3,1,1.673809596626719,0.0017949041633752033,0.8977997336594525,0.8552950996927196,1.3637346691389145,1.1553156689595219,5.021428789880157,dual_text,0.616557968903015,0.43589502573013306,0.7246376811594203,0.8620689655172413,0.625,COMPLETE
96,-0.06423120721587006,2026-04-12 22:59:37.155647,2026-04-12 22:59:46.717653,0 days 00:00:09.562006,200,1,2,0.9015487933665209,5.555182773119711,1.0740144324049397,0.05044872207918006,0.6283394179293,4,1,500,1.1589794963022608,350,3,1,1.7179322429302566,0.002276054095276847,1.010280389567432,0.8492456554498238,1.3425180405061745,1.1589794963022608,5.15379672879077,dual_text,0.2832021837134291,0.06726637482643127,0.509090909090909,0.4,0.7,COMPLETE
97,0.5832801577779484,2026-04-12 22:59:46.717890,2026-04-12 22:59:57.241315,0 days 00:00:10.523425,200,1,2,0.8290004921823003,5.704015182556536,1.1052751399367258,0.06816074961837382,0.7461076126733638,4,1,500,1.1749144107074119,600,3,1,1.6596962776876625,0.003754205224536259,1.906457457697135,0.853858093193285,1.3815939249209073,1.1749144107074119,4.979088833062987,dual_text,0.553783037042728,0.2812528908252716,0.7222222222222222,0.8125,0.65,COMPLETE
98,0.5304359909444856,2026-04-12 22:59:57.241584,2026-04-12 23:00:07.618752,0 days 00:00:10.377168,200,1,2,0.8739133703670092,5.697414476323287,1.0371588080578333,0.052329566061664175,0.7514724903056935,4,1,500,1.1741213233208134,600,3,1,1.6869558324554688,0.0030762469275030374,1.9211577692841264,0.871971662144353,1.2964485100722918,1.1741213233208134,5.060867497366406,dual_text,0.5919978202152533,0.4022674262523651,0.704225352112676,0.8064516129032258,0.625,COMPLETE
99,0.5534158886781803,2026-04-12 23:00:07.618982,2026-04-12 23:00:16.941924,0 days 00:00:09.322942,150,1,2,0.8323720727111532,5.860335137616126,0.6218994645363607,0.08251370638679852,0.5939645373446295,4,1,400,1.1204473212883193,600,3,1,1.6597565538344883,0.0009565954980572312,0.8400431597357164,0.8423288688907935,0.7773743306704508,1.1204473212883193,4.979269661503465,dual_text,0.5476529102772489,0.24290001392364502,0.7123287671232876,0.7878787878787878,0.65,COMPLETE
100,-0.2194223496408727,2026-04-12 23:00:16.942287,2026-04-12 23:00:25.780421,0 days 00:00:08.838134,150,1,2,0.8297043585600599,5.916154334603247,0.5110961461289577,0.08731469833944573,0.9532768713821469,4,1,400,1.1290441451558804,550,3,1,1.6318132521700663,0.0009387166751851007,0.8707285182668387,0.8573876891397882,0.6388701826611971,1.1290441451558804,4.895439756510199,dual_text,0.2565431475641332,0.05710901692509651,0.4576271186440678,0.34615384615384615,0.675,COMPLETE
101,0.5001718073709759,2026-04-12 23:00:25.780644,2026-04-12 23:00:35.078220,0 days 00:00:09.297576,150,1,2,0.8453249283869669,5.3143054037936155,0.6338139760704503,0.07709083752816696,0.6066790026411932,4,1,400,1.1171620447568373,600,3,1,1.662285376938929,0.005181175728938621,0.7088335916315801,0.8391158833358038,0.7922674700880629,1.1171620447568373,4.986856130816787,dual_text,0.5612824679214248,0.4015907049179077,0.6944444444444444,0.78125,0.625,COMPLETE
102,0.49955009792209304,2026-04-12 23:00:35.078627,2026-04-12 23:00:45.440360,0 days 00:00:10.361733,150,1,2,0.8597849170134445,5.765064004811891,0.7670362632964804,0.0685395909234834,0.5579707150886408,4,1,500,1.1509835838015,600,3,1,1.5771855817810843,0.0006526258590470088,1.3310961355385542,0.8254987545618069,0.9587953291206006,1.1509835838015,4.731556745343253,dual_text,0.5405588196253294,0.35437312722206116,0.6944444444444444,0.78125,0.625,COMPLETE
103,0.4957823121184046,2026-04-12 23:00:45.440786,2026-04-12 23:00:53.804260,0 days 00:00:08.363474,150,1,2,0.8249733850824675,5.590465210393395,0.7189931691396745,0.09639487418498678,0.6302851421663414,4,1,400,1.0791238519933684,600,3,1,1.5232646168108037,0.002472015209147745,1.5360514894613202,0.8943259045854786,0.8987414614245931,1.0791238519933684,4.569793850432411,dual_text,0.5260770706134889,0.27188408374786377,0.6933333333333334,0.7428571428571429,0.65,COMPLETE
104,0.5852210038691412,2026-04-12 23:00:53.804921,2026-04-12 23:01:03.603187,0 days 00:00:09.798266,100,1,2,0.8423295075692506,5.383377591972248,0.8300790667446397,0.06290610194311162,0.7307789183199304,4,1,500,1.1726986368391064,650,3,1,1.671393621640021,0.007528206344894783,1.0925878416965942,0.8574227172340874,1.0375988334307997,1.1726986368391064,5.014180864920062,dual_text,0.618477906749156,0.3243536651134491,0.7222222222222222,0.8125,0.65,COMPLETE
105,0.058818194000741286,2026-04-12 23:01:03.603431,2026-04-12 23:01:13.732078,0 days 00:00:10.128647,200,1,2,0.8423418161102184,5.401095220142855,0.821370763715289,0.066591911640744,0.7987970124801836,4,1,500,1.1675828285771028,550,3,1,1.6097461666123951,0.0013734426034337618,1.0810020641996752,0.8525182529600681,1.0267134546441112,1.1675828285771028,4.829238499837185,dual_text,0.3488848549697634,0.09451882541179657,0.5494505494505495,0.49019607843137253,0.625,COMPLETE
106,0.5846926533679856,2026-04-12 23:01:13.732575,2026-04-12 23:01:22.512021,0 days 00:00:08.779446,100,1,2,0.8974918898368102,5.660818561430253,0.6191739238274949,0.07582868128044208,0.7306904745662672,4,1,400,1.1279041134194625,650,3,1,1.6705990124131704,0.008375268772879323,0.4015714431498175,0.8812029098913119,0.7739674047843687,1.1279041134194625,5.0117970372395115,dual_text,0.6008662233773011,0.3296222388744354,0.7222222222222222,0.8125,0.65,COMPLETE
107,0.5419391551634078,2026-04-12 23:01:22.512391,2026-04-12 23:01:31.713446,0 days 00:00:09.201055,100,1,2,0.8977077782550892,5.849028078481197,0.5988252839118545,0.07622038571868685,0.8817234194006381,4,1,400,1.1302073564052137,600,3,1,1.6672461708861086,0.006820182967968971,0.6151976893037439,0.8767110642482197,0.7485316048898182,1.1302073564052137,5.001738512658326,dual_text,0.6287410695494927,0.5143811702728271,0.7076923076923077,0.92,0.575,COMPLETE
108,0.5917429659401187,2026-04-12 23:01:31.713689,2026-04-12 23:01:41.108072,0 days 00:00:09.394383,100,1,2,0.8657088772751647,5.656511528533341,0.6647508110032209,0.05953753108376587,0.7198138203598052,4,1,400,1.099361106770332,650,3,1,1.7154034563793015,0.00039330897905216083,0.7596353957352546,0.8664527001824434,0.830938513754026,1.099361106770332,5.146210369137904,dual_text,0.5943307487285961,0.41339361667633057,0.7246376811594203,0.8620689655172413,0.625,COMPLETE
109,0.5918172376725576,2026-04-12 23:01:41.108316,2026-04-12 23:01:51.268777,0 days 00:00:10.160461,100,1,2,0.8649516768443346,5.657669507582783,0.5431671762557219,0.061073367715489185,0.7337900999602815,4,1,500,1.095745634995825,650,3,1,1.720972592983892,0.003599608108831005,0.3671821358276379,0.8857043546750963,0.6789589703196524,1.095745634995825,5.162917778951676,dual_text,0.596806473143226,0.3974963128566742,0.7246376811594203,0.8620689655172413,0.625,COMPLETE
110,0.5607348127374534,2026-04-12 23:01:51.269248,2026-04-12 23:02:00.870522,0 days 00:00:09.601274,100,2,2,0.8645513238825056,5.6450292911962086,0.691227298230583,0.05840956152671764,0.7395816497538826,4,1,500,1.100969665495425,650,3,1,1.7123717902800892,0.007373265709509422,0.4367686633900666,0.8819181984326467,0.8640341227882288,1.100969665495425,5.1371153708402675,dual_text,0.5959223293436863,0.34320342540740967,0.7142857142857143,0.8333333333333334,0.625,COMPLETE
111,0.56069261473119,2026-04-12 23:02:00.870953,2026-04-12 23:02:10.745056,0 days 00:00:09.874103,100,2,2,0.8856998090359667,5.658706372360179,0.6796169797633537,0.06224498660222215,0.7280574840830769,4,1,500,1.092919474243215,650,3,1,1.7088437933838445,0.003538381455932149,0.4171829316408871,0.8861251401139731,0.8495212247041921,1.092919474243215,5.126531380151533,dual_text,0.5945157291349067,0.3942451477050781,0.7142857142857143,0.8333333333333334,0.625,COMPLETE
112,0.5923275219914885,2026-04-12 23:02:10.745337,2026-04-12 23:02:19.780825,0 days 00:00:09.035488,100,2,2,0.9154771404160429,5.394457053716892,0.6805998480826905,0.060899607600445625,0.7289269982320572,4,1,500,1.0951296478361243,650,3,1,1.7106701445555093,0.0037119398995638536,0.32522603710993875,0.8671145487527439,0.850749810103363,1.0951296478361243,5.132010433666528,dual_text,0.6138159504409234,0.4325488209724426,0.7246376811594203,0.8620689655172413,0.625,COMPLETE
113,0.5354589955404585,2026-04-12 23:02:19.781059,2026-04-12 23:02:27.949947,0 days 00:00:08.168888,100,2,2,0.9232850611801923,5.369400834039233,0.6540115793885841,0.062356209666798335,0.7468782423050171,4,1,500,1.0412534617501743,650,3,1,1.7066770653983168,0.003751530057972887,0.3825088361039773,0.8859510065751767,0.8175144742357301,1.0412534617501743,5.12003119619495,dual_text,0.5937312238976357,0.43798092007637024,0.7058823529411765,0.8571428571428571,0.6,COMPLETE
114,0.5923762489535186,2026-04-12 23:02:27.950190,2026-04-12 23:02:35.559714,0 days 00:00:07.609524,100,2,2,0.8767332929496255,5.6998446503410225,0.6825194984796119,0.05753439592218994,1.0224417286540792,4,1,500,1.0633931473670315,650,3,1,1.7535243441211814,0.007052572250810022,0.35271851017915595,0.8999833804002877,0.8531493730995149,1.0633931473670315,5.260573032363544,dual_text,0.6154401825085923,0.4093283712863922,0.7246376811594203,0.8620689655172413,0.625,COMPLETE
115,0.5852674777224329,2026-04-12 23:02:35.560001,2026-04-12 23:02:43.403165,0 days 00:00:07.843164,100,2,2,0.8795864347331035,5.670345014631213,0.6747234013772054,0.05871266120705134,1.1860809779435142,4,1,500,1.0943775409926964,650,3,1,1.7590599931413484,0.014871910550093605,0.362697190496929,0.9007882074292151,0.8434042517215068,1.0943775409926964,5.277179979424045,dual_text,0.620027035192214,0.2516770362854004,0.7222222222222222,0.8125,0.65,COMPLETE
116,0.5678423579621441,2026-04-12 23:02:43.403432,2026-04-12 23:02:50.963087,0 days 00:00:07.559655,100,2,2,0.9125014076679137,5.677029196983126,0.6871334705420599,0.05868139169071461,1.133172621665183,4,1,500,1.0685724522600062,650,3,1,1.7551741120079913,0.007620207692741195,0.26031918067724996,0.8974899066496564,0.8589168381775748,1.0685724522600062,5.265522336023974,dual_text,0.6196208872953561,0.5246074199676514,0.7164179104477612,0.8888888888888888,0.6,COMPLETE
117,0.6243442913499186,2026-04-12 23:02:50.963325,2026-04-12 23:02:57.050579,0 days 00:00:06.087254,100,2,2,0.9625289584821677,5.981016594177511,0.6741747164487855,0.058749989199155375,1.027329601467167,4,1,500,1.0977913579348753,650,3,1,1.7573044641254094,0.007753790533901314,0.24209775085681767,0.9098066924036349,0.8427183955609818,1.0977913579348753,5.271913392376228,dual_text,0.6153979469580719,0.40198665857315063,0.7352941176470589,0.8928571428571429,0.625,COMPLETE
118,0.5679625922122478,2026-04-12 23:02:57.050817,2026-04-12 23:03:02.908459,0 days 00:00:05.857642,100,2,2,0.9731923909947077,5.995562018337016,0.6843466992073002,0.05779299628495633,1.2532863489961439,4,1,500,1.0658758942337323,650,3,1,1.7676997135345078,0.006148499333006965,0.2771403000110472,0.8999722537419927,0.8554333740091252,1.0658758942337323,5.303099140603523,dual_text,0.623628695632148,0.5403624773025513,0.7164179104477612,0.8888888888888888,0.6,COMPLETE
119,0.5677758723040662,2026-04-12 23:03:02.908810,2026-04-12 23:03:08.900866,0 days 00:00:05.992056,100,2,2,0.9652768702352318,5.960761294334144,0.7454046989370148,0.0703616610113303,1.1144517229695765,4,1,400,1.0642751077300792,650,3,1,1.7487524287201737,0.015495417151854167,0.2466884476628221,0.9003802851729046,0.9317558736712684,1.0642751077300792,5.246257286160521,dual_text,0.6174046986927634,0.5205943584442139,0.7164179104477612,0.8888888888888888,0.6,COMPLETE
120,0.5679151774968261,2026-04-12 23:03:08.901082,2026-04-12 23:03:14.899016,0 days 00:00:05.997934,100,2,2,0.9454255026712273,5.754942033676991,0.6669830951645926,0.058049896786088545,1.2659826087046309,4,1,500,1.075096858285947,650,3,1,1.7549217386114042,0.030136154016888204,0.33804406021162997,0.9153237552881663,0.8337288689557408,1.075096858285947,5.264765215834212,dual_text,0.6220482051180919,0.577968418598175,0.7164179104477612,0.8888888888888888,0.6,COMPLETE
121,0.5852321833504966,2026-04-12 23:03:14.899242,2026-04-12 23:03:21.007628,0 days 00:00:06.108386,100,2,2,0.9580077975970339,5.997649567849046,0.6514977050155899,0.05598017508435445,1.16189895589877,4,1,500,1.0224775369660954,650,3,1,1.7689132859393473,0.0019163264655502584,0.16436016950568041,0.9151135391923035,0.8143721312694874,1.0224775369660954,5.306739857818042,dual_text,0.618850556127672,0.2858932912349701,0.7222222222222222,0.8125,0.65,COMPLETE
122,0.5678821363887451,2026-04-12 23:03:21.007868,2026-04-12 23:03:26.684388,0 days 00:00:05.676520,100,2,2,0.9858455428902841,5.832625580282766,0.6565378784631963,0.05499703613257255,1.2291464491345485,4,1,500,1.0236995277560614,650,3,1,1.7693239417713729,0.0019035814662858024,0.180351987158671,0.9133359733293792,0.8206723480789955,1.0236995277560614,5.307971825314119,dual_text,0.6209468348487225,0.538162112236023,0.7164179104477612,0.8888888888888888,0.6,COMPLETE
123,0.5608151995265154,2026-04-12 23:03:26.684652,2026-04-12 23:03:32.138491,0 days 00:00:05.453839,100,2,2,0.9740057772022785,5.965947533350062,0.5467520262306729,0.06529931828324685,1.3749426144887162,4,1,400,1.0545969126477592,650,3,1,1.6787787537543142,0.029545407692725942,0.31548407168014286,0.9075406204166833,0.6834400327883411,1.0545969126477592,5.036336261262942,dual_text,0.5986018889790868,0.333823561668396,0.7142857142857143,0.8333333333333334,0.625,COMPLETE
124,0.5678836436759667,2026-04-12 23:03:32.138711,2026-04-12 23:03:38.275881,0 days 00:00:06.137170,50,2,2,0.9589686713743478,5.456507495422627,0.6670260073617101,0.07375545997714011,1.0493531012478021,4,1,500,1.0803692266903995,650,3,1,1.7847837285703017,0.014169268505611943,0.15352959083862566,0.9302720951725543,0.8337825092021377,1.0803692266903995,5.354351185710905,dual_text,0.6209970777561092,0.5504137277603149,0.7164179104477612,0.8888888888888888,0.6,COMPLETE
125,0.6245568026285451,2026-04-12 23:03:38.276092,2026-04-12 23:03:44.519182,0 days 00:00:06.243090,100,2,2,0.9443659119753064,5.769785423339923,0.7206669396209661,0.07160328600091438,1.2642396462892447,4,1,500,1.0134498806847596,650,3,1,1.7418763351625066,0.0042675482294949555,0.3447861205882645,0.9209747134962928,0.9008336745262076,1.0134498806847596,5.225629005487519,dual_text,0.6224816562456159,0.4002154469490051,0.7352941176470589,0.8928571428571429,0.625,COMPLETE
126,0.6244256963985728,2026-04-12 23:03:44.519403,2026-04-12 23:03:50.815417,0 days 00:00:06.296014,100,2,2,0.9355990723055723,5.114536547427964,0.7159246887698217,0.07196744469703832,1.1924174270647279,4,1,500,1.0327086886523256,650,3,1,1.7356377253398843,0.004541831133911415,0.21783497437197133,0.9223753005000875,0.8949058609622772,1.0327086886523256,5.206913176019652,dual_text,0.6181114485798741,0.4077736735343933,0.7352941176470589,0.8928571428571429,0.625,COMPLETE
127,0.5293144159127876,2026-04-12 23:03:50.815637,2026-04-12 23:03:56.072648,0 days 00:00:05.257011,100,2,2,0.9564629961875211,5.478979501725399,0.7136097736279119,0.07923096512523002,1.1736363860628527,4,2,400,1.0089095485825381,650,3,1,1.628336851651124,0.009976573920192315,0.10586264056211285,0.9222726662595754,0.8920122170348899,1.0089095485825381,4.885010554953372,dual_text,0.5546119858253223,0.35924896597862244,0.704225352112676,0.8064516129032258,0.625,COMPLETE
128,0.5299052387404872,2026-04-12 23:03:56.072873,2026-04-12 23:04:02.978813,0 days 00:00:06.905940,100,2,2,0.9965797468995581,5.57255753805711,0.6152974733989629,0.08901062621442699,1.028229375725783,4,1,500,0.942023587149075,650,3,1,1.734418711779248,0.004953260446588893,0.23493568836185966,0.8661237350536184,0.7691218417487036,0.942023587149075,5.203256135337744,dual_text,0.5743060800819765,0.37148407101631165,0.704225352112676,0.8064516129032258,0.625,COMPLETE
129,0.5677378862700475,2026-04-12 23:04:02.979236,2026-04-12 23:04:08.962968,0 days 00:00:05.983732,100,2,2,0.928873048739195,5.132576914363796,0.7411725172769238,0.07172215638337534,1.1782777763898071,4,1,600,1.012257332497849,650,3,1,1.6877398857174255,0.003892142388638991,0.20303237711833255,0.8903384659651687,0.9264656465961547,1.012257332497849,5.063219657152277,dual_text,0.6161384975588059,0.6053175330162048,0.7164179104477612,0.8888888888888888,0.6,COMPLETE
130,-1.1538896977208506,2026-04-12 23:04:08.963190,2026-04-12 23:04:15.542655,0 days 00:00:06.579465,100,2,2,0.9378747546472249,5.768899252934707,0.6395902452544484,0.09758470744117848,1.0856706103164702,4,10,400,1.034738941895982,650,3,1,1.802656763789152,0.001834803239326304,0.35803652113201845,0.8736143104485123,0.7994878065680605,1.034738941895982,5.407970291367456,dual_text,0.07213713127808129,0.011972351931035519,0.14798206278026907,0.0812807881773399,0.825,COMPLETE
131,0.567616480661734,2026-04-12 23:04:15.542890,2026-04-12 23:04:21.271037,0 days 00:00:05.728147,100,2,2,0.9059009859612132,5.903420810084739,0.7055056489325063,0.06488233241418041,1.252202955708996,4,1,500,1.0529915680161064,650,3,1,1.7754834808842601,0.00470960167505618,0.29213573112246555,0.9319825231016686,0.881882061165633,1.0529915680161064,5.326450442652781,dual_text,0.6120916439483525,0.5240715146064758,0.7164179104477612,0.8888888888888888,0.6,COMPLETE
132,0.5607656768377419,2026-04-12 23:04:21.271270,2026-04-12 23:04:27.078199,0 days 00:00:05.806929,100,2,2,0.8816987333512389,5.972412587368765,0.5843320017395329,0.06103705322953389,1.3040891343157621,4,1,500,0.9828991219312051,650,3,1,1.7385902068134909,0.00039187995222443394,0.5426677400532313,0.9090765342240265,0.7304150021744161,0.9828991219312051,5.215770620440472,dual_text,0.5969511326866355,0.3459966778755188,0.7142857142857143,0.8333333333333334,0.625,COMPLETE
