number,value,datetime_start,datetime_complete,duration,params_aux_max_features,params_aux_min_df,params_aux_ngram_high,params_colsample_bytree,params_gamma,params_gen_pos_weight_mult,params_learning_rate,params_max_delta_step,params_max_depth,params_min_child_weight,params_n_estimators,params_neg_weight_mult,params_readme_max_features,params_readme_min_df,params_readme_ngram_high,params_real_pos_weight_mult,params_reg_alpha,params_reg_lambda,params_subsample,user_attrs_actual_w_generated_pos,user_attrs_actual_w_neg,user_attrs_actual_w_real_pos,user_attrs_text_mode,user_attrs_val_ap,user_attrs_val_best_threshold,user_attrs_val_f1,user_attrs_val_precision,user_attrs_val_recall,state
0,0.0902212254146405,2026-04-12 20:23:18.762979,2026-04-12 20:23:29.044819,0 days 00:00:10.281840,100,1,2,0.9399918884046401,1.8965788261092522,0.8788135485983826,0.017542216220087413,0.15332539999289452,6,3,1200,0.9174082946546163,300,3,1,1.8660902130980257,0.00016240620241982372,0.14987210648795207,0.6699097278279031,1.0985169357479783,0.9174082946546163,5.598270639294077,dual_text,0.3407075138213487,0.1654425859451294,0.56,0.4745762711864407,0.6829268292682927,COMPLETE
1,-0.6938390909250128,2026-04-12 20:23:29.045081,2026-04-12 20:23:39.582621,0 days 00:00:10.537540,100,3,1,0.8363681549071852,5.4609184546809395,0.5577500347880088,0.01150816471421572,1.0505113422142909,2,6,700,1.4382591479889206,600,4,2,1.8697246517218078,2.278991231579278,4.344399487712444,0.8164587284525386,0.697187543485011,1.4382591479889206,5.609173955165423,dual_text,0.15841527902539557,0.024924350902438164,0.3004694835680751,0.18604651162790697,0.7804878048780488,COMPLETE
2,-1.0750543047607986,2026-04-12 20:23:39.583000,2026-04-12 20:23:56.951575,0 days 00:00:17.368575,150,3,2,0.8022984262496807,2.3951813154244483,0.6928911436542664,0.018077345856268197,1.3402903294047637,6,8,600,1.4380483618445177,250,2,2,1.8287857958821614,0.0017885297989870014,1.2897678887660076,0.805771494371389,0.8661139295678331,1.4380483618445177,5.486357387646484,dual_text,0.10688549348063167,0.0844532772898674,0.17391304347826086,0.21428571428571427,0.14634146341463414,COMPLETE
3,0.22021726162890598,2026-04-12 20:23:56.951816,2026-04-12 20:24:05.783286,0 days 00:00:08.831470,100,1,2,0.6604044638335119,4.171565201730558,0.9591739794766976,0.01805159317137579,0.20548555714642336,3,3,500,1.0797700654842148,550,3,2,1.4903327777707567,0.12463221442813358,1.2321129509798139,0.8558364149304316,1.198967474345872,1.0797700654842148,4.47099833331227,dual_text,0.43294486554184547,0.2797480821609497,0.6024096385542169,0.5952380952380952,0.6097560975609756,COMPLETE
4,0.41641369353824687,2026-04-12 20:24:05.783506,2026-04-12 20:24:18.452954,0 days 00:00:12.669448,50,2,2,0.9415816646655653,4.439182918820845,0.5169180374863812,0.006122345707613742,0.36942591509817757,4,1,700,1.18878200007319,650,3,2,2.1986982458966873,0.6911819123693018,5.894884985762483,0.8639471563845076,0.6461475468579765,1.18878200007319,6.596094737690062,dual_text,0.5471231179415699,0.3024083077907562,0.6666666666666666,0.7352941176470589,0.6097560975609756,COMPLETE
5,-1.055432360954166,2026-04-12 20:24:18.453174,2026-04-12 20:24:30.225310,0 days 00:00:11.772136,150,2,1,0.9572370312849627,5.534936902638243,0.5312930817050229,0.048585859169853605,1.6579225578782837,6,8,1200,1.0869764815854905,400,4,1,1.6901096610690627,0.010588091794781746,2.8367077647976884,0.7253299802455152,0.6641163521312786,1.0869764815854905,5.0703289832071885,dual_text,0.10714185290624896,0.012781268917024136,0.18045112781954886,0.1005586592178771,0.8780487804878049,COMPLETE
6,-0.5039201699815381,2026-04-12 20:24:30.225680,2026-04-12 20:24:41.991956,0 days 00:00:11.766276,200,2,1,0.7361584906300014,4.35727004256465,0.6432943513194587,0.005117509408061671,1.8109019686269472,3,10,500,1.3469742753193379,400,3,1,1.8443704966138137,4.585368885356644e-05,0.014970654967673523,0.8953414913016565,0.8041179391493234,1.3469742753193379,5.533111489841441,dual_text,0.1723579703123709,0.05397393926978111,0.36363636363636365,0.23703703703703705,0.7804878048780488,COMPLETE
7,0.26739600232290606,2026-04-12 20:24:41.992302,2026-04-12 20:24:58.290709,0 days 00:00:16.298407,100,2,2,0.6993332806740752,5.027583172018302,0.7649887376160989,0.02213994291617289,0.7102249408015289,2,1,900,0.9465346832969825,250,3,2,1.7963269801768658,0.0001495652051170851,0.01882770919673645,0.8279403262512423,0.9562359220201235,0.9465346832969825,5.3889809405305975,dual_text,0.3908633076707538,0.11630518734455109,0.6185567010309279,0.5357142857142857,0.7317073170731707,COMPLETE
8,0.3194053599981196,2026-04-12 20:24:58.291109,2026-04-12 20:25:12.573187,0 days 00:00:14.282078,250,3,2,0.9492807662472265,5.984235602090931,0.611396247587787,0.01616820237405586,0.9720310481197425,6,1,500,1.4713698316670376,600,2,1,1.679505021440668,0.0005615911362124125,6.232791798665645,0.8088867401148587,0.7642453094847337,1.4713698316670376,5.038515064322004,dual_text,0.45076690189811053,0.1263594627380371,0.6352941176470588,0.6136363636363636,0.6585365853658537,COMPLETE
9,-1.148662306760671,2026-04-12 20:25:12.573528,2026-04-12 20:25:22.810684,0 days 00:00:10.237156,150,1,1,0.9077840357498035,4.221234876789552,0.9382499293410295,0.04098549198716011,0.34325535183587697,2,6,1400,1.3023898621267505,350,4,2,1.9101747997970562,0.0008292172745920423,0.2874870638312888,0.7240533522421937,1.1728124116762868,1.3023898621267505,5.730524399391168,dual_text,0.08732481737934618,0.005764415021985769,0.14957264957264957,0.08196721311475409,0.8536585365853658,COMPLETE
10,-0.10534554806605645,2026-04-12 20:25:22.810921,2026-04-12 20:25:33.869086,0 days 00:00:11.058165,50,2,2,0.5656034645349486,0.03668171901518491,1.1514958910993838,0.11593492044882896,0.5724006325945004,4,4,800,1.1876232707537673,500,2,2,2.19722276480002,2.968759337247494,0.21084930745100822,0.9874346757216741,1.4393698638742296,1.1876232707537673,6.59166829440006,dual_text,0.264292940570984,0.03526603430509567,0.49557522123893805,0.3888888888888889,0.6829268292682927,COMPLETE
11,0.5610848379820234,2026-04-12 20:25:33.869333,2026-04-12 20:25:42.038489,0 days 00:00:08.169156,250,3,2,0.9982350922021879,5.994688097434709,0.5251825311225333,0.006701369633759163,0.9669115386506575,5,1,400,1.2314996316400832,650,2,1,1.2542472204249493,0.029189756792761083,6.752023148601682,0.9331162431667002,0.6564781639031667,1.2314996316400832,3.762741661274848,dual_text,0.6075898374960164,0.28584951162338257,0.7142857142857143,0.8620689655172413,0.6097560975609756,COMPLETE
12,0.5017760959235269,2026-04-12 20:25:42.038704,2026-04-12 20:25:59.617409,0 days 00:00:17.578705,250,3,2,0.996591586254569,3.333685067994156,0.7523964551902673,0.005098894542589656,0.7089881452179096,5,1,900,1.240956416618644,650,2,1,1.2758011941611795,0.08999569777237523,1.71336579939996,0.9480766509180096,0.9404955689878342,1.240956416618644,3.8274035824835386,dual_text,0.6147587530064559,0.271710604429245,0.6944444444444444,0.8064516129032258,0.6097560975609756,COMPLETE
13,0.19883469518536412,2026-04-12 20:25:59.617880,2026-04-12 20:26:14.828788,0 days 00:00:15.210908,250,3,2,0.8631702884968855,2.93535779880017,0.7641941215171736,0.010857387902670726,0.9784689110768672,5,3,1100,1.2706530100287496,650,2,1,1.2733836589084133,0.026322973705166383,1.0031963458313564,0.9885765610901901,0.955242651896467,1.2706530100287496,3.82015097672524,dual_text,0.3866884210724281,0.057323161512613297,0.5957446808510638,0.5283018867924528,0.6829268292682927,COMPLETE
14,0.6603803302858501,2026-04-12 20:26:14.829166,2026-04-12 20:26:26.827071,0 days 00:00:11.997905,250,3,2,0.9798385611562438,1.2670998101114341,1.0519344547022575,0.008201437303171955,1.441961909767407,5,2,400,1.1150693161040208,500,2,1,1.2001622419842346,0.06651619029099518,2.2087978549867398,0.9230879696294245,1.3149180683778219,1.1150693161040208,3.600486725952704,dual_text,0.7191453378865421,0.42220571637153625,0.746268656716418,0.9615384615384616,0.6097560975609756,COMPLETE
15,0.4929456062562173,2026-04-12 20:26:26.827337,2026-04-12 20:26:41.323445,0 days 00:00:14.496108,200,3,2,0.8750778135977202,0.9879900035463594,1.0937659704434692,0.008249836910319953,1.3995902507840425,5,4,400,1.092277463310182,500,2,1,1.4227935986517255,0.16253843991112862,0.5680816437252484,0.9276389255824373,1.3672074630543365,1.092277463310182,4.268380795955176,dual_text,0.534084311104685,0.16485977172851562,0.6923076923076923,0.7297297297297297,0.6585365853658537,COMPLETE
16,0.6270040671321341,2026-04-12 20:26:41.323894,2026-04-12 20:26:55.725994,0 days 00:00:14.402100,200,3,2,0.9916722879324901,1.5625099724193752,1.0257394158940076,0.010545836466199917,1.3485393150101772,5,2,400,1.028251206669111,500,2,1,1.2038941662540927,0.004953177285167955,0.06550121740265222,0.9175321197735722,1.2821742698675096,1.028251206669111,3.611682498762278,dual_text,0.7040571396985865,0.3879295885562897,0.7352941176470589,0.9259259259259259,0.6097560975609756,COMPLETE
17,-0.5894236912866024,2026-04-12 20:26:55.726239,2026-04-12 20:27:05.920842,0 days 00:00:10.194603,200,3,1,0.8129914809123344,1.3082240515813195,1.0402749094216828,0.010086197440171888,1.5642029740195038,4,5,400,1.0007326316246665,450,2,1,1.4714070080556294,0.006345877458416806,0.05154747374673846,0.8944188153822186,1.3003436367771035,1.0007326316246665,4.414221024166888,dual_text,0.1780235539718917,0.023089630529284477,0.33507853403141363,0.21333333333333335,0.7804878048780488,COMPLETE
18,0.5850736235546644,2026-04-12 20:27:05.921138,2026-04-12 20:27:19.806391,0 days 00:00:13.885253,200,3,2,0.8955118333747762,0.44786065167618005,1.0245825624687224,0.03297610233563486,1.96877045191034,5,2,600,1.0296681035500017,500,2,1,1.3765340150375143,0.0032937017345785174,0.06995215845838623,0.9611375784466014,1.280728203085903,1.0296681035500017,4.129602045112543,dual_text,0.6135652295999297,0.1726541966199875,0.7222222222222222,0.8387096774193549,0.6341463414634146,COMPLETE
19,-0.3305493103165082,2026-04-12 20:27:19.806640,2026-04-12 20:27:34.381418,0 days 00:00:14.574778,200,2,2,0.7680833645042299,1.6476033634539924,1.193001200166926,0.012883722509152318,1.2163452673397959,3,5,900,1.1468073641125713,450,3,1,1.5843713389298517,0.39401744439698444,0.053603941375639695,0.899505080601235,1.4912515002086573,1.1468073641125713,4.753114016789555,dual_text,0.20975983155499459,0.018747754395008087,0.42105263157894735,0.2882882882882883,0.7804878048780488,COMPLETE
20,0.4885152843740377,2026-04-12 20:27:34.381749,2026-04-12 20:27:49.935619,0 days 00:00:15.553870,250,2,1,0.5988764518871668,0.7876044561869184,0.8783167436685466,0.007432746045085713,1.625626017243381,4,2,600,0.9951351721178392,550,3,1,1.2027287474516548,1.2496377813842854e-05,0.476662762943247,0.773047003444412,1.0978959295856834,0.9951351721178392,3.6081862423549644,dual_text,0.4813736766654622,0.08941340446472168,0.691358024691358,0.7,0.6829268292682927,COMPLETE
21,0.6475029080641835,2026-04-12 20:27:49.935856,2026-04-12 20:28:02.602565,0 days 00:00:12.666709,200,3,2,0.9020736672412774,0.13572500430007306,1.020311776953593,0.047421746535259955,1.9893596385396333,5,2,600,1.0219852105023284,500,2,1,1.3791491344256874,0.003705036921761046,0.057427505593346466,0.9624537880223631,1.2753897211919911,1.0219852105023284,4.137447403277062,dual_text,0.6310493164251667,0.1909765601158142,0.7428571428571429,0.896551724137931,0.6341463414634146,COMPLETE
22,0.647102312845658,2026-04-12 20:28:02.602884,2026-04-12 20:28:13.020617,0 days 00:00:10.417733,200,3,2,0.9893012298847023,0.031056924989717974,1.0734623250928323,0.06731944011864113,1.9844124656402236,5,2,400,1.126105352600462,550,2,1,1.3593796281983554,0.019266530821264904,0.10210206557053193,0.9607475401093767,1.3418279063660403,1.126105352600462,4.078138884595067,dual_text,0.6176961424743148,0.3172600269317627,0.7428571428571429,0.896551724137931,0.6341463414634146,COMPLETE
23,0.2866559717983781,2026-04-12 20:28:13.020839,2026-04-12 20:28:20.682085,0 days 00:00:07.661246,200,3,2,0.9150394045724655,0.142877719227058,1.1012606915796013,0.06827981684222544,1.9775881472648784,5,4,700,1.1470969143020315,550,2,1,1.3551492739303992,0.02519573495631496,0.1191223245867147,0.9633133170565813,1.3765758644745016,1.1470969143020315,4.065447821791198,dual_text,0.38853239327927336,0.03632845729589462,0.625,0.5454545454545454,0.7317073170731707,COMPLETE
24,0.7158513313329631,2026-04-12 20:28:20.682309,2026-04-12 20:28:28.320985,0 days 00:00:07.638676,250,3,2,0.9642766733210828,0.7346276035089059,0.9578754226882767,0.0829460534929124,1.7380130404387328,4,2,500,1.1439661297628159,400,2,1,1.565788669519468,0.05710313269994076,0.03135362932516527,0.9933883763004563,1.1973442783603458,1.1439661297628159,4.697366008558404,dual_text,0.7244561424713281,0.3019333779811859,0.7647058823529411,0.9629629629629629,0.6341463414634146,COMPLETE
25,0.5986850007945036,2026-04-12 20:28:28.321275,2026-04-12 20:28:37.104161,0 days 00:00:08.782886,250,3,2,0.8553814205963529,0.7724867892106505,0.9448634366255221,0.11820093754692197,1.7079223434944115,4,3,500,1.0571019524360599,400,2,1,1.5855400220734248,0.06320629074420792,0.025124997291967516,0.9806784682455943,1.1810792957819025,1.0571019524360599,4.7566200662202744,dual_text,0.5622272992107286,0.07570842653512955,0.7272727272727273,0.7777777777777778,0.6829268292682927,COMPLETE
26,-0.9389931714897684,2026-04-12 20:28:37.104426,2026-04-12 20:28:46.779451,0 days 00:00:09.675025,250,3,2,0.9020029317329724,2.3089797436911867,0.9869693730005835,0.08109346915366662,1.7850647123286998,4,7,600,1.1243968278238277,350,2,1,1.579429131632949,0.42658888306586806,0.02875263949404509,0.8752089450977907,1.2337117162507294,1.1243968278238277,4.738287394898847,dual_text,0.1157527311629774,0.069420725107193,0.2191780821917808,0.25,0.1951219512195122,COMPLETE
27,0.7882475006162353,2026-04-12 20:28:46.779782,2026-04-12 20:28:57.238435,0 days 00:00:10.458653,250,2,2,0.9629696180801047,1.0296814274922048,0.8357571557771666,0.02898002407674812,1.4941857624040336,3,2,800,0.9510799523539942,450,3,1,1.497041104989402,0.0015223252214698578,0.03926693445705522,0.9954842074581005,1.0446964447214582,0.9510799523539942,4.491123314968206,dual_text,0.6608815994885464,0.12700337171554565,0.7894736842105263,0.8571428571428571,0.7317073170731707,COMPLETE
28,0.4128931126740465,2026-04-12 20:28:57.238732,2026-04-12 20:29:08.623978,0 days 00:00:11.385246,250,2,2,0.969558967273256,1.1141270625245983,0.8162885047166669,0.026993419960285182,1.5218111144197564,3,4,1000,0.9697249712327661,350,3,1,1.96521610523336,0.0013650777579144171,0.010822264661107908,0.9936990344110626,1.0203606308958337,0.9697249712327661,5.895648315700081,dual_text,0.4297704224682231,0.04715053364634514,0.6666666666666666,0.5818181818181818,0.7804878048780488,COMPLETE
29,-0.8844466991311137,2026-04-12 20:29:08.624226,2026-04-12 20:29:20.878548,0 days 00:00:12.254322,250,1,2,0.9403728060241726,2.0708910621350873,0.8327055993993566,0.031326575303093435,1.204434443473758,3,3,1300,0.9262341210111396,450,4,1,1.5144007518998468,0.00040082273740149377,0.035403110127004436,0.6500624181241064,1.0408819992491958,0.9262341210111396,4.543202255699541,dual_text,0.14807299192584109,0.008313298225402832,0.23703703703703705,0.13973799126637554,0.7804878048780488,COMPLETE
30,-0.8795376952994401,2026-04-12 20:29:20.878845,2026-04-12 20:29:29.732763,0 days 00:00:08.853918,250,1,2,0.9228886465253852,2.752528432556546,0.9076489254947042,0.09420395489975152,1.4736336792781846,3,10,800,0.9076931118748015,300,3,1,1.7626712444103934,0.00021205465741333502,0.15596247179251377,0.9372851478385418,1.1345611568683802,0.9076931118748015,5.28801373323118,dual_text,0.13481314175995635,0.1416442096233368,0.23880597014925373,0.3076923076923077,0.1951219512195122,COMPLETE
31,0.6806864339451812,2026-04-12 20:29:29.732983,2026-04-12 20:29:41.050696,0 days 00:00:11.317713,250,2,2,0.9649799832443616,0.7254070417283376,0.9927788633432331,0.05002090335996479,1.790550321937952,6,2,800,0.9671464791877005,450,2,1,1.4087794162251046,0.0024620492932029936,0.03672771820202721,0.9984726463771001,1.2409735791790413,0.9671464791877005,4.226338248675313,dual_text,0.6605622909263321,0.2702467441558838,0.7536231884057971,0.9285714285714286,0.6341463414634146,COMPLETE
32,0.680663098751945,2026-04-12 20:29:41.051053,2026-04-12 20:29:54.073048,0 days 00:00:13.021995,250,2,2,0.9634935064650314,0.6130258583262395,0.8948775888848679,0.057818092743908894,1.8401678639748844,6,2,800,0.9556704291832346,450,4,1,1.5406940808332656,0.010996579683998491,0.03630136967563702,0.9926657675097895,1.118596986106085,0.9556704291832346,4.622082242499797,dual_text,0.659784451151791,0.30422502756118774,0.7536231884057971,0.9285714285714286,0.6341463414634146,COMPLETE
33,0.6578640938344977,2026-04-12 20:29:54.073487,2026-04-12 20:30:07.264324,0 days 00:00:13.190837,250,2,2,0.9589239242978009,0.46764372022658396,0.8850012714591917,0.05838124286597216,1.8078327040344877,6,3,800,0.9545068346589206,400,4,1,1.6461868988809287,0.009959286546368318,0.03397817999018892,0.9966770961326473,1.1062515893239897,0.9545068346589206,4.938560696642786,dual_text,0.5954697944832581,0.13122203946113586,0.7466666666666667,0.8235294117647058,0.6829268292682927,COMPLETE
34,0.3724242156326265,2026-04-12 20:30:07.264812,2026-04-12 20:30:20.504341,0 days 00:00:13.239529,250,2,2,0.834704461673491,1.7238586223378998,0.8112923884141517,0.03808643778971466,1.857352245742184,6,3,1000,0.9871282254339443,450,4,1,1.4624997290465998,0.0020742827031884426,0.017493018671230678,0.9743293170457031,1.0141154855176897,0.9871282254339443,4.387499187139799,dual_text,0.4843159596840425,0.045601390302181244,0.6526315789473685,0.5740740740740741,0.7560975609756098,COMPLETE
35,0.6479912048326486,2026-04-12 20:30:20.504719,2026-04-12 20:30:34.875679,0 days 00:00:14.370960,150,2,2,0.9305945803255464,0.6101406851892546,0.9650533036634303,0.055749531310157224,1.6979577099067902,6,2,1000,0.9019089287764424,450,3,1,1.5344991793360856,0.0014482216508798712,0.010628099621702768,0.9985908815451614,1.206316629579288,0.9019089287764424,4.603497538008257,dual_text,0.6473258753740012,0.22981111705303192,0.7428571428571429,0.896551724137931,0.6341463414634146,COMPLETE
36,0.6392733908831307,2026-04-12 20:30:34.876208,2026-04-12 20:30:47.511328,0 days 00:00:12.635120,250,2,2,0.8786709201256098,3.3203064042369914,0.8547124615982777,0.07642150588450894,1.2752177700929337,2,1,800,1.0535973792061095,400,4,2,1.6276086749674323,0.01423712447973141,0.08729621815897592,0.9486487680667054,1.0683905769978472,1.0535973792061095,4.882826024902297,dual_text,0.5683722886969557,0.1100713461637497,0.7407407407407407,0.75,0.7317073170731707,COMPLETE
37,0.3068600131448844,2026-04-12 20:30:47.511672,2026-04-12 20:30:54.800723,0 days 00:00:07.289051,200,2,1,0.9646056021574649,0.958730320472626,0.9078011795415122,0.09587973724341861,1.58356228196279,6,4,700,1.3798066338278516,350,3,1,1.4482883913021665,0.043339471324113865,0.024331935434664942,0.9714947840811128,1.1347514744268903,1.3798066338278516,4.344865173906499,dual_text,0.4041057013207166,0.03405847027897835,0.631578947368421,0.5555555555555556,0.7317073170731707,COMPLETE
38,-1.0111859525378786,2026-04-12 20:30:54.800991,2026-04-12 20:31:03.650102,0 days 00:00:08.849111,250,2,2,0.9348502806126484,1.3852701945288244,0.694168325037996,0.022156700281044592,1.8693154273025971,3,9,700,0.9415441839035616,400,4,1,1.7306469773547757,0.19585687975099375,0.03991939711823418,0.8382679841840041,0.867710406297495,0.9415441839035616,5.191940932064327,dual_text,0.1149397934528356,0.09507256001234055,0.1951219512195122,0.1951219512195122,0.1951219512195122,COMPLETE
39,0.5714997739747105,2026-04-12 20:31:03.650336,2026-04-12 20:31:13.059487,0 days 00:00:09.409151,50,1,2,0.6761239881710874,1.9483030812713196,0.9982198026167778,0.04756001558876218,1.7236876816564366,6,1,1100,0.9711864028167618,450,3,2,1.5433682991185893,9.99709362225958e-05,0.152286936680119,0.9995507496454604,1.2477747532709722,0.9711864028167618,4.630104897355768,dual_text,0.5884540042852251,0.09710071980953217,0.717948717948718,0.7567567567567568,0.6829268292682927,COMPLETE
40,-0.9510236511844152,2026-04-12 20:31:13.059728,2026-04-12 20:31:21.075423,0 days 00:00:08.015695,150,2,1,0.8381230447353255,0.3771578670451862,0.7207568332673102,0.03865064480021701,1.1163483320132963,2,5,800,1.052393958398976,300,4,1,1.4193333903632994,0.011149675123110095,0.01480824787244209,0.9090136139151441,0.9009460415841377,1.052393958398976,4.258000171089899,dual_text,0.13417362501461078,0.0050273858942091465,0.21498371335504887,0.12406015037593984,0.8048780487804879,COMPLETE
41,0.6067849594455221,2026-04-12 20:31:21.075699,2026-04-12 20:31:30.328570,0 days 00:00:09.252871,250,1,2,0.978618324876772,1.2170520624983026,0.9236427476486644,0.05759448743149691,1.4337494797618981,6,2,500,1.1734324129630576,450,2,1,1.3171117133621908,0.06442157508545347,3.8327284100193895,0.9477246431262641,1.1545534345608304,1.1734324129630576,3.9513351400865724,dual_text,0.5865256752111019,0.1298680156469345,0.7297297297297297,0.8181818181818182,0.6585365853658537,COMPLETE
