number,value,datetime_start,datetime_complete,duration,params_aux_max_features,params_aux_min_df,params_aux_ngram_high,params_colsample_bytree,params_gamma,params_gen_pos_weight_mult,params_learning_rate,params_max_delta_step,params_max_depth,params_min_child_weight,params_n_estimators,params_neg_weight_mult,params_readme_max_features,params_readme_min_df,params_readme_ngram_high,params_real_pos_weight_mult,params_reg_alpha,params_reg_lambda,params_subsample,user_attrs_actual_w_generated_pos,user_attrs_actual_w_neg,user_attrs_actual_w_real_pos,user_attrs_text_mode,user_attrs_val_ap,user_attrs_val_best_threshold,user_attrs_val_f1,user_attrs_val_precision,user_attrs_val_recall,state
86,0.5161059278685659,2026-04-12 22:20:38.573264,2026-04-12 22:20:53.893570,0 days 00:00:15.320306,150,2,2,0.6785319308387158,1.5985312847675908,0.9696177179428975,0.01428593531264757,1.8038733550329724,4,7,600,1.4306717845394608,500,2,1,1.6028717428790815,0.7939166740113244,0.23256442167108723,0.7472253475470689,1.212022147428622,1.4306717845394608,4.808615228637245,dual_text,0.5368642622855377,0.17044900357723236,0.7,0.7368421052631579,0.6666666666666666,COMPLETE
87,0.5702008887121774,2026-04-12 22:20:53.893876,2026-04-12 22:21:09.249816,0 days 00:00:15.355940,150,2,2,0.7532122666254109,2.040911963957325,0.8155547045914926,0.015569694716608285,1.607547905456506,4,6,500,1.3697391127471934,450,2,1,1.559544823808601,1.6152794603314176,0.20667662332407694,0.7844666446183588,1.0194433807393657,1.3697391127471934,4.678634471425803,dual_text,0.5451578288674573,0.205126091837883,0.717948717948718,0.7777777777777778,0.6666666666666666,COMPLETE
88,0.5702445371534113,2026-04-12 22:21:09.250148,2026-04-12 22:21:24.907250,0 days 00:00:15.657102,150,2,2,0.7610127886414287,1.907603657512664,1.0313392783412454,0.01522067682786644,1.5856556026221356,4,6,500,1.3876965817197076,450,2,1,1.5493185209862514,0.07362465434768165,0.5076433718235372,0.7802414765587696,1.2891740979265567,1.3876965817197076,4.647955562958755,dual_text,0.5466127769085847,0.18249890208244324,0.717948717948718,0.7777777777777778,0.6666666666666666,COMPLETE
89,0.3685560949966663,2026-04-12 22:21:24.907581,2026-04-12 22:21:40.958697,0 days 00:00:16.051116,150,2,2,0.7551333842981998,1.9850070022220068,0.8754815367206057,0.015061642215569144,1.5795547236554495,4,6,500,1.3931816100793022,400,2,1,1.5525492186259169,1.5994636737189085,0.19254407817030478,0.8136948644745505,1.094351920900757,1.3931816100793022,4.657647655877751,dual_text,0.5022574301214343,0.13396099209785461,0.6511627906976745,0.6363636363636364,0.6666666666666666,COMPLETE
90,0.2602548450857428,2026-04-12 22:21:40.959039,2026-04-12 22:21:58.429300,0 days 00:00:17.470261,150,2,2,0.780556044395291,1.9487501412840673,1.0828281607555008,0.009760301970224155,1.5142545135472145,4,5,500,1.4710093468511791,450,2,1,1.5737224751424495,0.06890695278488242,0.4792930570177474,0.7815055085955195,1.353535200944376,1.4710093468511791,4.721167425427348,dual_text,0.470033297729887,0.18604446947574615,0.6153846153846154,0.6666666666666666,0.5714285714285714,COMPLETE
91,0.5163554558496517,2026-04-12 22:21:58.429636,2026-04-12 22:22:15.327888,0 days 00:00:16.898252,150,2,2,0.7611504288484322,2.2159917056177,1.0222399234927817,0.011428167981465873,1.6097807720419435,4,6,500,1.369443243158417,450,2,1,1.532998240809389,0.14294626091591806,0.20863532662328402,0.7750929985090397,1.2777999043659771,1.369443243158417,4.598994722428166,dual_text,0.545181861655063,0.20283260941505432,0.7,0.7368421052631579,0.6666666666666666,COMPLETE
92,0.4645691732348406,2026-04-12 22:22:15.328237,2026-04-12 22:22:31.488943,0 days 00:00:16.160706,150,2,2,0.7052221586489729,1.663392401070613,1.0481667813703053,0.017921337710540716,1.4464733104215854,4,6,500,1.3852159561317507,450,2,1,1.4974150796586985,0.23617228327336334,0.6656141577457054,0.7907676513648526,1.3102084767128817,1.3852159561317507,4.492245238976095,dual_text,0.5262895143320839,0.1350972205400467,0.6829268292682927,0.7,0.6666666666666666,COMPLETE
93,0.5702184893104641,2026-04-12 22:22:31.489288,2026-04-12 22:22:51.482726,0 days 00:00:19.993438,150,2,2,0.7243862213600664,1.8714700647011062,0.9891415342863394,0.015309626545994683,1.705431046987251,4,6,600,1.329539571033674,450,2,1,1.5922567139931003,0.9929825624922746,0.15864186079494244,0.7967533681596679,1.2364269178579244,1.329539571033674,4.776770141979301,dual_text,0.5457445154770123,0.21626874804496765,0.717948717948718,0.7777777777777778,0.6666666666666666,COMPLETE
94,0.5703213118221638,2026-04-12 22:22:51.483314,2026-04-12 22:23:08.218305,0 days 00:00:16.734991,150,2,2,0.7223073211355138,1.455043330667646,0.9898060920118887,0.014954356675676043,1.7812760068972944,5,5,600,1.3291174301556923,500,2,1,1.3832092849658704,1.0005425161929276,0.2562614134497899,0.8253799745182759,1.2372576150148609,1.3291174301556923,4.149627854897611,dual_text,0.5491719325336676,0.18456414341926575,0.717948717948718,0.7777777777777778,0.6666666666666666,COMPLETE
95,0.5701375002552571,2026-04-12 22:23:08.218653,2026-04-12 22:23:24.183914,0 days 00:00:15.965261,150,2,2,0.7201539626905491,1.4876334730088134,1.049923916230951,0.015222419865345215,1.7965822827381726,5,6,600,1.3248932268763722,450,2,1,1.3902791682595814,0.3859271246405075,0.151152015825943,0.8000897628501462,1.3124048952886889,1.3248932268763722,4.170837504778744,dual_text,0.5430448803034436,0.20351482927799225,0.717948717948718,0.7777777777777778,0.6666666666666666,COMPLETE
96,0.46508461597000705,2026-04-12 22:23:24.184262,2026-04-12 22:23:40.542730,0 days 00:00:16.358468,150,2,2,0.696996924839337,2.1019466952912187,0.9952242451417096,0.012225795107449373,1.7031463241347848,6,6,700,1.3535268308916055,400,2,1,1.281187312520626,1.7603346275499883,0.2752323299223601,0.8305036010587856,1.244030306427137,1.3535268308916055,3.8435619375618777,dual_text,0.5434709388376306,0.17528803646564484,0.6829268292682927,0.7,0.6666666666666666,COMPLETE
97,0.2601573204305979,2026-04-12 22:23:40.543036,2026-04-12 22:23:58.406830,0 days 00:00:17.863794,200,2,2,0.7502034411356839,1.850991605272095,1.0661265324898488,0.007631315223133827,1.522312683493996,5,5,600,1.407102728788901,500,2,1,1.546943825382565,0.28935316187137283,0.08706322874994847,0.8231075877514574,1.3326581656123109,1.407102728788901,4.640831476147695,dual_text,0.4667824758917253,0.190123051404953,0.6153846153846154,0.6666666666666666,0.5714285714285714,COMPLETE
98,0.4686592277861632,2026-04-12 22:23:58.407187,2026-04-12 22:24:13.546639,0 days 00:00:15.139452,150,2,2,0.6847239759792428,1.687614629969945,0.9855776413176972,0.016494053084048402,1.3843493504352025,5,7,400,1.3074155567742023,450,2,1,1.5792986998048306,0.034164659701705694,0.1047937280700469,0.8131888629720123,1.2319720516471215,1.3074155567742023,4.737896099414492,dual_text,0.5342549612931589,0.20260360836982727,0.6842105263157895,0.7647058823529411,0.6190476190476191,COMPLETE
99,0.41615628687619144,2026-04-12 22:24:13.547021,2026-04-12 22:24:31.287870,0 days 00:00:17.740849,150,2,2,0.7943436295535241,1.3393937417654844,0.8179042429857464,0.010932486214457266,1.5886870566264517,4,4,700,1.3322804831919002,500,2,1,1.5149015983620768,0.822134766730884,0.3872917992132466,0.7988637237166304,1.022380303732183,1.3322804831919002,4.544704795086231,dual_text,0.5385428958730537,0.11119399964809418,0.6666666666666666,0.6666666666666666,0.6666666666666666,COMPLETE
100,0.5698825713586065,2026-04-12 22:24:31.288279,2026-04-12 22:24:45.482633,0 days 00:00:14.194354,150,3,2,0.7684773606565013,1.865954698936616,1.0091515617244549,0.018907431644019583,1.8238036407514842,4,6,600,1.4377762805176932,450,2,1,1.4711784762808897,0.13439354370980855,0.1611200575288554,0.7237458123915977,1.2614394521555685,1.4377762805176932,4.413535428842669,dual_text,0.5345472504150939,0.18614178895950317,0.717948717948718,0.7777777777777778,0.6666666666666666,COMPLETE
101,0.5698631845978982,2026-04-12 22:24:45.482943,2026-04-12 22:25:00.806452,0 days 00:00:15.323509,150,2,2,0.718261739805709,1.4957527729923166,1.0394172924405223,0.015448027287838083,1.7673590786002467,5,6,600,1.321818119202766,450,2,1,1.3633000663803148,0.40357140696232924,0.13549394504228893,0.797018445857872,1.2992716155506527,1.321818119202766,4.089900199140944,dual_text,0.5339010250581483,0.17840228974819183,0.717948717948718,0.7777777777777778,0.6666666666666666,COMPLETE
102,0.5160900650448733,2026-04-12 22:25:00.806760,2026-04-12 22:25:15.898297,0 days 00:00:15.091537,150,2,2,0.722765600012718,2.2646268000392014,1.1277220586978338,0.014546193268894192,1.7853790866873234,5,6,500,1.3626577992255964,450,2,1,1.3912935273447555,0.08676473315763858,0.17829255450120915,0.8378059437526482,1.4096525733722922,1.3626577992255964,4.173880582034267,dual_text,0.5363355014957832,0.17594017088413239,0.7,0.7368421052631579,0.6666666666666666,COMPLETE
103,0.2604813676368751,2026-04-12 22:25:15.898678,2026-04-12 22:25:32.612949,0 days 00:00:16.714271,150,2,2,0.7398218969611695,1.4920525937745523,1.1097253435333903,0.009664806776858933,1.9283466950179742,5,5,600,1.407011080274394,400,2,1,1.3267333296363486,2.847792174248848,0.5149459526979074,0.8075345204224863,1.3871566794167378,1.407011080274394,3.980199988909046,dual_text,0.4775840494342982,0.2215469777584076,0.6153846153846154,0.6666666666666666,0.5714285714285714,COMPLETE
104,0.5700957311380372,2026-04-12 22:25:32.613285,2026-04-12 22:25:47.681500,0 days 00:00:15.068215,150,2,2,0.7006755152600411,2.063082624125921,1.0249734299859266,0.022760535207916526,1.6294718029027766,5,7,500,1.3906127195370899,500,2,1,1.5597155755842933,1.253534718858396,0.14756619446962585,0.7756872917841641,1.2812167874824083,1.3906127195370899,4.6791467267528795,dual_text,0.5416525763961167,0.2542285621166229,0.717948717948718,0.7777777777777778,0.6666666666666666,COMPLETE
105,0.570043881263619,2026-04-12 22:25:47.681827,2026-04-12 22:26:02.765510,0 days 00:00:15.083683,150,2,2,0.7174780136733044,1.6027451199117015,0.9598626029777899,0.01680730760575191,1.807659996167502,4,6,600,1.3309396373337612,450,2,1,1.436984030053356,0.29370111292951745,0.11484642521998203,0.8230851589561972,1.1998282537222373,1.3309396373337612,4.310952090160068,dual_text,0.5399242472488438,0.17270280420780182,0.717948717948718,0.7777777777777778,0.6666666666666666,COMPLETE
106,0.5698805901310784,2026-04-12 22:26:02.766089,2026-04-12 22:26:19.585109,0 days 00:00:16.819020,200,2,2,0.8067428944937546,1.7834080783335147,1.061981538052021,0.01401303271912172,1.8308306919190442,6,5,700,1.2403761716156914,450,2,1,1.4103916128520095,0.7513106867187672,0.09582846900213059,0.7570669781021234,1.3274769225650263,1.2403761716156914,4.231174838556028,dual_text,0.5344812094974877,0.17158378660678864,0.717948717948718,0.7777777777777778,0.6666666666666666,COMPLETE
107,0.36994615097649386,2026-04-12 22:26:19.585469,2026-04-12 22:26:35.633322,0 days 00:00:16.047853,150,2,2,0.7120162455179129,1.4049825458116505,1.0370619693918508,0.012352948073510457,1.6948912366509845,4,6,400,1.2951242398861678,450,2,1,1.3073848572210072,1.0219185853822996,0.31653541020890225,0.796026871725333,1.2963274617398135,1.2951242398861678,3.9221545716630217,dual_text,0.5485926294490185,0.19281719624996185,0.6511627906976745,0.6363636363636364,0.6666666666666666,COMPLETE
108,0.5697013473177365,2026-04-12 22:26:35.633712,2026-04-12 22:26:51.989487,0 days 00:00:16.355775,150,2,2,0.7801134845127943,1.9190435701241115,0.9330032581480724,0.015431787864648046,1.7476386762143052,5,5,800,1.3144906999870711,500,2,1,1.384991854054463,0.08961765854353604,0.2534179419984919,0.7436309670817126,1.1662540726850905,1.3144906999870711,4.154975562163389,dual_text,0.5285064490527582,0.15594306588172913,0.717948717948718,0.7777777777777778,0.6666666666666666,COMPLETE
109,0.5164928501526908,2026-04-12 22:26:51.989838,2026-04-12 22:27:07.664963,0 days 00:00:15.675125,150,2,2,0.7355932558348751,2.4209560697515617,0.9743737192565929,0.011640253164192612,1.9120434774085073,4,7,500,1.3567230116533593,400,2,1,1.591990593609954,0.41460789470287057,0.06595023140980023,0.7846936116766426,1.217967149070741,1.3567230116533593,4.775971780829862,dual_text,0.549761671756365,0.20155620574951172,0.7,0.7368421052631579,0.6666666666666666,COMPLETE
110,0.1806553941075557,2026-04-12 22:27:07.665417,2026-04-12 22:27:24.162700,0 days 00:00:16.497283,200,2,2,0.6643665614213762,2.1500760784729547,1.0008299345972607,0.020007887839089505,0.5018770175766728,4,4,600,1.3785430188626209,450,3,1,1.4753465453774852,0.24601808404012077,0.21364256360205625,0.803505291123156,1.2510374182465758,1.3785430188626209,4.426039636132455,dual_text,0.5316503918204848,0.33486807346343994,0.5882352941176471,0.7692307692307693,0.47619047619047616,COMPLETE
111,0.5705911256900987,2026-04-12 22:27:24.163039,2026-04-12 22:27:40.196174,0 days 00:00:16.033135,150,2,2,0.7567864431101312,1.9587600848334847,0.801246487245364,0.012711571924346441,1.7095600615979176,4,5,600,1.2850064998967128,500,2,1,1.497843480728113,0.924937147818817,0.23339823405432672,0.7843106894036144,1.001558109056705,1.2850064998967128,4.493530442184339,dual_text,0.5581657281314996,0.17223642766475677,0.717948717948718,0.7777777777777778,0.6666666666666666,COMPLETE
112,0.570229458240928,2026-04-12 22:27:40.196541,2026-04-12 22:27:56.649068,0 days 00:00:16.452527,150,2,2,0.726889151432504,1.7363570808568887,0.8032136668344877,0.012571777744734256,1.65537176685205,4,5,700,1.2681407061731214,500,2,1,1.5064487596168612,1.4154976015012009,0.18294041059858585,0.8293168109016462,1.0040170835431097,1.2681407061731214,4.519346278850584,dual_text,0.5461101464924744,0.16686980426311493,0.717948717948718,0.7777777777777778,0.6666666666666666,COMPLETE
113,0.2618039143418258,2026-04-12 22:27:56.649334,2026-04-12 22:28:13.685859,0 days 00:00:17.036525,150,2,2,0.7571747430099379,1.7145241188601168,0.8100785033104501,0.009085618843857215,1.5647402482066772,4,5,700,1.2635999912080398,550,2,1,1.5091255884082597,1.4808825104803154,0.18106419617617656,0.8171343408859638,1.0125981291380626,1.2635999912080398,4.527376765224779,dual_text,0.5216689395993225,0.17251047492027283,0.6153846153846154,0.6666666666666666,0.5714285714285714,COMPLETE
114,0.3618437886352154,2026-04-12 22:28:13.686278,2026-04-12 22:28:29.687939,0 days 00:00:16.001661,150,2,2,0.7509502437067818,2.050369452475345,0.7695388522939104,0.012600389594905987,1.6486085614206663,4,5,500,1.2190688115527364,500,2,1,1.5384625547570976,2.328388049702584,0.3462785198541755,0.8294210824556602,0.961923565367388,1.2190688115527364,4.615387664271292,dual_text,0.5299280896423125,0.2200825810432434,0.6486486486486487,0.75,0.5714285714285714,COMPLETE
115,0.3100983894337802,2026-04-12 22:28:29.688173,2026-04-12 22:28:46.102538,0 days 00:00:16.414365,150,2,2,0.7624610816587314,2.321210274510412,0.8239324054731619,0.011019174826518412,1.7148033767089228,4,4,600,1.2765171672072633,500,2,1,1.4883829396726271,1.018652848144081,0.2824984105057986,0.8416320787248723,1.0299155068414525,1.2765171672072633,4.465148819017881,dual_text,0.5120515776172413,0.1710253655910492,0.631578947368421,0.7058823529411765,0.5714285714285714,COMPLETE
116,0.41573168162392427,2026-04-12 22:28:46.102870,2026-04-12 22:29:01.845612,0 days 00:00:15.742742,150,2,2,0.7304366984959388,1.8466157379936106,0.7930649365475327,0.01409842632762179,1.4910101288576378,4,5,500,1.243864036399025,550,2,1,1.5211195521501462,0.6398850117780338,0.3862314793513075,0.7739528467962133,0.9913311706844159,1.243864036399025,4.563358656450438,dual_text,0.5243893874641483,0.17302361130714417,0.6666666666666666,0.7222222222222222,0.6190476190476191,COMPLETE
117,0.361286065469682,2026-04-12 22:29:01.845925,2026-04-12 22:29:18.681520,0 days 00:00:16.835595,150,2,2,0.7721922026339182,2.14452302634013,0.8480746135341862,0.010564321306883903,1.6140665327942592,4,5,600,1.3022625460789825,500,2,1,1.5518860069398808,1.8755860156593793,0.2057143995513713,0.8112016088367754,1.0600932669177328,1.3022625460789825,4.655658020819642,dual_text,0.5113373174578674,0.21357935667037964,0.6486486486486487,0.75,0.5714285714285714,COMPLETE
118,0.5703584560018836,2026-04-12 22:29:18.681843,2026-04-12 22:29:35.641151,0 days 00:00:16.959308,150,2,2,0.7442201985397124,1.930353569793852,0.7574501550195227,0.007990882053453545,1.6723647140745872,4,6,700,1.2864737798658923,500,2,1,1.4407961824814997,0.49738158543151995,0.2361228072457305,0.7286044770352162,0.9468126937744035,1.2864737798658923,4.322388547444499,dual_text,0.5504100718576609,0.2312660962343216,0.717948717948718,0.7777777777777778,0.6666666666666666,COMPLETE
119,0.41566715699705215,2026-04-12 22:29:35.641508,2026-04-12 22:29:53.012524,0 days 00:00:17.371016,150,2,2,0.6889379217256524,1.6710821199861907,0.7286680441381576,0.006398566822104047,1.657526778542848,4,5,800,1.2852620489451323,500,2,1,1.427774829238621,0.48385035130144916,0.4415003121862359,0.703348948503221,0.9108350551726969,1.2852620489451323,4.283324487715863,dual_text,0.522238566568412,0.16579388082027435,0.6666666666666666,0.6666666666666666,0.6666666666666666,COMPLETE
120,0.3099817547421647,2026-04-12 22:29:53.012918,2026-04-12 22:30:10.233243,0 days 00:00:17.220325,150,2,2,0.7405496783492274,1.2632310077625695,0.7570655601885597,0.0053842542594095075,1.5385412470716702,4,6,700,1.2645618968885046,500,2,1,1.61928282682231,0.18079470082758056,0.2598855313559426,0.6805250069616131,0.9463319502356997,1.2645618968885046,4.85784848046693,dual_text,0.5081637545633909,0.2698269486427307,0.631578947368421,0.7058823529411765,0.5714285714285714,COMPLETE
121,0.5164718273363242,2026-04-12 22:30:10.233578,2026-04-12 22:30:26.682722,0 days 00:00:16.449144,150,2,2,0.7293616639414302,1.9894736115438223,0.7981007470523966,0.008228214037625338,1.743958939839325,4,6,600,1.348118597204152,500,2,1,1.4512128915232039,1.1617722487926072,0.2284077514665717,0.7286305210446641,0.9976259338154958,1.348118597204152,4.353638674569612,dual_text,0.5490609112108172,0.21564382314682007,0.7,0.7368421052631579,0.6666666666666666,COMPLETE
122,0.26198036983474515,2026-04-12 22:30:26.682940,2026-04-12 22:30:43.680038,0 days 00:00:16.997098,150,2,2,0.7462540807455752,2.2298325102400027,0.7847829742637422,0.007684646403450032,1.6794719605223187,4,6,700,1.4173770507453582,550,2,1,1.4957306375795618,0.8469460432272233,0.31112654887364066,0.7531413359008873,0.9809787178296778,1.4173770507453582,4.487191912738686,dual_text,0.5275507893632991,0.21201609075069427,0.6153846153846154,0.6666666666666666,0.5714285714285714,COMPLETE
123,0.5702693252196404,2026-04-12 22:30:43.680694,2026-04-12 22:30:58.959732,0 days 00:00:15.279038,150,2,2,0.7144522023310679,1.7987857333287371,0.8613280579300027,0.01393064067589806,1.5880632608876672,4,6,500,1.3385990705693476,450,2,1,1.5699857916181978,0.5923848865286566,0.17477536528846518,0.7588591857133447,1.0766600724125033,1.3385990705693476,4.709957374854594,dual_text,0.547439045782885,0.2188282161951065,0.717948717948718,0.7777777777777778,0.6666666666666666,COMPLETE
124,0.46761906084525307,2026-04-12 22:30:58.960073,2026-04-12 22:31:13.150343,0 days 00:00:14.190270,150,2,2,0.7132239876463452,1.570663401433307,0.819546617122009,0.00907538992112821,1.5708528597941074,4,5,600,1.3355613605857297,500,2,1,1.5721440786525374,0.3326383433790895,0.12519731071489656,0.762294973061263,1.0244332714025113,1.3355613605857297,4.716432235957612,dual_text,0.499582729929491,0.17916715145111084,0.6842105263157895,0.7647058823529411,0.6190476190476191,COMPLETE
125,0.570226291511152,2026-04-12 22:31:13.150649,2026-04-12 22:31:27.197605,0 days 00:00:14.046956,150,2,2,0.67487543999522,1.7957525638599838,0.7716163407776984,0.013756209439185983,1.6080594541995885,4,6,900,1.313934854044852,500,2,1,1.466535449338,1.596326611775576,0.16723754423775927,0.7936257921865529,0.964520425972123,1.313934854044852,4.399606348014,dual_text,0.5460045888332764,0.1888178586959839,0.717948717948718,0.7777777777777778,0.6666666666666666,COMPLETE
126,0.570434691859909,2026-04-12 22:31:27.197862,2026-04-12 22:31:41.710817,0 days 00:00:14.512955,150,2,2,0.6775196889170586,1.7915249808895237,0.7749961577772194,0.01678308812604046,1.6151506246894278,4,5,1000,1.3124312523787705,500,2,1,1.4723321025835512,0.01236397008232846,0.1817863302989552,0.7930534686212878,0.9687451972215243,1.3124312523787705,4.4169963077506535,dual_text,0.5529512671251767,0.18055373430252075,0.717948717948718,0.7777777777777778,0.6666666666666666,COMPLETE
127,0.3099984562160879,2026-04-12 22:31:41.711068,2026-04-12 22:31:56.816646,0 days 00:00:15.105578,150,2,2,0.6489018202921958,1.7596042888770502,0.7715023978485583,0.013903417964348807,1.6148555348504412,4,4,1000,1.3183109023816497,550,2,1,1.4731985230745084,0.008604723280300328,0.16120534816862145,0.7932208168258662,0.964377997310698,1.3183109023816497,4.419595569223525,dual_text,0.5087204703608331,0.12997911870479584,0.631578947368421,0.7058823529411765,0.5714285714285714,COMPLETE
128,0.5161231420456345,2026-04-12 22:31:56.817044,2026-04-12 22:32:11.723596,0 days 00:00:14.906552,150,2,2,0.6780606787090708,0.9084818872799127,0.7155290677553598,0.018795239929572997,1.4708631741959128,4,5,900,1.2943279849546712,500,2,1,1.4376523835629587,1.5830387103657164,0.1891996977258788,0.7810220157019117,0.8944113346941998,1.2943279849546712,4.3129571506888755,dual_text,0.5374380681878214,0.16175317764282227,0.7,0.7368421052631579,0.6666666666666666,COMPLETE
129,0.18731759169494488,2026-04-12 22:32:11.723943,2026-04-12 22:32:26.283620,0 days 00:00:14.559677,150,2,2,0.699241148418329,1.359499831020596,0.7356504450125803,0.017069748954046476,1.5288438884238833,4,10,900,1.3095311297520735,500,2,1,1.407897513866206,0.01542967913691255,0.14134744463986104,0.7860212250687594,0.9195630562657253,1.3095311297520735,4.223692541598618,dual_text,0.48634396558907017,0.17225562036037445,0.5909090909090909,0.5652173913043478,0.6190476190476191,COMPLETE
