number,value,datetime_start,datetime_complete,duration,params_aux_max_features,params_aux_min_df,params_aux_ngram_high,params_colsample_bytree,params_gamma,params_gen_pos_weight_mult,params_learning_rate,params_max_delta_step,params_max_depth,params_min_child_weight,params_n_estimators,params_neg_weight_mult,params_readme_max_features,params_readme_min_df,params_readme_ngram_high,params_real_pos_weight_mult,params_reg_alpha,params_reg_lambda,params_subsample,user_attrs_actual_w_generated_pos,user_attrs_actual_w_neg,user_attrs_actual_w_real_pos,user_attrs_text_mode,user_attrs_val_ap,user_attrs_val_best_threshold,user_attrs_val_f1,user_attrs_val_precision,user_attrs_val_recall,state
42,0.4147702479265276,2026-04-12 22:10:50.837579,2026-04-12 22:11:04.643096,0 days 00:00:13.805517,100,2,1,0.8572383985452959,0.28823737484885337,0.7630928644327768,0.036931811459193865,1.8222459249115115,3,4,700,0.9159735195036472,550,2,1,2.15856154838833,0.00019560065182638593,6.202605208905438,0.9711348142025292,0.953866080540971,0.9159735195036472,6.47568464516499,dual_text,0.49234159755092577,0.168254554271698,0.6666666666666666,0.7222222222222222,0.6190476190476191,COMPLETE
43,0.3091496356413117,2026-04-12 22:11:04.643513,2026-04-12 22:11:16.911333,0 days 00:00:12.267820,150,2,1,0.9179004353583643,0.5277144382034443,0.7091955571902435,0.06810017494039339,1.5426562808108137,4,2,600,1.0083227532857637,500,2,1,1.748640657233642,1.648612214743416e-05,0.7937679810380922,0.9502282596318701,0.8864944464878044,1.0083227532857637,5.245921971700926,dual_text,0.48042645120162414,0.10075041651725769,0.631578947368421,0.7058823529411765,0.5714285714285714,COMPLETE
44,0.36047877068879197,2026-04-12 22:11:16.911819,2026-04-12 22:11:28.193530,0 days 00:00:11.281711,50,2,1,0.8235615123072394,3.7234312271465804,0.9777973430188143,0.04491862521511509,1.6411016358762567,3,5,600,0.9645346322970432,500,2,1,2.031010014718759,3.729216802299743e-05,2.969874112740937,0.9103004803039663,1.2222466787735178,0.9645346322970432,6.093030044156277,dual_text,0.48442749142820024,0.4132230579853058,0.6486486486486487,0.75,0.5714285714285714,COMPLETE
45,0.3688225672193509,2026-04-12 22:11:28.193751,2026-04-12 22:11:39.356142,0 days 00:00:11.162391,100,2,1,0.9789140192570794,3.081372863240261,0.8246626630223796,0.06327877471933338,1.1122958308070066,2,1,700,0.9180308869369577,450,2,1,1.8375407411850004,0.000351541854982387,1.491414465260521,0.9843054706901945,1.0308283287779745,0.9180308869369577,5.5126222235550015,dual_text,0.5111398375442525,0.22153164446353912,0.6511627906976745,0.6363636363636364,0.6666666666666666,COMPLETE
46,0.30571847849510625,2026-04-12 22:11:39.356673,2026-04-12 22:11:50.939672,0 days 00:00:11.582999,150,2,1,0.8581047284311119,4.686299994604386,1.0826415692573619,0.021707775007098373,0.8958554095476965,2,3,700,1.1377048140488195,250,3,1,1.9561746085495422,0.00011900756383906568,4.953212836191218,0.8987665686125519,1.3533019615717023,1.1377048140488195,5.8685238256486265,dual_text,0.5609863202072463,0.16450147330760956,0.6296296296296297,0.5151515151515151,0.8095238095238095,COMPLETE
47,0.2477081438043084,2026-04-12 22:11:50.940121,2026-04-12 22:12:01.931155,0 days 00:00:10.991034,50,1,1,0.9019927908589643,0.9775630706637787,0.6969434464369192,0.05332619222484008,1.86708300906908,3,9,400,1.1753417094019034,500,2,1,1.892377071698651,7.289548915567523e-05,7.584304735583205,0.7123315028824916,0.871179308046149,1.1753417094019034,5.677131215095953,dual_text,0.4791603490325016,0.3602433502674103,0.6111111111111112,0.7333333333333333,0.5238095238095238,COMPLETE
48,0.4637470164068045,2026-04-12 22:12:01.931424,2026-04-12 22:12:13.472745,0 days 00:00:11.541321,100,2,2,0.9395226563091289,0.0428021588537596,0.8594577104213854,0.03328429503246702,1.9979320345874882,3,3,500,1.0791970772674073,400,2,1,1.6058132847454711,0.0004855860774427105,2.4951702365025836,0.8798697911672657,1.0743221380267318,1.0791970772674073,4.817439854236413,dual_text,0.49888428673087953,0.09414022415876389,0.6829268292682927,0.7,0.6666666666666666,COMPLETE
49,0.3680942403636497,2026-04-12 22:12:13.472973,2026-04-12 22:12:25.516157,0 days 00:00:12.043184,100,2,1,0.9995563398986897,0.007720151819591389,0.8694798207918778,0.039331419511862524,1.9656853687728568,4,3,500,1.2258864542709094,400,3,1,1.6078045545939441,0.014210409072586916,2.5198312736980792,0.803328262837981,1.0868497759898472,1.2258864542709094,4.823413663781833,dual_text,0.48686227568754475,0.09506767988204956,0.6511627906976745,0.6363636363636364,0.6666666666666666,COMPLETE
50,0.3164137362691877,2026-04-12 22:12:25.516666,2026-04-12 22:12:37.723837,0 days 00:00:12.207171,100,1,2,0.9480578653776255,0.37881637724732536,1.197952479882228,0.011091689225244205,1.6133796645146088,2,4,500,1.1056852598997988,300,2,1,1.5188616928410337,4.5436106163452144e-05,0.01292821123208845,0.8746449503818924,1.497440599852785,1.1056852598997988,4.556585078523101,dual_text,0.46582372929812715,0.228522390127182,0.6341463414634146,0.65,0.6190476190476191,COMPLETE
51,0.5591096502288532,2026-04-12 22:12:37.724206,2026-04-12 22:12:49.151678,0 days 00:00:11.427472,100,2,2,0.6256706516684121,0.7672946989821643,0.7892900660339333,0.033688351428559214,1.993884398363757,3,2,400,1.0700568179784427,450,2,1,1.6396945945907861,0.000159927619050904,0.7761631816847712,0.9249749811495892,0.9866125825424166,1.0700568179784427,4.919083783772359,dual_text,0.5417502457236787,0.09198951721191406,0.7142857142857143,0.7142857142857143,0.7142857142857143,COMPLETE
52,0.5697955751533282,2026-04-12 22:12:49.151920,2026-04-12 22:13:00.986091,0 days 00:00:11.834171,100,2,2,0.5835503380868861,0.6894707233273851,0.8415250803422449,0.026779697774281026,1.8657453307258858,3,3,400,1.0810808830237695,450,2,1,1.648539147046207,0.00018110466649486583,0.8768015590988504,0.8482665481940463,1.0519063504278061,1.0810808830237695,4.945617441138621,dual_text,0.5316473769058151,0.14743846654891968,0.717948717948718,0.7777777777777778,0.6666666666666666,COMPLETE
53,0.515304230522061,2026-04-12 22:13:00.986325,2026-04-12 22:13:12.461029,0 days 00:00:11.474704,100,2,2,0.5859028436610467,1.4060025141908499,0.7519874182635169,0.02742206313416048,1.8604042613173308,3,2,400,1.0017446516283988,450,2,1,1.6459011384018376,2.2523286983213047,0.8429472947212894,0.8500193771186102,0.9399842728293961,1.0017446516283988,4.937703415205513,dual_text,0.5101410174020419,0.1986991912126541,0.7,0.7368421052631579,0.6666666666666666,COMPLETE
54,0.415203283742126,2026-04-12 22:13:12.461274,2026-04-12 22:13:24.926986,0 days 00:00:12.465712,100,2,2,0.6041967443678218,1.4786150685609218,0.9221012806367948,0.02531678150879461,1.8673156286847823,3,2,400,1.070088677387515,450,2,1,1.6383311588582659,1.9744700007009197,0.7079299875933874,0.8427098598320404,1.1526266007959936,1.070088677387515,4.914993476574797,dual_text,0.5067761247375407,0.14661431312561035,0.6666666666666666,0.6666666666666666,0.6666666666666666,COMPLETE
55,0.3696506235629826,2026-04-12 22:13:24.927342,2026-04-12 22:13:37.582966,0 days 00:00:12.655624,50,2,2,0.5874909517065607,1.2294115954739453,0.7285125053691908,0.028310683604413536,1.7311514103927639,3,2,400,1.0035383422832276,450,2,1,1.665156589429982,0.10670295946449114,0.517242503684883,0.8310096387412745,0.9106406317114885,1.0035383422832276,4.995469768289946,dual_text,0.5387417156653111,0.11745205521583557,0.6511627906976745,0.6363636363636364,0.6666666666666666,COMPLETE
56,0.5158067208628606,2026-04-12 22:13:37.583188,2026-04-12 22:13:51.185395,0 days 00:00:13.602207,100,2,2,0.634999257479973,0.7138515877048426,0.8332260488091454,0.019901517456626824,1.8149140611633916,4,5,400,1.1495550414389262,500,2,1,1.5538039369336987,0.002984125272083246,0.22383084879134657,0.858287498950489,1.0415325610114317,1.1495550414389262,4.661411810801096,dual_text,0.5268906954286948,0.16417954862117767,0.7,0.7368421052631579,0.6666666666666666,COMPLETE
57,-0.2180556103048703,2026-04-12 22:13:51.185643,2026-04-12 22:14:03.810468,0 days 00:00:12.624825,100,2,2,0.6534557024965908,0.7302511055024663,0.7528068573474203,0.019637509617096142,0.35503202207844975,3,5,400,1.0497882087182318,500,2,1,1.566663941929187,0.6727282318642641,0.9385096329912694,0.8494589958751596,0.9410085716842753,1.0497882087182318,4.699991825787561,dual_text,0.3505272755519475,0.417989581823349,0.45714285714285713,0.5714285714285714,0.38095238095238093,COMPLETE
58,0.516529451140393,2026-04-12 22:14:03.810694,2026-04-12 22:14:16.626239,0 days 00:00:12.815545,100,2,2,0.6409865600126176,1.7746967749969935,0.8331420212570951,0.021776740447284997,1.8943930003760152,3,5,600,0.9723593878240768,500,2,1,1.4823153883570928,0.35240593751195576,0.3931967588405027,0.8979848671193456,1.0414275265713688,0.9723593878240768,4.446946165071278,dual_text,0.5509817046797717,0.1994256228208542,0.7,0.7368421052631579,0.6666666666666666,COMPLETE
59,0.5164708154954687,2026-04-12 22:14:16.626523,2026-04-12 22:14:28.796690,0 days 00:00:12.170167,100,2,2,0.6360944676888384,1.9443991843431405,0.8357101904742872,0.016488150727055388,1.8751038794885035,4,5,600,1.147959580975107,500,2,1,1.48894527671757,1.0336748816167818,0.5829249385760542,0.8173811339488991,1.044637738092859,1.147959580975107,4.46683583015271,dual_text,0.5490271831822963,0.200739324092865,0.7,0.7368421052631579,0.6666666666666666,COMPLETE
60,0.5702342864627482,2026-04-12 22:14:28.796990,2026-04-12 22:14:41.901631,0 days 00:00:13.104641,100,2,2,0.6380686619406808,1.8224927291617472,0.8373480121831827,0.013072649859688095,1.685403819256664,4,5,600,1.2582858534620702,500,2,1,1.4833698740358323,0.8982584740609514,0.22973619270416704,0.7946580745558425,1.0466850152289784,1.2582858534620702,4.450109622107497,dual_text,0.5462710872198157,0.1702001690864563,0.717948717948718,0.7777777777777778,0.6666666666666666,COMPLETE
61,0.5701243693392672,2026-04-12 22:14:41.901948,2026-04-12 22:14:54.832323,0 days 00:00:12.930375,100,2,2,0.6372341040158637,1.9348810767196472,0.8382947140905397,0.013429256720546026,1.7243532454533783,4,5,600,1.2814413368464344,500,2,1,1.460657075958846,1.0219754077378778,0.2385746604502972,0.7868442161510079,1.0478683926131747,1.2814413368464344,4.381971227876538,dual_text,0.5426071831037815,0.17196659743785858,0.717948717948718,0.7777777777777778,0.6666666666666666,COMPLETE
62,0.41578835023856,2026-04-12 22:14:54.832550,2026-04-12 22:15:08.666620,0 days 00:00:13.834070,100,2,2,0.6281920288203783,1.7865278046883155,0.8958555403041486,0.011900977306952087,1.6851947897110464,4,6,700,1.2745659055814764,550,2,1,1.4521170844825615,0.8596970864935224,0.13102123120181283,0.7986371832035271,1.1198194253801859,1.2745659055814764,4.356351253447684,dual_text,0.5262783412853406,0.18009135127067566,0.6666666666666666,0.7222222222222222,0.6190476190476191,COMPLETE
63,0.4692580406441206,2026-04-12 22:15:08.667007,2026-04-12 22:15:22.830025,0 days 00:00:14.163018,100,2,2,0.6555739743334191,2.165295681018561,0.7947204547441041,0.009032633569596915,1.921940652973394,5,5,600,1.2893314966996872,500,2,1,1.4915584490308038,0.35670357308386735,0.4511560495565172,0.7473476580183437,0.9934005684301301,1.2893314966996872,4.474675347092411,dual_text,0.5542153898917389,0.18820598721504211,0.6842105263157895,0.7647058823529411,0.6190476190476191,COMPLETE
64,0.4687322346572498,2026-04-12 22:15:22.830296,2026-04-12 22:15:35.832878,0 days 00:00:13.002582,100,2,2,0.6650375366994573,2.4166494629698247,0.8307665598496895,0.01623048911044723,1.7232732450966597,4,5,600,1.3727466969996922,500,2,1,1.4052158485574673,1.2433958349612482,0.2504108640626702,0.7909707559126083,1.0384581998121118,1.3727466969996922,4.215647545672402,dual_text,0.5366885236627125,0.1760200709104538,0.6842105263157895,0.7647058823529411,0.6190476190476191,COMPLETE
65,0.46874214770503375,2026-04-12 22:15:35.833308,2026-04-12 22:15:48.924382,0 days 00:00:13.091074,100,2,2,0.6722173817476026,1.7184919694585963,0.9437851035903518,0.014448031832250985,1.9898128560295387,4,7,500,1.3465308669338223,550,2,1,1.4362253795145121,0.2985893088761651,0.13319050856020373,0.789521721708275,1.1797313794879398,1.3465308669338223,4.308676138543536,dual_text,0.5370189585888461,0.19639113545417786,0.6842105263157895,0.7647058823529411,0.6190476190476191,COMPLETE
66,0.5702418501574998,2026-04-12 22:15:48.924739,2026-04-12 22:16:02.184302,0 days 00:00:13.259563,150,2,2,0.7008860615320333,1.9924331216218187,0.8839719619468862,0.013080149829181965,1.7762077109873142,4,6,600,1.2448266023717605,450,2,1,1.511812353789643,0.16327510250477595,0.36046129060666754,0.8204705998327224,1.1049649524336078,1.2448266023717605,4.535437061368929,dual_text,0.5465232103782024,0.20600047707557678,0.717948717948718,0.7777777777777778,0.6666666666666666,COMPLETE
67,0.5705523115468499,2026-04-12 22:16:02.184805,2026-04-12 22:16:16.122614,0 days 00:00:13.937809,150,2,2,0.7155251867533472,2.0128435400236095,0.8732051436309737,0.009467413970007372,1.5928907897058908,5,7,500,1.255337236524352,450,2,1,1.5222779587118713,0.1557167669406174,0.3884238850589771,0.7505545387199608,1.0915064295387171,1.255337236524352,4.566833876135614,dual_text,0.5568719233565407,0.23387417197227478,0.717948717948718,0.7777777777777778,0.6666666666666666,COMPLETE
68,0.2487410967041458,2026-04-12 22:16:16.122959,2026-04-12 22:16:30.203845,0 days 00:00:14.080886,150,2,2,0.7176029007941345,2.7995987493899257,0.9929742741464486,0.00694720241570142,1.6069648960977228,5,7,500,1.2518267165406092,450,2,1,1.372878772341563,0.11890620013399854,0.08165118848513354,0.737171248419452,1.2412178426830607,1.2518267165406092,4.118636317024689,dual_text,0.513592112360414,0.30154696106910706,0.6111111111111112,0.7333333333333333,0.5238095238095238,COMPLETE
69,0.4650599977887169,2026-04-12 22:16:30.204298,2026-04-12 22:16:43.791047,0 days 00:00:13.586749,150,2,2,0.7093559272147161,2.3690253875458898,0.882588066550451,0.008607207892578118,1.5497803549149525,5,8,500,1.293529320939778,400,2,1,1.5794869452644549,0.050580207986747866,0.2875309927654138,0.7811490945711952,1.1032350831880637,1.293529320939778,4.738460835793365,dual_text,0.5426503327946246,0.24688223004341125,0.6829268292682927,0.7,0.6666666666666666,COMPLETE
70,0.4650251201037491,2026-04-12 22:16:43.791266,2026-04-12 22:16:57.696028,0 days 00:00:13.904762,150,2,2,0.5791242484576193,1.601396868369111,0.9480573966788193,0.010172875701076145,1.7698021224136313,5,8,700,1.2062185336749545,450,2,1,1.527817694318519,0.502469241654597,0.1578492832986879,0.7617869626073769,1.185071745848524,1.2062185336749545,4.5834530829555575,dual_text,0.5414877432956984,0.20679472386837006,0.6829268292682927,0.7,0.6666666666666666,COMPLETE
71,0.570198070545529,2026-04-12 22:16:57.696260,2026-04-12 22:17:10.184500,0 days 00:00:12.488240,150,2,2,0.6180017405374696,1.9792022084179877,0.8055512231332118,0.012828207542761639,1.6770100869171083,4,6,600,1.2520603732131796,450,2,1,1.5053969384551535,0.17601446797120823,0.3323428904549732,0.8137560141307851,1.0069390289165148,1.2520603732131796,4.51619081536546,dual_text,0.5450638899791721,0.1984090358018875,0.717948717948718,0.7777777777777778,0.6666666666666666,COMPLETE
72,0.5167213555888636,2026-04-12 22:17:10.184889,2026-04-12 22:17:22.538407,0 days 00:00:12.353518,150,2,2,0.6159864592713038,2.0903258941092986,0.8874174675969088,0.013264905567618527,1.6749882162888305,4,6,500,1.2698025301023632,400,2,1,1.511954693908542,0.22174050759402225,0.40278558068007314,0.7801359066786016,1.1092718344961359,1.2698025301023632,4.5358640817256255,dual_text,0.5573785196287933,0.182444766163826,0.7,0.7368421052631579,0.6666666666666666,COMPLETE
73,0.469044828789954,2026-04-12 22:17:22.538942,2026-04-12 22:17:36.172976,0 days 00:00:13.634034,150,2,2,0.6055141400475602,2.029193434605194,0.8093774381035306,0.008383362982609352,1.497275336082081,4,6,600,1.2299881126517391,450,2,1,1.4353743798466698,0.06503355011031217,0.25707276401665613,0.8068097934533452,1.0117217976294133,1.2299881126517391,4.306123139540009,dual_text,0.547108328086189,0.22540493309497833,0.6842105263157895,0.7647058823529411,0.6190476190476191,COMPLETE
74,0.5700802485320837,2026-04-12 22:17:36.173200,2026-04-12 22:17:49.925820,0 days 00:00:13.752620,150,2,2,0.7439206777714225,1.103550209294306,0.8539768140522176,0.013338870869870461,1.7614962580498459,4,7,600,1.2599904306233598,450,2,1,1.6889260472472944,0.19230801487437613,0.3138257017813513,0.753158779664486,1.067471017565272,1.2599904306233598,5.066778141741883,dual_text,0.541136489531,0.21433037519454956,0.717948717948718,0.7777777777777778,0.6666666666666666,COMPLETE
75,0.5160556720405624,2026-04-12 22:17:49.926123,2026-04-12 22:18:04.641697,0 days 00:00:14.715574,150,2,2,0.7675739089424366,1.1622696907155041,0.8533989653830145,0.013448245668023618,1.7384356382495925,4,7,800,1.2529060418823634,400,2,1,1.6935949711101221,0.18140070885542858,0.322338162315875,0.7521108089348525,1.0667487067287682,1.2529060418823634,5.080784913330366,dual_text,0.5351890680187513,0.1873530000448227,0.7,0.7368421052631579,0.6666666666666666,COMPLETE
76,0.24056909253161818,2026-04-12 22:18:04.642109,2026-04-12 22:18:22.720113,0 days 00:00:18.078004,150,2,2,0.7074456777956795,2.3255142118866656,0.9223127364576807,0.0065554066715948715,1.4211001359328281,4,7,600,1.2528959915973,450,2,1,1.5365911494337061,0.026647202846880526,0.1991880030501423,0.7343295183531748,1.152890920572101,1.2528959915973,4.609773448301119,dual_text,0.48273786699596805,0.18952196836471558,0.6086956521739131,0.56,0.6666666666666666,COMPLETE
77,0.4684883921950167,2026-04-12 22:18:22.720476,2026-04-12 22:18:39.470623,0 days 00:00:16.750147,150,2,2,0.747525892846431,1.3308241989964285,0.8679933122281386,0.010103684448089617,1.5676938007121242,5,8,700,1.3042229619533805,500,2,1,1.2101506972856275,0.15943267637975148,0.160030921640528,0.7128120821488088,1.0849916402851731,1.3042229619533805,3.6304520918568826,dual_text,0.5285604415882784,0.22577057778835297,0.6842105263157895,0.7647058823529411,0.6190476190476191,COMPLETE
78,0.5701056157224011,2026-04-12 22:18:39.470956,2026-04-12 22:18:54.052790,0 days 00:00:14.581834,150,2,2,0.7324903650355089,2.685912094990875,0.907627183426277,0.01760691388644488,1.6613884843930744,4,6,500,1.1920615062819526,450,2,1,1.610846856308521,0.5819491250066529,0.6065254873691673,0.7679349928905429,1.1345339792828462,1.1920615062819526,4.8325405689255625,dual_text,0.5419820625415788,0.19998182356357574,0.717948717948718,0.7777777777777778,0.6666666666666666,COMPLETE
79,0.5700649036218371,2026-04-12 22:18:54.053056,2026-04-12 22:19:09.356410,0 days 00:00:15.303354,150,2,2,0.7313292273058265,2.545527482648753,0.8979442619587792,0.012946242334837163,1.6573233084295749,4,6,500,1.1859164441725116,450,2,1,1.4577219838649045,0.5820809289610849,0.3463651785200567,0.7666447353779,1.122430327448474,1.1859164441725116,4.373165951594713,dual_text,0.5406249925227792,0.22173534333705902,0.717948717948718,0.7777777777777778,0.6666666666666666,COMPLETE
80,0.4686075222638503,2026-04-12 22:19:09.356809,2026-04-12 22:19:25.093051,0 days 00:00:15.736242,150,2,2,0.7394655839053427,2.6280725893078496,0.9084966780630177,0.013141218890778983,1.3423720356011246,4,6,600,1.1866243810906334,400,3,1,1.4556795806109566,0.5544859689332177,0.595602096513714,0.768900114518837,1.1356208475787721,1.1866243810906334,4.36703874183287,dual_text,0.5325314438827312,0.24966135621070862,0.6842105263157895,0.7647058823529411,0.6190476190476191,COMPLETE
81,0.5701529003853375,2026-04-12 22:19:25.093372,2026-04-12 22:19:40.000313,0 days 00:00:14.906941,150,2,2,0.7235281870504603,2.2508450350710536,0.969127975224069,0.011986396061021452,1.6685349106439842,4,6,500,1.339085541866122,450,2,1,1.5047268666087312,0.4103077060875663,0.3656413174250784,0.745868323828059,1.2114099690300864,1.339085541866122,4.514180599826194,dual_text,0.5435582179727896,0.21467700600624084,0.717948717948718,0.7777777777777778,0.6666666666666666,COMPLETE
82,0.46859540085906504,2026-04-12 22:19:40.000542,2026-04-12 22:19:53.669020,0 days 00:00:13.668478,150,2,2,0.6954796872069364,2.5043316128269857,1.0188050977556886,0.017629530028578422,1.643450926209932,4,6,500,1.342029413989676,450,2,1,1.3399169399126474,1.3251097413766393,0.35546561471158955,0.7404864976672829,1.2735063721946107,1.342029413989676,4.019750819737942,dual_text,0.5321273970565565,0.23175553977489471,0.6842105263157895,0.7647058823529411,0.6190476190476191,COMPLETE
83,0.5160664188030789,2026-04-12 22:19:53.669415,2026-04-12 22:20:08.220593,0 days 00:00:14.551178,150,2,2,0.7263059246185546,2.7781477015281104,0.9635554023344275,0.012094303319028289,1.4634652462523035,4,6,500,1.2139175490819718,450,2,1,1.41851114839104,0.4383746320078022,0.43081215853480315,0.7217054626405318,1.2044442529180344,1.2139175490819718,4.2555334451731195,dual_text,0.5355472934359697,0.20553964376449585,0.7,0.7368421052631579,0.6666666666666666,COMPLETE
84,0.5160326609489222,2026-04-12 22:20:08.220889,2026-04-12 22:20:23.781451,0 days 00:00:15.560562,150,2,2,0.7881112283178131,2.257890030168661,0.935938865366894,0.010556670234934076,1.6969239767733713,4,7,600,1.196856859640734,400,2,1,1.504833304215036,2.661177225235092,0.2793720687389605,0.763224283533093,1.1699235817086175,1.196856859640734,4.514499912645108,dual_text,0.5344220316307478,0.2384907752275467,0.7,0.7368421052631579,0.6666666666666666,COMPLETE
85,0.5701499938754766,2026-04-12 22:20:23.781769,2026-04-12 22:20:38.572941,0 days 00:00:14.791172,150,2,2,0.750823818596429,1.9590022587666605,0.8769493223793702,0.015154462546280893,1.7903689289621698,4,6,500,1.392102688028805,450,2,1,1.5465195614379614,0.7698666384570465,0.22053817216738442,0.7534864894588569,1.0961866529742128,1.392102688028805,4.639558684313885,dual_text,0.5434613343107609,0.1869548112154007,0.717948717948718,0.7777777777777778,0.6666666666666666,COMPLETE
