number,value,datetime_start,datetime_complete,duration,params_aux_max_features,params_aux_min_df,params_aux_ngram_high,params_colsample_bytree,params_gamma,params_gen_pos_weight_mult,params_learning_rate,params_max_delta_step,params_max_depth,params_min_child_weight,params_n_estimators,params_neg_weight_mult,params_readme_max_features,params_readme_min_df,params_readme_ngram_high,params_real_pos_weight_mult,params_reg_alpha,params_reg_lambda,params_subsample,user_attrs_actual_w_generated_pos,user_attrs_actual_w_neg,user_attrs_actual_w_real_pos,user_attrs_text_mode,user_attrs_val_ap,user_attrs_val_best_threshold,user_attrs_val_f1,user_attrs_val_precision,user_attrs_val_recall,state
43,0.6345169298055919,2026-04-12 21:05:23.611408,2026-04-12 21:05:39.507613,0 days 00:00:15.896205,150,2,2,0.7935641368260594,1.940068422874699,0.9921199880882174,0.011499513008368352,0.7313291392873531,2,8,1200,1.4378704335561125,450,3,2,1.4023547840445776,0.013826092212989903,3.7533098066130006,0.7754868441395909,1.2401499851102717,1.4378704335561125,4.207064352133733,dual_text,0.6377438140325506,0.7884000539779663,0.7384615384615385,1.0,0.5853658536585366,COMPLETE
44,0.6004757949450784,2026-04-12 21:05:39.507852,2026-04-12 21:05:48.803112,0 days 00:00:09.295260,250,3,1,0.7384029741931664,2.350664266229771,0.5603058172127957,0.026220620965590653,1.2681675352830921,2,7,700,0.9030009687926475,450,3,1,1.7707394690881944,0.0008864053963444266,0.8072843567403304,0.710839449934564,0.7003822715159946,0.9030009687926475,5.312218407264583,dual_text,0.6219204375632197,0.788347601890564,0.7272727272727273,0.96,0.5853658536585366,COMPLETE
45,0.5670035572092162,2026-04-12 21:05:48.803498,2026-04-12 21:06:02.125347,0 days 00:00:13.321849,200,1,2,0.6935075858308044,3.243630386791213,0.7227667308359897,0.04755012141268083,0.6736236995395658,3,9,1000,1.4995905523927788,550,4,2,1.5452968073418096,0.020853688033229314,1.194358323229023,0.7317022386371617,0.9034584135449872,1.4995905523927788,4.635890422025429,dual_text,0.5916608621977616,0.7167401313781738,0.7164179104477612,0.9230769230769231,0.5853658536585366,COMPLETE
46,0.5996003213821093,2026-04-12 21:06:02.125571,2026-04-12 21:06:15.584829,0 days 00:00:13.459258,200,1,1,0.6563090234643807,4.037964534416589,0.5111053569445749,0.007460415461368418,1.4130671294020656,2,10,800,1.3741048455849572,400,3,2,1.681048773349439,0.006093356767170553,2.0875518468609924,0.6786541921867892,0.6388816961807187,1.3741048455849572,5.043146320048317,dual_text,0.5927379854642488,0.6459015011787415,0.7272727272727273,0.96,0.5853658536585366,COMPLETE
47,0.4714980799808286,2026-04-12 21:06:15.585088,2026-04-12 21:06:28.219838,0 days 00:00:12.634750,150,3,2,0.8045872681270142,1.2736915289099355,1.060596376389303,0.015099376691012049,0.37572117081811496,2,8,1300,0.9631662203505486,500,4,1,1.499272415319531,0.0004424815267422717,0.1539409875775254,0.9910380210785276,1.3257454704866287,0.9631662203505486,4.497817245958593,dual_text,0.47850742793238377,0.3366369605064392,0.6857142857142857,0.8275862068965517,0.5853658536585366,COMPLETE
48,0.6346300394967102,2026-04-12 21:06:28.220251,2026-04-12 21:06:42.545591,0 days 00:00:14.325340,150,1,2,0.7139433910443607,2.429060760906834,0.6615399108470498,0.030634981859143526,1.8610063911876888,2,6,1100,1.2660105358370386,450,3,2,1.8739585013626587,0.0035925560639734387,5.706352818845272,0.7628412961331603,0.8269248885588122,1.2660105358370386,5.621875504087976,dual_text,0.6415141370698231,0.7444537281990051,0.7384615384615385,1.0,0.5853658536585366,COMPLETE
49,0.6344899807568837,2026-04-12 21:06:42.545839,2026-04-12 21:06:57.141946,0 days 00:00:14.596107,150,1,2,0.6228571292194874,2.856762980609456,0.663086293588212,0.03043484194845074,0.5272529423007151,3,5,1100,1.2708724280105903,400,3,2,1.8542355186976056,0.0088917630834253,5.39200891910794,0.6662855268303262,0.8288578669852651,1.2708724280105903,5.562706556092817,dual_text,0.6368455124089407,0.7791549563407898,0.7384615384615385,1.0,0.5853658536585366,COMPLETE
50,0.6347073997237027,2026-04-12 21:06:57.142216,2026-04-12 21:07:12.766134,0 days 00:00:15.623918,150,1,2,0.7245034582507789,1.8569035784848837,0.637629122201797,0.03708565320910963,1.8058113513408716,2,9,1200,1.2062069202771541,450,3,2,1.8973310512778334,0.07552351020566553,0.7348333476236995,0.8149325026141228,0.7970364027522463,1.2062069202771541,5.691993153833501,dual_text,0.644092811302909,0.7586734294891357,0.7384615384615385,1.0,0.5853658536585366,COMPLETE
51,0.6000927285934606,2026-04-12 21:07:12.766358,2026-04-12 21:07:27.819310,0 days 00:00:15.052952,150,1,2,0.7213263646057062,1.756825192568492,0.634649165670391,0.03664450229022825,1.9968362568566884,2,9,1200,1.2147766913983469,450,3,2,1.905368081517115,0.45884391638971406,0.40954790913882516,0.8384875166199088,0.7933114570879887,1.2147766913983469,5.716104244551345,dual_text,0.6091515591759623,0.7485745549201965,0.7272727272727273,0.96,0.5853658536585366,COMPLETE
52,0.6009470070569927,2026-04-12 21:07:27.819723,2026-04-12 21:07:42.508486,0 days 00:00:14.688763,150,1,2,0.6921143423883934,1.9261012223886378,0.5715969735536071,0.030328486173619325,1.843200550028445,2,2,1100,1.155060639429082,450,3,2,2.029128849763468,0.06605542886737463,0.6997103301730446,0.761655099604123,0.7144962169420088,1.155060639429082,6.087386549290404,dual_text,0.6376275079603628,0.7330196499824524,0.7272727272727273,0.96,0.5853658536585366,COMPLETE
53,0.6345286141065037,2026-04-12 21:07:42.508712,2026-04-12 21:07:57.539002,0 days 00:00:15.030290,150,1,2,0.6540507253390085,2.507494965628946,0.6175607607768027,0.048396432200079886,1.7115433765654735,2,4,1200,1.2162466197584778,400,3,2,1.796854647801502,1.1112876146716932,1.5403235514781919,0.8080575724249937,0.7719509509710033,1.2162466197584778,5.390563943404506,dual_text,0.63813329072961,0.7717972993850708,0.7384615384615385,1.0,0.5853658536585366,COMPLETE
54,0.5993605496652366,2026-04-12 21:07:57.539335,2026-04-12 21:08:13.418762,0 days 00:00:15.879427,100,1,2,0.7480727562119661,1.5504794823121066,0.5273093745245768,0.023487920594796055,1.8830514694754728,2,8,1000,1.1587589254595039,450,3,2,2.0113937232164045,0.02660652067191172,1.1246170416075234,0.7421500407697129,0.6591367181557211,1.1587589254595039,6.034181169649214,dual_text,0.5847455949018273,0.6258825659751892,0.7272727272727273,0.96,0.5853658536585366,COMPLETE
55,0.5995583004238073,2026-04-12 21:08:13.419110,2026-04-12 21:08:29.562920,0 days 00:00:16.143810,150,1,2,0.6852491069401284,2.19030570968571,0.6952041929832772,0.019918259493998572,1.6574771492175355,3,9,1100,1.0813267644747244,500,3,2,1.9129361254104433,0.0038953202391104986,0.8334912535375918,0.8234493887042368,0.8690052412290965,1.0813267644747244,5.73880837623133,dual_text,0.5913372868541829,0.7401902079582214,0.7272727272727273,0.96,0.5853658536585366,COMPLETE
56,0.6010255187501099,2026-04-12 21:08:29.563707,2026-04-12 21:08:46.096797,0 days 00:00:16.533090,150,1,2,0.7121963124282893,0.6894157221905082,0.5727383830016002,0.03952846853788484,1.4669231829929292,2,10,1300,1.2633202511738255,350,3,2,1.8737389612759376,0.04997139727557725,2.636188390666554,0.7834704142684269,0.7159229787520003,1.2633202511738255,5.621216883827813,dual_text,0.6402445643976039,0.6590883731842041,0.7272727272727273,0.96,0.5853658536585366,COMPLETE
57,0.5999031358203178,2026-04-12 21:08:46.097034,2026-04-12 21:09:01.337593,0 days 00:00:15.240559,100,1,2,0.6216675463934618,2.3704758771863705,0.6487697501571521,0.028000308712822275,1.8301973283226625,2,8,1200,1.299528664722566,400,3,2,1.7557306884240154,1.9593966149598137e-05,1.9959042977132806,0.7026509403975024,0.8109621876964401,1.299528664722566,5.267192065272046,dual_text,0.602831800071202,0.7376497983932495,0.7272727272727273,0.96,0.5853658536585366,COMPLETE
58,0.6343521088955624,2026-04-12 21:09:01.338055,2026-04-12 21:09:14.705276,0 days 00:00:13.367221,200,1,2,0.6555938721137992,2.6387008511957566,0.9518595643745276,0.0707165689228716,0.9133211639528168,3,6,1200,1.232785369033064,450,3,2,1.7159541221330763,0.001650282975912545,3.697738423538659,0.9300924848313483,1.1898244554681594,1.232785369033064,5.147862366399229,dual_text,0.6322497836982325,0.7364743947982788,0.7384615384615385,1.0,0.5853658536585366,COMPLETE
59,0.6000883825796558,2026-04-12 21:09:14.705502,2026-04-12 21:09:28.595131,0 days 00:00:13.889629,150,1,2,0.7645352705404362,3.3652762963698857,0.600183816836661,0.047278340390984566,1.9029551714187376,2,4,1000,1.3303536224237367,500,3,2,1.9811169841293306,4.964345771106273e-05,0.2800596538016237,0.721868398130787,0.7502297710458262,1.3303536224237367,5.943350952387991,dual_text,0.6090066920491324,0.6514869332313538,0.7272727272727273,0.96,0.5853658536585366,COMPLETE
60,0.6009670029787737,2026-04-12 21:09:28.595627,2026-04-12 21:09:43.315593,0 days 00:00:14.719966,150,1,2,0.7031017884868999,1.705269892226624,0.5235574215029052,0.031699004104174096,1.1810980917428722,6,9,1100,1.1919825372448039,350,3,2,2.0828326753299002,0.12208142776111647,0.05952306875014889,0.7962970522871393,0.6544467768786315,1.1919825372448039,6.248498025989701,dual_text,0.6382940386863983,0.6708915829658508,0.7272727272727273,0.96,0.5853658536585366,COMPLETE
61,0.634405814334008,2026-04-12 21:09:43.316031,2026-04-12 21:09:56.032322,0 days 00:00:12.716291,200,2,1,0.7894540860789203,2.277680612837408,0.752112253925474,0.008801643484670659,1.6085085007728233,2,7,900,1.4402891423400055,450,3,1,1.638746336382349,0.00279214105298703,6.765875735008602,0.7748186235919534,0.9401403174068425,1.4402891423400055,4.916239009147047,dual_text,0.6340399649797517,0.7461605668067932,0.7384615384615385,1.0,0.5853658536585366,COMPLETE
62,0.6007488752960988,2026-04-12 21:09:56.032551,2026-04-12 21:10:12.546688,0 days 00:00:16.514137,200,2,2,0.8140200038029157,2.0136404798374485,0.7031946759854405,0.012272278443592962,1.7933770300328975,2,6,1100,1.4116352105246746,400,3,2,1.584238883272558,0.0008052586345780021,2.909500566546793,0.7487021726908958,0.8789933449818006,1.4116352105246746,4.752716649817674,dual_text,0.6310231159305659,0.7464941143989563,0.7272727272727273,0.96,0.5853658536585366,COMPLETE
63,0.5992798053922611,2026-04-12 21:10:12.547065,2026-04-12 21:10:27.353042,0 days 00:00:14.805977,150,1,2,0.7263193472066302,1.3061279323502886,0.6550104870346055,0.012925892615504307,1.7516535068278778,2,5,500,1.473104641575999,450,4,2,1.798913192081232,0.004510893564362335,5.294119998839413,0.7666767111569355,0.8187631087932569,1.473104641575999,5.3967395762436965,dual_text,0.5820541191359772,0.6200616955757141,0.7272727272727273,0.96,0.5853658536585366,COMPLETE
64,0.6011615332352208,2026-04-12 21:10:27.353471,2026-04-12 21:10:39.247870,0 days 00:00:11.894399,200,1,2,0.6797227802283747,2.470695897141215,0.5021568138467979,0.024933920148010356,0.7927558293189614,4,7,900,1.2451743759388232,550,3,1,1.434447765289657,0.0015011035409952206,3.98718163036803,0.7358925132306636,0.6276960173084973,1.2451743759388232,4.303343295868971,dual_text,0.6447783805679662,0.7483924031257629,0.7272727272727273,0.96,0.5853658536585366,COMPLETE
65,0.5994563251908116,2026-04-12 21:10:39.248180,2026-04-12 21:10:54.435782,0 days 00:00:15.187602,150,1,2,0.8572441157200839,2.8023164048422706,0.5821419427515779,0.03377008025908576,1.9177340872470638,2,9,1000,1.3521134584090047,400,3,2,1.674468848560328,0.008129901439386958,1.5245379852973224,0.7831744947599559,0.7276774284394725,1.3521134584090047,5.023406545680984,dual_text,0.5879381124209953,0.6566968560218811,0.7272727272727273,0.96,0.5853658536585366,COMPLETE
66,0.6008334635257404,2026-04-12 21:10:54.436199,2026-04-12 21:11:11.051314,0 days 00:00:16.615115,250,1,1,0.5846649451496355,2.1424598815871314,0.7923557092567957,0.006553209949869404,1.0282842848092306,2,10,1300,1.451114900179422,500,2,2,1.8418925583331431,0.00026643903380936887,5.81069893993332,0.7123147756424913,0.9904446365709946,1.451114900179422,5.52567767499943,dual_text,0.6338427235852871,0.7147722840309143,0.7272727272727273,0.96,0.5853658536585366,COMPLETE
67,0.6339628929938768,2026-04-12 21:11:11.051635,2026-04-12 21:11:24.672275,0 days 00:00:13.620640,150,2,2,0.7559917479893876,0.9852787635831812,0.674075669167445,0.018566288972916158,0.23968964317236977,2,8,700,1.2946137594955354,450,4,2,1.5227669444269152,0.000149734200726806,0.45271479063970227,0.8121680934169487,0.8425945864593063,1.2946137594955354,4.5683008332807455,dual_text,0.6192759203087097,0.6453171968460083,0.7384615384615385,1.0,0.5853658536585366,COMPLETE
68,0.5667018282083002,2026-04-12 21:11:24.672507,2026-04-12 21:11:38.788459,0 days 00:00:14.115952,200,1,2,0.6621430470871894,3.0051041613197724,0.735993433326795,0.038734172806279124,1.505980077910582,3,6,1200,1.4255902111511065,400,3,2,1.6102965825462303,0.002367979953638658,2.35484737694606,0.6906572289996427,0.9199917916584938,1.4255902111511065,4.830889747638691,dual_text,0.5816032288338928,0.6309661865234375,0.7164179104477612,0.9230769230769231,0.5853658536585366,COMPLETE
69,0.5668764600463989,2026-04-12 21:11:38.788883,2026-04-12 21:11:49.393177,0 days 00:00:10.604294,150,1,2,0.7433213567001472,1.782734944535537,0.5579655171417698,0.021721733781783097,0.4797841557057006,2,9,800,1.4841384913483349,350,3,1,1.6527606895229146,0.01806983601977036,3.1868999524651205,0.8372186781311975,0.6974568964272122,1.4841384913483349,4.958282068568744,dual_text,0.5874242901038507,0.7004473805427551,0.7164179104477612,0.9230769230769231,0.5853658536585366,COMPLETE
70,0.6343663106271856,2026-04-12 21:11:49.393458,2026-04-12 21:12:04.719030,0 days 00:00:15.325572,150,1,2,0.6396996450940987,4.406702884864599,0.6194934951606369,0.008868473043757721,0.6021414371007047,2,10,1000,1.3968388609053695,450,3,2,1.5639437812916384,0.0005451703847010112,1.0195305213127066,0.7545045597580605,0.7743668689507961,1.3968388609053695,4.691831343874915,dual_text,0.6327231747523393,0.7634075880050659,0.7384615384615385,1.0,0.5853658536585366,COMPLETE
71,0.6346481807732162,2026-04-12 21:12:04.719437,2026-04-12 21:12:19.282241,0 days 00:00:14.562804,150,1,2,0.6509594488518038,2.6612189125095926,0.6127914607898997,0.045647334816303994,1.681586559156827,2,4,1200,1.2058119380130956,400,3,2,1.7956886141918982,0.37681613458846147,1.5123068134431674,0.8183922287286084,0.7659893259873746,1.2058119380130956,5.387065842575694,dual_text,0.6421188462866904,0.7621208429336548,0.7384615384615385,1.0,0.5853658536585366,COMPLETE
72,0.5998338964049693,2026-04-12 21:12:19.282473,2026-04-12 21:12:33.722782,0 days 00:00:14.440309,150,1,2,0.7078479309432212,2.6433251640506414,0.6360879129992998,0.04337493595742222,1.6781816237001868,2,2,1100,1.2281632423945525,400,3,2,1.8122690920337183,0.3395232674953149,1.3140266175777262,0.8532008930025581,0.7951098912491248,1.2281632423945525,5.436807276101155,dual_text,0.6005238195595846,0.7097577452659607,0.7272727272727273,0.96,0.5853658536585366,COMPLETE
73,0.6004088538418453,2026-04-12 21:12:33.723117,2026-04-12 21:12:49.307685,0 days 00:00:15.584568,150,1,2,0.6845743773993546,2.4825551851598786,0.5999411872562699,0.02942661054232146,1.6001151853103726,2,4,1200,1.1768726911711913,400,3,2,1.885440783666901,0.04694964450378659,0.7007147387505774,0.8186345140773643,0.7499264840703374,1.1768726911711913,5.656322351000703,dual_text,0.6196890674554504,0.7426136136054993,0.7272727272727273,0.96,0.5853658536585366,COMPLETE
74,0.6001526712667455,2026-04-12 21:12:49.308340,2026-04-12 21:13:05.151115,0 days 00:00:15.842775,150,1,2,0.6457020551833309,2.2104387705412982,0.7052312772601099,0.05113563141813474,1.957033737630843,2,3,1100,1.207182065817703,650,3,2,1.9444716790339875,1.2077500266221308,7.77777470038344,0.7936870886905723,0.8815390965751374,1.207182065817703,5.833415037101963,dual_text,0.6111496482854581,0.6590816378593445,0.7272727272727273,0.96,0.5853658536585366,COMPLETE
75,0.5999420622562707,2026-04-12 21:13:05.151480,2026-04-12 21:13:22.312317,0 days 00:00:17.160837,100,1,2,0.7685870035358616,2.857009911807646,0.5400472182287376,0.036405215840762416,1.7668802410953361,2,5,1400,1.1444056876391828,450,3,2,1.7162370887082914,0.6277142518777135,4.316292727053681,0.7289705762299881,0.675059022785922,1.1444056876391828,5.148711266124874,dual_text,0.604129347936296,0.6912733316421509,0.7272727272727273,0.96,0.5853658536585366,COMPLETE
76,0.5754961524458281,2026-04-12 21:13:22.312646,2026-04-12 21:13:36.983282,0 days 00:00:14.670636,150,3,2,0.6231520471848552,3.139040947580476,0.5833100403617865,0.06761164053203543,0.8316227063144715,2,9,1300,1.4557080227635566,400,3,2,1.7809866417588123,0.23671593876455624,1.7335287873617728,0.7452016241678161,0.729137550452233,1.4557080227635566,5.342959925276437,dual_text,0.6415384148609379,0.7648072838783264,0.71875,1.0,0.5609756097560976,COMPLETE
77,0.5595366153693382,2026-04-12 21:13:36.983494,2026-04-12 21:13:51.272001,0 days 00:00:14.288507,150,1,1,0.722500324819145,1.946644092870026,0.8189458548179012,0.06188569771966662,0.892923914226976,2,5,1000,1.2556041224864423,300,3,2,1.7553261184446838,0.010856971685706351,2.56633944943632,0.7580255744403657,1.0236823185223765,1.2556041224864423,5.265978355334052,dual_text,0.5559824170731805,0.2704838514328003,0.7142857142857143,0.8620689655172413,0.6097560975609756,COMPLETE
78,0.6000815615097033,2026-04-12 21:13:51.272316,2026-04-12 21:14:05.925107,0 days 00:00:14.652791,200,1,2,0.7818163511495531,1.448959480125644,0.5566219851661629,0.04438599823540719,0.95395021911795,3,7,1200,1.2773314287559387,500,3,2,1.4652248172950921,0.005921775170702469,0.8362644389075355,0.769347898116017,0.6957774814577036,1.2773314287559387,4.395674451885276,dual_text,0.608779323050714,0.6595638394355774,0.7272727272727273,0.96,0.5853658536585366,COMPLETE
79,0.6345381716687101,2026-04-12 21:14:05.925340,2026-04-12 21:14:21.712434,0 days 00:00:15.787094,250,1,2,0.5901043654253847,2.7274007504804816,0.6791515024051747,0.010616719846364716,0.7066313171295593,2,8,1100,1.312683063189542,450,3,2,1.705852460303808,0.08010836706304418,0.32350717149521335,0.8756113622359146,0.8489393780064685,1.312683063189542,5.117557380911425,dual_text,0.6384518761364871,0.8101980686187744,0.7384615384615385,1.0,0.5853658536585366,COMPLETE
80,0.6345452617898607,2026-04-12 21:14:21.712659,2026-04-12 21:14:33.660393,0 days 00:00:11.947734,150,1,2,0.6676631996413968,3.3322804439831355,0.7712455247896342,0.016570833184107802,0.5740987379897049,2,6,1000,1.4883575659973936,400,3,1,1.3662708480293815,0.001085734769049944,0.016728707697002486,0.7200455184254309,0.9640569059870427,1.4883575659973936,4.098812544088144,dual_text,0.6386882135081757,0.69046550989151,0.7384615384615385,1.0,0.5853658536585366,COMPLETE
81,0.6345262618814164,2026-04-12 21:14:33.660632,2026-04-12 21:14:45.145237,0 days 00:00:11.484605,150,1,2,0.6665753747425692,3.7749728102182125,0.7601315152396688,0.02692377620196312,0.5795019030331899,2,6,1000,1.467479432611623,400,3,1,1.2924379248956914,0.0013063594190274805,0.03150809392818034,0.7214855008103522,0.9501643940495861,1.467479432611623,3.8773137746870745,dual_text,0.6380548832267,0.7284584641456604,0.7384615384615385,1.0,0.5853658536585366,COMPLETE
82,0.6344876735615309,2026-04-12 21:14:45.145468,2026-04-12 21:14:57.970830,0 days 00:00:12.825362,150,1,2,0.6942366489939114,3.3888393367415235,0.7309708755942527,0.01696636619616893,0.42778803588318126,2,6,1100,1.4904792277743675,350,3,1,1.3787438338399802,0.0009098706040127151,0.010342376800146671,0.706918701642277,0.9137135944928159,1.4904792277743675,4.136231501519941,dual_text,0.6367686058971826,0.7492334246635437,0.7384615384615385,1.0,0.5853658536585366,COMPLETE
83,0.6346539941681202,2026-04-12 21:14:57.971054,2026-04-12 21:15:10.336210,0 days 00:00:12.365156,200,1,2,0.679564331433098,2.381175095814964,0.7785255992088522,0.014823752082974971,0.654222730719008,2,9,1000,1.4786342179237575,400,3,1,1.2702326106862802,0.00033484322483071186,0.022892383096011396,0.734557793540342,0.9731569990110653,1.4786342179237575,3.8106978320588407,dual_text,0.6423126261168265,0.7514278292655945,0.7384615384615385,1.0,0.5853658536585366,COMPLETE
84,0.5664833667919635,2026-04-12 21:15:10.336462,2026-04-12 21:15:22.006902,0 days 00:00:11.670440,200,1,2,0.7314051061299769,2.3752831424608543,0.8479499113974643,0.09121325133787726,0.6570929144794391,2,9,1200,1.4511610344014474,450,3,1,1.6133194068581826,9.400426304617214e-05,0.22655752453161399,0.7368477832135991,1.0599373892468305,1.4511610344014474,4.839958220574548,dual_text,0.5743211816226721,0.6963401436805725,0.7164179104477612,0.9230769230769231,0.5853658536585366,COMPLETE
85,0.6000423431283403,2026-04-12 21:15:22.007285,2026-04-12 21:15:34.558857,0 days 00:00:12.551572,200,1,2,0.6783062026510747,2.063628397896099,0.6696217153910992,0.014697464224122386,0.7413532527289797,2,10,900,1.4392929198184201,400,3,1,1.2268305767028775,0.00021898651717982935,0.018436804454765136,0.7444575897271788,0.8370271442388739,1.4392929198184201,3.6804917301086326,dual_text,0.6074720436719483,0.7133941650390625,0.7272727272727273,0.96,0.5853658536585366,COMPLETE
86,0.6010333435054366,2026-04-12 21:15:34.559195,2026-04-12 21:15:47.861448,0 days 00:00:13.302253,200,1,2,0.7045593659293761,2.5713728667408815,0.6446189863995002,0.03350354276821932,1.8383109219116918,2,9,1100,1.3690426412987373,350,3,1,1.9200288893468616,1.0173578574792941e-05,0.10970086215096729,0.7794089662754429,0.8057737329993753,1.3690426412987373,5.760086668040585,dual_text,0.6405053895751596,0.7124711275100708,0.7272727272727273,0.96,0.5853658536585366,COMPLETE
87,0.6345051716003499,2026-04-12 21:15:47.861783,2026-04-12 21:16:05.550186,0 days 00:00:17.688403,200,3,2,0.6320128555044005,1.8348466597025312,0.7109790937484087,0.013408779888620638,0.6778019903501644,5,8,1200,1.4201051474053579,450,4,2,1.8307027617716152,0.0003632342561317387,0.07625258717859464,0.8317151356122833,0.8887238671855109,1.4201051474053579,5.4921082853148455,dual_text,0.6373518738578177,0.8020234107971191,0.7384615384615385,1.0,0.5853658536585366,COMPLETE
