number,value,datetime_start,datetime_complete,duration,params_batch_size,params_dropout,params_hidden_dim,params_lr,params_num_layers,params_pos_weight_scale,params_weight_decay,user_attrs_f1,user_attrs_precision,user_attrs_recall,user_attrs_threshold,state
0,0.7012987012987013,2026-04-15 08:23:57.337803,2026-04-15 08:24:10.276824,0 days 00:00:12.939021,64,0.28912318790219416,128,0.00011794319242564083,3,1.2550716947612868,3.0901057675285605e-06,0.7012987012987013,0.675,0.7297297297297297,0.0873173400759697,COMPLETE
1,0.6666666666666666,2026-04-15 08:24:10.277023,2026-04-15 08:24:19.874430,0 days 00:00:09.597407,16,0.36922719965267015,128,0.00044742221054912224,3,1.1349866132631863,7.397109042014685e-06,0.6666666666666666,0.5957446808510638,0.7567567567567568,0.02179778926074505,COMPLETE
2,0.8405797101449275,2026-04-15 08:24:19.874633,2026-04-15 08:24:25.689367,0 days 00:00:05.814734,64,0.18995843280378316,384,0.0011050866530396154,3,0.9750212994907714,2.1463293793734056e-06,0.8405797101449275,0.90625,0.7837837837837838,0.048377279192209244,COMPLETE
3,0.7341772151898734,2026-04-15 08:24:25.689581,2026-04-15 08:24:31.956123,0 days 00:00:06.266542,32,0.22402957500648896,256,0.0016585888199412292,3,0.8853525928043593,2.2646421171742674e-05,0.7341772151898734,0.6904761904761905,0.7837837837837838,0.00010572939936537296,COMPLETE
4,0.49572649572649574,2026-04-15 08:24:31.956361,2026-04-15 08:24:44.512929,0 days 00:00:12.556568,16,0.366532988489387,128,0.00023809471445820866,3,0.8449206071762647,5.674776459724214e-06,0.49572649572649574,0.3625,0.7837837837837838,0.0015209625707939267,COMPLETE
5,0.7837837837837838,2026-04-15 08:24:44.513150,2026-04-15 08:24:53.008752,0 days 00:00:08.495602,64,0.28733299893443476,128,0.0001893752440533356,3,1.4935450922600544,7.74751314993713e-06,0.7837837837837838,0.7837837837837838,0.7837837837837838,0.5010492205619812,COMPLETE
6,0.27906976744186046,2026-04-15 08:24:53.009004,2026-04-15 08:25:01.942558,0 days 00:00:08.933554,64,0.3932478002309051,128,0.00011434780403015927,3,1.1902747616757838,3.019168091234839e-06,0.27906976744186046,1.0,0.16216216216216217,0.5103068351745605,COMPLETE
7,0.64,2026-04-15 08:25:01.942774,2026-04-15 08:25:09.543632,0 days 00:00:07.600858,32,0.46298156089339426,128,0.0010266406027563694,2,1.4922901367146069,2.0687344763855727e-06,0.64,0.5079365079365079,0.8648648648648649,0.010722434148192406,COMPLETE
8,0.8450704225352113,2026-04-15 08:25:09.543857,2026-04-15 08:25:16.141938,0 days 00:00:06.598081,64,0.2191537907869177,128,0.0006972927083382586,2,0.9587011707147488,5.271857389409381e-05,0.8450704225352113,0.8823529411764706,0.8108108108108109,0.43727999925613403,COMPLETE
9,0.6021505376344086,2026-04-15 08:25:16.142171,2026-04-15 08:25:28.197863,0 days 00:00:12.055692,64,0.12990267424953306,384,0.00012881787145882953,2,1.0850503733414676,1.3179606313919516e-05,0.6021505376344086,0.5,0.7567567567567568,0.03955848515033722,COMPLETE
10,0.7605633802816901,2026-04-15 08:25:28.198084,2026-04-15 08:25:45.205346,0 days 00:00:17.007262,16,0.13007195728821422,256,0.0027775890358947637,2,1.0045361986653663,0.00014653794532913994,0.7605633802816901,0.7941176470588235,0.7297297297297297,0.0005532195791602135,COMPLETE
11,0.691358024691358,2026-04-15 08:25:45.205564,2026-04-15 08:26:04.575351,0 days 00:00:19.369787,64,0.20437070340832367,384,0.0006834411872016677,2,0.9670637857177485,0.00018650792900776726,0.691358024691358,0.6363636363636364,0.7567567567567568,0.024724800139665604,COMPLETE
12,0.8108108108108109,2026-04-15 08:26:04.575661,2026-04-15 08:26:18.323153,0 days 00:00:13.747492,64,0.2074403125121176,384,0.0004887184324043498,2,0.978552816669525,5.927860521930417e-05,0.8108108108108109,0.8108108108108109,0.8108108108108109,0.08086734265089035,COMPLETE
13,0.8493150684931506,2026-04-15 08:26:18.323773,2026-04-15 08:26:27.052815,0 days 00:00:08.729042,64,0.1824822167636096,384,0.0011172465002379358,2,0.8045502870906344,0.0006006985402727013,0.8493150684931506,0.8611111111111112,0.8378378378378378,0.04236820712685585,COMPLETE
14,0.6829268292682927,2026-04-15 08:26:27.053054,2026-04-15 08:26:38.263024,0 days 00:00:11.209970,64,0.2581061180492501,384,0.0008253993609184694,2,0.8181471262085644,0.0009825601983660366,0.6829268292682927,0.6222222222222222,0.7567567567567568,0.014547919854521751,COMPLETE
15,0.5436893203883495,2026-04-15 08:26:38.263239,2026-04-15 08:26:44.775926,0 days 00:00:06.512687,32,0.10055961521892848,256,0.0017439271015690222,2,0.8877878427157715,0.0009270825046687654,0.5436893203883495,0.42424242424242425,0.7567567567567568,0.00046729439054615796,COMPLETE
16,0.8333333333333334,2026-04-15 08:26:44.776128,2026-04-15 08:26:52.759241,0 days 00:00:07.983113,64,0.16280075862964835,384,0.00028615744718644954,2,1.3427207072504064,0.00030490375828111024,0.8333333333333334,0.8571428571428571,0.8108108108108109,0.20953072607517242,COMPLETE
17,0.6078431372549019,2026-04-15 08:26:52.759465,2026-04-15 08:27:00.747935,0 days 00:00:07.988470,64,0.2350501175430818,128,0.00151763630755112,2,0.9026281776936318,5.5570592361438036e-05,0.6078431372549019,0.47692307692307695,0.8378378378378378,0.014282671734690666,COMPLETE
18,0.5714285714285714,2026-04-15 08:27:00.748157,2026-04-15 08:27:21.572396,0 days 00:00:20.824239,16,0.32252440249776415,384,0.00039308629620535154,2,1.04223970877344,0.0003802963463703743,0.5714285714285714,0.45901639344262296,0.7567567567567568,0.00821465253829956,COMPLETE
19,0.5765765765765766,2026-04-15 08:27:21.572725,2026-04-15 08:27:32.982914,0 days 00:00:11.410189,32,0.1647638630043855,256,0.002970773523852041,2,0.8286597282307124,1.0188656362779352e-06,0.5765765765765766,0.43243243243243246,0.8648648648648649,0.0001278809068026021,COMPLETE
20,0.7441860465116279,2026-04-15 08:27:32.983259,2026-04-15 08:27:46.758377,0 days 00:00:13.775118,64,0.4838284938788049,384,0.0006725577371969184,2,0.908849543573014,6.048968334024864e-05,0.7441860465116279,0.6530612244897959,0.8648648648648649,0.02067146636545658,COMPLETE
21,0.8533333333333334,2026-04-15 08:27:46.758722,2026-04-15 08:27:53.862290,0 days 00:00:07.103568,64,0.17116272656070813,384,0.001118698909927081,3,0.9651266452014025,2.4920857171149593e-05,0.8533333333333334,0.8421052631578947,0.8648648648648649,0.005278338678181171,COMPLETE
22,0.5263157894736842,2026-04-15 08:27:53.862712,2026-04-15 08:28:06.961607,0 days 00:00:13.098895,64,0.17336899190404845,384,0.001195802487849837,3,1.063901210264146,2.7809011261224505e-05,0.5263157894736842,0.5128205128205128,0.5405405405405406,0.009985502809286118,COMPLETE
23,0.7567567567567568,2026-04-15 08:28:06.961825,2026-04-15 08:28:13.125224,0 days 00:00:06.163399,64,0.25484989109477363,384,0.0008353080821859381,3,0.9370298554410168,0.00010088928760187633,0.7567567567567568,0.7567567567567568,0.7567567567567568,0.014462846331298351,COMPLETE
24,0.7777777777777778,2026-04-15 08:28:13.125449,2026-04-15 08:28:22.188973,0 days 00:00:09.063524,64,0.14732556347684111,384,0.0013733496308859785,2,0.8024511987412998,1.4214719600404805e-05,0.7777777777777778,0.8,0.7567567567567568,0.010122052393853664,COMPLETE
25,0.8,2026-04-15 08:28:22.189311,2026-04-15 08:28:30.985529,0 days 00:00:08.796218,64,0.24723482193118723,128,0.002045112220822351,2,1.1206573247588778,0.0004968731827548891,0.8,0.7894736842105263,0.8108108108108109,0.04970903322100639,COMPLETE
26,0.8108108108108109,2026-04-15 08:28:30.985737,2026-04-15 08:28:38.594183,0 days 00:00:07.608446,64,0.19776329993503436,384,0.0006559020681197265,3,1.2089783548875976,3.627731740193723e-05,0.8108108108108109,0.8108108108108109,0.8108108108108109,0.08172070235013962,COMPLETE
27,0.8,2026-04-15 08:28:38.594536,2026-04-15 08:28:50.107929,0 days 00:00:11.513393,64,0.10057318750919957,384,0.0009255344592504405,2,1.0227577144315252,0.00023928688714545187,0.8,0.8484848484848485,0.7567567567567568,0.2901352345943451,COMPLETE
28,0.684931506849315,2026-04-15 08:28:50.108310,2026-04-15 08:29:04.363864,0 days 00:00:14.255554,32,0.3213460399262391,256,0.0003379515141680357,3,0.8634771677370445,0.00010950144277657907,0.684931506849315,0.6944444444444444,0.6756756756756757,0.012973133474588394,COMPLETE
29,0.8205128205128205,2026-04-15 08:29:04.364090,2026-04-15 08:29:15.453251,0 days 00:00:11.089161,16,0.27774570053715963,128,0.0005447194018940756,3,1.2916014291887317,0.0006221416402763318,0.8205128205128205,0.7804878048780488,0.8648648648648649,0.01907195895910263,COMPLETE
30,0.7441860465116279,2026-04-15 08:29:15.453535,2026-04-15 08:29:24.567979,0 days 00:00:09.114444,64,0.13346844430727242,128,0.0020522604489013807,2,0.9410312692960793,1.1584369852546179e-05,0.7441860465116279,0.6530612244897959,0.8648648648648649,0.013833491131663322,COMPLETE
31,0.6373626373626373,2026-04-15 08:29:24.568276,2026-04-15 08:29:33.115591,0 days 00:00:08.547315,64,0.18654033616584897,384,0.0011517112479417235,3,0.9946574688250174,1.7671662587273571e-06,0.6373626373626373,0.5370370370370371,0.7837837837837838,0.001346213510259986,COMPLETE
32,0.7894736842105263,2026-04-15 08:29:33.115821,2026-04-15 08:29:41.370339,0 days 00:00:08.254518,64,0.21079932972557971,384,0.001282551505608754,3,1.1088060009403313,4.930044374902454e-06,0.7894736842105263,0.7692307692307693,0.8108108108108109,0.006357179023325443,COMPLETE
33,0.8059701492537313,2026-04-15 08:29:41.370560,2026-04-15 08:29:49.988832,0 days 00:00:08.618272,64,0.2291430702139244,384,0.0010168370466693566,3,0.9425923199327794,2.314988830611009e-05,0.8059701492537313,0.9,0.7297297297297297,0.1293598860502243,COMPLETE
34,0.5510204081632653,2026-04-15 08:29:49.989142,2026-04-15 08:29:59.288869,0 days 00:00:09.299727,64,0.1868963149766015,384,0.0007981314299584888,3,1.1779701511989604,3.2126536304653894e-06,0.5510204081632653,0.4426229508196721,0.7297297297297297,0.01027594693005085,COMPLETE
35,0.6666666666666666,2026-04-15 08:29:59.289088,2026-04-15 08:30:07.218311,0 days 00:00:07.929223,16,0.15811847446072635,128,0.001907493379737138,3,0.8570848727493801,1.123316374176851e-06,0.6666666666666666,0.5660377358490566,0.8108108108108109,9.417899855179712e-05,COMPLETE
36,0.8888888888888888,2026-04-15 08:30:07.218614,2026-04-15 08:30:15.226770,0 days 00:00:08.008156,64,0.26922185894752176,384,0.0005695545660405968,3,1.0435496430423012,4.621641376794139e-05,0.8888888888888888,0.9142857142857143,0.8648648648648649,0.020716210827231407,COMPLETE
37,0.6823529411764706,2026-04-15 08:30:15.227051,2026-04-15 08:30:26.386219,0 days 00:00:11.159168,64,0.2726058201254101,384,0.0004444609581590103,3,1.0410079024338486,3.9810561286752536e-05,0.6823529411764706,0.6041666666666666,0.7837837837837838,0.00417482340708375,COMPLETE
38,0.821917808219178,2026-04-15 08:30:26.386440,2026-04-15 08:30:38.103673,0 days 00:00:11.717233,64,0.3036277229893913,128,0.0005927649629850734,3,1.1437894010644654,9.018600842671292e-05,0.821917808219178,0.8333333333333334,0.8108108108108109,0.1939479112625122,COMPLETE
39,0.8311688311688312,2026-04-15 08:30:38.104045,2026-04-15 08:30:49.581312,0 days 00:00:11.477267,32,0.3958208873331748,256,0.00035764053558321173,3,1.0850077372299838,1.7490325122043156e-05,0.8311688311688312,0.8,0.8648648648648649,0.016629084944725037,COMPLETE
