number,value,datetime_start,datetime_complete,duration,params_batch_size,params_dropout,params_hidden_dim,params_lr,params_num_layers,params_pos_weight_scale,params_weight_decay,user_attrs_f1,user_attrs_precision,user_attrs_recall,user_attrs_threshold,state
0,0.7945205479452054,2026-04-15 08:36:27.979104,2026-04-15 08:36:38.423809,0 days 00:00:10.444705,16,0.4198418406640215,256,0.0008986139091835398,3,0.8168079479017527,1.753068239105452e-05,0.7945205479452054,0.8787878787878788,0.725,0.20342442393302917,COMPLETE
1,0.7605633802816901,2026-04-15 08:36:38.424044,2026-04-15 08:36:54.304262,0 days 00:00:15.880218,16,0.46687741961500584,384,0.0002512944384192672,2,0.8036665689892318,6.616733983465562e-06,0.7605633802816901,0.8709677419354839,0.675,0.16497662663459778,COMPLETE
2,0.7088607594936709,2026-04-15 08:36:54.304471,2026-04-15 08:37:04.434173,0 days 00:00:10.129702,32,0.17104482623831613,128,0.0006208917267186632,2,1.4595791808531065,7.59240652841197e-06,0.7088607594936709,0.717948717948718,0.7,0.15829998254776,COMPLETE
3,0.7714285714285715,2026-04-15 08:37:04.434391,2026-04-15 08:37:15.602617,0 days 00:00:11.168226,64,0.2034681295934509,128,0.00018111693511215193,3,1.4781788461173462,1.2081775805125935e-05,0.7714285714285715,0.9,0.675,0.440710186958313,COMPLETE
4,0.7714285714285715,2026-04-15 08:37:15.602817,2026-04-15 08:37:29.705182,0 days 00:00:14.102365,64,0.33876461037235417,384,0.00014230495786283145,2,1.2536501749867397,5.0570618533410734e-05,0.7714285714285715,0.9,0.675,0.24009212851524353,COMPLETE
5,0.7567567567567568,2026-04-15 08:37:29.705377,2026-04-15 08:37:41.243530,0 days 00:00:11.538153,64,0.4135032643004988,384,0.00023601508152057968,3,1.327837708771217,0.0006043264011137655,0.7567567567567568,0.8235294117647058,0.7,0.07439181208610535,COMPLETE
6,0.7777777777777778,2026-04-15 08:37:41.243749,2026-04-15 08:37:50.565294,0 days 00:00:09.321545,16,0.3112531392958662,256,0.0007912310931691704,3,0.8597630869561828,3.7647393557033e-05,0.7777777777777778,0.875,0.7,0.024257242679595947,COMPLETE
7,0.8059701492537313,2026-04-15 08:37:50.565501,2026-04-15 08:37:57.456671,0 days 00:00:06.891170,32,0.31806886276618584,384,0.0008875583438605345,3,1.330613005803229,2.6356730926423584e-05,0.8059701492537313,1.0,0.675,0.8939732909202576,COMPLETE
8,0.7567567567567568,2026-04-15 08:37:57.457004,2026-04-15 08:38:15.357996,0 days 00:00:17.900992,16,0.41991770022632136,384,0.0002917172086718651,2,1.118807729752342,1.3069507641957727e-06,0.7567567567567568,0.8235294117647058,0.7,0.06373724341392517,COMPLETE
9,0.7945205479452054,2026-04-15 08:38:15.358237,2026-04-15 08:38:27.003296,0 days 00:00:11.645059,16,0.34465348829980763,256,0.00032372093875448636,2,1.4837318605121717,2.731399269897993e-05,0.7945205479452054,0.8787878787878788,0.725,0.14131994545459747,COMPLETE
10,0.8205128205128205,2026-04-15 08:38:27.003531,2026-04-15 08:38:32.351098,0 days 00:00:05.347567,32,0.10667478841006292,384,0.0024304896272970547,3,1.0730561612218996,0.00020458814610146647,0.8205128205128205,0.8421052631578947,0.8,0.037215620279312134,COMPLETE
11,0.7777777777777778,2026-04-15 08:38:32.351392,2026-04-15 08:38:41.729349,0 days 00:00:09.377957,32,0.10113980298775604,384,0.00253590289192962,3,1.0532139929202402,0.00022782133625467337,0.7777777777777778,0.875,0.7,0.03545096516609192,COMPLETE
12,0.8108108108108109,2026-04-15 08:38:41.729581,2026-04-15 08:38:47.822613,0 days 00:00:06.093032,32,0.24322905759706326,384,0.0022152941625223008,3,1.0158462681686284,0.000115758492532274,0.8108108108108109,0.8823529411764706,0.75,0.8885948657989502,COMPLETE
13,0.7654320987654321,2026-04-15 08:38:47.822831,2026-04-15 08:38:55.470712,0 days 00:00:07.647881,32,0.23948102064744423,384,0.0027824425116711815,3,0.978885985002886,0.00014036155557266167,0.7654320987654321,0.7560975609756098,0.775,0.5004569888114929,COMPLETE
14,0.8,2026-04-15 08:38:55.470950,2026-04-15 08:39:00.208086,0 days 00:00:04.737136,32,0.10648261878284998,384,0.0014318305790159262,3,0.9692895320099311,0.0007075939761087754,0.8,0.8571428571428571,0.75,0.011701052077114582,COMPLETE
15,0.7792207792207793,2026-04-15 08:39:00.208321,2026-04-15 08:39:04.453003,0 days 00:00:04.244682,32,0.24881905836205015,128,0.0016429828883344744,3,1.1486986472400411,0.00012651754383758077,0.7792207792207793,0.8108108108108109,0.75,0.2918487787246704,COMPLETE
16,0.75,2026-04-15 08:39:04.453203,2026-04-15 08:39:11.761414,0 days 00:00:07.308211,32,0.16034371373902345,384,0.001597565169689527,3,0.9508980117112099,0.00028119253575825985,0.75,0.75,0.75,0.4717619717121124,COMPLETE
17,0.7761194029850746,2026-04-15 08:39:11.761801,2026-04-15 08:39:19.793614,0 days 00:00:08.031813,32,0.24946132272768382,384,0.0019988752955991005,3,1.0520554850944908,7.668744199827696e-05,0.7761194029850746,0.9629629629629629,0.65,0.7889282703399658,COMPLETE
18,0.8059701492537313,2026-04-15 08:39:19.793819,2026-04-15 08:39:23.787975,0 days 00:00:03.994156,32,0.14996330151258064,256,0.001211498266183351,3,1.2266534498414796,0.000354827047689369,0.8059701492537313,1.0,0.675,0.8216800689697266,COMPLETE
19,0.7692307692307693,2026-04-15 08:39:23.788188,2026-04-15 08:39:38.997004,0 days 00:00:15.208816,32,0.21012982533949415,128,0.0004270548339303556,3,0.909401462641883,9.561314075207747e-05,0.7692307692307693,1.0,0.625,0.6038128137588501,COMPLETE
20,0.7605633802816901,2026-04-15 08:39:38.997234,2026-04-15 08:40:05.135902,0 days 00:00:26.138668,64,0.28024512278101754,384,0.00010010013227515689,3,1.0527341224160183,1.346816566409654e-06,0.7605633802816901,0.8709677419354839,0.675,0.28363487124443054,COMPLETE
21,0.7397260273972602,2026-04-15 08:40:05.136346,2026-04-15 08:40:16.658392,0 days 00:00:11.522046,32,0.3680518475398204,384,0.0009913394956245789,3,1.3941490324460937,6.802510979210977e-05,0.7397260273972602,0.8181818181818182,0.675,0.09321548044681549,COMPLETE
22,0.7160493827160493,2026-04-15 08:40:16.658805,2026-04-15 08:40:27.844373,0 days 00:00:11.185568,32,0.29074766352507847,384,0.002172238141713168,3,1.2234149185427134,0.0001822455101992304,0.7160493827160493,0.7073170731707317,0.725,0.044191326946020126,COMPLETE
23,0.6666666666666666,2026-04-15 08:40:27.844882,2026-04-15 08:40:43.764356,0 days 00:00:15.919474,32,0.3804900841258727,384,0.0028777172586534555,3,1.3270537127168016,3.33615471260106e-06,0.6666666666666666,0.6363636363636364,0.7,0.9518377184867859,COMPLETE
24,0.8059701492537313,2026-04-15 08:40:43.764789,2026-04-15 08:40:55.860825,0 days 00:00:12.096036,32,0.13442466587746263,384,0.0005891882107133922,3,1.0991586267988869,2.9397405978255557e-05,0.8059701492537313,1.0,0.675,0.4265240430831909,COMPLETE
25,0.8051948051948052,2026-04-15 08:40:55.861288,2026-04-15 08:41:04.349098,0 days 00:00:08.487810,32,0.19633159508627301,384,0.0012010694625482574,3,1.1859081432240217,0.0005327441073791532,0.8051948051948052,0.8378378378378378,0.775,0.03211232274770737,COMPLETE
26,0.7837837837837838,2026-04-15 08:41:04.349411,2026-04-15 08:41:15.669867,0 days 00:00:11.320456,32,0.31545753272142935,384,0.00200368135102388,2,0.9993224321695671,0.0009868823318081388,0.7837837837837838,0.8529411764705882,0.725,0.007071846630424261,COMPLETE
27,0.8059701492537313,2026-04-15 08:41:15.670094,2026-04-15 08:41:27.217973,0 days 00:00:11.547879,32,0.26545039194305486,384,0.000728344350616961,3,1.3213485707812522,5.0601207913441094e-05,0.8059701492537313,1.0,0.675,0.5502923130989075,COMPLETE
28,0.8059701492537313,2026-04-15 08:41:27.218302,2026-04-15 08:41:34.722956,0 days 00:00:07.504654,64,0.490877294117862,256,0.0011441441114030527,3,0.9121359834620691,2.025377456630673e-05,0.8059701492537313,1.0,0.675,0.9200893044471741,COMPLETE
29,0.7941176470588235,2026-04-15 08:41:34.723292,2026-04-15 08:41:51.896914,0 days 00:00:17.173622,32,0.2278532030331481,128,0.00043687938474471156,3,1.0944558528853119,1.3252829661329492e-05,0.7941176470588235,0.9642857142857143,0.675,0.356291800737381,COMPLETE
30,0.8,2026-04-15 08:41:51.897128,2026-04-15 08:42:05.466894,0 days 00:00:13.569766,16,0.18328378861343456,256,0.0009117749941809759,3,1.2769664363771598,0.00011213062479443968,0.8,0.9333333333333333,0.7,0.3088251054286957,COMPLETE
31,0.7714285714285715,2026-04-15 08:42:05.467091,2026-04-15 08:42:17.135823,0 days 00:00:11.668732,32,0.14093686575483688,256,0.0013151489823561816,3,1.1722088927502516,0.00034035984799073046,0.7714285714285715,0.9,0.675,0.11150926351547241,COMPLETE
32,0.7428571428571429,2026-04-15 08:42:17.136605,2026-04-15 08:42:27.375897,0 days 00:00:10.239292,32,0.1264547933413067,256,0.0017220315867418627,3,1.394487761330006,0.0004246670154511084,0.7428571428571429,0.8666666666666667,0.65,0.8659012317657471,COMPLETE
33,0.8,2026-04-15 08:42:27.376222,2026-04-15 08:42:37.478465,0 days 00:00:10.102243,32,0.15764407252856288,256,0.0023322233139945656,3,1.3821716347582353,0.00021231305019467063,0.8,0.7555555555555555,0.85,0.0014702469343319535,COMPLETE
34,0.717948717948718,2026-04-15 08:42:37.478777,2026-04-15 08:42:52.945533,0 days 00:00:15.466756,32,0.12429651952632426,256,0.0009757243950212636,2,1.2286049385349882,0.0003203098289796923,0.717948717948718,0.7368421052631579,0.7,0.1766180843114853,COMPLETE
35,0.746268656716418,2026-04-15 08:42:52.945837,2026-04-15 08:43:00.977463,0 days 00:00:08.031626,32,0.15186477956631034,128,0.0018757917391210694,3,1.029077774432901,4.73329247501281e-06,0.746268656716418,0.9259259259259259,0.625,0.896431028842926,COMPLETE
36,0.7894736842105263,2026-04-15 08:43:00.977788,2026-04-15 08:43:15.600901,0 days 00:00:14.623113,64,0.1892172410293066,384,0.0007374866945182859,2,1.2643056184337487,5.4660538591062044e-05,0.7894736842105263,0.8333333333333334,0.75,0.1428462117910385,COMPLETE
37,0.7605633802816901,2026-04-15 08:43:15.601153,2026-04-15 08:43:35.491596,0 days 00:00:19.890443,16,0.21593844562400297,256,0.0014580154650416417,3,1.1363359397722885,0.0001564167081150532,0.7605633802816901,0.8709677419354839,0.675,0.036495793610811234,COMPLETE
38,0.7012987012987013,2026-04-15 08:43:35.491809,2026-04-15 08:43:48.642715,0 days 00:00:13.150906,32,0.3329266817973373,384,0.001077280513058661,3,1.1884071562206424,9.55257668770726e-06,0.7012987012987013,0.7297297297297297,0.675,0.07492415606975555,COMPLETE
39,0.7605633802816901,2026-04-15 08:43:48.643033,2026-04-15 08:44:03.222670,0 days 00:00:14.579637,64,0.26982927010410107,384,0.0004968738498325422,2,0.8564959063690198,2.0547034664352584e-05,0.7605633802816901,0.8709677419354839,0.675,0.2978614568710327,COMPLETE
